[2026-03-04 13:20:21 UTC] Run started: total=846, dry_run=False, resume=True, rate=100.0
[2026-03-04 13:20:22 UTC] DISPATCHED id=1321 title=MATHEMATICS 1 - DEC 2024
[2026-03-04 13:20:22 UTC] DISPATCHED id=1322 title=ENGLISH FOR COMMUNICATION - DEC 2024
[2026-03-04 13:20:22 UTC] DISPATCHED id=1323 title=BASIC ELECTRICAL AND ELECTRONICS ENGINEERING - DEC 2024
[2026-03-04 13:20:22 UTC] DISPATCHED id=1324 title=ENGINEERING GRAPHICS - DEC 2024
[2026-03-04 13:20:22 UTC] DISPATCHED id=1325 title=ENGINEERING GRAPHICS - JUN 2024
[2026-03-04 13:20:22 UTC] DISPATCHED id=1326 title=ENGINEERING PHYSICS - DEC 2024
[2026-03-04 13:20:22 UTC] DISPATCHED id=1327 title=MATHEMATICS 2 - DEC 2024
[2026-03-04 13:20:22 UTC] DISPATCHED id=1328 title=BASIC MECHANICAL ENGINEERING - DEC 2024
[2026-03-04 13:20:22 UTC] DISPATCHED id=1329 title=BASIC CIVIL ENGINEERING AND ENGINEERING MECHANICS - DEC 2024
[2026-03-04 13:20:22 UTC] DISPATCHED id=1330 title=BASIC COMPUTER ENGINEERING - DEC 2024
[2026-03-04 13:20:22 UTC] DISPATCHED id=1331 title=BASIC COMPUTER ENGINEERING - JUN 2024
[2026-03-04 13:20:22 UTC] DISPATCHED id=1332 title=ENGINEERING CHEMISTRY - DEC 2023
[2026-03-04 13:20:22 UTC] DISPATCHED id=1333 title=ENGINEERING CHEMISTRY - JUN 2023
[2026-03-04 13:20:22 UTC] DISPATCHED id=1334 title=MATHEMATICS 1 - DEC 2023
[2026-03-04 13:20:22 UTC] DISPATCHED id=1335 title=MATHEMATICS 1 - JUN 2023
[2026-03-04 13:20:22 UTC] DISPATCHED id=1336 title=ENGLISH FOR COMMUNICATION - DEC 2023
[2026-03-04 13:20:22 UTC] DISPATCHED id=1337 title=ENGLISH FOR COMMUNICATION - JUN 2023
[2026-03-04 13:20:22 UTC] DISPATCHED id=1338 title=BASIC ELECTRICAL AND ELECTRONICS ENGINEERING - DEC 2023
[2026-03-04 13:20:22 UTC] DISPATCHED id=1339 title=BASIC ELECTRICAL AND ELECTRONICS ENGINEERING - JUN 2023
[2026-03-04 13:20:22 UTC] DISPATCHED id=1340 title=ENGINEERING GRAPHICS - DEC 2023
[2026-03-04 13:20:22 UTC] DISPATCHED id=1341 title=ENGINEERING GRAPHICS - JUN 2023
[2026-03-04 13:20:22 UTC] DISPATCHED id=1342 title=ENGINEERING PHYSICS - DEC 2023
[2026-03-04 13:20:22 UTC] DISPATCHED id=1343 title=ENGINEERING PHYSICS - JUN 2023
[2026-03-04 13:20:22 UTC] DISPATCHED id=1344 title=MATHEMATICS 2 - DEC 2023
[2026-03-04 13:20:22 UTC] DISPATCHED id=1345 title=MATHEMATICS 2 - JUN 2023
[2026-03-04 13:20:22 UTC] DISPATCHED id=1346 title=BASIC MECHANICAL ENGINEERING - DEC 2023
[2026-03-04 13:20:22 UTC] DISPATCHED id=1347 title=BASIC MECHANICAL ENGINEERING - JUN 2023
[2026-03-04 13:20:22 UTC] DISPATCHED id=1348 title=BASIC CIVIL ENGINEERING AND ENGINEERING MECHANICS - DEC 2023
[2026-03-04 13:20:22 UTC] DISPATCHED id=1349 title=BASIC CIVIL ENGINEERING AND ENGINEERING MECHANICS - JUN 2023
[2026-03-04 13:20:22 UTC] DISPATCHED id=1350 title=BASIC COMPUTER ENGINEERING - DEC 2023
[2026-03-04 13:20:22 UTC] DISPATCHED id=1351 title=BASIC COMPUTER ENGINEERING - JUN 2023
[2026-03-04 13:20:22 UTC] DISPATCHED id=1352 title=ENGINEERING CHEMISTRY - JUN 2022
[2026-03-04 13:20:22 UTC] DISPATCHED id=1353 title=ENGINEERING CHEMISTRY - NOV 2022
[2026-03-04 13:20:22 UTC] DISPATCHED id=1354 title=MATHEMATICS 1 - NOV 2022
[2026-03-04 13:20:22 UTC] DISPATCHED id=1355 title=MATHEMATICS - JUN 2022
[2026-03-04 13:20:22 UTC] DISPATCHED id=1356 title=ENGLISH FOR COMMUNICATION - JUN 2022
[2026-03-04 13:20:22 UTC] DISPATCHED id=1357 title=ENGLISH FOR COMMUNICATION - NOV 2022
[2026-03-04 13:20:22 UTC] DISPATCHED id=1358 title=BASIC ELECTRICAL AND ELECTRONICS ENGINEERING - JUN 2022
[2026-03-04 13:20:22 UTC] DISPATCHED id=1359 title=BASIC ELECTRICAL AND ELECTRONICS ENGINEERING - NOV 2022
[2026-03-04 13:20:22 UTC] DISPATCHED id=1360 title=ENGINEERING GRAPHICS - JUN 2022
[2026-03-04 13:20:22 UTC] DISPATCHED id=1361 title=ENGINEERING GRAPHICS - NOV 2022
[2026-03-04 13:20:22 UTC] DISPATCHED id=1362 title=ENGINEERING PHYSICS - JUN 2022
[2026-03-04 13:20:22 UTC] DISPATCHED id=1363 title=ENGINEERING PHYSICS - NOV 2022
[2026-03-04 13:20:22 UTC] DISPATCHED id=1364 title=MATHEMATICS 2 - JUN 2022
[2026-03-04 13:20:22 UTC] DISPATCHED id=1365 title=MATHEMATICS 2 - NOV 2022
[2026-03-04 13:20:22 UTC] DISPATCHED id=1366 title=BASIC MECHANICAL ENGINEERING - JUN 2022
[2026-03-04 13:20:22 UTC] DISPATCHED id=1367 title=BASIC MECHANICAL ENGINEERING - NOV 2022
[2026-03-04 13:20:22 UTC] DISPATCHED id=1368 title=BASIC CIVIL ENGINEERING AND ENGINEERING MECHANICS - JUN 2022
[2026-03-04 13:20:22 UTC] DISPATCHED id=1369 title=BASIC CIVIL ENGINEERING AND ENGINEERING MECHANICS - NOV 2022
[2026-03-04 13:20:22 UTC] DISPATCHED id=1370 title=BASIC COMPUTER ENGINEERING - JUN 2022
[2026-03-04 13:20:22 UTC] DISPATCHED id=1371 title=BASIC COMPUTER ENGINEERING - NOV 2022
[2026-03-04 13:20:22 UTC] DISPATCHED id=1372 title=DISCRETE STRUCTURE - JUN 2025
[2026-03-04 13:20:22 UTC] DISPATCHED id=1373 title=INTRODUCTION TO DISCRETE STRUCTURE AND LINEAR ALGEBRA - DEC 2024
[2026-03-04 13:20:22 UTC] DISPATCHED id=1374 title=INTRODUCTION TO DISCRETE STRUCTURE AND LINEAR ALGEBRA - JUN 2024
[2026-03-04 13:20:22 UTC] DISPATCHED id=1375 title=OBJECT ORIENTED PROGRAMMING AND METHODOLOGY - DEC 2024
[2026-03-04 13:20:22 UTC] DISPATCHED id=1376 title=DATA STRUCTURES - DEC 2024
[2026-03-04 13:20:22 UTC] DISPATCHED id=1377 title=DATA STRUCTURES - JUN 2024
[2026-03-04 13:20:22 UTC] DISPATCHED id=1378 title=DIGITAL SYSTEMS - DEC 2024
[2026-03-04 13:20:22 UTC] DISPATCHED id=1379 title=DISCRETE STRUCTURE - DEC 2024
[2026-03-04 13:20:22 UTC] DISPATCHED id=1380 title=DISCRETE STRUCTURE - JUN 2024
[2026-03-04 13:20:22 UTC] DISPATCHED id=1381 title=INTRODUCTION TO DISCRETE STRUCTURE AND LINEAR ALGEBRA - JUN 2023
[2026-03-04 13:20:22 UTC] DISPATCHED id=1382 title=INTRODUCTION TO DISCRETE STRUCTURE AND LINEAR ALGEBRA - NOV 2023
[2026-03-04 13:20:22 UTC] DISPATCHED id=1383 title=OBJECT ORIENTED PROGRAMMING AND METHODOLOGY - DEC 2023
[2026-03-04 13:20:22 UTC] DISPATCHED id=1384 title=DATA STRUCTURES - DEC 2023
[2026-03-04 13:20:22 UTC] DISPATCHED id=1385 title=DATA STRUCTURES - JUN 2023
[2026-03-04 13:20:22 UTC] DISPATCHED id=1386 title=OBJECT ORIENTED PROGRAMMING AND METHODOLOGY - JUN 2023
[2026-03-04 13:20:22 UTC] DISPATCHED id=1387 title=DIGITAL CIRCUITS AND SYSTEM - JUN 2023
[2026-03-04 13:20:22 UTC] DISPATCHED id=1388 title=DIGITAL SYSTEMS - DEC 2023
[2026-03-04 13:20:22 UTC] DISPATCHED id=1389 title=DISCRETE STRUCTURE - JUN 2023
[2026-03-04 13:20:22 UTC] DISPATCHED id=1390 title=DISCRETE STRUCTURE - DEC 2023
[2026-03-04 13:20:22 UTC] DISPATCHED id=1391 title=INTRODUCTION TO DISCRETE STRUCTURE AND LINEAR - JUN 2022
[2026-03-04 13:20:22 UTC] DISPATCHED id=1392 title=DISCRETE STRUCTURE - NOV 2022
[2026-03-04 13:20:23 UTC] DISPATCHED id=1393 title=DATA STRUCTURES - NOV 2022
[2026-03-04 13:20:23 UTC] DISPATCHED id=1394 title=OBJECT ORIENTED PROGRAMMING AND METHODOLOGY - NOV 2022
[2026-03-04 13:20:23 UTC] DISPATCHED id=1395 title=DIGITAL CIRCUITS AND SYSTEM - NOV 2022
[2026-03-04 13:20:23 UTC] DISPATCHED id=1396 title=DIGITAL SYSTEMS DIGITAL CIRCUITS AND SYSTEM - NOV 2022
[2026-03-04 13:20:23 UTC] DISPATCHED id=1397 title=DIGITAL SYSTEMS - NOV 2022
[2026-03-04 13:20:23 UTC] DISPATCHED id=1398 title=OPERATING SYSTEMS - JUN 2025
[2026-03-04 13:20:23 UTC] DISPATCHED id=1399 title=SOFTWARE ENGINEERING - JUN 2025
[2026-03-04 13:20:23 UTC] DISPATCHED id=1400 title=COMPUTER ORGANIZATION AND ARCHITECTURE - JUN 2025
[2026-03-04 13:20:23 UTC] DISPATCHED id=1401 title=COMPUTER ORGANIZATION - JUN 2025
[2026-03-04 13:20:23 UTC] DISPATCHED id=1402 title=ANALYSIS DESIGN OF ALGORITHM - JUN 2025
[2026-03-04 13:20:23 UTC] DISPATCHED id=1403 title=OPERATING SYSTEMS - JUN 2024
[2026-03-04 13:20:23 UTC] DISPATCHED id=1404 title=SOFTWARE ENGINEERING - DEC 2024
[2026-03-04 13:20:23 UTC] DISPATCHED id=1405 title=SOFTWARE ENGINEERING - JUN 2024
[2026-03-04 13:20:23 UTC] DISPATCHED id=1406 title=COMPUTER ORGANIZATION AND ARCHITECTURE - DEC 2024
[2026-03-04 13:20:23 UTC] DISPATCHED id=1407 title=COMPUTER ORGANIZATION AND ARCHITECTURE - JUN 2024
[2026-03-04 13:20:23 UTC] DISPATCHED id=1408 title=ANALYSIS DESIGN OF ALGORITHM - DEC 2024
[2026-03-04 13:20:23 UTC] DISPATCHED id=1409 title=ANALYSIS DESIGN OF ALGORITHM - JUN 2024
[2026-03-04 13:20:23 UTC] DISPATCHED id=1410 title=OPERATING SYSTEMS - JUN 2023
[2026-03-04 13:20:23 UTC] DISPATCHED id=1411 title=OPERATING SYSTEMS - NOV 2023
[2026-03-04 13:20:23 UTC] DISPATCHED id=1412 title=SOFTWARE ENGINEERING - JUN 2023
[2026-03-04 13:20:23 UTC] DISPATCHED id=1413 title=SOFTWARE ENGINEERING - NOV 2023
[2026-03-04 13:20:23 UTC] DISPATCHED id=1414 title=COMPUTER ORGANIZATION AND ARCHITECTURE - JUN 2023
[2026-03-04 13:20:23 UTC] DISPATCHED id=1415 title=COMPUTER ORGANIZATION AND ARCHITECTURE - NOV 2023
[2026-03-04 13:20:23 UTC] DISPATCHED id=1416 title=ANALYSIS DESIGN OF ALGORITHM - JUN 2023
[2026-03-04 13:20:23 UTC] DISPATCHED id=1417 title=ANALYSIS DESIGN OF ALGORITHM - NOV 2023
[2026-03-04 13:20:23 UTC] DISPATCHED id=1418 title=SOFTWARE ENGINEERING - JUN 2022
[2026-03-04 13:20:23 UTC] DISPATCHED id=1419 title=COMPUTER ORGANIZATION AND ARCHITECTURE - JUN 2022
[2026-03-04 13:20:23 UTC] DISPATCHED id=1420 title=ANALYSIS DESIGN OF ALGORITHM - JUN 2022
[2026-03-04 13:20:23 UTC] DISPATCHED id=1421 title=THEORY OF COMPUTATION - DEC 2025
[2026-03-04 13:20:23 UTC] DISPATCHED id=1422 title=C CYBER SECURITY - DEC 2025
[2026-03-04 13:20:23 UTC] DISPATCHED id=1423 title=DATABASE MANAGEMENT SYSTEMS - DEC 2024
[2026-03-04 13:20:23 UTC] DISPATCHED id=1424 title=C CYBER SECURITY - DEC 2024
[2026-03-04 13:20:23 UTC] DISPATCHED id=1425 title=A INTERNET AND WEB TECHNOLOGY - DEC 2024
[2026-03-04 13:20:23 UTC] DISPATCHED id=1426 title=THEORY OF COMPUTATION - DEC 2024
[2026-03-04 13:20:23 UTC] DISPATCHED id=1427 title=THEORY OF COMPUTATION - MAY 2023
[2026-03-04 13:20:23 UTC] DISPATCHED id=1428 title=THEORY OF COMPUTATION - NOV 2023
[2026-03-04 13:20:23 UTC] DISPATCHED id=1429 title=DATABASE MANAGEMENT SYSTEMS - NOV 2023
[2026-03-04 13:20:23 UTC] DISPATCHED id=1430 title=A DATA ANALYTICS - NOV 2023
[2026-03-04 13:20:23 UTC] DISPATCHED id=1431 title=B PATTERN RECOGNITION - NOV 2023
[2026-03-04 13:20:23 UTC] DISPATCHED id=1432 title=C CYBER SECURITY - NOV 2023
[2026-03-04 13:20:23 UTC] DISPATCHED id=1433 title=A INTERNET AND WEB TECHNOLOGY - NOV 2023
[2026-03-04 13:20:23 UTC] DISPATCHED id=1434 title=THEORY OF COMPUTATION - NOV 2022
[2026-03-04 13:20:23 UTC] DISPATCHED id=1435 title=DATA MANAGEMENT SYSTEMS - NOV 2022
[2026-03-04 13:20:23 UTC] DISPATCHED id=1436 title=C CYBER SECURITY - NOV 2022
[2026-03-04 13:20:23 UTC] DISPATCHED id=1437 title=A INTERNET AND WEB TECHNOLOGY - NOV 2022
[2026-03-04 13:20:23 UTC] DISPATCHED id=1438 title=COMPUTER NETWORKS - JUN 2025
[2026-03-04 13:20:23 UTC] DISPATCHED id=1439 title=MACHINE LEARNING - JUN 2025
[2026-03-04 13:20:23 UTC] DISPATCHED id=1440 title=A ADVANCED COMPUTER ARCHITECTURE - JUN 2025
[2026-03-04 13:20:23 UTC] DISPATCHED id=1441 title=B PROJECT MANAGEMENT - JUN 2025
[2026-03-04 13:20:23 UTC] DISPATCHED id=1442 title=C COMPILER DESIGN - JUN 2025
[2026-03-04 13:20:23 UTC] DISPATCHED id=1443 title=COMPUTER NETWORKS - DEC 2024
[2026-03-04 13:20:23 UTC] DISPATCHED id=1444 title=COMPUTER NETWORKS - MAY 2024
[2026-03-04 13:20:23 UTC] DISPATCHED id=1445 title=MACHINE LEARNING - DEC 2024
[2026-03-04 13:20:23 UTC] DISPATCHED id=1446 title=MACHINE LEARNING - MAY 2024
[2026-03-04 13:20:23 UTC] DISPATCHED id=1447 title=A ADVANCED COMPUTER ARCHITECTURE - MAY 2024
[2026-03-04 13:20:23 UTC] DISPATCHED id=1448 title=C COMPILER DESIGN - DEC 2024
[2026-03-04 13:20:23 UTC] DISPATCHED id=1449 title=C COMPILER DESIGN - MAY 2024
[2026-03-04 13:20:23 UTC] DISPATCHED id=1450 title=B PROJECT MANAGEMENT - DEC 2024
[2026-03-04 13:20:23 UTC] DISPATCHED id=1451 title=B PROJECT MANAGEMENT - MAY 2024
[2026-03-04 13:20:23 UTC] DISPATCHED id=1452 title=COMPUTER NETWORKS - MAY 2023
[2026-03-04 13:20:23 UTC] DISPATCHED id=1453 title=MACHINE LEARNING - MAY 2023
[2026-03-04 13:20:23 UTC] DISPATCHED id=1454 title=C COMPILER DESIGN - MAY 2023
[2026-03-04 13:20:23 UTC] DISPATCHED id=1455 title=A KNOWLEDGE MANAGEMENT - MAY 2023
[2026-03-04 13:20:23 UTC] DISPATCHED id=1456 title=B PROJECT MANAGEMENT - MAY 2023
[2026-03-04 13:20:23 UTC] DISPATCHED id=1457 title=MACHINE LEARNING - MAY 2022
[2026-03-04 13:20:23 UTC] DISPATCHED id=1458 title=COMPUTER NETWORKS - MAY 2022
[2026-03-04 13:20:23 UTC] DISPATCHED id=1459 title=B COMPUTER GRAPHICS AND VISUALIZATION - MAY 2022
[2026-03-04 13:20:23 UTC] DISPATCHED id=1460 title=C COMPILER DESIGN - MAY 2022
[2026-03-04 13:20:23 UTC] DISPATCHED id=1461 title=B PROJECT MANAGEMENT - MAY 2022
[2026-03-04 13:20:23 UTC] DISPATCHED id=1462 title=C RURAL TECHNOLOGY AND COMMUNITY DEVELOPMENT - MAY 2022
[2026-03-04 13:20:23 UTC] DISPATCHED id=1463 title=SOFTWARE ARCHITECTURES - DEC 2025
[2026-03-04 13:20:23 UTC] DISPATCHED id=1464 title=SOFTWARE ARCHITECTURES - JUN 2025
[2026-03-04 13:20:23 UTC] DISPATCHED id=1465 title=D AI 702 D BIG DATA - DEC 2025
[2026-03-04 13:20:23 UTC] DISPATCHED id=1466 title=A CRYPTOGRAPHY AND INFORMATION SECURITY - DEC 2025
[2026-03-04 13:20:23 UTC] DISPATCHED id=1467 title=B DATA MINING AND WAREHOUSING - JUN 2025
[2026-03-04 13:20:24 UTC] DISPATCHED id=1468 title=C AL 703 C AGILE SOFTWARE DEVELOPMENT - DEC 2025
[2026-03-04 13:20:24 UTC] DISPATCHED id=1469 title=SOFTWARE ARCHITECTURES - DEC 2024
[2026-03-04 13:20:24 UTC] DISPATCHED id=1470 title=C WIRELESS AND MOBILE COMPUTING - DEC 2024
[2026-03-04 13:20:24 UTC] DISPATCHED id=1471 title=D BIG DATA - DEC 2024
[2026-03-04 13:20:24 UTC] DISPATCHED id=1472 title=B DATA MINING AND WAREHOUSING - DEC 2024
[2026-03-04 13:20:24 UTC] DISPATCHED id=1473 title=SOFTWARE ARCHITECTURES - NOV 2023
[2026-03-04 13:20:24 UTC] DISPATCHED id=1474 title=B DEEP AND REINFORCEMENT LEARNING - NOV 2023
[2026-03-04 13:20:24 UTC] DISPATCHED id=1475 title=D BIG DATA - NOV 2023
[2026-03-04 13:20:24 UTC] DISPATCHED id=1476 title=A CRYPTOGRAPHY AND INFORMATION SECURITY - NOV 2023
[2026-03-04 13:20:24 UTC] DISPATCHED id=1477 title=B DATA MINING AND WAREHOUSING - NOV 2023
[2026-03-04 13:20:24 UTC] DISPATCHED id=1478 title=SOFTWARE ARCHITECTURES - NOV 2022
[2026-03-04 13:20:24 UTC] DISPATCHED id=1479 title=D BIG DATA - NOV 2022
[2026-03-04 13:20:24 UTC] DISPATCHED id=1480 title=A CRYPTOGRAPHY AND INFORMATION SECURITY - NOV 2022
[2026-03-04 13:20:24 UTC] DISPATCHED id=1481 title=INTERNET OF THINGS - JUN 2025
[2026-03-04 13:20:24 UTC] DISPATCHED id=1482 title=B CLOUD COMPUTING - JUN 2025
[2026-03-04 13:20:24 UTC] DISPATCHED id=1483 title=A IMAGE PROCESSING AND COMPUTER VISION - JUN 2025
[2026-03-04 13:20:24 UTC] DISPATCHED id=1484 title=D MANAGING INNOVATION AND ENTREPRENEURSHIP - JUN 2025
[2026-03-04 13:20:24 UTC] DISPATCHED id=1485 title=INTERNET OF THINGS - DEC 2024
[2026-03-04 13:20:24 UTC] DISPATCHED id=1486 title=INTERNET OF THINGS - MAY 2024
[2026-03-04 13:20:24 UTC] DISPATCHED id=1487 title=A BLOCK CHAIN TECHNOLOGIES - MAY 2024
[2026-03-04 13:20:24 UTC] DISPATCHED id=1488 title=B CLOUD COMPUTING - DEC 2024
[2026-03-04 13:20:24 UTC] DISPATCHED id=1489 title=B CLOUD COMPUTING - MAY 2024
[2026-03-04 13:20:24 UTC] DISPATCHED id=1490 title=A IMAGE PROCESSING AND COMPUTER VISION - DEC 2024
[2026-03-04 13:20:24 UTC] DISPATCHED id=1491 title=A IMAGE PROCESSING AND COMPUTER VISION - MAY 2024
[2026-03-04 13:20:24 UTC] DISPATCHED id=1492 title=D MANAGING INNOVATION AND ENTREPRENEURSHIP - MAY 2024
[2026-03-04 13:20:24 UTC] DISPATCHED id=1493 title=INTERNET OF THINGS - MAY 2023
[2026-03-04 13:20:24 UTC] DISPATCHED id=1494 title=B CLOUD COMPUTING - MAY 2023
[2026-03-04 13:20:24 UTC] DISPATCHED id=1495 title=A IMAGE PROCESSING AND COMPUTER VISION - MAY 2023
[2026-03-04 13:20:24 UTC] DISPATCHED id=1496 title=C INTERNET OF THINGS - MAY 2023
[2026-03-04 13:20:24 UTC] DISPATCHED id=1497 title=INTERNET OF THINGS - MAY 2022
[2026-03-04 13:20:24 UTC] DISPATCHED id=1498 title=A BLOCK CHAIN TECHNOLOGIES - MAY 2022
[2026-03-04 13:20:24 UTC] DISPATCHED id=1499 title=B CLOUD COMPUTING - MAY 2022
[2026-03-04 13:20:24 UTC] DISPATCHED id=1500 title=C HIGH PERFORMANCE COMPUTING - MAY 2022
[2026-03-04 13:20:24 UTC] DISPATCHED id=1501 title=D OBJECT ORIENTED SOFTWARE ENGINEERING - MAY 2022
[2026-03-04 13:20:24 UTC] DISPATCHED id=1502 title=A IMAGE PROCESSING AND COMPUTER VISION - MAY 2022
[2026-03-04 13:20:24 UTC] DISPATCHED id=1503 title=D MANAGING INNOVATION AND ENTREPRENEURSHIP - MAY 2022
[2026-03-04 13:20:24 UTC] DISPATCHED id=1504 title=ARTIFICIAL INTELLIGENCE - JUN 2025
[2026-03-04 13:20:24 UTC] DISPATCHED id=1505 title=TECHNICAL COMMUNICATION - JUN 2025
[2026-03-04 13:20:24 UTC] DISPATCHED id=1506 title=OBJECT ORIENTED PROGRAMMING AND METHODOLOGY - JUN 2025
[2026-03-04 13:20:24 UTC] DISPATCHED id=1507 title=DATA STRUCTURE - DEC 2024
[2026-03-04 13:20:24 UTC] DISPATCHED id=1508 title=DATA STRUCTURE - JUN 2024
[2026-03-04 13:20:24 UTC] DISPATCHED id=1509 title=ARTIFICIAL INTELLIGENCE - DEC 2024
[2026-03-04 13:20:24 UTC] DISPATCHED id=1510 title=ARTIFICIAL INTELLIGENCE - JUN 2024
[2026-03-04 13:20:24 UTC] DISPATCHED id=1511 title=TECHNICAL COMMUNICATION - JUN 2024
[2026-03-04 13:20:24 UTC] DISPATCHED id=1512 title=OBJECT ORIENTED PROGRAMMING AND METHODOLOGY - JUN 2024
[2026-03-04 13:20:24 UTC] DISPATCHED id=1513 title=PROBABILITY AND STATISTICS FOR DATA SCIENCE - DEC 2023
[2026-03-04 13:20:24 UTC] DISPATCHED id=1514 title=PROBABILITY AND STATISTICS FOR DATA SCIENCE - JUN 2023
[2026-03-04 13:20:24 UTC] DISPATCHED id=1515 title=DATA STRUCTURE - DEC 2023
[2026-03-04 13:20:24 UTC] DISPATCHED id=1516 title=DATA STRUCTURE - JUN 2023
[2026-03-04 13:20:24 UTC] DISPATCHED id=1517 title=ARTIFICIAL INTELIGENCE - JUN 2023
[2026-03-04 13:20:24 UTC] DISPATCHED id=1518 title=ARTIFICIAL INTELLIGENCE - DEC 2023
[2026-03-04 13:20:24 UTC] DISPATCHED id=1519 title=TECHNICAL COMMUNICATION - DEC 2023
[2026-03-04 13:20:24 UTC] DISPATCHED id=1520 title=INTRODUCTION TO PROBABILITY AND STATISTICS - DEC 2023
[2026-03-04 13:20:24 UTC] DISPATCHED id=1521 title=TECHNICAL COMMUNICATION - DEC 2022
[2026-03-04 13:20:24 UTC] DISPATCHED id=1522 title=PROBABILITY AND STATISTICS FOR DATA SCIENCE - NOV 2022
[2026-03-04 13:20:24 UTC] DISPATCHED id=1523 title=DATA STRUCTURE - DEC 2022
[2026-03-04 13:20:24 UTC] DISPATCHED id=1524 title=DATA STRUCTURE - NOV 2022
[2026-03-04 13:20:24 UTC] DISPATCHED id=1525 title=ARTIFICIAL INTELLIGENCE - NOV 2022
[2026-03-04 13:20:24 UTC] DISPATCHED id=1526 title=TECHNICAL COMMUNICATION - NOV 2022
[2026-03-04 13:20:24 UTC] DISPATCHED id=1527 title=DATA BASE MANAGEMENT SYSTEM - JUN 2025
[2026-03-04 13:20:24 UTC] DISPATCHED id=1528 title=SOFTWARE ENGINEERING WITH AGILE METHODOLOGY - JUN 2025
[2026-03-04 13:20:24 UTC] DISPATCHED id=1529 title=DATA SCIENCE - JUN 2025
[2026-03-04 13:20:24 UTC] DISPATCHED id=1530 title=DATA BASE MANAGEMENT SYSTEM - JUN 2024
[2026-03-04 13:20:24 UTC] DISPATCHED id=1531 title=DATA SCIENCE - JUN 2024
[2026-03-04 13:20:24 UTC] DISPATCHED id=1532 title=DATA BASE MANAGEMENT SYSTEM - JUN 2023
[2026-03-04 13:20:25 UTC] DISPATCHED id=1533 title=SOFTWARE ENGINEERING WITH AGILE METHODOLOGY - JUN 2023
[2026-03-04 13:20:25 UTC] DISPATCHED id=1534 title=DATA SCIENCE - JUN 2023
[2026-03-04 13:20:25 UTC] DISPATCHED id=1535 title=SOFTWARE ENGINEERING WITH AGILE METHODOLOGY - JUN 2024
[2026-03-04 13:20:25 UTC] DISPATCHED id=1536 title=MACHINE LEARNING - NOV 2023
[2026-03-04 13:20:25 UTC] DISPATCHED id=1537 title=A MANAGEMENT INFORMATION SYSTEM - NOV 2023
[2026-03-04 13:20:25 UTC] DISPATCHED id=1538 title=MACHINE LEARNING - NOV 2022
[2026-03-04 13:20:25 UTC] DISPATCHED id=1539 title=A MANAGEMENT INFORMATION SYSTEM - NOV 2022
[2026-03-04 13:20:25 UTC] DISPATCHED id=1540 title=DEEP LEARNING - JUN 2025
[2026-03-04 13:20:25 UTC] DISPATCHED id=1541 title=A DATA MINING AND WAREHOUSING - JUN 2025
[2026-03-04 13:20:25 UTC] DISPATCHED id=1542 title=DEEP LEARNING - MAY 2024
[2026-03-04 13:20:25 UTC] DISPATCHED id=1543 title=A DATA MINING AND WAREHOUSING - MAY 2024
[2026-03-04 13:20:25 UTC] DISPATCHED id=1544 title=DEEP LEARNING - MAY 2023
[2026-03-04 13:20:25 UTC] DISPATCHED id=1545 title=A DATA MINING AND WAREHOUSING - MAY 2023
[2026-03-04 13:20:25 UTC] DISPATCHED id=1546 title=A INTERNET OF THINGS - MAY 2023
[2026-03-04 13:20:25 UTC] DISPATCHED id=1547 title=C CS 702 A COMPUTATIONAL INTELLIGENCE - NOV 2023
[2026-03-04 13:20:25 UTC] DISPATCHED id=1548 title=AI FOR COMPUTER VISION - DEC 2024
[2026-03-04 13:20:25 UTC] DISPATCHED id=1549 title=A CLOUD COMPUTING - DEC 2024
[2026-03-04 13:20:25 UTC] DISPATCHED id=1550 title=A DATA VISUALIZATION - DEC 2024
[2026-03-04 13:20:25 UTC] DISPATCHED id=1551 title=BIG DATA - JUN 2025
[2026-03-04 13:20:25 UTC] DISPATCHED id=1552 title=B REINFORCEMENT LEARNING - JUN 2025
[2026-03-04 13:20:25 UTC] DISPATCHED id=1553 title=IO IS 803 MANAGING INNOVATION AND ENTREPRENEURSHIP - JUN 2025
[2026-03-04 13:20:25 UTC] DISPATCHED id=1554 title=MANAGING INNOVATION AND ENTREPRENEURSHIP - MAY 2024
[2026-03-04 13:20:25 UTC] DISPATCHED id=1555 title=INTRODUCTION TO PROBABILITY AND STATISTICS - JUN 2025
[2026-03-04 13:20:25 UTC] DISPATCHED id=1556 title=INTRODUCTION TO PROBABILITY AND STATISTICS - JUN 2024
[2026-03-04 13:20:25 UTC] DISPATCHED id=1557 title=INTRODUCTION TO PROBABILITY AND STATISTICS - JUN 2023
[2026-03-04 13:20:25 UTC] DISPATCHED id=1558 title=INTRODUCTION TO PROBABILITY AND STATISTICS - NOV 2022
[2026-03-04 13:20:25 UTC] DISPATCHED id=1559 title=INTRODUCTION TO DISCRETE STRUCTURE - JUN 2025
[2026-03-04 13:20:25 UTC] DISPATCHED id=1560 title=ANALYSIS AND DESIGN OF ALGORITHM - JUN 2025
[2026-03-04 13:20:25 UTC] DISPATCHED id=1561 title=ANALYSIS AND DESIGN OF ALGORITHM - JUN 2024
[2026-03-04 13:20:25 UTC] DISPATCHED id=1562 title=MACHINE LEARNING - JUN 2024
[2026-03-04 13:20:25 UTC] DISPATCHED id=1563 title=MACHINE LEARNING - JUN 2023
[2026-03-04 13:20:25 UTC] DISPATCHED id=1564 title=ANALYSIS AND DESIGN OF ALGORITHM - JUN 2023
[2026-03-04 13:20:25 UTC] DISPATCHED id=1565 title=ANALYSIS AND DESIGN OF ALGORITHM - NOV 2023
[2026-03-04 13:20:25 UTC] DISPATCHED id=1566 title=MACHINE LEARNING - JUN 2022
[2026-03-04 13:20:25 UTC] DISPATCHED id=1567 title=ANALYSIS AND DESIGN OF ALGORITHM - JUN 2022
[2026-03-04 13:20:25 UTC] DISPATCHED id=1568 title=OPERATING SYSTEMS - DEC 2024
[2026-03-04 13:20:25 UTC] DISPATCHED id=1569 title=DEEP SYSTEM - DEC 2024
[2026-03-04 13:20:25 UTC] DISPATCHED id=1570 title=A INFORMATION RETRIEVAL - NOV 2023
[2026-03-04 13:20:25 UTC] DISPATCHED id=1571 title=B DEEP LEARNING - NOV 2023
[2026-03-04 13:20:25 UTC] DISPATCHED id=1572 title=A AI IN HEALTH CARE - NOV 2023
[2026-03-04 13:20:25 UTC] DISPATCHED id=1573 title=B NATURAL LANGUAGE PROCESSING - NOV 2023
[2026-03-04 13:20:25 UTC] DISPATCHED id=1574 title=DATA BASE MANAGEMENT SYSTEM - NOV 2023
[2026-03-04 13:20:25 UTC] DISPATCHED id=1575 title=OPERATING SYSTEMS - NOV 2022
[2026-03-04 13:20:25 UTC] DISPATCHED id=1576 title=DATABASE MANAGEMENT SYSTEMS - NOV 2022
[2026-03-04 13:20:25 UTC] DISPATCHED id=1577 title=B DEEP LEARNING - NOV 2022
[2026-03-04 13:20:25 UTC] DISPATCHED id=1578 title=B NATURAL LANGUAGE PROCESSING - NOV 2022
[2026-03-04 13:20:25 UTC] DISPATCHED id=1579 title=THEORY OF COMPUTATION - JUN 2025
[2026-03-04 13:20:25 UTC] DISPATCHED id=1580 title=THEORY OF COMPUTATION - MAY 2024
[2026-03-04 13:20:25 UTC] DISPATCHED id=1581 title=B DATA AND VISUAL ANALYTICS - MAY 2024
[2026-03-04 13:20:25 UTC] DISPATCHED id=1582 title=A CLOUD COMPUTING - MAY 2024
[2026-03-04 13:20:25 UTC] DISPATCHED id=1583 title=B DATA AND VISUAL ANALYTICS - MAY 2023
[2026-03-04 13:20:25 UTC] DISPATCHED id=1584 title=A CLOUD COMPUTING - MAY 2023
[2026-03-04 13:20:25 UTC] DISPATCHED id=1585 title=C INTELLIGENT SYSTEMS FOR ROBOTICS - MAY 2023
[2026-03-04 13:20:25 UTC] DISPATCHED id=1586 title=COMPUTER VISION - DEC 2025
[2026-03-04 13:20:25 UTC] DISPATCHED id=1587 title=B ADVANCED MACHINE LEARINING - DEC 2025
[2026-03-04 13:20:25 UTC] DISPATCHED id=1588 title=COMPUTER VISION - NOV 2023
[2026-03-04 13:20:25 UTC] DISPATCHED id=1589 title=A AI IN GAMING - NOV 2023
[2026-03-04 13:20:25 UTC] DISPATCHED id=1590 title=C PREDICTIVE ANALYTICS - NOV 2023
[2026-03-04 13:20:25 UTC] DISPATCHED id=1591 title=D MACHINE LEARNING FOR DATA SCIENCE - NOV 2023
[2026-03-04 13:20:25 UTC] DISPATCHED id=1592 title=B AUGMENTED AND VIRTUAL REALITY - NOV 2023
[2026-03-04 13:20:25 UTC] DISPATCHED id=1593 title=C AGILE SOFTWARE DEVELOPMENT - NOV 2023
[2026-03-04 13:20:25 UTC] DISPATCHED id=1594 title=D INTERNET AND WEB TECHNOLOGY - NOV 2023
[2026-03-04 13:20:25 UTC] DISPATCHED id=1595 title=BUSINESS INTELLIGENCE - MAY 2024
[2026-03-04 13:20:25 UTC] DISPATCHED id=1596 title=A BLOCKCHAIN TECHNOLOGIES - MAY 2024
[2026-03-04 13:20:25 UTC] DISPATCHED id=1597 title=A INTRODUCTION TO IOT - MAY 2024
[2026-03-04 13:20:25 UTC] DISPATCHED id=1598 title=INTRODUCTION TO PROBABILITY AND STATISTICS - DEC 2024
[2026-03-04 13:20:25 UTC] DISPATCHED id=1599 title=ANALYSIS AND DESIGN OF ALGORITHM - DEC 2024
[2026-03-04 13:20:25 UTC] DISPATCHED id=1600 title=THERMODYNAMICS - JUN 2025
[2026-03-04 13:20:25 UTC] DISPATCHED id=1601 title=MATERIALS TECHNOLOGY - JUN 2025
[2026-03-04 13:20:25 UTC] DISPATCHED id=1602 title=STRENGTH OF MATERIAL - JUN 2025
[2026-03-04 13:20:25 UTC] DISPATCHED id=1603 title=MANUFACTURING PROCESS - JUN 2025
[2026-03-04 13:20:25 UTC] DISPATCHED id=1604 title=THERMODYNAMICS - DEC 2024
[2026-03-04 13:20:25 UTC] DISPATCHED id=1605 title=MATERIALS TECHNOLOGY - DEC 2024
[2026-03-04 13:20:25 UTC] DISPATCHED id=1606 title=MATERIALS TECHNOLOGY - JUN 2024
[2026-03-04 13:20:25 UTC] DISPATCHED id=1607 title=STRENGTH OF MATERIAL - DEC 2024
[2026-03-04 13:20:25 UTC] DISPATCHED id=1608 title=STRENGTH OF MATERIAL - JUN 2024
[2026-03-04 13:20:25 UTC] DISPATCHED id=1609 title=MANUFACTURING PROCESS - DEC 2024
[2026-03-04 13:20:25 UTC] DISPATCHED id=1610 title=THERMODYNAMICS - DEC 2023
[2026-03-04 13:20:26 UTC] DISPATCHED id=1611 title=THERMODYNAMICS - JUN 2023
[2026-03-04 13:20:26 UTC] DISPATCHED id=1612 title=MATERIALS TECHNOLOGY - DEC 2023
[2026-03-04 13:20:26 UTC] DISPATCHED id=1613 title=MATERIALS TECHNOLOGY - JUN 2023
[2026-03-04 13:20:26 UTC] DISPATCHED id=1614 title=STRENGTH OF MATERIAL - DEC 2023
[2026-03-04 13:20:26 UTC] DISPATCHED id=1615 title=STRENGTH OF MATERIAL - JUN 2023
[2026-03-04 13:20:26 UTC] DISPATCHED id=1616 title=MANUFACTURING PROCESS - DEC 2023
[2026-03-04 13:20:26 UTC] DISPATCHED id=1617 title=MANUFACTURING PROCESS - JUN 2023
[2026-03-04 13:20:26 UTC] DISPATCHED id=1618 title=THERMODYNAMICS - NOV 2022
[2026-03-04 13:20:26 UTC] DISPATCHED id=1619 title=INSTRUMENTATION AND CONTROL - JUN 2025
[2026-03-04 13:20:26 UTC] DISPATCHED id=1620 title=THEORY OF MACHINES - JUN 2025
[2026-03-04 13:20:26 UTC] DISPATCHED id=1621 title=FLUID MECHANICS - JUN 2025
[2026-03-04 13:20:26 UTC] DISPATCHED id=1622 title=MANUFACTURING TECHNOLOGY - JUN 2025
[2026-03-04 13:20:26 UTC] DISPATCHED id=1623 title=INSTRUMENTATION AND CONTROL - DEC 2024
[2026-03-04 13:20:26 UTC] DISPATCHED id=1624 title=INSTRUMENTATION AND CONTROL - JUN 2024
[2026-03-04 13:20:26 UTC] DISPATCHED id=1625 title=THEORY OF MACHINES - DEC 2024
[2026-03-04 13:20:26 UTC] DISPATCHED id=1626 title=THEORY OF MACHINES - JUN 2024
[2026-03-04 13:20:26 UTC] DISPATCHED id=1627 title=FLUID MECHANICS - DEC 2024
[2026-03-04 13:20:26 UTC] DISPATCHED id=1628 title=FLUID MECHANICS - JUN 2024
[2026-03-04 13:20:26 UTC] DISPATCHED id=1629 title=MANUFACTURING TECHNOLOGY - DEC 2024
[2026-03-04 13:20:26 UTC] DISPATCHED id=1630 title=MANUFACTURING TECHNOLOGY - JUN 2024
[2026-03-04 13:20:26 UTC] DISPATCHED id=1631 title=INSTRUMENTATION AND CONTROL - JUN 2023
[2026-03-04 13:20:26 UTC] DISPATCHED id=1632 title=INSTRUMENTATION AND CONTROL - NOV 2023
[2026-03-04 13:20:26 UTC] DISPATCHED id=1633 title=THEORY OF MACHINES - JUN 2023
[2026-03-04 13:20:26 UTC] DISPATCHED id=1634 title=THEORY OF MACHINES - NOV 2023
[2026-03-04 13:20:26 UTC] DISPATCHED id=1635 title=FLUID MECHANICS - JUN 2023
[2026-03-04 13:20:26 UTC] DISPATCHED id=1636 title=FLUID MECHANICS - NOV 2023
[2026-03-04 13:20:26 UTC] DISPATCHED id=1637 title=MANUFACTURING TECHNOLOGY - JUN 2023
[2026-03-04 13:20:26 UTC] DISPATCHED id=1638 title=MANUFACTURING TECHNOLOGY - NOV 2023
[2026-03-04 13:20:26 UTC] DISPATCHED id=1639 title=INSTRUMENTATION AND CONTROL - JUN 2022
[2026-03-04 13:20:26 UTC] DISPATCHED id=1640 title=THEORY OF MACHINES - JUN 2022
[2026-03-04 13:20:26 UTC] DISPATCHED id=1641 title=FLUID MECHANICS - JUN 2022
[2026-03-04 13:20:26 UTC] DISPATCHED id=1642 title=MANUFACTURING TECHNOLOGY - JUN 2022
[2026-03-04 13:20:26 UTC] DISPATCHED id=1643 title=C RENEWABLE ENERGY TECHNOLOGY - JUN 2025
[2026-03-04 13:20:26 UTC] DISPATCHED id=1644 title=C RENEWABLE ENERGY TECHNOLOGY - DEC 2024
[2026-03-04 13:20:26 UTC] DISPATCHED id=1645 title=C RENEWABLE ENERGY TECHNOLOGY - MAY 2024
[2026-03-04 13:20:26 UTC] DISPATCHED id=1646 title=C RENEWABLE ENERGY TECHNOLOGY - MAY 2023
[2026-03-04 13:20:26 UTC] DISPATCHED id=1647 title=C RENEWABLE ENERGY TECHNOLOGY - MAY 2022
[2026-03-04 13:20:26 UTC] DISPATCHED id=1648 title=STRENGTH OF MATERIAL - NOV 2022
[2026-03-04 13:20:26 UTC] DISPATCHED id=1649 title=MANUFACTURING TECHNOLOGY - NOV 2022
[2026-03-04 13:20:26 UTC] DISPATCHED id=1650 title=MATERIALS TECHNOLOGY - JUN 2022
[2026-03-04 13:20:26 UTC] DISPATCHED id=1651 title=CONSTRUCTION MATERIALS - JUN 2025
[2026-03-04 13:20:26 UTC] DISPATCHED id=1652 title=SURVEYING - JUN 2025
[2026-03-04 13:20:26 UTC] DISPATCHED id=1653 title=BUILDING PLANNING AND ARCHITECTURE - JUN 2025
[2026-03-04 13:20:26 UTC] DISPATCHED id=1654 title=STRENGTH OF MATERIALS - JUN 2025
[2026-03-04 13:20:26 UTC] DISPATCHED id=1655 title=CONSTRUCTION MATERIALS - JUN 2024
[2026-03-04 13:20:26 UTC] DISPATCHED id=1656 title=SURVEYING - DEC 2024
[2026-03-04 13:20:26 UTC] DISPATCHED id=1657 title=SURVEYING - JUN 2024
[2026-03-04 13:20:26 UTC] DISPATCHED id=1658 title=BUILDING PLANNING AND ARCHITECTURE - DEC 2024
[2026-03-04 13:20:26 UTC] DISPATCHED id=1659 title=BUILDING PLANNING AND ARCHITECTURE - JUN 2024
[2026-03-04 13:20:26 UTC] DISPATCHED id=1660 title=STRENGTH OF MATERIALS - DEC 2024
[2026-03-04 13:20:26 UTC] DISPATCHED id=1661 title=STRENGTH OF MATERIALS - JUN 2024
[2026-03-04 13:20:26 UTC] DISPATCHED id=1662 title=CONSTRUCTION MATERIALS - DEC 2023
[2026-03-04 13:20:26 UTC] DISPATCHED id=1663 title=CONSTRUCTION MATERIALS - JUN 2023
[2026-03-04 13:20:26 UTC] DISPATCHED id=1664 title=SURVEYING - DEC 2023
[2026-03-04 13:20:26 UTC] DISPATCHED id=1665 title=SURVEYING - JUN 2023
[2026-03-04 13:20:26 UTC] DISPATCHED id=1666 title=BUILDING PLANNING AND ARCHITECTURE - DEC 2023
[2026-03-04 13:20:26 UTC] DISPATCHED id=1667 title=BUILDING PLANNING AND ARCHITECTURE - JUN 2023
[2026-03-04 13:20:26 UTC] DISPATCHED id=1668 title=STRENGTH OF MATERIALS - DEC 2023
[2026-03-04 13:20:26 UTC] DISPATCHED id=1669 title=STRENGTH OF MATERIALS - JUN 2023
[2026-03-04 13:20:26 UTC] DISPATCHED id=1670 title=CONSTRUCTION MATERIALS - NOV 2022
[2026-03-04 13:20:26 UTC] DISPATCHED id=1671 title=SURVEYING - NOV 2022
[2026-03-04 13:20:26 UTC] DISPATCHED id=1672 title=BUILDING PLANNING AND ARCHITECTURE - NOV 2022
[2026-03-04 13:20:26 UTC] DISPATCHED id=1673 title=STRENGTH OF MATERIALS - NOV 2022
[2026-03-04 13:20:26 UTC] DISPATCHED id=1674 title=CONSTRUCTION TECHNOLOGY - JUN 2025
[2026-03-04 13:20:27 UTC] DISPATCHED id=1675 title=STRUCTURAL ANALYSIS 1 - JUN 2025
[2026-03-04 13:20:27 UTC] DISPATCHED id=1676 title=TRANSPORTATION ENGINEERING 1 - JUN 2025
[2026-03-04 13:20:27 UTC] DISPATCHED id=1677 title=ENGINEERING GEOLOGY - JUN 2025
[2026-03-04 13:20:27 UTC] DISPATCHED id=1678 title=CONSTRUCTION TECHNOLOGY - JUN 2024
[2026-03-04 13:20:27 UTC] DISPATCHED id=1679 title=STRUCTURAL ANALYSIS 1 - DEC 2024
[2026-03-04 13:20:27 UTC] DISPATCHED id=1680 title=STRUCTURAL ANALYSIS 1 - JUN 2024
[2026-03-04 13:20:27 UTC] DISPATCHED id=1681 title=CONSTRUCTION TECHNOLOGY - JUN 2023
[2026-03-04 13:20:27 UTC] DISPATCHED id=1682 title=CONSTRUCTION TECHNOLOGY - NOV 2023
[2026-03-04 13:20:27 UTC] DISPATCHED id=1683 title=STRUCTURAL ANALYSIS 1 - JUN 2023
[2026-03-04 13:20:27 UTC] DISPATCHED id=1684 title=STRUCTURAL ANALYSIS 1 - NOV 2023
[2026-03-04 13:20:27 UTC] DISPATCHED id=1685 title=TRANSPORTATION ENGINEERING 1 - JUN 2023
[2026-03-04 13:20:27 UTC] DISPATCHED id=1686 title=TRANSPORTATION ENGINEERING 1 - NOV 2023
[2026-03-04 13:20:27 UTC] DISPATCHED id=1687 title=ENGINEERING GEOLOGY AND REMOTE SENSING - JUN 2023
[2026-03-04 13:20:27 UTC] DISPATCHED id=1688 title=ENGINEERING GEOLOGY AND REMOTE SENSING - NOV 2023
[2026-03-04 13:20:27 UTC] DISPATCHED id=1689 title=CONSTRUCTION TECHNOLOGY - JUN 2022
[2026-03-04 13:20:27 UTC] DISPATCHED id=1690 title=STRUCTURAL ANALYSIS 1 - JUN 2022
[2026-03-04 13:20:27 UTC] DISPATCHED id=1691 title=STRUCTURAL ANALYSIS 1 - NOV 2022
[2026-03-04 13:20:27 UTC] DISPATCHED id=1692 title=TRANSPORTATION ENGINEERING 1 - JUN 2022
[2026-03-04 13:20:27 UTC] DISPATCHED id=1693 title=ENGINEERING GEOLOGY AND REMOTE SENSING - JUN 2022
[2026-03-04 13:20:27 UTC] DISPATCHED id=1694 title=FLUID MECHANICS 1 - JUN 2025
[2026-03-04 13:20:27 UTC] DISPATCHED id=1695 title=TRANSPORTATION ENGINEERING 2 - JUN 2025
[2026-03-04 13:20:27 UTC] DISPATCHED id=1696 title=C QUANTITY SURVEYING AND COSTING - JUN 2025
[2026-03-04 13:20:27 UTC] DISPATCHED id=1697 title=FLUID MECHANICS 1 - MAY 2024
[2026-03-04 13:20:27 UTC] DISPATCHED id=1698 title=TRANSPORTATION ENGINEERING 2 - MAY 2024
[2026-03-04 13:20:27 UTC] DISPATCHED id=1699 title=C QUANTITY SURVEYING AND COSTING - DEC 2024
[2026-03-04 13:20:27 UTC] DISPATCHED id=1700 title=B REMOTE SENSING AND GIS - DEC 2024
[2026-03-04 13:20:27 UTC] DISPATCHED id=1701 title=FLUID MECHANICS 1 - NOV 2023
[2026-03-04 13:20:27 UTC] DISPATCHED id=1702 title=TRANSPORTATION ENGINEERING 2 - NOV 2023
[2026-03-04 13:20:27 UTC] DISPATCHED id=1703 title=A STRUCTURAL ANALYSIS 2 - NOV 2023
[2026-03-04 13:20:27 UTC] DISPATCHED id=1704 title=C QUANTITY SURVEYING AND COSTING - NOV 2023
[2026-03-04 13:20:27 UTC] DISPATCHED id=1705 title=B REMOTE SENSING AND GIS - NOV 2023
[2026-03-04 13:20:27 UTC] DISPATCHED id=1706 title=C RENEWABLE ENERGY RESOURCES - NOV 2023
[2026-03-04 13:20:27 UTC] DISPATCHED id=1707 title=A STRUCTURAL ANALYSIS 2 - NOV 2022
[2026-03-04 13:20:27 UTC] DISPATCHED id=1708 title=D MARINE CONSTRUCTION - NOV 2022
[2026-03-04 13:20:27 UTC] DISPATCHED id=1709 title=STRUCTURAL DESIGN AND DRAWING RCC 1 - JUN 2025
[2026-03-04 13:20:27 UTC] DISPATCHED id=1710 title=ENVIRONMENTAL ENGINEERING 1 - JUN 2025
[2026-03-04 13:20:27 UTC] DISPATCHED id=1711 title=A WATER RESOURCES ENGINEERING - JUN 2025
[2026-03-04 13:20:27 UTC] DISPATCHED id=1712 title=C ADVANCE PAVEMENT DESIGN - JUN 2025
[2026-03-04 13:20:27 UTC] DISPATCHED id=1713 title=C ENVIRONMENTAL IMPACT ASSESSMENT - JUN 2025
[2026-03-04 13:20:27 UTC] DISPATCHED id=1714 title=STRUCTURAL DESIGN AND DRAWING - JUN 2025
[2026-03-04 13:20:27 UTC] DISPATCHED id=1715 title=STRUCTURAL DESIGN AND DRAWING RCC 1 - MAY 2024
[2026-03-04 13:20:27 UTC] DISPATCHED id=1716 title=ENVIRONMENTAL ENGINEERING 1 - MAY 2024
[2026-03-04 13:20:27 UTC] DISPATCHED id=1717 title=A WATER RESOURCES ENGINEERING - MAY 2024
[2026-03-04 13:20:27 UTC] DISPATCHED id=1718 title=C ADVANCE PAVEMENT DESIGN - MAY 2024
[2026-03-04 13:20:27 UTC] DISPATCHED id=1719 title=A FLUID MECHANICS 2 - MAY 2024
[2026-03-04 13:20:27 UTC] DISPATCHED id=1720 title=C ENVIRONMENTAL IMPACT ASSESSMENT - MAY 2024
[2026-03-04 13:20:27 UTC] DISPATCHED id=1721 title=STRUCTURAL DESIGN AND DRAWING - MAY 2023
[2026-03-04 13:20:27 UTC] DISPATCHED id=1722 title=ENVIRONMENTAL ENGINEERING 1 - MAY 2023
[2026-03-04 13:20:27 UTC] DISPATCHED id=1723 title=A WATER RESOURCE ENGINEERING - MAY 2023
[2026-03-04 13:20:27 UTC] DISPATCHED id=1724 title=B PRECAST AND MODULAR CONSTRUCTION - MAY 2023
[2026-03-04 13:20:27 UTC] DISPATCHED id=1725 title=C ENVIRONMENTAL IMPACT ASSESMENT - MAY 2023
[2026-03-04 13:20:27 UTC] DISPATCHED id=1726 title=D OPERATION RESEARCH - MAY 2023
[2026-03-04 13:20:27 UTC] DISPATCHED id=1727 title=STRUCTURAL DESIGN AND DRAWING RCC 1 - MAY 2022
[2026-03-04 13:20:27 UTC] DISPATCHED id=1728 title=ENVIRONMENTAL ENGINEERING 1 - MAY 2022
[2026-03-04 13:20:27 UTC] DISPATCHED id=1729 title=A WATER RESOURCES ENGINEERING - MAY 2022
[2026-03-04 13:20:27 UTC] DISPATCHED id=1730 title=B PRECAST AND MODULAR CONSTRUCTION - MAY 2022
[2026-03-04 13:20:27 UTC] DISPATCHED id=1731 title=A FLUID MECHANICS 2 - MAY 2022
[2026-03-04 13:20:27 UTC] DISPATCHED id=1732 title=C ENVIRONMENTAL IMPACT ASSESSMENT - MAY 2022
[2026-03-04 13:20:27 UTC] DISPATCHED id=1733 title=D OPERATION RESEARCH - MAY 2022
[2026-03-04 13:20:27 UTC] DISPATCHED id=1734 title=GEOTECHNICAL ENGINEERING - JUN 2025
[2026-03-04 13:20:27 UTC] DISPATCHED id=1735 title=D BUILDING SERVICES - JUN 2025
[2026-03-04 13:20:27 UTC] DISPATCHED id=1736 title=B ENVIRONMENTAL ENGINEERING 2 - DEC 2024
[2026-03-04 13:20:27 UTC] DISPATCHED id=1737 title=C INTEGRATED WASTE MANAGEMENT - DEC 2024
[2026-03-04 13:20:27 UTC] DISPATCHED id=1738 title=D BUILDING SERVICES - DEC 2024
[2026-03-04 13:20:27 UTC] DISPATCHED id=1739 title=GEOTECHNICAL ENGINEERING - NOV 2023
[2026-03-04 13:20:28 UTC] DISPATCHED id=1740 title=B ENVIRONMENTAL ENGINEERING 2 - NOV 2023
[2026-03-04 13:20:28 UTC] DISPATCHED id=1741 title=C STRUCTURAL DYNAMICS - NOV 2023
[2026-03-04 13:20:28 UTC] DISPATCHED id=1742 title=D STRUCTURAL DESIGN AND DRAWING RCC 2 - NOV 2023
[2026-03-04 13:20:28 UTC] DISPATCHED id=1743 title=B PROJECT MANAGEMENT - NOV 2023
[2026-03-04 13:20:28 UTC] DISPATCHED id=1744 title=C INTEGRATED WASTE MANAGEMENT - NOV 2023
[2026-03-04 13:20:28 UTC] DISPATCHED id=1745 title=D BUILDING SERVICES - NOV 2023
[2026-03-04 13:20:28 UTC] DISPATCHED id=1746 title=A PRESTRESSED CONCRETE STRUCTURES - NOV 2022
[2026-03-04 13:20:28 UTC] DISPATCHED id=1747 title=C STRUCTURAL DYNAMICS - NOV 2022
[2026-03-04 13:20:28 UTC] DISPATCHED id=1748 title=B PROJECT MANAGEMENT - NOV 2022
[2026-03-04 13:20:28 UTC] DISPATCHED id=1749 title=D BUILDING SERVICES - NOV 2022
[2026-03-04 13:20:28 UTC] DISPATCHED id=1750 title=DESIGN OF STEEL STRUCTURES - JUN 2025
[2026-03-04 13:20:28 UTC] DISPATCHED id=1751 title=B FOUNDATION ENGINEERING - JUN 2025
[2026-03-04 13:20:28 UTC] DISPATCHED id=1752 title=D INTEGRATED WATER MANAGEMENT - JUN 2025
[2026-03-04 13:20:28 UTC] DISPATCHED id=1753 title=DESIGN OF STEEL STRUCTURES - MAY 2024
[2026-03-04 13:20:28 UTC] DISPATCHED id=1754 title=B FOUNDATION ENGINEERING - MAY 2024
[2026-03-04 13:20:28 UTC] DISPATCHED id=1755 title=D INTEGRATED WATER MANAGEMENT - MAY 2024
[2026-03-04 13:20:28 UTC] DISPATCHED id=1756 title=DESIGN OF STEEL STRUCTURES - MAY 2023
[2026-03-04 13:20:28 UTC] DISPATCHED id=1757 title=DESIGN OF STEEL STRUCTURES - NOV 2023
[2026-03-04 13:20:28 UTC] DISPATCHED id=1758 title=B FOUNDATION ENGINEERING - MAY 2023
[2026-03-04 13:20:28 UTC] DISPATCHED id=1759 title=B FOUNDATION ENGINEERING - NOV 2023
[2026-03-04 13:20:28 UTC] DISPATCHED id=1760 title=B EE 803 D EX 803 D ME 803 A DATA ANALYTICS - MAY 2023
[2026-03-04 13:20:28 UTC] DISPATCHED id=1761 title=C RETROFITTING AND REHABILITATION OF STRUCTURES CE 803 C - NOV 2023
[2026-03-04 13:20:28 UTC] DISPATCHED id=1762 title=D INTEGRATED WATER MANAGEMENT - MAY 2023
[2026-03-04 13:20:28 UTC] DISPATCHED id=1763 title=DESIGN OF STEEL STRUCTURES CE 801 - MAY 2022
[2026-03-04 13:20:28 UTC] DISPATCHED id=1764 title=B FOUNDATION ENGINEERING - MAY 2022
[2026-03-04 13:20:28 UTC] DISPATCHED id=1765 title=C RETROFITTING AND REHABILITATION OF STRUCTURES - MAY 2022
[2026-03-04 13:20:28 UTC] DISPATCHED id=1766 title=D INTEGRATED WATER MANAGEMENT - MAY 2022
[2026-03-04 13:20:28 UTC] DISPATCHED id=1767 title=OBJECT ORIENTED PROGRAMMING - DEC 2023
[2026-03-04 13:20:28 UTC] DISPATCHED id=1768 title=OPERATING SYSTEMS - JUN 2022
[2026-03-04 13:20:28 UTC] DISPATCHED id=1769 title=COMPILER DESIGN - DEC 2024
[2026-03-04 13:20:28 UTC] DISPATCHED id=1770 title=INFORMATION SECURITY - JUN 2025
[2026-03-04 13:20:28 UTC] DISPATCHED id=1771 title=INFORMATION SECURITY - DEC 2024
[2026-03-04 13:20:28 UTC] DISPATCHED id=1772 title=TECHNICAL COMMUNICATION - DEC 2024
[2026-03-04 13:20:28 UTC] DISPATCHED id=1773 title=DATABASE MANAGEMENT SYSTEM - DEC 2023
[2026-03-04 13:20:28 UTC] DISPATCHED id=1774 title=DATABASE MANAGEMENT SYSTEM - NOV 2022
[2026-03-04 13:20:28 UTC] DISPATCHED id=1775 title=C COMPUTER ORGANIZATION AND ARCHITECTURE - DEC 2024
[2026-03-04 13:20:28 UTC] DISPATCHED id=1776 title=A COMPUTER GRAPHICS AND VISUALIZATION - NOV 2023
[2026-03-04 13:20:28 UTC] DISPATCHED id=1777 title=C COMPUTER ORGANIZATION AND ARCHITECTURE - NOV 2023
[2026-03-04 13:20:28 UTC] DISPATCHED id=1778 title=DEEP LEARNING - DEC 2024
[2026-03-04 13:20:28 UTC] DISPATCHED id=1779 title=NATURAL LANGUAGE PROCESSING - DEC 2024
[2026-03-04 13:20:28 UTC] DISPATCHED id=1780 title=DATA ENGINEERING - DEC 2024
[2026-03-04 13:20:28 UTC] DISPATCHED id=1781 title=DATA ENGINEERING - NOV 2023
[2026-03-04 13:20:28 UTC] DISPATCHED id=1782 title=COMPILER DESIGN - JUN 2025
[2026-03-04 13:20:28 UTC] DISPATCHED id=1783 title=COMPUTER ARECHITECTURE - JUN 2025
[2026-03-04 13:20:28 UTC] DISPATCHED id=1784 title=DATA BASE MANAGEMENT SYSTEM - JUN 2022
[2026-03-04 13:20:28 UTC] DISPATCHED id=1785 title=OPERATING SYSTEM - NOV 2023
[2026-03-04 13:20:28 UTC] DISPATCHED id=1786 title=A THEORY OF COMPUTATION - NOV 2022
[2026-03-04 13:20:28 UTC] DISPATCHED id=1787 title=B ARTIFICIAL INTELLIGENCE - NOV 2022
[2026-03-04 13:20:28 UTC] DISPATCHED id=1788 title=DATA SCIENCE - MAY 2024
[2026-03-04 13:20:28 UTC] DISPATCHED id=1789 title=DIGITAL CIRCUITS AND SYSTEMS - DEC 2023
[2026-03-04 13:20:28 UTC] DISPATCHED id=1790 title=COMPUTER ARCHITECTURE - JUN 2022
[2026-03-04 13:20:28 UTC] DISPATCHED id=1791 title=ELECTRONIC DEVICES - JUN 2025
[2026-03-04 13:20:28 UTC] DISPATCHED id=1792 title=ELECTRONIC DEVICES - DEC 2024
[2026-03-04 13:20:28 UTC] DISPATCHED id=1793 title=ELECTRONIC DEVICES - JUN 2024
[2026-03-04 13:20:28 UTC] DISPATCHED id=1794 title=NETWORK ANALYSIS - DEC 2024
[2026-03-04 13:20:28 UTC] DISPATCHED id=1795 title=NETWORK ANALYSIS - JUN 2024
[2026-03-04 13:20:28 UTC] DISPATCHED id=1796 title=ELECTRONIC DEVICES - DEC 2023
[2026-03-04 13:20:28 UTC] DISPATCHED id=1797 title=NETWORK ANALYSIS - DEC 2023
[2026-03-04 13:20:28 UTC] DISPATCHED id=1798 title=ARTIFICIAL INTELLIGENCE - MAY 2024
[2026-03-04 13:20:28 UTC] DISPATCHED id=1799 title=COMPUTER NETWORKS - JUN 2023
[2026-03-04 13:20:28 UTC] DISPATCHED id=1800 title=DATABASE MANAGEMENT SYSTEMS - DEC 2025
[2026-03-04 13:20:28 UTC] DISPATCHED id=1801 title=INTERNET AND WEB TECHNOLOGY - MAY 2024
[2026-03-04 13:20:28 UTC] DISPATCHED id=1802 title=INTERNET AND WEB TECHNOLOGY - MAY 2023
[2026-03-04 13:20:28 UTC] DISPATCHED id=1803 title=FUNDAMENTAL OF CRYPTOGRAPHY - DEC 2024
[2026-03-04 13:20:28 UTC] DISPATCHED id=1804 title=FUNDAMENTAL OF CRYPTOGRAPHY - DEC 2023
[2026-03-04 13:20:28 UTC] DISPATCHED id=1805 title=FUNDAMENTAL OF CRYPTOGRAPHY - JUN 2023
[2026-03-04 13:20:28 UTC] DISPATCHED id=1806 title=DIGITAL SYSTEM - JUN 2023
[2026-03-04 13:20:28 UTC] DISPATCHED id=1807 title=INTRODUCTION TO LINEAR ALGEBRA - JUN 2025
[2026-03-04 13:20:28 UTC] DISPATCHED id=1808 title=FUNDAMENTAL OF CYBER SECURITY - JUN 2025
[2026-03-04 13:20:29 UTC] DISPATCHED id=1809 title=INTRODUCTION TO LINEAR ALGEBRA - DEC 2024
[2026-03-04 13:20:29 UTC] DISPATCHED id=1810 title=INTRODUCTION TO LINEAR ALGEBRA - JUN 2024
[2026-03-04 13:20:29 UTC] DISPATCHED id=1811 title=FUNDAMENTAL OF CYBER SECURITY - DEC 2024
[2026-03-04 13:20:29 UTC] DISPATCHED id=1812 title=FUNDAMENTAL OF CYBER SECURITY - JUN 2024
[2026-03-04 13:20:29 UTC] DISPATCHED id=1813 title=COMPUTER NETWORKS - JUN 2024
[2026-03-04 13:20:29 UTC] DISPATCHED id=1814 title=DATABASE MANAGEMENT SYSTEM - DEC 2024
[2026-03-04 13:20:29 UTC] DISPATCHED id=1815 title=DATABASE MANAGEMENT SYSTEM - JUN 2024
[2026-03-04 13:20:29 UTC] DISPATCHED id=1816 title=INTRODUCTION TO LINEAR ALGEBRA - JUN 2023
[2026-03-04 13:20:29 UTC] DISPATCHED id=1817 title=INTRODUCTION TO LINEAR ALGEBRA - NOV 2023
[2026-03-04 13:20:29 UTC] DISPATCHED id=1818 title=FUNDAMENTAL OF CYBER SECURITY - JUN 2023
[2026-03-04 13:20:29 UTC] DISPATCHED id=1819 title=FUNDAMENTAL OF CYBER SECURITY - NOV 2023
[2026-03-04 13:20:29 UTC] DISPATCHED id=1820 title=COMPUTER NETWORKS - NOV 2023
[2026-03-04 13:20:29 UTC] DISPATCHED id=1821 title=DATABASE MANAGEMENT SYSTEM - JUN 2023
[2026-03-04 13:20:29 UTC] DISPATCHED id=1822 title=DATABASE MANAGEMENT SYSTEM - NOV 2023
[2026-03-04 13:20:29 UTC] DISPATCHED id=1823 title=INTRODUCTION TO LINEAR ALGEBRA - JUN 2022
[2026-03-04 13:20:29 UTC] DISPATCHED id=1824 title=FUNDAMENTAL OF CYBER SECURITY - JUN 2022
[2026-03-04 13:20:29 UTC] DISPATCHED id=1825 title=DATABASE MANAGEMENT SYSTEM - JUN 2022
[2026-03-04 13:20:29 UTC] DISPATCHED id=1826 title=OS INTERNALS FOR SECURITY SUPPORT - DEC 2024
[2026-03-04 13:20:29 UTC] DISPATCHED id=1827 title=DESIGN AND ANALYSIS OF ALGORITHMS - DEC 2024
[2026-03-04 13:20:29 UTC] DISPATCHED id=1828 title=B NETWORK SECURITY - DEC 2024
[2026-03-04 13:20:29 UTC] DISPATCHED id=1829 title=B INTERNET OF THINGS - DEC 2024
[2026-03-04 13:20:29 UTC] DISPATCHED id=1830 title=OS INTERNALS FOR SECURITY SUPPORT - NOV 2023
[2026-03-04 13:20:29 UTC] DISPATCHED id=1831 title=DESIGN AND ANALYSIS OF ALGORITHMS - NOV 2023
[2026-03-04 13:20:29 UTC] DISPATCHED id=1832 title=B NETWORK SECURITY - NOV 2023
[2026-03-04 13:20:29 UTC] DISPATCHED id=1833 title=A CYBER LAW AND INTELLECTUAL PROPERTY RIGHT - NOV 2023
[2026-03-04 13:20:29 UTC] DISPATCHED id=1834 title=OS INTERNALS FOR SECURITY SUPPORT - NOV 2022
[2026-03-04 13:20:29 UTC] DISPATCHED id=1835 title=DESIGN AND ANALYSIS OF ALGORITHMS CY 502 - NOV 2022
[2026-03-04 13:20:29 UTC] DISPATCHED id=1836 title=B NETWORK SECURITY - NOV 2022
[2026-03-04 13:20:29 UTC] DISPATCHED id=1837 title=A CYBER LAW AND INTELLECTUAL PROPERTY RIGHT - NOV 2022
[2026-03-04 13:20:29 UTC] DISPATCHED id=1838 title=B INTERNET OF THINGS - NOV 2022
[2026-03-04 13:20:29 UTC] DISPATCHED id=1839 title=CYBER CRIME INVESTIGATION AND DIGITAL FORENSIC - JUN 2025
[2026-03-04 13:20:29 UTC] DISPATCHED id=1840 title=C DATA WAREHOUSING AND MINING - JUN 2025
[2026-03-04 13:20:29 UTC] DISPATCHED id=1841 title=CYBER CRIME INVESTIGATION AND DIGITAL FORENSIC - DEC 2024
[2026-03-04 13:20:29 UTC] DISPATCHED id=1842 title=B OOAD - DEC 2024
[2026-03-04 13:20:29 UTC] DISPATCHED id=1843 title=CYBER CRIME INVESTIGATION AND DIGITAL FORENSIC - MAY 2023
[2026-03-04 13:20:29 UTC] DISPATCHED id=1844 title=SOFTWARE ENGINEERING - MAY 2023
[2026-03-04 13:20:29 UTC] DISPATCHED id=1845 title=A INTERNET AND WEB TECHNOLOGY - MAY 2023
[2026-03-04 13:20:29 UTC] DISPATCHED id=1846 title=C DATA WAREHOUSING AND MINING - MAY 2023
[2026-03-04 13:20:29 UTC] DISPATCHED id=1847 title=A PENETRATION TESTING AND VULNERABILITY ANALYSIS - DEC 2024
[2026-03-04 13:20:29 UTC] DISPATCHED id=1848 title=D MULTIMEDIA SECURITY AND FORENSICS - NOV 2023
[2026-03-04 13:20:29 UTC] DISPATCHED id=1849 title=C DATA ENGINEERING - NOV 2023
[2026-03-04 13:20:29 UTC] DISPATCHED id=1850 title=HARDWARE SECURITY - MAY 2024
[2026-03-04 13:20:29 UTC] DISPATCHED id=1851 title=C LIGHTWEIGHT CRYPTOGRAPHY - MAY 2024
[2026-03-04 13:20:29 UTC] DISPATCHED id=1852 title=A MOBILE AND WIRELESS SECURITY - MAY 2024
[2026-03-04 13:20:29 UTC] DISPATCHED id=1853 title=ELECTRONIC MEASUREMENTS AND INSTRUMENTATION - JUN 2025
[2026-03-04 13:20:29 UTC] DISPATCHED id=1854 title=DIGITAL SYSTEM DESIGN - JUN 2025
[2026-03-04 13:20:29 UTC] DISPATCHED id=1855 title=ELECTRICAL MEASUREMENTS AND MEASURING INSTRUMENTS - JUN 2025
[2026-03-04 13:20:29 UTC] DISPATCHED id=1856 title=SIGNALS AND SYSTEMS - JUN 2025
[2026-03-04 13:20:29 UTC] DISPATCHED id=1857 title=ELECTRONIC MEASUREMENTS AND INSTRUMENTATION - DEC 2024
[2026-03-04 13:20:29 UTC] DISPATCHED id=1858 title=ELECTRONIC MEASUREMENTS AND INSTRUMENTATION - JUN 2024
[2026-03-04 13:20:29 UTC] DISPATCHED id=1859 title=DIGITAL SYSTEM DESIGN - DEC 2024
[2026-03-04 13:20:29 UTC] DISPATCHED id=1860 title=DIGITAL SYSTEM DESIGN - JUN 2024
[2026-03-04 13:20:29 UTC] DISPATCHED id=1861 title=ELECTRICAL MEASUREMENTS AND MEASURING INSTRUMENTS - DEC 2024
[2026-03-04 13:20:29 UTC] DISPATCHED id=1862 title=ELECTRICAL MEASUREMENTS AND MEASURING INSTRUMENTS - JUN 2024
[2026-03-04 13:20:29 UTC] DISPATCHED id=1863 title=SIGNALS AND SYSTEMS - DEC 2024
[2026-03-04 13:20:29 UTC] DISPATCHED id=1864 title=SIGNALS AND SYSTEMS - JUN 2024
[2026-03-04 13:20:29 UTC] DISPATCHED id=1865 title=C RENEWABLE POWER GENERATION - DEC 2024
[2026-03-04 13:20:29 UTC] DISPATCHED id=1866 title=ANALOG ELECTRONICS - DEC 2024
[2026-03-04 13:20:29 UTC] DISPATCHED id=1867 title=ANALOG ELECTRONICS - JUN 2024
[2026-03-04 13:20:29 UTC] DISPATCHED id=1868 title=ELECTRONIC MEASUREMENTS AND INSTRUMENTATION - DEC 2023
[2026-03-04 13:20:29 UTC] DISPATCHED id=1869 title=ELECTRONIC MEASUREMENTS AND INSTRUMENTATION EC 302 - JUN 2023
[2026-03-04 13:20:29 UTC] DISPATCHED id=1870 title=DIGITAL SYSTEM DESIGN - DEC 2023
[2026-03-04 13:20:29 UTC] DISPATCHED id=1871 title=DIGITAL SYSTEM DESIGN - JUN 2023
[2026-03-04 13:20:29 UTC] DISPATCHED id=1872 title=ELECTRONIC DEVICES - JUN 2023
[2026-03-04 13:20:30 UTC] DISPATCHED id=1873 title=NETWORK ANALYSIS - JUN 2023
[2026-03-04 13:20:30 UTC] DISPATCHED id=1874 title=ANALOG ELECTRONICS - DEC 2023
[2026-03-04 13:20:30 UTC] DISPATCHED id=1875 title=ANALOG ELECTRONICS - JUN 2023
[2026-03-04 13:20:30 UTC] DISPATCHED id=1876 title=ELECTRICAL MEASUREMENTS AND MEASURING INSTRUMENTS - DEC 2023
[2026-03-04 13:20:30 UTC] DISPATCHED id=1877 title=ELECTRICAL MEASUREMENTS AND MEASURING INSTRUMENTS - JUN 2023
[2026-03-04 13:20:30 UTC] DISPATCHED id=1878 title=SIGNALS AND SYSTEMS - DEC 2023
[2026-03-04 13:20:30 UTC] DISPATCHED id=1879 title=SIGNALS AND SYSTEMS - JUN 2023
[2026-03-04 13:20:30 UTC] DISPATCHED id=1880 title=ELECTRONIC MEASUREMENTS AND INSTRUMENTATION - NOV 2022
[2026-03-04 13:20:30 UTC] DISPATCHED id=1881 title=DIGITAL SYSTEM DESIGN - NOV 2022
[2026-03-04 13:20:30 UTC] DISPATCHED id=1882 title=ELECTRONIC DEVICES - NOV 2022
[2026-03-04 13:20:30 UTC] DISPATCHED id=1883 title=NETWORK ANALYSIS - NOV 2022
[2026-03-04 13:20:30 UTC] DISPATCHED id=1884 title=SIGNAL AND SYSTEM - JUN 2025
[2026-03-04 13:20:30 UTC] DISPATCHED id=1885 title=ANALOG COMMUNICATION - JUN 2025
[2026-03-04 13:20:30 UTC] DISPATCHED id=1886 title=CONTROL SYSTEM - JUN 2025
[2026-03-04 13:20:30 UTC] DISPATCHED id=1887 title=COTROL SYSTEM - JUN 2025
[2026-03-04 13:20:30 UTC] DISPATCHED id=1888 title=ANALOG CIRCUITS - JUN 2025
[2026-03-04 13:20:30 UTC] DISPATCHED id=1889 title=ELECTRICAL MACHINE 1 - JUN 2025
[2026-03-04 13:20:30 UTC] DISPATCHED id=1890 title=DIGITAL ELECTRONICS AND LOGIC DESIGN - JUN 2025
[2026-03-04 13:20:30 UTC] DISPATCHED id=1891 title=POWER SYSTEM 1 - JUN 2025
[2026-03-04 13:20:30 UTC] DISPATCHED id=1892 title=SIGNAL AND SYSTEM - DEC 2024
[2026-03-04 13:20:30 UTC] DISPATCHED id=1893 title=SIGNAL AND SYSTEM - JUN 2024
[2026-03-04 13:20:30 UTC] DISPATCHED id=1894 title=ANALOG COMMUNICATION - DEC 2024
[2026-03-04 13:20:30 UTC] DISPATCHED id=1895 title=ANALOG COMMUNICATION - JUN 2024
[2026-03-04 13:20:30 UTC] DISPATCHED id=1896 title=CONTROL SYSTEM - DEC 2024
[2026-03-04 13:20:30 UTC] DISPATCHED id=1897 title=CONTROL SYSTEM - JUN 2024
[2026-03-04 13:20:30 UTC] DISPATCHED id=1898 title=ANALOG CIRCUITS - DEC 2024
[2026-03-04 13:20:30 UTC] DISPATCHED id=1899 title=ELECTRICAL MACHINE 1 - DEC 2024
[2026-03-04 13:20:30 UTC] DISPATCHED id=1900 title=ELECTRICAL MACHINE 1 - JUN 2024
[2026-03-04 13:20:30 UTC] DISPATCHED id=1901 title=DIGITAL ELECTRONICS AND LOGIC DESIGN - JUN 2024
[2026-03-04 13:20:30 UTC] DISPATCHED id=1902 title=POWER SYSTEM 1 - DEC 2024
[2026-03-04 13:20:30 UTC] DISPATCHED id=1903 title=POWER SYSTEM 1 - JUN 2024
[2026-03-04 13:20:30 UTC] DISPATCHED id=1904 title=SIGNAL AND SYSTEM - JUN 2023
[2026-03-04 13:20:30 UTC] DISPATCHED id=1905 title=SIGNAL AND SYSTEM - NOV 2023
[2026-03-04 13:20:30 UTC] DISPATCHED id=1906 title=ANALOG COMMUNICATION - JUN 2023
[2026-03-04 13:20:30 UTC] DISPATCHED id=1907 title=ANALOG COMMUNICATION - NOV 2023
[2026-03-04 13:20:30 UTC] DISPATCHED id=1908 title=CONTROL SYSTEM - JUN 2023
[2026-03-04 13:20:30 UTC] DISPATCHED id=1909 title=CONTROL SYSTEM - NOV 2023
[2026-03-04 13:20:30 UTC] DISPATCHED id=1910 title=ANALOG CIRCUITS - JUN 2023
[2026-03-04 13:20:30 UTC] DISPATCHED id=1911 title=ANALOG CIRCUITS - NOV 2023
[2026-03-04 13:20:30 UTC] DISPATCHED id=1912 title=ELECTRICAL MACHINE 1 - JUN 2023
[2026-03-04 13:20:30 UTC] DISPATCHED id=1913 title=ELECTRICAL MACHINE 1 - NOV 2023
[2026-03-04 13:20:30 UTC] DISPATCHED id=1914 title=DIGITAL ELECTRONICS AND LOGIC DESIGN - JUN 2023
[2026-03-04 13:20:30 UTC] DISPATCHED id=1915 title=DIGITAL ELECTRONICS AND LOGIC DESIGN - NOV 2023
[2026-03-04 13:20:30 UTC] DISPATCHED id=1916 title=POWER SYSTEM 1 - JUN 2023
[2026-03-04 13:20:30 UTC] DISPATCHED id=1917 title=POWER SYSTEM 1 - NOV 2023
[2026-03-04 13:20:30 UTC] DISPATCHED id=1918 title=SIGNAL AND SYSTEM - JUN 2022
[2026-03-04 13:20:30 UTC] DISPATCHED id=1919 title=ANALOG COMMUNICATION - JUN 2022
[2026-03-04 13:20:30 UTC] DISPATCHED id=1920 title=CONTROL SYSTEM - JUN 2022
[2026-03-04 13:20:30 UTC] DISPATCHED id=1921 title=ANALOG CIRCUITS - JUN 2022
[2026-03-04 13:20:30 UTC] DISPATCHED id=1922 title=ELECTRICAL MACHINE 1 - JUN 2022
[2026-03-04 13:20:30 UTC] DISPATCHED id=1923 title=DIGITAL ELECTRONICS AND LOGIC DESIGN - JUN 2022
[2026-03-04 13:20:30 UTC] DISPATCHED id=1924 title=POWER SYSTEM 1 - JUN 2022
[2026-03-04 13:20:30 UTC] DISPATCHED id=1925 title=MICROPROCESSOR AND ITS APPLICATIONS - JUN 2025
[2026-03-04 13:20:30 UTC] DISPATCHED id=1926 title=DIGITAL COMMUNICATION - JUN 2025
[2026-03-04 13:20:30 UTC] DISPATCHED id=1927 title=B MOBILE COMMUNICATION - JUN 2025
[2026-03-04 13:20:30 UTC] DISPATCHED id=1928 title=B COMPUTER SYSTEM ORGANIZATION - JUN 2025
[2026-03-04 13:20:30 UTC] DISPATCHED id=1929 title=ELECTRICAL MACHINE 2 - JUN 2025
[2026-03-04 13:20:30 UTC] DISPATCHED id=1930 title=POWER ELECTRONICS - JUN 2025
[2026-03-04 13:20:30 UTC] DISPATCHED id=1931 title=A ELECTRICAL POWER GENERATION AND ECONOMY - JUN 2025
[2026-03-04 13:20:30 UTC] DISPATCHED id=1932 title=A INDUSTRIAL ELECTRONICS - JUN 2025
[2026-03-04 13:20:30 UTC] DISPATCHED id=1933 title=C RENEWABLE POWER GENERATION - JUN 2025
[2026-03-04 13:20:30 UTC] DISPATCHED id=1934 title=C ELECTRICAL AND ELECTRONICS MATERIALS - JUN 2025
[2026-03-04 13:20:30 UTC] DISPATCHED id=1935 title=MICROPROCESSOR AND ITS APPLICATION - MAY 2024
[2026-03-04 13:20:30 UTC] DISPATCHED id=1936 title=MICROPROCESSOR AND ITS APPLICATIONS - DEC 2024
[2026-03-04 13:20:30 UTC] DISPATCHED id=1937 title=DIGITAL COMMUNICATION - DEC 2024
[2026-03-04 13:20:30 UTC] DISPATCHED id=1938 title=DIGITAL COMMUNICATION - MAY 2024
[2026-03-04 13:20:30 UTC] DISPATCHED id=1939 title=A COMMUNICATION NETWORK AND TRANSMISSION LINES - DEC 2024
[2026-03-04 13:20:30 UTC] DISPATCHED id=1940 title=B MOBILE COMMUNICATION - DEC 2024
[2026-03-04 13:20:30 UTC] DISPATCHED id=1941 title=A ELECTRO MAGNETIC THEORY - DEC 2024
[2026-03-04 13:20:30 UTC] DISPATCHED id=1942 title=B COMPUTER SYSTEM ORGANIZATION - DEC 2024
[2026-03-04 13:20:30 UTC] DISPATCHED id=1943 title=ELECTRICAL MACHINE 2 - DEC 2024
[2026-03-04 13:20:30 UTC] DISPATCHED id=1944 title=ELECTRICAL MACHINE 2 - MAY 2024
[2026-03-04 13:20:31 UTC] DISPATCHED id=1945 title=POWER ELECTRONICS - DEC 2024
[2026-03-04 13:20:31 UTC] DISPATCHED id=1946 title=POWER ELECTRONICS - MAY 2024
[2026-03-04 13:20:31 UTC] DISPATCHED id=1947 title=A ELECTRICAL POWER GENERATION AND ECONOMY - DEC 2024
[2026-03-04 13:20:31 UTC] DISPATCHED id=1948 title=A INDUSTRIAL ELECTRONICS - MAY 2024
[2026-03-04 13:20:31 UTC] DISPATCHED id=1949 title=C RENEWABLE POWER GENERATION - MAY 2024
[2026-03-04 13:20:31 UTC] DISPATCHED id=1950 title=A INDUSTRIAL ELECTRONICS - DEC 2024
[2026-03-04 13:20:31 UTC] DISPATCHED id=1951 title=B ELECTROMAGNETIC THEORY - DEC 2024
[2026-03-04 13:20:31 UTC] DISPATCHED id=1952 title=C ELECTRICAL AND ELECTRONICS MATERIALS - MAY 2024
[2026-03-04 13:20:31 UTC] DISPATCHED id=1953 title=C ELECTRICAL ANDELECTRONICS MATERIALS - DEC 2024
[2026-03-04 13:20:31 UTC] DISPATCHED id=1954 title=MICROPROCESSOR AND ITS APPLICATIONS EC 501 - MAY 2023
[2026-03-04 13:20:31 UTC] DISPATCHED id=1955 title=MICROPROCESSOR AND ITS APPLICATIONS EC 501 - NOV 2023
[2026-03-04 13:20:31 UTC] DISPATCHED id=1956 title=MICROPROCESSOR AND ITS APPLICATIONS - NOV 2023
[2026-03-04 13:20:31 UTC] DISPATCHED id=1957 title=DIGITAL COMMUNICATION - NOV 2023
[2026-03-04 13:20:31 UTC] DISPATCHED id=1958 title=A TRANSMISSION LINES - NOV 2023
[2026-03-04 13:20:31 UTC] DISPATCHED id=1959 title=B MOBILE COMMUNICATION - NOV 2023
[2026-03-04 13:20:31 UTC] DISPATCHED id=1960 title=B COMPUTER SYSTEM ORGANIZATION - NOV 2023
[2026-03-04 13:20:31 UTC] DISPATCHED id=1961 title=ELECTRICAL MACHINE 2 - MAY 2023
[2026-03-04 13:20:31 UTC] DISPATCHED id=1962 title=ELECTRICAL MACHINE 2 - NOV 2023
[2026-03-04 13:20:31 UTC] DISPATCHED id=1963 title=POWER ELECTRONICS - NOV 2023
[2026-03-04 13:20:31 UTC] DISPATCHED id=1964 title=A ELECTRICAL POWER GENERATION AND ECONOMY - NOV 2023
[2026-03-04 13:20:31 UTC] DISPATCHED id=1965 title=B ELECTROMAGNETIC - NOV 2023
[2026-03-04 13:20:31 UTC] DISPATCHED id=1966 title=MICROPROCESSOR AND ITS APPLICATIONS - NOV 2022
[2026-03-04 13:20:31 UTC] DISPATCHED id=1967 title=DIGITAL COMMUNICATION - NOV 2022
[2026-03-04 13:20:31 UTC] DISPATCHED id=1968 title=A COMMUNICATION NETWORK AND TRANSMISSION LINES - NOV 2022
[2026-03-04 13:20:31 UTC] DISPATCHED id=1969 title=B MOBILE COMMUNICATION - NOV 2022
[2026-03-04 13:20:31 UTC] DISPATCHED id=1970 title=B COMPUTER SYSTEM ORGANIZATION - NOV 2022
[2026-03-04 13:20:31 UTC] DISPATCHED id=1971 title=A ELECTRICAL POWER GENERATION AND ECONOMY - NOV 2022
[2026-03-04 13:20:31 UTC] DISPATCHED id=1972 title=DIGITAL SIGNAL PROCESSING - JUN 2025
[2026-03-04 13:20:31 UTC] DISPATCHED id=1973 title=ANTENNA AND WAVE PROPAGATION - JUN 2025
[2026-03-04 13:20:31 UTC] DISPATCHED id=1974 title=A DATA COMMUNICATION - JUN 2025
[2026-03-04 13:20:31 UTC] DISPATCHED id=1975 title=C SATELLITE COMMUNICATION - JUN 2025
[2026-03-04 13:20:31 UTC] DISPATCHED id=1976 title=A MICROCONTROLLER AND EMBEDDED SYSTEM - JUN 2025
[2026-03-04 13:20:31 UTC] DISPATCHED id=1977 title=C POWER ELECTRONICS - JUN 2025
[2026-03-04 13:20:31 UTC] DISPATCHED id=1978 title=POWER SYSTEM 2 - JUN 2025
[2026-03-04 13:20:31 UTC] DISPATCHED id=1979 title=MICROPROCESSOR AND MICROCONTROLLER - JUN 2025
[2026-03-04 13:20:31 UTC] DISPATCHED id=1980 title=A UTILIZATION OF ELECTRICAL ENGINEERING - JUN 2025
[2026-03-04 13:20:31 UTC] DISPATCHED id=1981 title=B ENERGY CONSERVATION AND MANAGEMENT - JUN 2025
[2026-03-04 13:20:31 UTC] DISPATCHED id=1982 title=A ELECTRONIC INSTRUMENTATION - JUN 2025
[2026-03-04 13:20:31 UTC] DISPATCHED id=1983 title=DIGITAL SIGNAL PROCESSING - DEC 2024
[2026-03-04 13:20:31 UTC] DISPATCHED id=1984 title=DIGITAL SIGNAL PROCESSING - MAY 2024
[2026-03-04 13:20:31 UTC] DISPATCHED id=1985 title=ANTENNA AND WAVE PROPAGATION - DEC 2024
[2026-03-04 13:20:31 UTC] DISPATCHED id=1986 title=ANTENNA AND WAVE PROPAGATION - MAY 2024
[2026-03-04 13:20:31 UTC] DISPATCHED id=1987 title=A DATA COMMUNICATION - DEC 2024
[2026-03-04 13:20:31 UTC] DISPATCHED id=1988 title=C SATELLITE COMMUNICATION - MAY 2024
[2026-03-04 13:20:31 UTC] DISPATCHED id=1989 title=A MICROCONTROLLER AND EMBEDDED SYSTEM - DEC 2024
[2026-03-04 13:20:31 UTC] DISPATCHED id=1990 title=C POWER ELECTRONICS - DEC 2024
[2026-03-04 13:20:31 UTC] DISPATCHED id=1991 title=POWER SYSTEM 2 - DEC 2024
[2026-03-04 13:20:31 UTC] DISPATCHED id=1992 title=POWER SYSTEM 2 - MAY 2024
[2026-03-04 13:20:31 UTC] DISPATCHED id=1993 title=MICROPROCESSOR AND MICROCONTROLLER - DEC 2024
[2026-03-04 13:20:31 UTC] DISPATCHED id=1994 title=MICROPROCESSOR AND MICROCONTROLLER - MAY 2024
[2026-03-04 13:20:31 UTC] DISPATCHED id=1995 title=B ENERGY CONSERVATION AND MANAGEMENT - DEC 2024
[2026-03-04 13:20:31 UTC] DISPATCHED id=1996 title=B ENERGY CONSERVATION AND MANAGEMENT - MAY 2024
[2026-03-04 13:20:31 UTC] DISPATCHED id=1997 title=A ELECTRONIC INSTRUMENTATION - DEC 2024
[2026-03-04 13:20:31 UTC] DISPATCHED id=1998 title=A ELECTRONIC INSTRUMENTATION - MAY 2024
[2026-03-04 13:20:31 UTC] DISPATCHED id=1999 title=DIGITAL SIGNAL PROCESSING - MAY 2023
[2026-03-04 13:20:31 UTC] DISPATCHED id=2000 title=ANTENNA AND WAVE PROPAGATION - MAY 2023
[2026-03-04 13:20:31 UTC] DISPATCHED id=2001 title=A DATA COMMUNICATION - MAY 2023
[2026-03-04 13:20:31 UTC] DISPATCHED id=2002 title=B CMOS DESIGN - MAY 2023
[2026-03-04 13:20:31 UTC] DISPATCHED id=2003 title=A MICROCONTROLLER AND EMBEDDED SYSTEM - MAY 2023
[2026-03-04 13:20:31 UTC] DISPATCHED id=2004 title=B BIO MEDICAL ELECTRONICS - MAY 2023
[2026-03-04 13:20:31 UTC] DISPATCHED id=2005 title=C POWER ELECTRONICS - MAY 2023
[2026-03-04 13:20:31 UTC] DISPATCHED id=2006 title=MICROPROCESSOR AND MICROCONTROLLER - MAY 2023
[2026-03-04 13:20:31 UTC] DISPATCHED id=2007 title=B ENERGY CONSERVATION AND MANAGEMENT - MAY 2023
[2026-03-04 13:20:31 UTC] DISPATCHED id=2008 title=A ELECTRONIC INSTRUMENTATION - MAY 2023
[2026-03-04 13:20:31 UTC] DISPATCHED id=2009 title=DIGITAL SIGNAL PROCESSING - MAY 2022
[2026-03-04 13:20:32 UTC] DISPATCHED id=2010 title=ANTENNA AND WAVE PROPAGATION - MAY 2022
[2026-03-04 13:20:32 UTC] DISPATCHED id=2011 title=A DATA COMMUNICATION - MAY 2022
[2026-03-04 13:20:32 UTC] DISPATCHED id=2012 title=A MICROCONTROLLER AND EMBEDDED SYSTEM - MAY 2022
[2026-03-04 13:20:32 UTC] DISPATCHED id=2013 title=B BIO MEDICAL ELECTRONICS - MAY 2022
[2026-03-04 13:20:32 UTC] DISPATCHED id=2014 title=POWER SYSTEM 2 - MAY 2022
[2026-03-04 13:20:32 UTC] DISPATCHED id=2015 title=MICROPROCESSOR AND MICROCONTROLLER - MAY 2022
[2026-03-04 13:20:32 UTC] DISPATCHED id=2016 title=A UTILIZATION OF ELECTRICAL ENGINEERING - MAY 2022
[2026-03-04 13:20:32 UTC] DISPATCHED id=2017 title=A ELECTRONIC INSTRUMENTATION - MAY 2022
[2026-03-04 13:20:32 UTC] DISPATCHED id=2018 title=VLSI DESIGN - DEC 2025
[2026-03-04 13:20:32 UTC] DISPATCHED id=2019 title=VLSI DESIGN - JUN 2025
[2026-03-04 13:20:32 UTC] DISPATCHED id=2020 title=A MICROWAVE ENGINEERING - DEC 2025
[2026-03-04 13:20:32 UTC] DISPATCHED id=2021 title=A CELLULAR MOBILE COMMUNICATION - JUN 2025
[2026-03-04 13:20:32 UTC] DISPATCHED id=2022 title=B INTERNET OF THINGS IOT - JUN 2025
[2026-03-04 13:20:32 UTC] DISPATCHED id=2023 title=POWAR SYSTEM PROTECTION - DEC 2025
[2026-03-04 13:20:32 UTC] DISPATCHED id=2024 title=POWER SYSTEM PROTECTION - JUN 2025
[2026-03-04 13:20:32 UTC] DISPATCHED id=2025 title=C HIGH VOLTAGE ENGINEERING - DEC 2025
[2026-03-04 13:20:32 UTC] DISPATCHED id=2026 title=B ENERGY AUDIT AND MANAGEMENT - JUN 2025
[2026-03-04 13:20:32 UTC] DISPATCHED id=2027 title=VLSI DESIGN - DEC 2024
[2026-03-04 13:20:32 UTC] DISPATCHED id=2028 title=A MICROWAVE ENGINEERING - DEC 2024
[2026-03-04 13:20:32 UTC] DISPATCHED id=2029 title=A CELLULAR MOBILE COMMUNICATION - DEC 2024
[2026-03-04 13:20:32 UTC] DISPATCHED id=2030 title=B INTERNET OF THINGS IOT - DEC 2024
[2026-03-04 13:20:32 UTC] DISPATCHED id=2031 title=POWER SYSTEM PROTECTION - DEC 2024
[2026-03-04 13:20:32 UTC] DISPATCHED id=2032 title=B HVDC AND FACTS - DEC 2024
[2026-03-04 13:20:32 UTC] DISPATCHED id=2033 title=B ENERGY AUDIT AND MANAGEMENT - DEC 2024
[2026-03-04 13:20:32 UTC] DISPATCHED id=2034 title=VLSI DESIGN - NOV 2023
[2026-03-04 13:20:32 UTC] DISPATCHED id=2035 title=A MICROWAVE ENGINEERING - NOV 2023
[2026-03-04 13:20:32 UTC] DISPATCHED id=2036 title=B INFORMATION THEORY AND CODING - NOV 2023
[2026-03-04 13:20:32 UTC] DISPATCHED id=2037 title=B INTERNET OF THINGS - NOV 2023
[2026-03-04 13:20:32 UTC] DISPATCHED id=2038 title=C PROBABILITY THEORY AND STOCHASTIC PROCESSOR - NOV 2023
[2026-03-04 13:20:32 UTC] DISPATCHED id=2039 title=POWER SYSTEM PROTECTION - NOV 2023
[2026-03-04 13:20:32 UTC] DISPATCHED id=2040 title=C HIGH VOLTAGE ENGINEERING - NOV 2023
[2026-03-04 13:20:32 UTC] DISPATCHED id=2041 title=C DIGITAL SIGNAL PROCESSING - NOV 2023
[2026-03-04 13:20:32 UTC] DISPATCHED id=2042 title=ELECTRICAL DRIVES - NOV 2022
[2026-03-04 13:20:32 UTC] DISPATCHED id=2044 title=ENERGY AUDIT AND MANAGEMENT - NOV 2022
[2026-03-04 13:20:32 UTC] DISPATCHED id=2045 title=OPTICAL FIBER COMMUNICATION - JUN 2025
[2026-03-04 13:20:32 UTC] DISPATCHED id=2046 title=B WIRELESS COMMUNICATIONS - JUN 2025
[2026-03-04 13:20:32 UTC] DISPATCHED id=2047 title=A WIRELESS NETWORKS - JUN 2025
[2026-03-04 13:20:32 UTC] DISPATCHED id=2048 title=B SPECIAL MACHINE - JUN 2025
[2026-03-04 13:20:32 UTC] DISPATCHED id=2049 title=ELECTRICAL DRIVES - JUN 2025
[2026-03-04 13:20:32 UTC] DISPATCHED id=2050 title=A POWER QUALITY PROBLEMS AND MITIGATION TECHNIQUES - JUN 2025
[2026-03-04 13:20:32 UTC] DISPATCHED id=2051 title=B ENVIRONMENTAL ISSUES POLICY STANDARDS AND REGULATIONS - JUN 2025
[2026-03-04 13:20:32 UTC] DISPATCHED id=2052 title=OPTICAL FIBER COMMUNICATION - MAY 2024
[2026-03-04 13:20:32 UTC] DISPATCHED id=2053 title=B WIRELESS COMMUNICATIONS - MAY 2024
[2026-03-04 13:20:32 UTC] DISPATCHED id=2054 title=A WIRELESS NETWORKS - MAY 2024
[2026-03-04 13:20:32 UTC] DISPATCHED id=2055 title=B SPECIAL MACHINE - MAY 2024
[2026-03-04 13:20:32 UTC] DISPATCHED id=2056 title=ELECTRICAL DRIVES - MAY 2024
[2026-03-04 13:20:32 UTC] DISPATCHED id=2057 title=OPTICAL FIBER COMMUNICATION - MAY 2023
[2026-03-04 13:20:32 UTC] DISPATCHED id=2058 title=A AI AND SIGNAL PROCESSING - MAY 2023
[2026-03-04 13:20:32 UTC] DISPATCHED id=2059 title=A WIRELESS NETWORKS - MAY 2023
[2026-03-04 13:20:32 UTC] DISPATCHED id=2060 title=B SPECIAL MACHINE - MAY 2023
[2026-03-04 13:20:32 UTC] DISPATCHED id=2061 title=ELECTRICAL DRIVES - MAY 2023
[2026-03-04 13:20:32 UTC] DISPATCHED id=2062 title=A POWER QUALITY PROBLEMS AND MITIGATION TECHNIQUES - MAY 2023
[2026-03-04 13:20:32 UTC] DISPATCHED id=2063 title=D APPLICATION OF AI IN ELECTRICAL - MAY 2023
[2026-03-04 13:20:32 UTC] DISPATCHED id=2064 title=A UTILIZATION OF ELECTRICAL ENGINEERING - MAY 2023
[2026-03-04 13:20:32 UTC] DISPATCHED id=2065 title=B ENVIRONMENTAL ISSUES POLICY STANDARDS AND REGULATIONS - MAY 2023
[2026-03-04 13:20:32 UTC] DISPATCHED id=2066 title=C VLSI CIRCUITS AND SYSTEMS - MAY 2023
[2026-03-04 13:20:32 UTC] DISPATCHED id=2067 title=OPTICAL FIBER COMMUNICATION - MAY 2022
[2026-03-04 13:20:32 UTC] DISPATCHED id=2068 title=B WIRELESS COMMUNICATIONS - MAY 2022
[2026-03-04 13:20:32 UTC] DISPATCHED id=2069 title=A WIRELESS NETWORKS - MAY 2022
[2026-03-04 13:20:32 UTC] DISPATCHED id=2070 title=B SPECIAL MACHINE - MAY 2022
[2026-03-04 13:20:32 UTC] DISPATCHED id=2071 title=ELECTRICAL DRIVES - MAY 2022
[2026-03-04 13:20:32 UTC] DISPATCHED id=2072 title=B ENVIRONMENTAL ISSUES POLICY STANDARDS AND REGULATIONS - MAY 2022
[2026-03-04 13:20:32 UTC] DISPATCHED id=2073 title=DIGITAL CIRCUITS AND SYSTEMS - DEC 2024
[2026-03-04 13:20:33 UTC] DISPATCHED id=2074 title=DIGITAL CIRCUITS AND SYSTEMS - JUN 2023
[2026-03-04 13:20:33 UTC] DISPATCHED id=2075 title=ANALOG AND DIGITAL COMMUNICATION - JUN 2025
[2026-03-04 13:20:33 UTC] DISPATCHED id=2076 title=ANALOG AND DIGITAL COMMUNICATION - JUN 2023
[2026-03-04 13:20:33 UTC] DISPATCHED id=2077 title=ANALOG AND DIGITAL COMMUNICATION - NOV 2023
[2026-03-04 13:20:33 UTC] DISPATCHED id=2078 title=ANALOG AND DIGITAL COMMUNICATION - JUN 2022
[2026-03-04 13:20:33 UTC] DISPATCHED id=2079 title=OPERATING SYSTEM - DEC 2025
[2026-03-04 13:20:33 UTC] DISPATCHED id=2080 title=C OBJECT ORIENTED ANALYSIS AND DESIGN - DEC 2024
[2026-03-04 13:20:33 UTC] DISPATCHED id=2081 title=C JAVA PROGRAMMING - DEC 2024
[2026-03-04 13:20:33 UTC] DISPATCHED id=2082 title=OPERATING SYSTEM - NOV 2022
[2026-03-04 13:20:33 UTC] DISPATCHED id=2083 title=COMPUTER NETWORKS - NOV 2022
[2026-03-04 13:20:33 UTC] DISPATCHED id=2084 title=C JAVA PROGRAMMING - NOV 2022
[2026-03-04 13:20:33 UTC] DISPATCHED id=2085 title=COMPUTER GRAPHICS AND MULTIMEDIA - JUN 2025
[2026-03-04 13:20:33 UTC] DISPATCHED id=2086 title=WIRELESS AND MOBILE COMPUTING - JUN 2025
[2026-03-04 13:20:33 UTC] DISPATCHED id=2087 title=A COMPILER DESIGN - JUN 2025
[2026-03-04 13:20:33 UTC] DISPATCHED id=2088 title=B DATA MINING - JUN 2025
[2026-03-04 13:20:33 UTC] DISPATCHED id=2089 title=B SOFTWARE ENGINEERING - JUN 2025
[2026-03-04 13:20:33 UTC] DISPATCHED id=2090 title=COMPUTER GRAPHICS AND MULTIMEDIA - MAY 2024
[2026-03-04 13:20:33 UTC] DISPATCHED id=2091 title=WIRELESS AND MOBILE COMPUTING - MAY 2023
[2026-03-04 13:20:33 UTC] DISPATCHED id=2092 title=A COMPILER DESIGN - MAY 2023
[2026-03-04 13:20:33 UTC] DISPATCHED id=2093 title=B SOFTWARE ENGINEERING - MAY 2022
[2026-03-04 13:20:33 UTC] DISPATCHED id=2094 title=A GRADING SYSTEM - NOV 2023
[2026-03-04 13:20:33 UTC] DISPATCHED id=2095 title=B CLOUD COMPUTING - NOV 2023
[2026-03-04 13:20:33 UTC] DISPATCHED id=2096 title=C SIMULATION AND MODELING - NOV 2023
[2026-03-04 13:20:33 UTC] DISPATCHED id=2097 title=D AUGMENTED AND VIRTUAL REALITY - NOV 2023
[2026-03-04 13:20:33 UTC] DISPATCHED id=2098 title=C SOCIAL NETWORKS - NOV 2023
[2026-03-04 13:20:33 UTC] DISPATCHED id=2099 title=D DIGITAL IMAGE PROCESSING - NOV 2023
[2026-03-04 13:20:33 UTC] DISPATCHED id=2100 title=A MACHINE LEARNING - JUN 2025
[2026-03-04 13:20:33 UTC] DISPATCHED id=2101 title=A BLOCKCHAIN TECHNOLOGY - JUN 2025
[2026-03-04 13:20:33 UTC] DISPATCHED id=2102 title=D PARALLEL COMPUTING - JUN 2025
[2026-03-04 13:20:33 UTC] DISPATCHED id=2103 title=INFORMATION SECURITY - MAY 2024
[2026-03-04 13:20:33 UTC] DISPATCHED id=2104 title=INFORMATION SECURITY - MAY 2023
[2026-03-04 13:20:33 UTC] DISPATCHED id=2105 title=A MACHINE LEARNING - MAY 2023
[2026-03-04 13:20:33 UTC] DISPATCHED id=2106 title=A BLOCKCHAIN TECHNOLOGY - MAY 2023
[2026-03-04 13:20:33 UTC] DISPATCHED id=2107 title=INTERNAL COMBUSTION ENGINES - JUN 2025
[2026-03-04 13:20:33 UTC] DISPATCHED id=2108 title=MECHANICAL VIBRATION - JUN 2025
[2026-03-04 13:20:33 UTC] DISPATCHED id=2109 title=B DYNAMICS OF MACHINE - JUN 2025
[2026-03-04 13:20:33 UTC] DISPATCHED id=2110 title=A INDUSTRIAL ENGINEERING AND ERGONOMICS - JUN 2025
[2026-03-04 13:20:33 UTC] DISPATCHED id=2111 title=INTERNAL COMBUSTION ENGINES - MAY 2024
[2026-03-04 13:20:33 UTC] DISPATCHED id=2112 title=MECHANICAL VIBRATION - MAY 2024
[2026-03-04 13:20:33 UTC] DISPATCHED id=2113 title=B DYNAMICS OF MACHINE - MAY 2024
[2026-03-04 13:20:33 UTC] DISPATCHED id=2114 title=A INDUSTRIAL ENGINEERING AND ERGONOMICS - MAY 2024
[2026-03-04 13:20:33 UTC] DISPATCHED id=2115 title=INTERNAL COMBUSTION ENGINES - NOV 2023
[2026-03-04 13:20:33 UTC] DISPATCHED id=2116 title=MECHANICAL VIBRATION - NOV 2023
[2026-03-04 13:20:33 UTC] DISPATCHED id=2117 title=B DYNAMICS OF MACHINE - NOV 2023
[2026-03-04 13:20:33 UTC] DISPATCHED id=2118 title=A INDUSTRIAL ENGINEERING AND ERGONOMICS - NOV 2023
[2026-03-04 13:20:33 UTC] DISPATCHED id=2119 title=INTERNAL COMBUSTION ENGINES - NOV 2022
[2026-03-04 13:20:33 UTC] DISPATCHED id=2120 title=MECHANICAL VIBRATION - NOV 2022
[2026-03-04 13:20:33 UTC] DISPATCHED id=2121 title=B DYNAMICS OF MACHINE - NOV 2022
[2026-03-04 13:20:33 UTC] DISPATCHED id=2122 title=THERMAL ENGINEERING AND GAS DYNAMICS - JUN 2025
[2026-03-04 13:20:33 UTC] DISPATCHED id=2123 title=MACHINE COMPONENT DESIGN - JUN 2025
[2026-03-04 13:20:33 UTC] DISPATCHED id=2124 title=A TURBOMACHINERY - JUN 2025
[2026-03-04 13:20:33 UTC] DISPATCHED id=2125 title=C PRODUCT DESIGN - JUN 2025
[2026-03-04 13:20:33 UTC] DISPATCHED id=2126 title=THERMAL ENGINEERING AND GAS DYNAMICS - MAY 2024
[2026-03-04 13:20:33 UTC] DISPATCHED id=2127 title=MACHINE COMPONENT DESIGN - MAY 2024
[2026-03-04 13:20:33 UTC] DISPATCHED id=2128 title=A TURBO MACHINERY - MAY 2024
[2026-03-04 13:20:33 UTC] DISPATCHED id=2129 title=C PRODUCT DESIGN - MAY 2024
[2026-03-04 13:20:33 UTC] DISPATCHED id=2130 title=THERMAL ENGINEERING AND GAS DYNAMICS - MAY 2023
[2026-03-04 13:20:33 UTC] DISPATCHED id=2131 title=MACHINE COMPONENT DESIGN - MAY 2023
[2026-03-04 13:20:33 UTC] DISPATCHED id=2132 title=A TURBO MACHINERY - MAY 2023
[2026-03-04 13:20:33 UTC] DISPATCHED id=2133 title=C PRODUCT DESIGN - NOV 2023
[2026-03-04 13:20:33 UTC] DISPATCHED id=2134 title=THERMAL ENGINEERING AND GAS DYNAMICS - MAY 2022
[2026-03-04 13:20:33 UTC] DISPATCHED id=2135 title=MACHINE COMPONENT DESIGN - MAY 2022
[2026-03-04 13:20:33 UTC] DISPATCHED id=2136 title=A TURBO MACHINERY - MAY 2022
[2026-03-04 13:20:33 UTC] DISPATCHED id=2137 title=C PRODUCT DESIGN - MAY 2022
[2026-03-04 13:20:34 UTC] DISPATCHED id=2138 title=B OPTIMIZATION TECHNIQUES - MAY 2022
[2026-03-04 13:20:34 UTC] DISPATCHED id=2139 title=HEAT AND MASS TRANSFER - DEC 2025
[2026-03-04 13:20:34 UTC] DISPATCHED id=2140 title=HEAT AND MASS TRANSFER - JUN 2025
[2026-03-04 13:20:34 UTC] DISPATCHED id=2141 title=C POWER PLANT ENGINEERING - DEC 2025
[2026-03-04 13:20:34 UTC] DISPATCHED id=2142 title=A OPERATION RESEARCH AND SUPPLY CHAIN - JUN 2025
[2026-03-04 13:20:34 UTC] DISPATCHED id=2143 title=HEAT AND MASS TRANSFER - MAY 2024
[2026-03-04 13:20:34 UTC] DISPATCHED id=2144 title=A OPERATION RESEARCH AND SUPPLY CHAIN - DEC 2024
[2026-03-04 13:20:34 UTC] DISPATCHED id=2145 title=A OPERATION RESEARCH AND SUPPLY CHAIN - MAY 2024
[2026-03-04 13:20:34 UTC] DISPATCHED id=2146 title=HEAT AND MASS TRANSFER - MAY 2023
[2026-03-04 13:20:34 UTC] DISPATCHED id=2147 title=HEAT AND MASS TRANSFER - NOV 2023
[2026-03-04 13:20:34 UTC] DISPATCHED id=2148 title=A ADVANCE MACHINING PROCESSES - NOV 2023
[2026-03-04 13:20:34 UTC] DISPATCHED id=2149 title=C POWER PLANT ENGINEERING - NOV 2023
[2026-03-04 13:20:34 UTC] DISPATCHED id=2150 title=A OPERATION RESEARCH AND SUPPLY CHAIN - NOV 2023
[2026-03-04 13:20:34 UTC] DISPATCHED id=2151 title=REFRIGERATION AND AIR CONDITIONING - JUN 2025
[2026-03-04 13:20:34 UTC] DISPATCHED id=2152 title=A AUTOMOBILE ENGINEERING - JUN 2025
[2026-03-04 13:20:34 UTC] DISPATCHED id=2153 title=B ENERGY CONSERVATION MANAGEMENT AND AUDIT - JUN 2025
[2026-03-04 13:20:34 UTC] DISPATCHED id=2154 title=REFRIGERATION AND AIR CONDITIONING - MAY 2024
[2026-03-04 13:20:34 UTC] DISPATCHED id=2155 title=A AUTOMOBILE ENGINEERING - MAY 2024
[2026-03-04 13:20:34 UTC] DISPATCHED id=2156 title=D PRODUCTION PLANNING AND CONTROL - MAY 2024
[2026-03-04 13:20:34 UTC] DISPATCHED id=2157 title=B ENERGY CONSERVATION MANAGEMENT AND AUDIT - MAY 2024
[2026-03-04 13:20:34 UTC] DISPATCHED id=2158 title=C ENTREPRENEURSHIP AND MANAGEMENT CONCEPTS - MAY 2024
[2026-03-04 13:20:34 UTC] DISPATCHED id=2159 title=REFRIGERATION AND AIR CONDITIONING - MAY 2023
[2026-03-04 13:20:34 UTC] DISPATCHED id=2160 title=A AUTOMOBILE ENGINEERING - MAY 2023
[2026-03-04 13:20:34 UTC] DISPATCHED id=2161 title=B TRIBOLOGY AND MAINTENANCE ENGINEERING - MAY 2023
[2026-03-04 13:20:34 UTC] DISPATCHED id=2162 title=B ENERGY CONSERVATION MANAGEMENT AND AUDIT - MAY 2023
[2026-03-04 13:20:34 UTC] DISPATCHED id=2163 title=C ENTREPRENEURSHIP AND MANAGEMENT CONCEPTS - MAY 2023
[2026-03-04 13:20:34 UTC] DISPATCHED id=2164 title=REFRIGERATION AND AIR CONDITIONING - MAY 2022
[2026-03-04 13:20:34 UTC] DISPATCHED id=2165 title=A AUTOMOBILE ENGINEERING - MAY 2022
[2026-03-04 13:20:34 UTC] DISPATCHED id=2166 title=C MACHINE TOOL DESIGN - MAY 2022
[2026-03-04 13:20:34 UTC] DISPATCHED id=2167 title=C ENTREPRENEURSHIP AND MANAGEMENT CONCEPTS - MAY 2022
[2026-03-04 13:20:34 UTC] Run finished: dispatched=846, errors=0, total=846
