[2026-03-04 13:15:44 UTC] Run started: total=857, dry_run=False, resume=True, rate=100.0
[2026-03-04 13:15:44 UTC] DISPATCHED id=1310 title=ENGINEERING CHEMISTRY - JUN 2025
[2026-03-04 13:15:44 UTC] DISPATCHED id=1311 title=MATHEMATICS 1 - JUN 2025
[2026-03-04 13:15:44 UTC] DISPATCHED id=1312 title=ENGLISH FOR COMMUNICATION - JUN 2025
[2026-03-04 13:15:44 UTC] DISPATCHED id=1313 title=BASIC ELECTRICAL AND ELECTRONICS ENGINEERING - JUN 2025
[2026-03-04 13:15:44 UTC] DISPATCHED id=1314 title=ENGINEERING GRAPHICS - JUN 2025
[2026-03-04 13:15:44 UTC] DISPATCHED id=1315 title=ENGINEERING PHYSICS - JUN 2025
[2026-03-04 13:15:44 UTC] DISPATCHED id=1316 title=MATHEMATICS 2 - JUN 2025
[2026-03-04 13:15:44 UTC] DISPATCHED id=1317 title=BASIC MECHANICAL ENGINEERING - JUN 2025
[2026-03-04 13:15:44 UTC] DISPATCHED id=1318 title=BASIC CIVIL ENGINEERING AND ENGINEERING MECHANICS - JUN 2025
[2026-03-04 13:15:44 UTC] DISPATCHED id=1319 title=BASIC COMPUTER ENGINEERING - JUN 2025
[2026-03-04 13:15:44 UTC] DISPATCHED id=1320 title=ENGINEERING CHEMISTRY - DEC 2024
[2026-03-04 13:15:44 UTC] DISPATCHED id=1321 title=MATHEMATICS 1 - DEC 2024
[2026-03-04 13:15:44 UTC] DISPATCHED id=1322 title=ENGLISH FOR COMMUNICATION - DEC 2024
[2026-03-04 13:15:44 UTC] DISPATCHED id=1323 title=BASIC ELECTRICAL AND ELECTRONICS ENGINEERING - DEC 2024
[2026-03-04 13:15:44 UTC] DISPATCHED id=1324 title=ENGINEERING GRAPHICS - DEC 2024
[2026-03-04 13:15:44 UTC] DISPATCHED id=1325 title=ENGINEERING GRAPHICS - JUN 2024
[2026-03-04 13:15:44 UTC] DISPATCHED id=1326 title=ENGINEERING PHYSICS - DEC 2024
[2026-03-04 13:15:44 UTC] DISPATCHED id=1327 title=MATHEMATICS 2 - DEC 2024
[2026-03-04 13:15:44 UTC] DISPATCHED id=1328 title=BASIC MECHANICAL ENGINEERING - DEC 2024
[2026-03-04 13:15:44 UTC] DISPATCHED id=1329 title=BASIC CIVIL ENGINEERING AND ENGINEERING MECHANICS - DEC 2024
[2026-03-04 13:15:44 UTC] DISPATCHED id=1330 title=BASIC COMPUTER ENGINEERING - DEC 2024
[2026-03-04 13:15:44 UTC] DISPATCHED id=1331 title=BASIC COMPUTER ENGINEERING - JUN 2024
[2026-03-04 13:15:44 UTC] DISPATCHED id=1332 title=ENGINEERING CHEMISTRY - DEC 2023
[2026-03-04 13:15:44 UTC] DISPATCHED id=1333 title=ENGINEERING CHEMISTRY - JUN 2023
[2026-03-04 13:15:44 UTC] DISPATCHED id=1334 title=MATHEMATICS 1 - DEC 2023
[2026-03-04 13:15:44 UTC] DISPATCHED id=1335 title=MATHEMATICS 1 - JUN 2023
[2026-03-04 13:15:44 UTC] DISPATCHED id=1336 title=ENGLISH FOR COMMUNICATION - DEC 2023
[2026-03-04 13:15:44 UTC] DISPATCHED id=1337 title=ENGLISH FOR COMMUNICATION - JUN 2023
[2026-03-04 13:15:44 UTC] DISPATCHED id=1338 title=BASIC ELECTRICAL AND ELECTRONICS ENGINEERING - DEC 2023
[2026-03-04 13:15:44 UTC] DISPATCHED id=1339 title=BASIC ELECTRICAL AND ELECTRONICS ENGINEERING - JUN 2023
[2026-03-04 13:15:44 UTC] DISPATCHED id=1340 title=ENGINEERING GRAPHICS - DEC 2023
[2026-03-04 13:15:44 UTC] DISPATCHED id=1341 title=ENGINEERING GRAPHICS - JUN 2023
[2026-03-04 13:15:44 UTC] DISPATCHED id=1342 title=ENGINEERING PHYSICS - DEC 2023
[2026-03-04 13:15:44 UTC] DISPATCHED id=1343 title=ENGINEERING PHYSICS - JUN 2023
[2026-03-04 13:15:44 UTC] DISPATCHED id=1344 title=MATHEMATICS 2 - DEC 2023
[2026-03-04 13:15:44 UTC] DISPATCHED id=1345 title=MATHEMATICS 2 - JUN 2023
[2026-03-04 13:15:44 UTC] DISPATCHED id=1346 title=BASIC MECHANICAL ENGINEERING - DEC 2023
[2026-03-04 13:15:44 UTC] DISPATCHED id=1347 title=BASIC MECHANICAL ENGINEERING - JUN 2023
[2026-03-04 13:15:44 UTC] DISPATCHED id=1348 title=BASIC CIVIL ENGINEERING AND ENGINEERING MECHANICS - DEC 2023
[2026-03-04 13:15:44 UTC] DISPATCHED id=1349 title=BASIC CIVIL ENGINEERING AND ENGINEERING MECHANICS - JUN 2023
[2026-03-04 13:15:45 UTC] DISPATCHED id=1350 title=BASIC COMPUTER ENGINEERING - DEC 2023
[2026-03-04 13:15:45 UTC] DISPATCHED id=1351 title=BASIC COMPUTER ENGINEERING - JUN 2023
[2026-03-04 13:15:45 UTC] DISPATCHED id=1352 title=ENGINEERING CHEMISTRY - JUN 2022
[2026-03-04 13:15:45 UTC] DISPATCHED id=1353 title=ENGINEERING CHEMISTRY - NOV 2022
[2026-03-04 13:15:45 UTC] DISPATCHED id=1354 title=MATHEMATICS 1 - NOV 2022
[2026-03-04 13:15:45 UTC] DISPATCHED id=1355 title=MATHEMATICS - JUN 2022
[2026-03-04 13:15:45 UTC] DISPATCHED id=1356 title=ENGLISH FOR COMMUNICATION - JUN 2022
[2026-03-04 13:15:45 UTC] DISPATCHED id=1357 title=ENGLISH FOR COMMUNICATION - NOV 2022
[2026-03-04 13:15:45 UTC] DISPATCHED id=1358 title=BASIC ELECTRICAL AND ELECTRONICS ENGINEERING - JUN 2022
[2026-03-04 13:15:45 UTC] DISPATCHED id=1359 title=BASIC ELECTRICAL AND ELECTRONICS ENGINEERING - NOV 2022
[2026-03-04 13:15:45 UTC] DISPATCHED id=1360 title=ENGINEERING GRAPHICS - JUN 2022
[2026-03-04 13:15:45 UTC] DISPATCHED id=1361 title=ENGINEERING GRAPHICS - NOV 2022
[2026-03-04 13:15:45 UTC] DISPATCHED id=1362 title=ENGINEERING PHYSICS - JUN 2022
[2026-03-04 13:15:45 UTC] DISPATCHED id=1363 title=ENGINEERING PHYSICS - NOV 2022
[2026-03-04 13:15:45 UTC] DISPATCHED id=1364 title=MATHEMATICS 2 - JUN 2022
[2026-03-04 13:15:45 UTC] DISPATCHED id=1365 title=MATHEMATICS 2 - NOV 2022
[2026-03-04 13:15:45 UTC] DISPATCHED id=1366 title=BASIC MECHANICAL ENGINEERING - JUN 2022
[2026-03-04 13:15:45 UTC] DISPATCHED id=1367 title=BASIC MECHANICAL ENGINEERING - NOV 2022
[2026-03-04 13:15:45 UTC] DISPATCHED id=1368 title=BASIC CIVIL ENGINEERING AND ENGINEERING MECHANICS - JUN 2022
[2026-03-04 13:15:45 UTC] DISPATCHED id=1369 title=BASIC CIVIL ENGINEERING AND ENGINEERING MECHANICS - NOV 2022
[2026-03-04 13:15:45 UTC] DISPATCHED id=1370 title=BASIC COMPUTER ENGINEERING - JUN 2022
[2026-03-04 13:15:45 UTC] DISPATCHED id=1371 title=BASIC COMPUTER ENGINEERING - NOV 2022
[2026-03-04 13:15:45 UTC] DISPATCHED id=1372 title=DISCRETE STRUCTURE - JUN 2025
[2026-03-04 13:15:45 UTC] DISPATCHED id=1373 title=INTRODUCTION TO DISCRETE STRUCTURE AND LINEAR ALGEBRA - DEC 2024
[2026-03-04 13:15:45 UTC] DISPATCHED id=1374 title=INTRODUCTION TO DISCRETE STRUCTURE AND LINEAR ALGEBRA - JUN 2024
[2026-03-04 13:15:45 UTC] DISPATCHED id=1375 title=OBJECT ORIENTED PROGRAMMING AND METHODOLOGY - DEC 2024
[2026-03-04 13:15:45 UTC] DISPATCHED id=1376 title=DATA STRUCTURES - DEC 2024
[2026-03-04 13:15:45 UTC] DISPATCHED id=1377 title=DATA STRUCTURES - JUN 2024
[2026-03-04 13:15:45 UTC] DISPATCHED id=1378 title=DIGITAL SYSTEMS - DEC 2024
[2026-03-04 13:15:45 UTC] DISPATCHED id=1379 title=DISCRETE STRUCTURE - DEC 2024
[2026-03-04 13:15:45 UTC] DISPATCHED id=1380 title=DISCRETE STRUCTURE - JUN 2024
[2026-03-04 13:15:45 UTC] DISPATCHED id=1381 title=INTRODUCTION TO DISCRETE STRUCTURE AND LINEAR ALGEBRA - JUN 2023
[2026-03-04 13:15:45 UTC] DISPATCHED id=1382 title=INTRODUCTION TO DISCRETE STRUCTURE AND LINEAR ALGEBRA - NOV 2023
[2026-03-04 13:15:45 UTC] DISPATCHED id=1383 title=OBJECT ORIENTED PROGRAMMING AND METHODOLOGY - DEC 2023
[2026-03-04 13:15:45 UTC] DISPATCHED id=1384 title=DATA STRUCTURES - DEC 2023
[2026-03-04 13:15:45 UTC] DISPATCHED id=1385 title=DATA STRUCTURES - JUN 2023
[2026-03-04 13:15:45 UTC] DISPATCHED id=1386 title=OBJECT ORIENTED PROGRAMMING AND METHODOLOGY - JUN 2023
[2026-03-04 13:15:45 UTC] DISPATCHED id=1387 title=DIGITAL CIRCUITS AND SYSTEM - JUN 2023
[2026-03-04 13:15:45 UTC] DISPATCHED id=1388 title=DIGITAL SYSTEMS - DEC 2023
[2026-03-04 13:15:45 UTC] DISPATCHED id=1389 title=DISCRETE STRUCTURE - JUN 2023
[2026-03-04 13:15:45 UTC] DISPATCHED id=1390 title=DISCRETE STRUCTURE - DEC 2023
[2026-03-04 13:15:45 UTC] DISPATCHED id=1391 title=INTRODUCTION TO DISCRETE STRUCTURE AND LINEAR - JUN 2022
[2026-03-04 13:15:45 UTC] DISPATCHED id=1392 title=DISCRETE STRUCTURE - NOV 2022
[2026-03-04 13:15:45 UTC] DISPATCHED id=1393 title=DATA STRUCTURES - NOV 2022
