[2026-03-04 10:15:06 UTC] Run started total=458 batch_size=1300 workers=64 dry_run=False resume=True
[2026-03-04 10:15:06 UTC] PROCESS id=844 source=raw_docs/ce-602-environmental-engineering-1-jun-2025_Vy5tO7v-ocr.pdf target=s3/raw_docs/ce-602-environmental-engineering-1-jun-2025_Vy5tO7v-ocr.pdf
[2026-03-04 10:15:06 UTC] PROCESS id=845 source=raw_docs/ce-603-a-water-resources-engineering-jun-2025_ZUVvt3I-ocr.pdf target=s3/raw_docs/ce-603-a-water-resources-engineering-jun-2025_ZUVvt3I-ocr.pdf
[2026-03-04 10:15:06 UTC] PROCESS id=846 source=raw_docs/ce-603-c-advance-pavement-design-jun-2025_37080cm-ocr.pdf target=s3/raw_docs/ce-603-c-advance-pavement-design-jun-2025_37080cm-ocr.pdf
[2026-03-04 10:15:06 UTC] PROCESS id=847 source=raw_docs/ce-604-c-environmental-impact-assessment-jun-2025_3RUiYAw-ocr.pdf target=s3/raw_docs/ce-604-c-environmental-impact-assessment-jun-2025_3RUiYAw-ocr.pdf
[2026-03-04 10:15:06 UTC] PROCESS id=848 source=raw_docs/ce-604-structural-design-and-drawing-jun-2025_X1Zru5X-ocr.pdf target=s3/raw_docs/ce-604-structural-design-and-drawing-jun-2025_X1Zru5X-ocr.pdf
[2026-03-04 10:15:06 UTC] PROCESS id=849 source=raw_docs/ce-601-structural-design-and-drawing-rcc-1-may-2024_OWB978W-ocr.pdf target=s3/raw_docs/ce-601-structural-design-and-drawing-rcc-1-may-2024_OWB978W-ocr.pdf
[2026-03-04 10:15:06 UTC] PROCESS id=850 source=raw_docs/ce-602-environmental-engineering-1-may-2024_QIfOy36-ocr.pdf target=s3/raw_docs/ce-602-environmental-engineering-1-may-2024_QIfOy36-ocr.pdf
[2026-03-04 10:15:06 UTC] PROCESS id=851 source=raw_docs/ce-603-a-water-resources-engineering-may-2024_5QK2aEc-ocr.pdf target=s3/raw_docs/ce-603-a-water-resources-engineering-may-2024_5QK2aEc-ocr.pdf
[2026-03-04 10:15:06 UTC] PROCESS id=852 source=raw_docs/ce-603-c-advance-pavement-design-may-2024_vfi2PlQ-ocr.pdf target=s3/raw_docs/ce-603-c-advance-pavement-design-may-2024_vfi2PlQ-ocr.pdf
[2026-03-04 10:15:06 UTC] PROCESS id=853 source=raw_docs/ce-604-a-fluid-mechanics-2-may-2024_i30lrus-ocr.pdf target=s3/raw_docs/ce-604-a-fluid-mechanics-2-may-2024_i30lrus-ocr.pdf
[2026-03-04 10:15:06 UTC] PROCESS id=854 source=raw_docs/ce-604-c-environmental-impact-assessment-may-2024_aGYlYD0-ocr.pdf target=s3/raw_docs/ce-604-c-environmental-impact-assessment-may-2024_aGYlYD0-ocr.pdf
[2026-03-04 10:15:06 UTC] PROCESS id=855 source=raw_docs/ce-601-structural-design-and-drawing-may-2023_a7O3w2M-ocr.pdf target=s3/raw_docs/ce-601-structural-design-and-drawing-may-2023_a7O3w2M-ocr.pdf
[2026-03-04 10:15:06 UTC] PROCESS id=856 source=raw_docs/ce-602-environmental-engineering-1-may-2023_Oa4SzQU-ocr.pdf target=s3/raw_docs/ce-602-environmental-engineering-1-may-2023_Oa4SzQU-ocr.pdf
[2026-03-04 10:15:06 UTC] PROCESS id=857 source=raw_docs/ce-603-a-water-resource-engineering-may-2023_Tdxs9cP-ocr.pdf target=s3/raw_docs/ce-603-a-water-resource-engineering-may-2023_Tdxs9cP-ocr.pdf
[2026-03-04 10:15:06 UTC] PROCESS id=858 source=raw_docs/ce-603-b-precast-and-modular-construction-may-2023_zEechNB-ocr.pdf target=s3/raw_docs/ce-603-b-precast-and-modular-construction-may-2023_zEechNB-ocr.pdf
[2026-03-04 10:15:06 UTC] PROCESS id=859 source=raw_docs/ce-604-c-environmental-impact-assesment-may-2023_NWK39T1-ocr.pdf target=s3/raw_docs/ce-604-c-environmental-impact-assesment-may-2023_NWK39T1-ocr.pdf
[2026-03-04 10:15:06 UTC] PROCESS id=860 source=raw_docs/ce-604-d-operation-research-may-2023_YuKoRUH-ocr.pdf target=s3/raw_docs/ce-604-d-operation-research-may-2023_YuKoRUH-ocr.pdf
[2026-03-04 10:15:06 UTC] PROCESS id=861 source=raw_docs/ce-601-structural-design-and-drawing-rcc-1-may-2022_QfJMZyv-ocr.pdf target=s3/raw_docs/ce-601-structural-design-and-drawing-rcc-1-may-2022_QfJMZyv-ocr.pdf
[2026-03-04 10:15:06 UTC] PROCESS id=862 source=raw_docs/ce-602-environmental-engineering-1-may-2022_uxiykHa-ocr.pdf target=s3/raw_docs/ce-602-environmental-engineering-1-may-2022_uxiykHa-ocr.pdf
[2026-03-04 10:15:06 UTC] PROCESS id=863 source=raw_docs/ce-603-a-water-resources-engineering-may-2022_pvwe1EW-ocr.pdf target=s3/raw_docs/ce-603-a-water-resources-engineering-may-2022_pvwe1EW-ocr.pdf
[2026-03-04 10:15:06 UTC] PROCESS id=864 source=raw_docs/ce-603-b-precast-and-modular-construction-may-2022_QjgeJ0G-ocr.pdf target=s3/raw_docs/ce-603-b-precast-and-modular-construction-may-2022_QjgeJ0G-ocr.pdf
[2026-03-04 10:15:06 UTC] PROCESS id=865 source=raw_docs/ce-604-a-fluid-mechanics-2-may-2022_Q1jFlaP-ocr.pdf target=s3/raw_docs/ce-604-a-fluid-mechanics-2-may-2022_Q1jFlaP-ocr.pdf
[2026-03-04 10:15:06 UTC] PROCESS id=866 source=raw_docs/ce-604-c-environmental-impact-assessment-may-2022_pRy5vny-ocr.pdf target=s3/raw_docs/ce-604-c-environmental-impact-assessment-may-2022_pRy5vny-ocr.pdf
[2026-03-04 10:15:06 UTC] PROCESS id=867 source=raw_docs/ce-604-d-operation-research-may-2022_tcC85m6-ocr.pdf target=s3/raw_docs/ce-604-d-operation-research-may-2022_tcC85m6-ocr.pdf
[2026-03-04 10:15:06 UTC] PROCESS id=868 source=raw_docs/ce-701-geotechnical-engineering-jun-2025_6QiKr2o-ocr.pdf target=s3/raw_docs/ce-701-geotechnical-engineering-jun-2025_6QiKr2o-ocr.pdf
[2026-03-04 10:15:06 UTC] PROCESS id=869 source=raw_docs/ce-703-d-building-services-jun-2025_S6qzCdP-ocr.pdf target=s3/raw_docs/ce-703-d-building-services-jun-2025_S6qzCdP-ocr.pdf
[2026-03-04 10:15:06 UTC] PROCESS id=870 source=raw_docs/ce-702-b-environmental-engineering-2-dec-2024_WA2lKvI-ocr.pdf target=s3/raw_docs/ce-702-b-environmental-engineering-2-dec-2024_WA2lKvI-ocr.pdf
[2026-03-04 10:15:06 UTC] PROCESS id=871 source=raw_docs/ce-703-c-integrated-waste-management-dec-2024_M6TAZKl-ocr.pdf target=s3/raw_docs/ce-703-c-integrated-waste-management-dec-2024_M6TAZKl-ocr.pdf
[2026-03-04 10:15:06 UTC] PROCESS id=872 source=raw_docs/ce-703-d-building-services-dec-2024_pPRFgqm-ocr.pdf target=s3/raw_docs/ce-703-d-building-services-dec-2024_pPRFgqm-ocr.pdf
[2026-03-04 10:15:06 UTC] PROCESS id=873 source=raw_docs/ce-701-geotechnical-engineering-nov-2023_YwH5cdz-ocr.pdf target=s3/raw_docs/ce-701-geotechnical-engineering-nov-2023_YwH5cdz-ocr.pdf
[2026-03-04 10:15:06 UTC] PROCESS id=874 source=raw_docs/ce-702-b-environmental-engineering-2-nov-2023_N4lFO0m-ocr.pdf target=s3/raw_docs/ce-702-b-environmental-engineering-2-nov-2023_N4lFO0m-ocr.pdf
[2026-03-04 10:15:06 UTC] PROCESS id=875 source=raw_docs/ce-702-c-structural-dynamics-nov-2023_SEEhgG0-ocr.pdf target=s3/raw_docs/ce-702-c-structural-dynamics-nov-2023_SEEhgG0-ocr.pdf
[2026-03-04 10:15:06 UTC] PROCESS id=876 source=raw_docs/ce-702-d-structural-design-and-drawing-rcc-2-nov-2023_6KLpga8-ocr.pdf target=s3/raw_docs/ce-702-d-structural-design-and-drawing-rcc-2-nov-2023_6KLpga8-ocr.pdf
[2026-03-04 10:15:06 UTC] PROCESS id=877 source=raw_docs/ce-703-b-project-management-nov-2023_U7MpqW8-ocr.pdf target=s3/raw_docs/ce-703-b-project-management-nov-2023_U7MpqW8-ocr.pdf
[2026-03-04 10:15:06 UTC] PROCESS id=878 source=raw_docs/ce-703-c-integrated-waste-management-nov-2023_GduDKXF-ocr.pdf target=s3/raw_docs/ce-703-c-integrated-waste-management-nov-2023_GduDKXF-ocr.pdf
[2026-03-04 10:15:06 UTC] PROCESS id=879 source=raw_docs/ce-703-d-building-services-nov-2023_wGCqVGG-ocr.pdf target=s3/raw_docs/ce-703-d-building-services-nov-2023_wGCqVGG-ocr.pdf
[2026-03-04 10:15:06 UTC] PROCESS id=880 source=raw_docs/ce-702-a-prestressed-concrete-structures-nov-2022_HSNDcbC-ocr.pdf target=s3/raw_docs/ce-702-a-prestressed-concrete-structures-nov-2022_HSNDcbC-ocr.pdf
[2026-03-04 10:15:06 UTC] PROCESS id=881 source=raw_docs/ce-702-c-structural-dynamics-nov-2022_x2M2HxY-ocr.pdf target=s3/raw_docs/ce-702-c-structural-dynamics-nov-2022_x2M2HxY-ocr.pdf
[2026-03-04 10:15:06 UTC] PROCESS id=882 source=raw_docs/ce-703-b-project-management-nov-2022_6dRHtG8-ocr.pdf target=s3/raw_docs/ce-703-b-project-management-nov-2022_6dRHtG8-ocr.pdf
[2026-03-04 10:15:06 UTC] PROCESS id=883 source=raw_docs/ce-703-d-building-services-nov-2022_KBU7wre-ocr.pdf target=s3/raw_docs/ce-703-d-building-services-nov-2022_KBU7wre-ocr.pdf
[2026-03-04 10:15:06 UTC] PROCESS id=884 source=raw_docs/ce-801-design-of-steel-structures-jun-2025_hHDFCOI-ocr.pdf target=s3/raw_docs/ce-801-design-of-steel-structures-jun-2025_hHDFCOI-ocr.pdf
[2026-03-04 10:15:06 UTC] PROCESS id=885 source=raw_docs/ce-802-b-foundation-engineering-jun-2025_dF7RWgD-ocr.pdf target=s3/raw_docs/ce-802-b-foundation-engineering-jun-2025_dF7RWgD-ocr.pdf
[2026-03-04 10:15:06 UTC] PROCESS id=886 source=raw_docs/ce-803-d-integrated-water-management-jun-2025_CX2aPzw-ocr.pdf target=s3/raw_docs/ce-803-d-integrated-water-management-jun-2025_CX2aPzw-ocr.pdf
[2026-03-04 10:15:06 UTC] PROCESS id=887 source=raw_docs/ce-801-design-of-steel-structures-may-2024_JD6gwjX-ocr.pdf target=s3/raw_docs/ce-801-design-of-steel-structures-may-2024_JD6gwjX-ocr.pdf
[2026-03-04 10:15:06 UTC] PROCESS id=888 source=raw_docs/ce-802-b-foundation-engineering-may-2024_VjONJRx-ocr.pdf target=s3/raw_docs/ce-802-b-foundation-engineering-may-2024_VjONJRx-ocr.pdf
[2026-03-04 10:15:06 UTC] PROCESS id=889 source=raw_docs/ce-803-d-integrated-water-management-may-2024_o7qoIbb-ocr.pdf target=s3/raw_docs/ce-803-d-integrated-water-management-may-2024_o7qoIbb-ocr.pdf
[2026-03-04 10:15:06 UTC] PROCESS id=890 source=raw_docs/ce-801-design-of-steel-structures-may-2023_qRpsHvm-ocr.pdf target=s3/raw_docs/ce-801-design-of-steel-structures-may-2023_qRpsHvm-ocr.pdf
[2026-03-04 10:15:06 UTC] PROCESS id=891 source=raw_docs/ce-801-design-of-steel-structures-nov-2023_A1GPmkC-ocr.pdf target=s3/raw_docs/ce-801-design-of-steel-structures-nov-2023_A1GPmkC-ocr.pdf
[2026-03-04 10:15:06 UTC] PROCESS id=892 source=raw_docs/ce-802-b-foundation-engineering-may-2023_QpAu2h3-ocr.pdf target=s3/raw_docs/ce-802-b-foundation-engineering-may-2023_QpAu2h3-ocr.pdf
[2026-03-04 10:15:06 UTC] PROCESS id=893 source=raw_docs/ce-802-b-foundation-engineering-nov-2023_CoXqVW2-ocr.pdf target=s3/raw_docs/ce-802-b-foundation-engineering-nov-2023_CoXqVW2-ocr.pdf
[2026-03-04 10:15:06 UTC] PROCESS id=894 source=raw_docs/ce-803-b-ee-803-d-ex-803-d-me-803-a-data-analytics-may-2023_UdHmLKH-ocr.pdf target=s3/raw_docs/ce-803-b-ee-803-d-ex-803-d-me-803-a-data-analytics-may-2023_UdHmLKH-ocr.pdf
[2026-03-04 10:15:06 UTC] PROCESS id=895 source=raw_docs/ce-803-c-retrofitting-and-rehabilitation-of-structures-ce-803-c-nov-2023_nfRmxnQ-ocr.pdf target=s3/raw_docs/ce-803-c-retrofitting-and-rehabilitation-of-structures-ce-803-c-nov-2023_nfRmxnQ-ocr.pdf
[2026-03-04 10:15:06 UTC] PROCESS id=896 source=raw_docs/ce-803-d-integrated-water-management-may-2023_YKonJIZ-ocr.pdf target=s3/raw_docs/ce-803-d-integrated-water-management-may-2023_YKonJIZ-ocr.pdf
[2026-03-04 10:15:06 UTC] PROCESS id=897 source=raw_docs/ce-801-design-of-steel-structures-ce-801-may-2022_ABUeY1M-ocr.pdf target=s3/raw_docs/ce-801-design-of-steel-structures-ce-801-may-2022_ABUeY1M-ocr.pdf
[2026-03-04 10:15:06 UTC] PROCESS id=898 source=raw_docs/ce-802-b-foundation-engineering-may-2022_xVWFnjz-ocr.pdf target=s3/raw_docs/ce-802-b-foundation-engineering-may-2022_xVWFnjz-ocr.pdf
[2026-03-04 10:15:06 UTC] PROCESS id=899 source=raw_docs/ce-803-c-retrofitting-and-rehabilitation-of-structures-may-2022_cRLeGWl-ocr.pdf target=s3/raw_docs/ce-803-c-retrofitting-and-rehabilitation-of-structures-may-2022_cRLeGWl-ocr.pdf
[2026-03-04 10:15:06 UTC] PROCESS id=900 source=raw_docs/ce-803-d-integrated-water-management-may-2022_QhINl64-ocr.pdf target=s3/raw_docs/ce-803-d-integrated-water-management-may-2022_QhINl64-ocr.pdf
[2026-03-04 10:15:06 UTC] PROCESS id=901 source=raw_docs/cb-303-object-oriented-programming-dec-2023_td3mkTC-ocr.pdf target=s3/raw_docs/cb-303-object-oriented-programming-dec-2023_td3mkTC-ocr.pdf
[2026-03-04 10:15:06 UTC] PROCESS id=902 source=raw_docs/cy-404-operating-systems-jun-2022-ocr.pdf target=s3/raw_docs/cy-404-operating-systems-jun-2022-ocr.pdf
[2026-03-04 10:15:06 UTC] PROCESS id=903 source=raw_docs/cb-502-compiler-design-dec-2024_MonIb7f-ocr.pdf target=s3/raw_docs/cb-502-compiler-design-dec-2024_MonIb7f-ocr.pdf
[2026-03-04 10:15:06 UTC] PROCESS id=904 source=raw_docs/cb-602-information-security-jun-2025_H1W0bOC-ocr.pdf target=s3/raw_docs/cb-602-information-security-jun-2025_H1W0bOC-ocr.pdf
[2026-03-04 10:15:06 UTC] PROCESS id=905 source=raw_docs/cb-602-information-security-dec-2024_mLOaUw8-ocr.pdf target=s3/raw_docs/cb-602-information-security-dec-2024_mLOaUw8-ocr.pdf
[2026-03-04 10:15:06 UTC] PROCESS id=906 source=raw_docs/ad-al-cd-cy-io-is-301-technical-communication-dec-2024_M9VfuyV-ocr.pdf target=s3/raw_docs/ad-al-cd-cy-io-is-301-technical-communication-dec-2024_M9VfuyV-ocr.pdf
[2026-03-04 10:15:06 UTC] PROCESS id=907 source=raw_docs/cd-304-database-management-system-dec-2023_sL4VZAy-ocr.pdf target=s3/raw_docs/cd-304-database-management-system-dec-2023_sL4VZAy-ocr.pdf
[2026-03-04 10:15:06 UTC] PROCESS id=908 source=raw_docs/cd-304-database-management-system-nov-2022_s7XvsTS-ocr.pdf target=s3/raw_docs/cd-304-database-management-system-nov-2022_s7XvsTS-ocr.pdf
[2026-03-04 10:15:06 UTC] PROCESS id=909 source=raw_docs/cd-cy-504-c-computer-organization-and-architecture-dec-2024_PeikT1W-ocr.pdf target=s3/raw_docs/cd-cy-504-c-computer-organization-and-architecture-dec-2024_PeikT1W-ocr.pdf
[2026-03-04 10:15:06 UTC] PROCESS id=910 source=raw_docs/cd-504-a-computer-graphics-and-visualization-nov-2023_UBmqh9h-ocr.pdf target=s3/raw_docs/cd-504-a-computer-graphics-and-visualization-nov-2023_UBmqh9h-ocr.pdf
[2026-03-04 10:15:06 UTC] PROCESS id=911 source=raw_docs/cd-cy-504-c-computer-organization-and-architecture-nov-2023_W6bo3xg-ocr.pdf target=s3/raw_docs/cd-cy-504-c-computer-organization-and-architecture-nov-2023_W6bo3xg-ocr.pdf
[2026-03-04 10:15:06 UTC] PROCESS id=912 source=raw_docs/cd-601-deep-learning-dec-2024_FGvDw3F-ocr.pdf target=s3/raw_docs/cd-601-deep-learning-dec-2024_FGvDw3F-ocr.pdf
[2026-03-04 10:15:06 UTC] PROCESS id=913 source=raw_docs/cd-604-natural-language-processing-dec-2024_9EwdZDs-ocr.pdf target=s3/raw_docs/cd-604-natural-language-processing-dec-2024_9EwdZDs-ocr.pdf
[2026-03-04 10:15:06 UTC] PROCESS id=914 source=raw_docs/cd-701-data-engineering-dec-2024_7TSrAl9-ocr.pdf target=s3/raw_docs/cd-701-data-engineering-dec-2024_7TSrAl9-ocr.pdf
[2026-03-04 10:15:06 UTC] PROCESS id=915 source=raw_docs/cd-701-data-engineering-nov-2023_2F9PYZg-ocr.pdf target=s3/raw_docs/cd-701-data-engineering-nov-2023_2F9PYZg-ocr.pdf
[2026-03-04 10:15:06 UTC] PROCESS id=916 source=raw_docs/cd-801-compiler-design-jun-2025_I7soV4m-ocr.pdf target=s3/raw_docs/cd-801-compiler-design-jun-2025_I7soV4m-ocr.pdf
[2026-03-04 10:15:06 UTC] PROCESS id=917 source=raw_docs/ag-it-402-computer-arechitecture-jun-2025_PCvgpUJ-ocr.pdf target=s3/raw_docs/ag-it-402-computer-arechitecture-jun-2025_PCvgpUJ-ocr.pdf
[2026-03-04 10:15:06 UTC] PROCESS id=918 source=raw_docs/ag-ci-it-405-data-base-management-system-jun-2022_g6L09Qa-ocr.pdf target=s3/raw_docs/ag-ci-it-405-data-base-management-system-jun-2022_g6L09Qa-ocr.pdf
[2026-03-04 10:15:06 UTC] PROCESS id=919 source=raw_docs/it-501-operating-system-nov-2023-ocr.pdf target=s3/raw_docs/it-501-operating-system-nov-2023-ocr.pdf
[2026-03-04 10:15:06 UTC] PROCESS id=920 source=raw_docs/ci-it-503-a-theory-of-computation-nov-2022_CGCJelz-ocr.pdf target=s3/raw_docs/ci-it-503-a-theory-of-computation-nov-2022_CGCJelz-ocr.pdf
[2026-03-04 10:15:06 UTC] PROCESS id=921 source=raw_docs/ci-it-504-b-artificial-intelligence-nov-2022_ThLFxQ2-ocr.pdf target=s3/raw_docs/ci-it-504-b-artificial-intelligence-nov-2022_ThLFxQ2-ocr.pdf
[2026-03-04 10:15:06 UTC] PROCESS id=922 source=raw_docs/ci-801-data-science-may-2024_OtzG1WU-ocr.pdf target=s3/raw_docs/ci-801-data-science-may-2024_OtzG1WU-ocr.pdf
[2026-03-04 10:15:06 UTC] PROCESS id=923 source=raw_docs/ag-it-305-digital-circuits-and-systems-dec-2023_TyKmfGT-ocr.pdf target=s3/raw_docs/ag-it-305-digital-circuits-and-systems-dec-2023_TyKmfGT-ocr.pdf
[2026-03-04 10:15:06 UTC] PROCESS id=924 source=raw_docs/ag-it-402-computer-architecture-jun-2022_A8hLGbB-ocr.pdf target=s3/raw_docs/ag-it-402-computer-architecture-jun-2022_A8hLGbB-ocr.pdf
[2026-03-04 10:15:06 UTC] PROCESS id=925 source=raw_docs/ea-ec-ed-io-304-electronic-devices-jun-2025_03Ae3nb-ocr.pdf target=s3/raw_docs/ea-ec-ed-io-304-electronic-devices-jun-2025_03Ae3nb-ocr.pdf
[2026-03-04 10:15:06 UTC] PROCESS id=926 source=raw_docs/ea-ec-ed-io-304-electronic-devices-dec-2024_FyTiVtO-ocr.pdf target=s3/raw_docs/ea-ec-ed-io-304-electronic-devices-dec-2024_FyTiVtO-ocr.pdf
[2026-03-04 10:15:06 UTC] PROCESS id=927 source=raw_docs/ec-io-304-electronic-devices-jun-2024_JH0ZScH-ocr.pdf target=s3/raw_docs/ec-io-304-electronic-devices-jun-2024_JH0ZScH-ocr.pdf
[2026-03-04 10:15:06 UTC] PROCESS id=928 source=raw_docs/ex-304-network-analysis-dec-2024-ocr.pdf target=s3/raw_docs/ex-304-network-analysis-dec-2024-ocr.pdf
[2026-03-04 10:15:06 UTC] PROCESS id=929 source=raw_docs/ex-304-network-analysis-jun-2024-ocr.pdf target=s3/raw_docs/ex-304-network-analysis-jun-2024-ocr.pdf
[2026-03-04 10:15:06 UTC] PROCESS id=930 source=raw_docs/ec-io-304-electronic-devices-dec-2023_1UJc3E7-ocr.pdf target=s3/raw_docs/ec-io-304-electronic-devices-dec-2023_1UJc3E7-ocr.pdf
[2026-03-04 10:15:06 UTC] PROCESS id=931 source=raw_docs/ex-304-network-analysis-dec-2023-ocr.pdf target=s3/raw_docs/ex-304-network-analysis-dec-2023-ocr.pdf
[2026-03-04 10:15:06 UTC] PROCESS id=932 source=raw_docs/io-is-801-artificial-intelligence-may-2024_4oIEyjr-ocr.pdf target=s3/raw_docs/io-is-801-artificial-intelligence-may-2024_4oIEyjr-ocr.pdf
[2026-03-04 10:15:06 UTC] PROCESS id=933 source=raw_docs/cy-403-computer-networks-jun-2023-ocr.pdf target=s3/raw_docs/cy-403-computer-networks-jun-2023-ocr.pdf
[2026-03-04 10:15:06 UTC] PROCESS id=934 source=raw_docs/is-502-database-management-systems-dec-2025_63XEwcx-ocr.pdf target=s3/raw_docs/is-502-database-management-systems-dec-2025_63XEwcx-ocr.pdf
[2026-03-04 10:15:06 UTC] PROCESS id=935 source=raw_docs/is-602-internet-and-web-technology-may-2024_85khhyr-ocr.pdf target=s3/raw_docs/is-602-internet-and-web-technology-may-2024_85khhyr-ocr.pdf
[2026-03-04 10:15:06 UTC] PROCESS id=936 source=raw_docs/is-602-internet-and-web-technology-may-2023_n6EBrjv-ocr.pdf target=s3/raw_docs/is-602-internet-and-web-technology-may-2023_n6EBrjv-ocr.pdf
[2026-03-04 10:15:06 UTC] PROCESS id=937 source=raw_docs/cy-302-fundamental-of-cryptography-dec-2024_Cl0nyTa-ocr.pdf target=s3/raw_docs/cy-302-fundamental-of-cryptography-dec-2024_Cl0nyTa-ocr.pdf
[2026-03-04 10:15:06 UTC] PROCESS id=938 source=raw_docs/cy-302-fundamental-of-cryptography-dec-2023_T9gkgQe-ocr.pdf target=s3/raw_docs/cy-302-fundamental-of-cryptography-dec-2023_T9gkgQe-ocr.pdf
[2026-03-04 10:15:06 UTC] PROCESS id=939 source=raw_docs/cy-302-fundamental-of-cryptography-jun-2023_o4x6IrM-ocr.pdf target=s3/raw_docs/cy-302-fundamental-of-cryptography-jun-2023_o4x6IrM-ocr.pdf
[2026-03-04 10:15:06 UTC] PROCESS id=940 source=raw_docs/cy-304-digital-system-jun-2023_mx3QWVP-ocr.pdf target=s3/raw_docs/cy-304-digital-system-jun-2023_mx3QWVP-ocr.pdf
[2026-03-04 10:15:06 UTC] PROCESS id=941 source=raw_docs/cy-401-introduction-to-linear-algebra-jun-2025_07d5k8V-ocr.pdf target=s3/raw_docs/cy-401-introduction-to-linear-algebra-jun-2025_07d5k8V-ocr.pdf
[2026-03-04 10:15:06 UTC] PROCESS id=942 source=raw_docs/cy-402-fundamental-of-cyber-security-jun-2025_Hr8u9V9-ocr.pdf target=s3/raw_docs/cy-402-fundamental-of-cyber-security-jun-2025_Hr8u9V9-ocr.pdf
[2026-03-04 10:15:06 UTC] PROCESS id=943 source=raw_docs/cy-401-introduction-to-linear-algebra-dec-2024_VruwUyy-ocr.pdf target=s3/raw_docs/cy-401-introduction-to-linear-algebra-dec-2024_VruwUyy-ocr.pdf
[2026-03-04 10:15:06 UTC] PROCESS id=944 source=raw_docs/cy-401-introduction-to-linear-algebra-jun-2024_D9Ne2Mf-ocr.pdf target=s3/raw_docs/cy-401-introduction-to-linear-algebra-jun-2024_D9Ne2Mf-ocr.pdf
[2026-03-04 10:15:06 UTC] PROCESS id=945 source=raw_docs/cy-402-fundamental-of-cyber-security-dec-2024_4lUQrxm-ocr.pdf target=s3/raw_docs/cy-402-fundamental-of-cyber-security-dec-2024_4lUQrxm-ocr.pdf
[2026-03-04 10:15:06 UTC] PROCESS id=946 source=raw_docs/cy-402-fundamental-of-cyber-security-jun-2024_nfyfBCW-ocr.pdf target=s3/raw_docs/cy-402-fundamental-of-cyber-security-jun-2024_nfyfBCW-ocr.pdf
[2026-03-04 10:15:06 UTC] PROCESS id=947 source=raw_docs/cy-403-computer-networks-jun-2024_KMI66AC-ocr.pdf target=s3/raw_docs/cy-403-computer-networks-jun-2024_KMI66AC-ocr.pdf
[2026-03-04 10:15:06 UTC] PROCESS id=948 source=raw_docs/cy-405-database-management-system-dec-2024_swpKkIm-ocr.pdf target=s3/raw_docs/cy-405-database-management-system-dec-2024_swpKkIm-ocr.pdf
[2026-03-04 10:15:06 UTC] PROCESS id=949 source=raw_docs/cy-405-database-management-system-jun-2024_5hix7hn-ocr.pdf target=s3/raw_docs/cy-405-database-management-system-jun-2024_5hix7hn-ocr.pdf
[2026-03-04 10:15:06 UTC] PROCESS id=950 source=raw_docs/cy-401-introduction-to-linear-algebra-jun-2023_yCzinVF-ocr.pdf target=s3/raw_docs/cy-401-introduction-to-linear-algebra-jun-2023_yCzinVF-ocr.pdf
[2026-03-04 10:15:06 UTC] PROCESS id=951 source=raw_docs/cy-401-introduction-to-linear-algebra-nov-2023_wsfEAT5-ocr.pdf target=s3/raw_docs/cy-401-introduction-to-linear-algebra-nov-2023_wsfEAT5-ocr.pdf
[2026-03-04 10:15:06 UTC] PROCESS id=952 source=raw_docs/cy-402-fundamental-of-cyber-security-jun-2023_jkn2ZNP-ocr.pdf target=s3/raw_docs/cy-402-fundamental-of-cyber-security-jun-2023_jkn2ZNP-ocr.pdf
[2026-03-04 10:15:06 UTC] PROCESS id=953 source=raw_docs/cy-402-fundamental-of-cyber-security-nov-2023_ZgnnxhB-ocr.pdf target=s3/raw_docs/cy-402-fundamental-of-cyber-security-nov-2023_ZgnnxhB-ocr.pdf
[2026-03-04 10:15:06 UTC] PROCESS id=954 source=raw_docs/it-502-computer-networks-nov-2023-ocr.pdf target=s3/raw_docs/it-502-computer-networks-nov-2023-ocr.pdf
[2026-03-04 10:15:06 UTC] PROCESS id=955 source=raw_docs/cy-405-database-management-system-jun-2023_zzSmInz-ocr.pdf target=s3/raw_docs/cy-405-database-management-system-jun-2023_zzSmInz-ocr.pdf
[2026-03-04 10:15:06 UTC] PROCESS id=956 source=raw_docs/cy-405-database-management-system-nov-2023_8c20lkx-ocr.pdf target=s3/raw_docs/cy-405-database-management-system-nov-2023_8c20lkx-ocr.pdf
[2026-03-04 10:15:06 UTC] PROCESS id=957 source=raw_docs/cy-401-introduction-to-linear-algebra-jun-2022_IHzSHcY-ocr.pdf target=s3/raw_docs/cy-401-introduction-to-linear-algebra-jun-2022_IHzSHcY-ocr.pdf
[2026-03-04 10:15:06 UTC] PROCESS id=958 source=raw_docs/cy-402-fundamental-of-cyber-security-jun-2022_bC4vWEC-ocr.pdf target=s3/raw_docs/cy-402-fundamental-of-cyber-security-jun-2022_bC4vWEC-ocr.pdf
[2026-03-04 10:15:06 UTC] PROCESS id=959 source=raw_docs/cy-405-database-management-system-jun-2022_y3yzRQl-ocr.pdf target=s3/raw_docs/cy-405-database-management-system-jun-2022_y3yzRQl-ocr.pdf
[2026-03-04 10:15:06 UTC] PROCESS id=960 source=raw_docs/cy-501-os-internals-for-security-support-dec-2024_lQOQ5dO-ocr.pdf target=s3/raw_docs/cy-501-os-internals-for-security-support-dec-2024_lQOQ5dO-ocr.pdf
[2026-03-04 10:15:06 UTC] PROCESS id=961 source=raw_docs/cy-502-design-and-analysis-of-algorithms-dec-2024_0K9btN2-ocr.pdf target=s3/raw_docs/cy-502-design-and-analysis-of-algorithms-dec-2024_0K9btN2-ocr.pdf
[2026-03-04 10:15:06 UTC] PROCESS id=962 source=raw_docs/cy-503-b-network-security-dec-2024_Hfi2IZk-ocr.pdf target=s3/raw_docs/cy-503-b-network-security-dec-2024_Hfi2IZk-ocr.pdf
[2026-03-04 10:15:06 UTC] PROCESS id=963 source=raw_docs/cy-504-b-internet-of-things-dec-2024_YNXrNYa-ocr.pdf target=s3/raw_docs/cy-504-b-internet-of-things-dec-2024_YNXrNYa-ocr.pdf
[2026-03-04 10:15:06 UTC] PROCESS id=964 source=raw_docs/cy-501-os-internals-for-security-support-nov-2023_qaDHBZ1-ocr.pdf target=s3/raw_docs/cy-501-os-internals-for-security-support-nov-2023_qaDHBZ1-ocr.pdf
[2026-03-04 10:15:06 UTC] PROCESS id=965 source=raw_docs/cy-502-design-and-analysis-of-algorithms-nov-2023_xJ5Uwd5-ocr.pdf target=s3/raw_docs/cy-502-design-and-analysis-of-algorithms-nov-2023_xJ5Uwd5-ocr.pdf
[2026-03-04 10:15:06 UTC] PROCESS id=966 source=raw_docs/cy-503-b-network-security-nov-2023_aaysmYN-ocr.pdf target=s3/raw_docs/cy-503-b-network-security-nov-2023_aaysmYN-ocr.pdf
[2026-03-04 10:15:06 UTC] PROCESS id=967 source=raw_docs/cy-504-a-cyber-law-and-intellectual-property-right-nov-2023_OQxPwQL-ocr.pdf target=s3/raw_docs/cy-504-a-cyber-law-and-intellectual-property-right-nov-2023_OQxPwQL-ocr.pdf
[2026-03-04 10:15:06 UTC] PROCESS id=968 source=raw_docs/cy-501-os-internals-for-security-support-nov-2022_GEty2Xh-ocr.pdf target=s3/raw_docs/cy-501-os-internals-for-security-support-nov-2022_GEty2Xh-ocr.pdf
[2026-03-04 10:15:06 UTC] PROCESS id=969 source=raw_docs/cy-502-design-and-analysis-of-algorithms-cy-502-nov-2022_YYdK9Et-ocr.pdf target=s3/raw_docs/cy-502-design-and-analysis-of-algorithms-cy-502-nov-2022_YYdK9Et-ocr.pdf
[2026-03-04 10:15:06 UTC] PROCESS id=970 source=raw_docs/cy-503-b-network-security-nov-2022_FHz3Dqs-ocr.pdf target=s3/raw_docs/cy-503-b-network-security-nov-2022_FHz3Dqs-ocr.pdf
[2026-03-04 10:15:06 UTC] PROCESS id=971 source=raw_docs/cy-504-a-cyber-law-and-intellectual-property-right-nov-2022_lqma7ky-ocr.pdf target=s3/raw_docs/cy-504-a-cyber-law-and-intellectual-property-right-nov-2022_lqma7ky-ocr.pdf
[2026-03-04 10:15:06 UTC] PROCESS id=972 source=raw_docs/cy-504-b-internet-of-things-nov-2022_4Mou5Li-ocr.pdf target=s3/raw_docs/cy-504-b-internet-of-things-nov-2022_4Mou5Li-ocr.pdf
[2026-03-04 10:15:06 UTC] PROCESS id=973 source=raw_docs/cy-601-cyber-crime-investigation-and-digital-forensic-jun-2025_Rd7Pf1T-ocr.pdf target=s3/raw_docs/cy-601-cyber-crime-investigation-and-digital-forensic-jun-2025_Rd7Pf1T-ocr.pdf
[2026-03-04 10:15:06 UTC] PROCESS id=974 source=raw_docs/cy-604-c-data-warehousing-and-mining-jun-2025_la3u5JP-ocr.pdf target=s3/raw_docs/cy-604-c-data-warehousing-and-mining-jun-2025_la3u5JP-ocr.pdf
[2026-03-04 10:15:06 UTC] PROCESS id=975 source=raw_docs/cy-601-cyber-crime-investigation-and-digital-forensic-dec-2024_yxS896b-ocr.pdf target=s3/raw_docs/cy-601-cyber-crime-investigation-and-digital-forensic-dec-2024_yxS896b-ocr.pdf
[2026-03-04 10:15:06 UTC] PROCESS id=976 source=raw_docs/cy-604-b-ooad-dec-2024_CFVoOcv-ocr.pdf target=s3/raw_docs/cy-604-b-ooad-dec-2024_CFVoOcv-ocr.pdf
[2026-03-04 10:15:06 UTC] PROCESS id=977 source=raw_docs/cy-601-cyber-crime-investigation-and-digital-forensic-may-2023_5a7s9cD-ocr.pdf target=s3/raw_docs/cy-601-cyber-crime-investigation-and-digital-forensic-may-2023_5a7s9cD-ocr.pdf
[2026-03-04 10:15:06 UTC] PROCESS id=978 source=raw_docs/cy-602-software-engineering-may-2023_TCImyxo-ocr.pdf target=s3/raw_docs/cy-602-software-engineering-may-2023_TCImyxo-ocr.pdf
[2026-03-04 10:15:06 UTC] PROCESS id=979 source=raw_docs/cy-603-a-internet-and-web-technology-may-2023_6IdqWZ1-ocr.pdf target=s3/raw_docs/cy-603-a-internet-and-web-technology-may-2023_6IdqWZ1-ocr.pdf
[2026-03-04 10:15:06 UTC] PROCESS id=980 source=raw_docs/cy-604-c-data-warehousing-and-mining-may-2023_m4IesVm-ocr.pdf target=s3/raw_docs/cy-604-c-data-warehousing-and-mining-may-2023_m4IesVm-ocr.pdf
[2026-03-04 10:15:06 UTC] PROCESS id=981 source=raw_docs/cy-702-a-penetration-testing-and-vulnerability-analysis-dec-2024_p7B2x3h-ocr.pdf target=s3/raw_docs/cy-702-a-penetration-testing-and-vulnerability-analysis-dec-2024_p7B2x3h-ocr.pdf
[2026-03-04 10:15:06 UTC] PROCESS id=982 source=raw_docs/cy-702-d-multimedia-security-and-forensics-nov-2023_Lii3m8g-ocr.pdf target=s3/raw_docs/cy-702-d-multimedia-security-and-forensics-nov-2023_Lii3m8g-ocr.pdf
[2026-03-04 10:15:06 UTC] PROCESS id=983 source=raw_docs/cy-703-c-data-engineering-nov-2023_hRAgDbI-ocr.pdf target=s3/raw_docs/cy-703-c-data-engineering-nov-2023_hRAgDbI-ocr.pdf
[2026-03-04 10:15:06 UTC] PROCESS id=984 source=raw_docs/cy-801-hardware-security-may-2024_HH2cWZu-ocr.pdf target=s3/raw_docs/cy-801-hardware-security-may-2024_HH2cWZu-ocr.pdf
[2026-03-04 10:15:06 UTC] PROCESS id=985 source=raw_docs/cy-802-c-lightweight-cryptography-may-2024_Z2iuehW-ocr.pdf target=s3/raw_docs/cy-802-c-lightweight-cryptography-may-2024_Z2iuehW-ocr.pdf
[2026-03-04 10:15:06 UTC] PROCESS id=986 source=raw_docs/cy-803-a-mobile-and-wireless-security-may-2024_xl3n1Fp-ocr.pdf target=s3/raw_docs/cy-803-a-mobile-and-wireless-security-may-2024_xl3n1Fp-ocr.pdf
[2026-03-04 10:15:06 UTC] PROCESS id=987 source=raw_docs/ec-302-electronic-measurements-and-instrumentation-jun-2025_Y3bFiyt-ocr.pdf target=s3/raw_docs/ec-302-electronic-measurements-and-instrumentation-jun-2025_Y3bFiyt-ocr.pdf
[2026-03-04 10:15:06 UTC] PROCESS id=988 source=raw_docs/ec-303-digital-system-design-jun-2025_aylTIvJ-ocr.pdf target=s3/raw_docs/ec-303-digital-system-design-jun-2025_aylTIvJ-ocr.pdf
[2026-03-04 10:15:06 UTC] PROCESS id=989 source=raw_docs/ee-ex-303-electrical-measurements-and-measuring-instruments-jun-2025_PzuEQfD-ocr.pdf target=s3/raw_docs/ee-ex-303-electrical-measurements-and-measuring-instruments-jun-2025_PzuEQfD-ocr.pdf
[2026-03-04 10:15:06 UTC] PROCESS id=990 source=raw_docs/ex-302-signals-and-systems-jun-2025_4FjXbbt-ocr.pdf target=s3/raw_docs/ex-302-signals-and-systems-jun-2025_4FjXbbt-ocr.pdf
[2026-03-04 10:15:06 UTC] PROCESS id=991 source=raw_docs/ec-302-electronic-measurements-and-instrumentation-dec-2024_rfdmZ8U-ocr.pdf target=s3/raw_docs/ec-302-electronic-measurements-and-instrumentation-dec-2024_rfdmZ8U-ocr.pdf
[2026-03-04 10:15:06 UTC] PROCESS id=992 source=raw_docs/ec-302-electronic-measurements-and-instrumentation-jun-2024_Fj8g5Uo-ocr.pdf target=s3/raw_docs/ec-302-electronic-measurements-and-instrumentation-jun-2024_Fj8g5Uo-ocr.pdf
[2026-03-04 10:15:06 UTC] PROCESS id=993 source=raw_docs/ec-303-digital-system-design-dec-2024_3Srwr5B-ocr.pdf target=s3/raw_docs/ec-303-digital-system-design-dec-2024_3Srwr5B-ocr.pdf
[2026-03-04 10:15:06 UTC] PROCESS id=994 source=raw_docs/ec-303-digital-system-design-jun-2024_ZxgAMO6-ocr.pdf target=s3/raw_docs/ec-303-digital-system-design-jun-2024_ZxgAMO6-ocr.pdf
[2026-03-04 10:15:06 UTC] PROCESS id=995 source=raw_docs/ee-ex-303-electrical-measurements-and-measuring-instruments-dec-2024_5DTZHV3-ocr.pdf target=s3/raw_docs/ee-ex-303-electrical-measurements-and-measuring-instruments-dec-2024_5DTZHV3-ocr.pdf
[2026-03-04 10:15:06 UTC] PROCESS id=996 source=raw_docs/ee-ex-303-electrical-measurements-and-measuring-instruments-jun-2024_hqFbgfQ-ocr.pdf target=s3/raw_docs/ee-ex-303-electrical-measurements-and-measuring-instruments-jun-2024_hqFbgfQ-ocr.pdf
[2026-03-04 10:15:06 UTC] PROCESS id=997 source=raw_docs/ex-302-signals-and-systems-dec-2024_8i9qAVR-ocr.pdf target=s3/raw_docs/ex-302-signals-and-systems-dec-2024_8i9qAVR-ocr.pdf
[2026-03-04 10:15:06 UTC] PROCESS id=998 source=raw_docs/ex-302-signals-and-systems-jun-2024_A28H4Nj-ocr.pdf target=s3/raw_docs/ex-302-signals-and-systems-jun-2024_A28H4Nj-ocr.pdf
[2026-03-04 10:15:06 UTC] PROCESS id=999 source=raw_docs/ex-503-c-renewable-power-generation-dec-2024-ocr.pdf target=s3/raw_docs/ex-503-c-renewable-power-generation-dec-2024-ocr.pdf
[2026-03-04 10:15:06 UTC] PROCESS id=1000 source=raw_docs/ex-305-analog-electronics-dec-2024_XtTuNrj-ocr.pdf target=s3/raw_docs/ex-305-analog-electronics-dec-2024_XtTuNrj-ocr.pdf
[2026-03-04 10:15:06 UTC] PROCESS id=1001 source=raw_docs/ex-305-analog-electronics-jun-2024_C2ADrfq-ocr.pdf target=s3/raw_docs/ex-305-analog-electronics-jun-2024_C2ADrfq-ocr.pdf
[2026-03-04 10:15:06 UTC] PROCESS id=1002 source=raw_docs/ec-302-electronic-measurements-and-instrumentation-dec-2023_I2C37IP-ocr.pdf target=s3/raw_docs/ec-302-electronic-measurements-and-instrumentation-dec-2023_I2C37IP-ocr.pdf
[2026-03-04 10:15:06 UTC] PROCESS id=1003 source=raw_docs/ec-302-electronic-measurements-and-instrumentation-ec-302-jun-2023_oywMU02-ocr.pdf target=s3/raw_docs/ec-302-electronic-measurements-and-instrumentation-ec-302-jun-2023_oywMU02-ocr.pdf
[2026-03-04 10:15:06 UTC] PROCESS id=1004 source=raw_docs/ec-303-digital-system-design-dec-2023_SggTeQv-ocr.pdf target=s3/raw_docs/ec-303-digital-system-design-dec-2023_SggTeQv-ocr.pdf
[2026-03-04 10:15:06 UTC] PROCESS id=1005 source=raw_docs/ec-303-digital-system-design-jun-2023_Bv8G23j-ocr.pdf target=s3/raw_docs/ec-303-digital-system-design-jun-2023_Bv8G23j-ocr.pdf
[2026-03-04 10:15:06 UTC] PROCESS id=1006 source=raw_docs/ec-304-electronic-devices-jun-2023_RRcKKIu-ocr.pdf target=s3/raw_docs/ec-304-electronic-devices-jun-2023_RRcKKIu-ocr.pdf
[2026-03-04 10:15:06 UTC] PROCESS id=1007 source=raw_docs/ex-304-network-analysis-jun-2023-ocr.pdf target=s3/raw_docs/ex-304-network-analysis-jun-2023-ocr.pdf
[2026-03-04 10:15:06 UTC] PROCESS id=1008 source=raw_docs/ex-305-analog-electronics-dec-2023-ocr.pdf target=s3/raw_docs/ex-305-analog-electronics-dec-2023-ocr.pdf
[2026-03-04 10:15:06 UTC] PROCESS id=1009 source=raw_docs/ex-305-analog-electronics-jun-2023-ocr.pdf target=s3/raw_docs/ex-305-analog-electronics-jun-2023-ocr.pdf
[2026-03-04 10:15:06 UTC] PROCESS id=1010 source=raw_docs/ee-ex-303-electrical-measurements-and-measuring-instruments-dec-2023_OzOXXGK-ocr.pdf target=s3/raw_docs/ee-ex-303-electrical-measurements-and-measuring-instruments-dec-2023_OzOXXGK-ocr.pdf
[2026-03-04 10:15:06 UTC] PROCESS id=1011 source=raw_docs/ee-ex-303-electrical-measurements-and-measuring-instruments-jun-2023_UgOGbEX-ocr.pdf target=s3/raw_docs/ee-ex-303-electrical-measurements-and-measuring-instruments-jun-2023_UgOGbEX-ocr.pdf
[2026-03-04 10:15:06 UTC] PROCESS id=1012 source=raw_docs/ex-302-signals-and-systems-dec-2023_1DO4Cxm-ocr.pdf target=s3/raw_docs/ex-302-signals-and-systems-dec-2023_1DO4Cxm-ocr.pdf
[2026-03-04 10:15:06 UTC] PROCESS id=1013 source=raw_docs/ex-302-signals-and-systems-jun-2023_zCRf5xN-ocr.pdf target=s3/raw_docs/ex-302-signals-and-systems-jun-2023_zCRf5xN-ocr.pdf
[2026-03-04 10:15:06 UTC] PROCESS id=1014 source=raw_docs/ec-302-electronic-measurements-and-instrumentation-nov-2022_PKw1ydq-ocr.pdf target=s3/raw_docs/ec-302-electronic-measurements-and-instrumentation-nov-2022_PKw1ydq-ocr.pdf
[2026-03-04 10:15:06 UTC] PROCESS id=1015 source=raw_docs/ec-303-digital-system-design-nov-2022_feRu6HJ-ocr.pdf target=s3/raw_docs/ec-303-digital-system-design-nov-2022_feRu6HJ-ocr.pdf
[2026-03-04 10:15:06 UTC] PROCESS id=1016 source=raw_docs/ec-304-electronic-devices-nov-2022_2VL4WHg-ocr.pdf target=s3/raw_docs/ec-304-electronic-devices-nov-2022_2VL4WHg-ocr.pdf
[2026-03-04 10:15:06 UTC] PROCESS id=1017 source=raw_docs/ex-304-network-analysis-nov-2022-ocr.pdf target=s3/raw_docs/ex-304-network-analysis-nov-2022-ocr.pdf
[2026-03-04 10:15:06 UTC] PROCESS id=1018 source=raw_docs/ec-402-signal-and-system-jun-2025_KfDjaxT-ocr.pdf target=s3/raw_docs/ec-402-signal-and-system-jun-2025_KfDjaxT-ocr.pdf
[2026-03-04 10:15:06 UTC] PROCESS id=1019 source=raw_docs/ec-403-analog-communication-jun-2025_KiRTBtC-ocr.pdf target=s3/raw_docs/ec-403-analog-communication-jun-2025_KiRTBtC-ocr.pdf
[2026-03-04 10:15:06 UTC] PROCESS id=1020 source=raw_docs/ee-ex-405-control-system-jun-2025-ocr.pdf target=s3/raw_docs/ee-ex-405-control-system-jun-2025-ocr.pdf
[2026-03-04 10:15:06 UTC] PROCESS id=1021 source=raw_docs/ec-404-cotrol-system-jun-2025_YSr591W-ocr.pdf target=s3/raw_docs/ec-404-cotrol-system-jun-2025_YSr591W-ocr.pdf
[2026-03-04 10:15:06 UTC] PROCESS id=1022 source=raw_docs/ec-405-analog-circuits-jun-2025_qYugeV9-ocr.pdf target=s3/raw_docs/ec-405-analog-circuits-jun-2025_qYugeV9-ocr.pdf
[2026-03-04 10:15:06 UTC] PROCESS id=1023 source=raw_docs/ee-ex-402-electrical-machine-1-jun-2025_yqQDCyl-ocr.pdf target=s3/raw_docs/ee-ex-402-electrical-machine-1-jun-2025_yqQDCyl-ocr.pdf
[2026-03-04 10:15:06 UTC] PROCESS id=1024 source=raw_docs/ee-ex-403-digital-electronics-and-logic-design-jun-2025_JnyNRzt-ocr.pdf target=s3/raw_docs/ee-ex-403-digital-electronics-and-logic-design-jun-2025_JnyNRzt-ocr.pdf
[2026-03-04 10:15:06 UTC] PROCESS id=1025 source=raw_docs/ee-ex-404-power-system-1-jun-2025_XL5DVSL-ocr.pdf target=s3/raw_docs/ee-ex-404-power-system-1-jun-2025_XL5DVSL-ocr.pdf
[2026-03-04 10:15:06 UTC] PROCESS id=1026 source=raw_docs/ec-402-signal-and-system-dec-2024_KzGvFpL-ocr.pdf target=s3/raw_docs/ec-402-signal-and-system-dec-2024_KzGvFpL-ocr.pdf
[2026-03-04 10:15:06 UTC] PROCESS id=1027 source=raw_docs/ec-402-signal-and-system-jun-2024_y4UKKxq-ocr.pdf target=s3/raw_docs/ec-402-signal-and-system-jun-2024_y4UKKxq-ocr.pdf
[2026-03-04 10:15:06 UTC] PROCESS id=1028 source=raw_docs/ec-403-analog-communication-dec-2024_KIds7BQ-ocr.pdf target=s3/raw_docs/ec-403-analog-communication-dec-2024_KIds7BQ-ocr.pdf
[2026-03-04 10:15:06 UTC] PROCESS id=1029 source=raw_docs/ec-403-analog-communication-jun-2024_0mXmCzW-ocr.pdf target=s3/raw_docs/ec-403-analog-communication-jun-2024_0mXmCzW-ocr.pdf
[2026-03-04 10:15:06 UTC] PROCESS id=1030 source=raw_docs/ee-ex-405-control-system-dec-2024-ocr.pdf target=s3/raw_docs/ee-ex-405-control-system-dec-2024-ocr.pdf
[2026-03-04 10:15:06 UTC] PROCESS id=1031 source=raw_docs/ee-ex-405-control-system-jun-2024-ocr.pdf target=s3/raw_docs/ee-ex-405-control-system-jun-2024-ocr.pdf
[2026-03-04 10:15:06 UTC] PROCESS id=1032 source=raw_docs/ec-405-analog-circuits-dec-2024_mk34kpO-ocr.pdf target=s3/raw_docs/ec-405-analog-circuits-dec-2024_mk34kpO-ocr.pdf
[2026-03-04 10:15:06 UTC] PROCESS id=1033 source=raw_docs/ee-ex-402-electrical-machine-1-dec-2024_JKjNHSi-ocr.pdf target=s3/raw_docs/ee-ex-402-electrical-machine-1-dec-2024_JKjNHSi-ocr.pdf
[2026-03-04 10:15:06 UTC] PROCESS id=1034 source=raw_docs/ee-ex-402-electrical-machine-1-jun-2024_uXYVKsX-ocr.pdf target=s3/raw_docs/ee-ex-402-electrical-machine-1-jun-2024_uXYVKsX-ocr.pdf
[2026-03-04 10:15:06 UTC] PROCESS id=1035 source=raw_docs/ee-ex-403-digital-electronics-and-logic-design-jun-2024_Lki6imS-ocr.pdf target=s3/raw_docs/ee-ex-403-digital-electronics-and-logic-design-jun-2024_Lki6imS-ocr.pdf
[2026-03-04 10:15:06 UTC] PROCESS id=1036 source=raw_docs/ee-ex-404-power-system-1-dec-2024_YjJVrMz-ocr.pdf target=s3/raw_docs/ee-ex-404-power-system-1-dec-2024_YjJVrMz-ocr.pdf
[2026-03-04 10:15:06 UTC] PROCESS id=1037 source=raw_docs/ee-ex-404-power-system-1-jun-2024_SfBrsfH-ocr.pdf target=s3/raw_docs/ee-ex-404-power-system-1-jun-2024_SfBrsfH-ocr.pdf
[2026-03-04 10:15:06 UTC] PROCESS id=1038 source=raw_docs/ec-402-signal-and-system-jun-2023_YYBA5A9-ocr.pdf target=s3/raw_docs/ec-402-signal-and-system-jun-2023_YYBA5A9-ocr.pdf
[2026-03-04 10:15:06 UTC] PROCESS id=1039 source=raw_docs/ec-402-signal-and-system-nov-2023_Hzqmzur-ocr.pdf target=s3/raw_docs/ec-402-signal-and-system-nov-2023_Hzqmzur-ocr.pdf
[2026-03-04 10:15:06 UTC] PROCESS id=1040 source=raw_docs/ec-403-analog-communication-jun-2023_ZTFkY1k-ocr.pdf target=s3/raw_docs/ec-403-analog-communication-jun-2023_ZTFkY1k-ocr.pdf
[2026-03-04 10:15:06 UTC] PROCESS id=1041 source=raw_docs/ec-403-analog-communication-nov-2023_h0yaQc0-ocr.pdf target=s3/raw_docs/ec-403-analog-communication-nov-2023_h0yaQc0-ocr.pdf
[2026-03-04 10:15:06 UTC] PROCESS id=1042 source=raw_docs/ee-ex-405-control-system-jun-2023-ocr.pdf target=s3/raw_docs/ee-ex-405-control-system-jun-2023-ocr.pdf
[2026-03-04 10:15:06 UTC] PROCESS id=1043 source=raw_docs/ee-ex-405-control-system-nov-2023-ocr.pdf target=s3/raw_docs/ee-ex-405-control-system-nov-2023-ocr.pdf
[2026-03-04 10:15:06 UTC] PROCESS id=1044 source=raw_docs/ec-405-analog-circuits-jun-2023_xgFgS3s-ocr.pdf target=s3/raw_docs/ec-405-analog-circuits-jun-2023_xgFgS3s-ocr.pdf
[2026-03-04 10:15:06 UTC] PROCESS id=1045 source=raw_docs/ec-405-analog-circuits-nov-2023_4c4CuI6-ocr.pdf target=s3/raw_docs/ec-405-analog-circuits-nov-2023_4c4CuI6-ocr.pdf
[2026-03-04 10:15:06 UTC] PROCESS id=1046 source=raw_docs/ee-ex-402-electrical-machine-1-jun-2023_5UVGcCj-ocr.pdf target=s3/raw_docs/ee-ex-402-electrical-machine-1-jun-2023_5UVGcCj-ocr.pdf
[2026-03-04 10:15:06 UTC] PROCESS id=1047 source=raw_docs/ee-ex-402-electrical-machine-1-nov-2023_mCKk1kB-ocr.pdf target=s3/raw_docs/ee-ex-402-electrical-machine-1-nov-2023_mCKk1kB-ocr.pdf
[2026-03-04 10:15:06 UTC] PROCESS id=1048 source=raw_docs/ee-ex-403-digital-electronics-and-logic-design-jun-2023_1rUY0Y3-ocr.pdf target=s3/raw_docs/ee-ex-403-digital-electronics-and-logic-design-jun-2023_1rUY0Y3-ocr.pdf
[2026-03-04 10:15:06 UTC] PROCESS id=1049 source=raw_docs/ee-ex-403-digital-electronics-and-logic-design-nov-2023_S0wWg9G-ocr.pdf target=s3/raw_docs/ee-ex-403-digital-electronics-and-logic-design-nov-2023_S0wWg9G-ocr.pdf
[2026-03-04 10:15:06 UTC] PROCESS id=1050 source=raw_docs/ee-ex-404-power-system-1-jun-2023_gN1DZWo-ocr.pdf target=s3/raw_docs/ee-ex-404-power-system-1-jun-2023_gN1DZWo-ocr.pdf
[2026-03-04 10:15:06 UTC] PROCESS id=1051 source=raw_docs/ee-ex-404-power-system-1-nov-2023_lUN1Jsn-ocr.pdf target=s3/raw_docs/ee-ex-404-power-system-1-nov-2023_lUN1Jsn-ocr.pdf
[2026-03-04 10:15:06 UTC] PROCESS id=1052 source=raw_docs/ec-402-signal-and-system-jun-2022_YHSqYok-ocr.pdf target=s3/raw_docs/ec-402-signal-and-system-jun-2022_YHSqYok-ocr.pdf
[2026-03-04 10:15:06 UTC] PROCESS id=1053 source=raw_docs/ec-403-analog-communication-jun-2022_PHNlUcG-ocr.pdf target=s3/raw_docs/ec-403-analog-communication-jun-2022_PHNlUcG-ocr.pdf
[2026-03-04 10:15:06 UTC] PROCESS id=1054 source=raw_docs/ee-ex-405-control-system-jun-2022-ocr.pdf target=s3/raw_docs/ee-ex-405-control-system-jun-2022-ocr.pdf
[2026-03-04 10:15:06 UTC] PROCESS id=1055 source=raw_docs/ec-405-analog-circuits-jun-2022_HsWYcvH-ocr.pdf target=s3/raw_docs/ec-405-analog-circuits-jun-2022_HsWYcvH-ocr.pdf
[2026-03-04 10:15:06 UTC] PROCESS id=1056 source=raw_docs/ee-ex-402-electrical-machine-1-jun-2022_b3bRzU9-ocr.pdf target=s3/raw_docs/ee-ex-402-electrical-machine-1-jun-2022_b3bRzU9-ocr.pdf
[2026-03-04 10:15:06 UTC] PROCESS id=1057 source=raw_docs/ee-ex-403-digital-electronics-and-logic-design-jun-2022_tmDVrqx-ocr.pdf target=s3/raw_docs/ee-ex-403-digital-electronics-and-logic-design-jun-2022_tmDVrqx-ocr.pdf
[2026-03-04 10:15:06 UTC] PROCESS id=1058 source=raw_docs/ee-ex-404-power-system-1-jun-2022_aqSGR0u-ocr.pdf target=s3/raw_docs/ee-ex-404-power-system-1-jun-2022_aqSGR0u-ocr.pdf
[2026-03-04 10:15:06 UTC] PROCESS id=1059 source=raw_docs/ec-501-microprocessor-and-its-applications-jun-2025_S087oHr-ocr.pdf target=s3/raw_docs/ec-501-microprocessor-and-its-applications-jun-2025_S087oHr-ocr.pdf
[2026-03-04 10:15:06 UTC] PROCESS id=1060 source=raw_docs/ec-502-digital-communication-jun-2025_yt3xKrV-ocr.pdf target=s3/raw_docs/ec-502-digital-communication-jun-2025_yt3xKrV-ocr.pdf
[2026-03-04 10:15:06 UTC] PROCESS id=1061 source=raw_docs/ec-503-b-mobile-communication-jun-2025_1WDNbOV-ocr.pdf target=s3/raw_docs/ec-503-b-mobile-communication-jun-2025_1WDNbOV-ocr.pdf
[2026-03-04 10:15:06 UTC] PROCESS id=1062 source=raw_docs/ec-504-b-computer-system-organization-jun-2025_7gdMBmp-ocr.pdf target=s3/raw_docs/ec-504-b-computer-system-organization-jun-2025_7gdMBmp-ocr.pdf
[2026-03-04 10:15:06 UTC] PROCESS id=1063 source=raw_docs/ee-ex-501-electrical-machine-2-jun-2025_JHfbiqg-ocr.pdf target=s3/raw_docs/ee-ex-501-electrical-machine-2-jun-2025_JHfbiqg-ocr.pdf
[2026-03-04 10:15:06 UTC] PROCESS id=1064 source=raw_docs/ee-ex-502-power-electronics-jun-2025_zGc6t8N-ocr.pdf target=s3/raw_docs/ee-ex-502-power-electronics-jun-2025_zGc6t8N-ocr.pdf
[2026-03-04 10:15:06 UTC] PROCESS id=1065 source=raw_docs/ee-ex-503-a-electrical-power-generation-and-economy-jun-2025_dwEqWhc-ocr.pdf target=s3/raw_docs/ee-ex-503-a-electrical-power-generation-and-economy-jun-2025_dwEqWhc-ocr.pdf
[2026-03-04 10:15:06 UTC] PROCESS id=1066 source=raw_docs/ee-ex-504-a-industrial-electronics-jun-2025_bCT9ldX-ocr.pdf target=s3/raw_docs/ee-ex-504-a-industrial-electronics-jun-2025_bCT9ldX-ocr.pdf
[2026-03-04 10:15:06 UTC] PROCESS id=1067 source=raw_docs/ex-503-c-renewable-power-generation-jun-2025_gGWIZMP-ocr.pdf target=s3/raw_docs/ex-503-c-renewable-power-generation-jun-2025_gGWIZMP-ocr.pdf
[2026-03-04 10:15:06 UTC] PROCESS id=1068 source=raw_docs/ex-504-c-electrical-and-electronics-materials-jun-2025_e3uVv5R-ocr.pdf target=s3/raw_docs/ex-504-c-electrical-and-electronics-materials-jun-2025_e3uVv5R-ocr.pdf
[2026-03-04 10:15:06 UTC] PROCESS id=1069 source=raw_docs/ec-501-microprocessor-and-its-application-may-2024_qXokOaT-ocr.pdf target=s3/raw_docs/ec-501-microprocessor-and-its-application-may-2024_qXokOaT-ocr.pdf
[2026-03-04 10:15:06 UTC] PROCESS id=1070 source=raw_docs/ec-501-microprocessor-and-its-applications-dec-2024_W7HNrtv-ocr.pdf target=s3/raw_docs/ec-501-microprocessor-and-its-applications-dec-2024_W7HNrtv-ocr.pdf
[2026-03-04 10:15:06 UTC] PROCESS id=1071 source=raw_docs/ec-502-digital-communication-dec-2024_0SzW4dN-ocr.pdf target=s3/raw_docs/ec-502-digital-communication-dec-2024_0SzW4dN-ocr.pdf
[2026-03-04 10:15:06 UTC] PROCESS id=1072 source=raw_docs/ec-502-digital-communication-may-2024_D5zR7ck-ocr.pdf target=s3/raw_docs/ec-502-digital-communication-may-2024_D5zR7ck-ocr.pdf
[2026-03-04 10:15:06 UTC] PROCESS id=1073 source=raw_docs/ec-503-a-communication-network-and-transmission-lines-dec-2024_iN5wPs0-ocr.pdf target=s3/raw_docs/ec-503-a-communication-network-and-transmission-lines-dec-2024_iN5wPs0-ocr.pdf
[2026-03-04 10:15:06 UTC] PROCESS id=1074 source=raw_docs/ec-503-b-mobile-communication-dec-2024_WBAOG6j-ocr.pdf target=s3/raw_docs/ec-503-b-mobile-communication-dec-2024_WBAOG6j-ocr.pdf
[2026-03-04 10:15:06 UTC] PROCESS id=1075 source=raw_docs/ec-504-a-electro-magnetic-theory-dec-2024_hUAnZXP-ocr.pdf target=s3/raw_docs/ec-504-a-electro-magnetic-theory-dec-2024_hUAnZXP-ocr.pdf
[2026-03-04 10:15:06 UTC] PROCESS id=1076 source=raw_docs/ec-504-b-computer-system-organization-dec-2024_OnIZRiE-ocr.pdf target=s3/raw_docs/ec-504-b-computer-system-organization-dec-2024_OnIZRiE-ocr.pdf
[2026-03-04 10:15:06 UTC] PROCESS id=1077 source=raw_docs/ee-ex-501-electrical-machine-2-dec-2024_S1Lkghc-ocr.pdf target=s3/raw_docs/ee-ex-501-electrical-machine-2-dec-2024_S1Lkghc-ocr.pdf
[2026-03-04 10:15:06 UTC] PROCESS id=1078 source=raw_docs/ee-ex-501-electrical-machine-2-may-2024_j45q4Qj-ocr.pdf target=s3/raw_docs/ee-ex-501-electrical-machine-2-may-2024_j45q4Qj-ocr.pdf
[2026-03-04 10:15:06 UTC] PROCESS id=1079 source=raw_docs/ee-ex-502-power-electronics-dec-2024_FTuTJDQ-ocr.pdf target=s3/raw_docs/ee-ex-502-power-electronics-dec-2024_FTuTJDQ-ocr.pdf
[2026-03-04 10:15:06 UTC] PROCESS id=1080 source=raw_docs/ee-ex-502-power-electronics-may-2024_vwzufbC-ocr.pdf target=s3/raw_docs/ee-ex-502-power-electronics-may-2024_vwzufbC-ocr.pdf
[2026-03-04 10:15:06 UTC] PROCESS id=1081 source=raw_docs/ee-ex-503-a-electrical-power-generation-and-economy-dec-2024_RfUZWpi-ocr.pdf target=s3/raw_docs/ee-ex-503-a-electrical-power-generation-and-economy-dec-2024_RfUZWpi-ocr.pdf
[2026-03-04 10:15:06 UTC] PROCESS id=1082 source=raw_docs/ee-ex-504-a-industrial-electronics-may-2024_x55oBJv-ocr.pdf target=s3/raw_docs/ee-ex-504-a-industrial-electronics-may-2024_x55oBJv-ocr.pdf
[2026-03-04 10:15:06 UTC] PROCESS id=1083 source=raw_docs/ex-503-c-renewable-power-generation-may-2024_A2WR4YA-ocr.pdf target=s3/raw_docs/ex-503-c-renewable-power-generation-may-2024_A2WR4YA-ocr.pdf
[2026-03-04 10:15:06 UTC] PROCESS id=1084 source=raw_docs/ex-504-a-industrial-electronics-dec-2024_XUei9oM-ocr.pdf target=s3/raw_docs/ex-504-a-industrial-electronics-dec-2024_XUei9oM-ocr.pdf
[2026-03-04 10:15:06 UTC] PROCESS id=1085 source=raw_docs/ex-504-b-electromagnetic-theory-dec-2024_gRlSPf4-ocr.pdf target=s3/raw_docs/ex-504-b-electromagnetic-theory-dec-2024_gRlSPf4-ocr.pdf
[2026-03-04 10:15:06 UTC] PROCESS id=1086 source=raw_docs/ex-504-c-electrical-and-electronics-materials-may-2024_GO1XLNI-ocr.pdf target=s3/raw_docs/ex-504-c-electrical-and-electronics-materials-may-2024_GO1XLNI-ocr.pdf
[2026-03-04 10:15:06 UTC] PROCESS id=1087 source=raw_docs/ex-504-c-electrical-andelectronics-materials-dec-2024_ljSFUci-ocr.pdf target=s3/raw_docs/ex-504-c-electrical-andelectronics-materials-dec-2024_ljSFUci-ocr.pdf
[2026-03-04 10:15:06 UTC] PROCESS id=1088 source=raw_docs/ec-501-microprocessor-and-its-applications-ec-501-may-2023_eHN8nK8-ocr.pdf target=s3/raw_docs/ec-501-microprocessor-and-its-applications-ec-501-may-2023_eHN8nK8-ocr.pdf
[2026-03-04 10:15:06 UTC] PROCESS id=1089 source=raw_docs/ec-501-microprocessor-and-its-applications-ec-501-nov-2023_6vPPQw4-ocr.pdf target=s3/raw_docs/ec-501-microprocessor-and-its-applications-ec-501-nov-2023_6vPPQw4-ocr.pdf
[2026-03-04 10:15:06 UTC] PROCESS id=1090 source=raw_docs/ec-501-microprocessor-and-its-applications-nov-2023_MGXqNKx-ocr.pdf target=s3/raw_docs/ec-501-microprocessor-and-its-applications-nov-2023_MGXqNKx-ocr.pdf
[2026-03-04 10:15:06 UTC] PROCESS id=1091 source=raw_docs/ec-502-digital-communication-nov-2023_HnGrvsi-ocr.pdf target=s3/raw_docs/ec-502-digital-communication-nov-2023_HnGrvsi-ocr.pdf
[2026-03-04 10:15:06 UTC] PROCESS id=1092 source=raw_docs/ec-503-a-transmission-lines-nov-2023_Nyft5AV-ocr.pdf target=s3/raw_docs/ec-503-a-transmission-lines-nov-2023_Nyft5AV-ocr.pdf
[2026-03-04 10:15:06 UTC] PROCESS id=1093 source=raw_docs/ec-503-b-mobile-communication-nov-2023_4UdrGqI-ocr.pdf target=s3/raw_docs/ec-503-b-mobile-communication-nov-2023_4UdrGqI-ocr.pdf
[2026-03-04 10:15:06 UTC] PROCESS id=1094 source=raw_docs/ec-504-b-computer-system-organization-nov-2023_ipX7Q20-ocr.pdf target=s3/raw_docs/ec-504-b-computer-system-organization-nov-2023_ipX7Q20-ocr.pdf
[2026-03-04 10:15:06 UTC] PROCESS id=1095 source=raw_docs/ee-ex-501-electrical-machine-2-may-2023_pN1OdYK-ocr.pdf target=s3/raw_docs/ee-ex-501-electrical-machine-2-may-2023_pN1OdYK-ocr.pdf
[2026-03-04 10:15:06 UTC] PROCESS id=1096 source=raw_docs/ee-ex-501-electrical-machine-2-nov-2023_cxkMiqa-ocr.pdf target=s3/raw_docs/ee-ex-501-electrical-machine-2-nov-2023_cxkMiqa-ocr.pdf
[2026-03-04 10:15:06 UTC] PROCESS id=1097 source=raw_docs/ee-ex-502-power-electronics-nov-2023_WZX7Shl-ocr.pdf target=s3/raw_docs/ee-ex-502-power-electronics-nov-2023_WZX7Shl-ocr.pdf
[2026-03-04 10:15:06 UTC] PROCESS id=1098 source=raw_docs/ee-ex-503-a-electrical-power-generation-and-economy-nov-2023_zWxSafa-ocr.pdf target=s3/raw_docs/ee-ex-503-a-electrical-power-generation-and-economy-nov-2023_zWxSafa-ocr.pdf
[2026-03-04 10:15:06 UTC] PROCESS id=1099 source=raw_docs/ex-504-b-electromagnetic-nov-2023_LruFbYb-ocr.pdf target=s3/raw_docs/ex-504-b-electromagnetic-nov-2023_LruFbYb-ocr.pdf
[2026-03-04 10:15:06 UTC] PROCESS id=1100 source=raw_docs/ec-501-microprocessor-and-its-applications-nov-2022_RAU1N5l-ocr.pdf target=s3/raw_docs/ec-501-microprocessor-and-its-applications-nov-2022_RAU1N5l-ocr.pdf
[2026-03-04 10:15:06 UTC] PROCESS id=1101 source=raw_docs/ec-502-digital-communication-nov-2022_vOphLL1-ocr.pdf target=s3/raw_docs/ec-502-digital-communication-nov-2022_vOphLL1-ocr.pdf
[2026-03-04 10:15:06 UTC] PROCESS id=1102 source=raw_docs/ec-503-a-communication-network-and-transmission-lines-nov-2022_DhqoTtX-ocr.pdf target=s3/raw_docs/ec-503-a-communication-network-and-transmission-lines-nov-2022_DhqoTtX-ocr.pdf
[2026-03-04 10:15:06 UTC] PROCESS id=1103 source=raw_docs/ec-503-b-mobile-communication-nov-2022_MeevMP1-ocr.pdf target=s3/raw_docs/ec-503-b-mobile-communication-nov-2022_MeevMP1-ocr.pdf
[2026-03-04 10:15:06 UTC] PROCESS id=1104 source=raw_docs/ec-504-b-computer-system-organization-nov-2022_aet4pk5-ocr.pdf target=s3/raw_docs/ec-504-b-computer-system-organization-nov-2022_aet4pk5-ocr.pdf
[2026-03-04 10:15:06 UTC] PROCESS id=1105 source=raw_docs/ee-ex-503-a-electrical-power-generation-and-economy-nov-2022_TdEQphB-ocr.pdf target=s3/raw_docs/ee-ex-503-a-electrical-power-generation-and-economy-nov-2022_TdEQphB-ocr.pdf
[2026-03-04 10:15:06 UTC] PROCESS id=1106 source=raw_docs/ec-601-digital-signal-processing-jun-2025_edUJGg2-ocr.pdf target=s3/raw_docs/ec-601-digital-signal-processing-jun-2025_edUJGg2-ocr.pdf
[2026-03-04 10:15:06 UTC] PROCESS id=1107 source=raw_docs/ec-602-antenna-and-wave-propagation-jun-2025_CMir7WX-ocr.pdf target=s3/raw_docs/ec-602-antenna-and-wave-propagation-jun-2025_CMir7WX-ocr.pdf
[2026-03-04 10:15:06 UTC] PROCESS id=1108 source=raw_docs/ec-603-a-data-communication-jun-2025_9dreFTy-ocr.pdf target=s3/raw_docs/ec-603-a-data-communication-jun-2025_9dreFTy-ocr.pdf
[2026-03-04 10:15:06 UTC] PROCESS id=1109 source=raw_docs/ec-603-c-satellite-communication-jun-2025_ZVFOqHQ-ocr.pdf target=s3/raw_docs/ec-603-c-satellite-communication-jun-2025_ZVFOqHQ-ocr.pdf
[2026-03-04 10:15:06 UTC] PROCESS id=1110 source=raw_docs/ec-604-a-microcontroller-and-embedded-system-jun-2025_QNOKusB-ocr.pdf target=s3/raw_docs/ec-604-a-microcontroller-and-embedded-system-jun-2025_QNOKusB-ocr.pdf
[2026-03-04 10:15:06 UTC] PROCESS id=1111 source=raw_docs/ec-604-c-power-electronics-jun-2025_iH9afVN-ocr.pdf target=s3/raw_docs/ec-604-c-power-electronics-jun-2025_iH9afVN-ocr.pdf
[2026-03-04 10:15:06 UTC] PROCESS id=1112 source=raw_docs/ex-601-power-system-2-jun-2025_5zBR9au-ocr.pdf target=s3/raw_docs/ex-601-power-system-2-jun-2025_5zBR9au-ocr.pdf
[2026-03-04 10:15:06 UTC] PROCESS id=1113 source=raw_docs/ex-602-microprocessor-and-microcontroller-jun-2025_234pZ5R-ocr.pdf target=s3/raw_docs/ex-602-microprocessor-and-microcontroller-jun-2025_234pZ5R-ocr.pdf
[2026-03-04 10:15:06 UTC] PROCESS id=1114 source=raw_docs/ex-603-a-utilization-of-electrical-engineering-jun-2025_v6LRiTd-ocr.pdf target=s3/raw_docs/ex-603-a-utilization-of-electrical-engineering-jun-2025_v6LRiTd-ocr.pdf
[2026-03-04 10:15:06 UTC] PROCESS id=1115 source=raw_docs/ex-603-b-energy-conservation-and-management-jun-2025_tArHyNS-ocr.pdf target=s3/raw_docs/ex-603-b-energy-conservation-and-management-jun-2025_tArHyNS-ocr.pdf
[2026-03-04 10:15:06 UTC] PROCESS id=1116 source=raw_docs/ex-604-a-electronic-instrumentation-jun-2025_DfMuV4P-ocr.pdf target=s3/raw_docs/ex-604-a-electronic-instrumentation-jun-2025_DfMuV4P-ocr.pdf
[2026-03-04 10:15:06 UTC] PROCESS id=1117 source=raw_docs/ec-601-digital-signal-processing-dec-2024_69mNWG3-ocr.pdf target=s3/raw_docs/ec-601-digital-signal-processing-dec-2024_69mNWG3-ocr.pdf
[2026-03-04 10:15:06 UTC] PROCESS id=1118 source=raw_docs/ec-601-digital-signal-processing-may-2024_librWES-ocr.pdf target=s3/raw_docs/ec-601-digital-signal-processing-may-2024_librWES-ocr.pdf
[2026-03-04 10:15:06 UTC] PROCESS id=1119 source=raw_docs/ec-602-antenna-and-wave-propagation-dec-2024_YN7vzNO-ocr.pdf target=s3/raw_docs/ec-602-antenna-and-wave-propagation-dec-2024_YN7vzNO-ocr.pdf
[2026-03-04 10:15:06 UTC] PROCESS id=1120 source=raw_docs/ec-602-antenna-and-wave-propagation-may-2024_RWjMwzn-ocr.pdf target=s3/raw_docs/ec-602-antenna-and-wave-propagation-may-2024_RWjMwzn-ocr.pdf
[2026-03-04 10:15:06 UTC] PROCESS id=1121 source=raw_docs/ec-603-a-data-communication-dec-2024_PbHxUBb-ocr.pdf target=s3/raw_docs/ec-603-a-data-communication-dec-2024_PbHxUBb-ocr.pdf
[2026-03-04 10:15:06 UTC] PROCESS id=1122 source=raw_docs/ec-603-c-satellite-communication-may-2024_ZT2NqGX-ocr.pdf target=s3/raw_docs/ec-603-c-satellite-communication-may-2024_ZT2NqGX-ocr.pdf
[2026-03-04 10:15:06 UTC] PROCESS id=1123 source=raw_docs/ec-604-a-microcontroller-and-embedded-system-dec-2024_32Mhvo9-ocr.pdf target=s3/raw_docs/ec-604-a-microcontroller-and-embedded-system-dec-2024_32Mhvo9-ocr.pdf
[2026-03-04 10:15:06 UTC] PROCESS id=1124 source=raw_docs/ec-604-c-power-electronics-dec-2024_GN0KaUQ-ocr.pdf target=s3/raw_docs/ec-604-c-power-electronics-dec-2024_GN0KaUQ-ocr.pdf
[2026-03-04 10:15:06 UTC] PROCESS id=1126 source=raw_docs/ex-601-power-system-2-may-2024_GtepkZX-ocr.pdf target=s3/raw_docs/ex-601-power-system-2-may-2024_GtepkZX-ocr.pdf
[2026-03-04 10:15:06 UTC] PROCESS id=1127 source=raw_docs/ex-602-microprocessor-and-microcontroller-dec-2024_e1YIH97-ocr.pdf target=s3/raw_docs/ex-602-microprocessor-and-microcontroller-dec-2024_e1YIH97-ocr.pdf
[2026-03-04 10:15:06 UTC] PROCESS id=1128 source=raw_docs/ex-602-microprocessor-and-microcontroller-may-2024_WQKDqPs-ocr.pdf target=s3/raw_docs/ex-602-microprocessor-and-microcontroller-may-2024_WQKDqPs-ocr.pdf
[2026-03-04 10:15:06 UTC] PROCESS id=1129 source=raw_docs/ex-603-b-energy-conservation-and-management-dec-2024_CIGgUHv-ocr.pdf target=s3/raw_docs/ex-603-b-energy-conservation-and-management-dec-2024_CIGgUHv-ocr.pdf
[2026-03-04 10:15:06 UTC] PROCESS id=1130 source=raw_docs/ex-603-b-energy-conservation-and-management-may-2024_A6g0B1C-ocr.pdf target=s3/raw_docs/ex-603-b-energy-conservation-and-management-may-2024_A6g0B1C-ocr.pdf
[2026-03-04 10:15:06 UTC] PROCESS id=1131 source=raw_docs/ex-604-a-electronic-instrumentation-dec-2024_Z7Kqrdj-ocr.pdf target=s3/raw_docs/ex-604-a-electronic-instrumentation-dec-2024_Z7Kqrdj-ocr.pdf
[2026-03-04 10:15:06 UTC] PROCESS id=1132 source=raw_docs/ex-604-a-electronic-instrumentation-may-2024_xQKwFwy-ocr.pdf target=s3/raw_docs/ex-604-a-electronic-instrumentation-may-2024_xQKwFwy-ocr.pdf
[2026-03-04 10:15:06 UTC] PROCESS id=1133 source=raw_docs/ec-601-digital-signal-processing-may-2023_5h803Bo-ocr.pdf target=s3/raw_docs/ec-601-digital-signal-processing-may-2023_5h803Bo-ocr.pdf
[2026-03-04 10:15:06 UTC] PROCESS id=1134 source=raw_docs/ec-602-antenna-and-wave-propagation-may-2023_LVduCMV-ocr.pdf target=s3/raw_docs/ec-602-antenna-and-wave-propagation-may-2023_LVduCMV-ocr.pdf
[2026-03-04 10:15:06 UTC] PROCESS id=1135 source=raw_docs/ec-603-a-data-communication-may-2023_ojmuXA5-ocr.pdf target=s3/raw_docs/ec-603-a-data-communication-may-2023_ojmuXA5-ocr.pdf
[2026-03-04 10:15:06 UTC] PROCESS id=1136 source=raw_docs/ec-603-b-cmos-design-may-2023_a3Kx1sM-ocr.pdf target=s3/raw_docs/ec-603-b-cmos-design-may-2023_a3Kx1sM-ocr.pdf
[2026-03-04 10:15:06 UTC] PROCESS id=1137 source=raw_docs/ec-604-a-microcontroller-and-embedded-system-may-2023_GYpjyHk-ocr.pdf target=s3/raw_docs/ec-604-a-microcontroller-and-embedded-system-may-2023_GYpjyHk-ocr.pdf
[2026-03-04 10:15:06 UTC] PROCESS id=1138 source=raw_docs/ec-604-b-bio-medical-electronics-may-2023_J4nigmr-ocr.pdf target=s3/raw_docs/ec-604-b-bio-medical-electronics-may-2023_J4nigmr-ocr.pdf
[2026-03-04 10:15:06 UTC] PROCESS id=1139 source=raw_docs/ec-604-c-power-electronics-may-2023_ips69A6-ocr.pdf target=s3/raw_docs/ec-604-c-power-electronics-may-2023_ips69A6-ocr.pdf
[2026-03-04 10:15:06 UTC] PROCESS id=1140 source=raw_docs/ex-602-microprocessor-and-microcontroller-may-2023_9bXEFMt-ocr.pdf target=s3/raw_docs/ex-602-microprocessor-and-microcontroller-may-2023_9bXEFMt-ocr.pdf
[2026-03-04 10:15:06 UTC] PROCESS id=1141 source=raw_docs/ex-603-b-energy-conservation-and-management-may-2023_3qmeUT3-ocr.pdf target=s3/raw_docs/ex-603-b-energy-conservation-and-management-may-2023_3qmeUT3-ocr.pdf
[2026-03-04 10:15:06 UTC] PROCESS id=1142 source=raw_docs/ex-604-a-electronic-instrumentation-may-2023_N4GiEO9-ocr.pdf target=s3/raw_docs/ex-604-a-electronic-instrumentation-may-2023_N4GiEO9-ocr.pdf
[2026-03-04 10:15:06 UTC] PROCESS id=1143 source=raw_docs/ec-601-digital-signal-processing-may-2022_5vqAjGe-ocr.pdf target=s3/raw_docs/ec-601-digital-signal-processing-may-2022_5vqAjGe-ocr.pdf
[2026-03-04 10:15:06 UTC] PROCESS id=1144 source=raw_docs/ec-602-antenna-and-wave-propagation-may-2022_Y8njC8t-ocr.pdf target=s3/raw_docs/ec-602-antenna-and-wave-propagation-may-2022_Y8njC8t-ocr.pdf
[2026-03-04 10:15:06 UTC] PROCESS id=1145 source=raw_docs/ec-603-a-data-communication-may-2022_sInarhW-ocr.pdf target=s3/raw_docs/ec-603-a-data-communication-may-2022_sInarhW-ocr.pdf
[2026-03-04 10:15:06 UTC] PROCESS id=1146 source=raw_docs/ec-604-a-microcontroller-and-embedded-system-may-2022_6HKODYu-ocr.pdf target=s3/raw_docs/ec-604-a-microcontroller-and-embedded-system-may-2022_6HKODYu-ocr.pdf
[2026-03-04 10:15:06 UTC] PROCESS id=1147 source=raw_docs/ec-604-b-bio-medical-electronics-may-2022_MisPaao-ocr.pdf target=s3/raw_docs/ec-604-b-bio-medical-electronics-may-2022_MisPaao-ocr.pdf
[2026-03-04 10:15:06 UTC] PROCESS id=1149 source=raw_docs/ex-602-microprocessor-and-microcontroller-may-2022_yIUqxA4-ocr.pdf target=s3/raw_docs/ex-602-microprocessor-and-microcontroller-may-2022_yIUqxA4-ocr.pdf
[2026-03-04 10:15:06 UTC] PROCESS id=1150 source=raw_docs/ex-603-a-utilization-of-electrical-engineering-may-2022_tDNA8gl-ocr.pdf target=s3/raw_docs/ex-603-a-utilization-of-electrical-engineering-may-2022_tDNA8gl-ocr.pdf
[2026-03-04 10:15:06 UTC] PROCESS id=1151 source=raw_docs/ex-604-a-electronic-instrumentation-may-2022_K2AHoRQ-ocr.pdf target=s3/raw_docs/ex-604-a-electronic-instrumentation-may-2022_K2AHoRQ-ocr.pdf
[2026-03-04 10:15:06 UTC] PROCESS id=1152 source=raw_docs/ec-701-vlsi-design-dec-2025_CdbJHht-ocr.pdf target=s3/raw_docs/ec-701-vlsi-design-dec-2025_CdbJHht-ocr.pdf
[2026-03-04 10:15:06 UTC] PROCESS id=1153 source=raw_docs/ec-701-vlsi-design-jun-2025_zt3Ub3O-ocr.pdf target=s3/raw_docs/ec-701-vlsi-design-jun-2025_zt3Ub3O-ocr.pdf
[2026-03-04 10:15:06 UTC] PROCESS id=1154 source=raw_docs/ec-702-a-microwave-engineering-dec-2025_hOdyRCo-ocr.pdf target=s3/raw_docs/ec-702-a-microwave-engineering-dec-2025_hOdyRCo-ocr.pdf
[2026-03-04 10:15:06 UTC] PROCESS id=1155 source=raw_docs/ec-703-a-cellular-mobile-communication-jun-2025_wFqDng6-ocr.pdf target=s3/raw_docs/ec-703-a-cellular-mobile-communication-jun-2025_wFqDng6-ocr.pdf
[2026-03-04 10:15:06 UTC] PROCESS id=1156 source=raw_docs/ec-703-b-internet-of-things-iot-jun-2025_8PdIyls-ocr.pdf target=s3/raw_docs/ec-703-b-internet-of-things-iot-jun-2025_8PdIyls-ocr.pdf
[2026-03-04 10:15:06 UTC] PROCESS id=1157 source=raw_docs/ex-701-powar-system-protection-dec-2025_zhCla1R-ocr.pdf target=s3/raw_docs/ex-701-powar-system-protection-dec-2025_zhCla1R-ocr.pdf
[2026-03-04 10:15:06 UTC] PROCESS id=1158 source=raw_docs/ex-701-power-system-protection-jun-2025_beWW7p5-ocr.pdf target=s3/raw_docs/ex-701-power-system-protection-jun-2025_beWW7p5-ocr.pdf
[2026-03-04 10:15:06 UTC] PROCESS id=1159 source=raw_docs/ex-702-c-high-voltage-engineering-dec-2025_8kL6kps-ocr.pdf target=s3/raw_docs/ex-702-c-high-voltage-engineering-dec-2025_8kL6kps-ocr.pdf
[2026-03-04 10:15:06 UTC] PROCESS id=1160 source=raw_docs/ex-703-b-energy-audit-and-management-jun-2025_4rammR0-ocr.pdf target=s3/raw_docs/ex-703-b-energy-audit-and-management-jun-2025_4rammR0-ocr.pdf
[2026-03-04 10:15:06 UTC] PROCESS id=1161 source=raw_docs/ec-701-vlsi-design-dec-2024_ckv6B4C-ocr.pdf target=s3/raw_docs/ec-701-vlsi-design-dec-2024_ckv6B4C-ocr.pdf
[2026-03-04 10:15:06 UTC] PROCESS id=1162 source=raw_docs/ec-702-a-microwave-engineering-dec-2024_kRJnF39-ocr.pdf target=s3/raw_docs/ec-702-a-microwave-engineering-dec-2024_kRJnF39-ocr.pdf
[2026-03-04 10:15:06 UTC] PROCESS id=1163 source=raw_docs/ec-703-a-cellular-mobile-communication-dec-2024_suXyFUD-ocr.pdf target=s3/raw_docs/ec-703-a-cellular-mobile-communication-dec-2024_suXyFUD-ocr.pdf
[2026-03-04 10:15:06 UTC] PROCESS id=1164 source=raw_docs/ec-703-b-internet-of-things-iot-dec-2024_HM1a2S3-ocr.pdf target=s3/raw_docs/ec-703-b-internet-of-things-iot-dec-2024_HM1a2S3-ocr.pdf
[2026-03-04 10:15:06 UTC] PROCESS id=1165 source=raw_docs/ex-701-power-system-protection-dec-2024_xvjiNfR-ocr.pdf target=s3/raw_docs/ex-701-power-system-protection-dec-2024_xvjiNfR-ocr.pdf
[2026-03-04 10:15:06 UTC] PROCESS id=1166 source=raw_docs/ex-702-b-hvdc-and-facts-dec-2024_x4OoYCT-ocr.pdf target=s3/raw_docs/ex-702-b-hvdc-and-facts-dec-2024_x4OoYCT-ocr.pdf
[2026-03-04 10:15:06 UTC] PROCESS id=1167 source=raw_docs/ex-703-b-energy-audit-and-management-dec-2024_Pzf7CGV-ocr.pdf target=s3/raw_docs/ex-703-b-energy-audit-and-management-dec-2024_Pzf7CGV-ocr.pdf
[2026-03-04 10:15:06 UTC] PROCESS id=1168 source=raw_docs/ec-701-vlsi-design-nov-2023_EZZrF0B-ocr.pdf target=s3/raw_docs/ec-701-vlsi-design-nov-2023_EZZrF0B-ocr.pdf
[2026-03-04 10:15:06 UTC] PROCESS id=1169 source=raw_docs/ec-702-a-microwave-engineering-nov-2023_GnLlwbt-ocr.pdf target=s3/raw_docs/ec-702-a-microwave-engineering-nov-2023_GnLlwbt-ocr.pdf
[2026-03-04 10:15:06 UTC] PROCESS id=1170 source=raw_docs/ec-702-b-information-theory-and-coding-nov-2023_yvDJT9M-ocr.pdf target=s3/raw_docs/ec-702-b-information-theory-and-coding-nov-2023_yvDJT9M-ocr.pdf
[2026-03-04 10:15:06 UTC] PROCESS id=1171 source=raw_docs/ec-703-b-internet-of-things-nov-2023_OjsLL1f-ocr.pdf target=s3/raw_docs/ec-703-b-internet-of-things-nov-2023_OjsLL1f-ocr.pdf
[2026-03-04 10:15:06 UTC] PROCESS id=1172 source=raw_docs/ec-703-c-probability-theory-and-stochastic-processor-nov-2023_Aokj4Sx-ocr.pdf target=s3/raw_docs/ec-703-c-probability-theory-and-stochastic-processor-nov-2023_Aokj4Sx-ocr.pdf
[2026-03-04 10:15:06 UTC] PROCESS id=1173 source=raw_docs/ex-701-power-system-protection-nov-2023_i3AFNRE-ocr.pdf target=s3/raw_docs/ex-701-power-system-protection-nov-2023_i3AFNRE-ocr.pdf
[2026-03-04 10:15:06 UTC] PROCESS id=1174 source=raw_docs/ex-702-c-high-voltage-engineering-nov-2023_pT7h8jr-ocr.pdf target=s3/raw_docs/ex-702-c-high-voltage-engineering-nov-2023_pT7h8jr-ocr.pdf
[2026-03-04 10:15:06 UTC] PROCESS id=1175 source=raw_docs/ex-703-c-digital-signal-processing-nov-2023_AbthiEv-ocr.pdf target=s3/raw_docs/ex-703-c-digital-signal-processing-nov-2023_AbthiEv-ocr.pdf
[2026-03-04 10:15:06 UTC] PROCESS id=1176 source=raw_docs/ee-701-electrical-drives-nov-2022_X3MyG2O-ocr.pdf target=s3/raw_docs/ee-701-electrical-drives-nov-2022_X3MyG2O-ocr.pdf
[2026-03-04 10:15:06 UTC] PROCESS id=1177 source=raw_docs/ex-701-power-system-protection-nov-2022_R6VR6jQ-ocr.pdf target=s3/raw_docs/ex-701-power-system-protection-nov-2022_R6VR6jQ-ocr.pdf
[2026-03-04 10:15:06 UTC] PROCESS id=1178 source=raw_docs/ex-703-energy-audit-and-management-nov-2022_Pg3naQP-ocr.pdf target=s3/raw_docs/ex-703-energy-audit-and-management-nov-2022_Pg3naQP-ocr.pdf
[2026-03-04 10:15:06 UTC] PROCESS id=1179 source=raw_docs/ec-801-optical-fiber-communication-jun-2025_vYFCrlf-ocr.pdf target=s3/raw_docs/ec-801-optical-fiber-communication-jun-2025_vYFCrlf-ocr.pdf
[2026-03-04 10:15:06 UTC] PROCESS id=1180 source=raw_docs/ec-802-b-wireless-communications-jun-2025_QVTqXHE-ocr.pdf target=s3/raw_docs/ec-802-b-wireless-communications-jun-2025_QVTqXHE-ocr.pdf
[2026-03-04 10:15:06 UTC] PROCESS id=1181 source=raw_docs/ec-803-a-wireless-networks-jun-2025_shzkN0C-ocr.pdf target=s3/raw_docs/ec-803-a-wireless-networks-jun-2025_shzkN0C-ocr.pdf
[2026-03-04 10:15:06 UTC] PROCESS id=1182 source=raw_docs/ee-ex-802-b-special-machine-jun-2025_48vhqsV-ocr.pdf target=s3/raw_docs/ee-ex-802-b-special-machine-jun-2025_48vhqsV-ocr.pdf
[2026-03-04 10:15:06 UTC] PROCESS id=1183 source=raw_docs/ex-801-electrical-drives-jun-2025_Satq0Nx-ocr.pdf target=s3/raw_docs/ex-801-electrical-drives-jun-2025_Satq0Nx-ocr.pdf
[2026-03-04 10:15:06 UTC] PROCESS id=1184 source=raw_docs/ex-802-a-power-quality-problems-and-mitigation-techniques-jun-2025_RgsZgEW-ocr.pdf target=s3/raw_docs/ex-802-a-power-quality-problems-and-mitigation-techniques-jun-2025_RgsZgEW-ocr.pdf
[2026-03-04 10:15:06 UTC] PROCESS id=1185 source=raw_docs/ex-803-b-environmental-issues-policy-standards-and-regulations-jun-2025_s9Afk67-ocr.pdf target=s3/raw_docs/ex-803-b-environmental-issues-policy-standards-and-regulations-jun-2025_s9Afk67-ocr.pdf
[2026-03-04 10:15:06 UTC] PROCESS id=1186 source=raw_docs/ec-801-optical-fiber-communication-may-2024_ErWoEID-ocr.pdf target=s3/raw_docs/ec-801-optical-fiber-communication-may-2024_ErWoEID-ocr.pdf
[2026-03-04 10:15:06 UTC] PROCESS id=1187 source=raw_docs/ec-802-b-wireless-communications-may-2024_qvuAboo-ocr.pdf target=s3/raw_docs/ec-802-b-wireless-communications-may-2024_qvuAboo-ocr.pdf
[2026-03-04 10:15:06 UTC] PROCESS id=1188 source=raw_docs/ec-803-a-wireless-networks-may-2024_npoP9Zu-ocr.pdf target=s3/raw_docs/ec-803-a-wireless-networks-may-2024_npoP9Zu-ocr.pdf
[2026-03-04 10:15:06 UTC] PROCESS id=1189 source=raw_docs/ee-ex-802-b-special-machine-may-2024_z9D8eNf-ocr.pdf target=s3/raw_docs/ee-ex-802-b-special-machine-may-2024_z9D8eNf-ocr.pdf
[2026-03-04 10:15:06 UTC] PROCESS id=1190 source=raw_docs/ex-801-electrical-drives-may-2024_XhWmt3W-ocr.pdf target=s3/raw_docs/ex-801-electrical-drives-may-2024_XhWmt3W-ocr.pdf
[2026-03-04 10:15:06 UTC] PROCESS id=1191 source=raw_docs/ec-801-optical-fiber-communication-may-2023_Dt00pHQ-ocr.pdf target=s3/raw_docs/ec-801-optical-fiber-communication-may-2023_Dt00pHQ-ocr.pdf
[2026-03-04 10:15:06 UTC] PROCESS id=1192 source=raw_docs/ec-802-a-ai-and-signal-processing-may-2023_yweiL6a-ocr.pdf target=s3/raw_docs/ec-802-a-ai-and-signal-processing-may-2023_yweiL6a-ocr.pdf
[2026-03-04 10:15:06 UTC] PROCESS id=1193 source=raw_docs/ec-803-a-wireless-networks-may-2023_yiYumoZ-ocr.pdf target=s3/raw_docs/ec-803-a-wireless-networks-may-2023_yiYumoZ-ocr.pdf
[2026-03-04 10:15:06 UTC] PROCESS id=1194 source=raw_docs/ee-ex-802-b-special-machine-may-2023_KJaLOil-ocr.pdf target=s3/raw_docs/ee-ex-802-b-special-machine-may-2023_KJaLOil-ocr.pdf
[2026-03-04 10:15:06 UTC] PROCESS id=1195 source=raw_docs/ex-801-electrical-drives-may-2023_jy9gPOv-ocr.pdf target=s3/raw_docs/ex-801-electrical-drives-may-2023_jy9gPOv-ocr.pdf
[2026-03-04 10:15:06 UTC] PROCESS id=1196 source=raw_docs/ex-802-a-power-quality-problems-and-mitigation-techniques-may-2023_XB2XKQm-ocr.pdf target=s3/raw_docs/ex-802-a-power-quality-problems-and-mitigation-techniques-may-2023_XB2XKQm-ocr.pdf
[2026-03-04 10:15:06 UTC] PROCESS id=1197 source=raw_docs/ex-802-d-application-of-ai-in-electrical-may-2023_8eAFm9q-ocr.pdf target=s3/raw_docs/ex-802-d-application-of-ai-in-electrical-may-2023_8eAFm9q-ocr.pdf
[2026-03-04 10:15:06 UTC] PROCESS id=1198 source=raw_docs/ex-803-a-utilization-of-electrical-engineering-may-2023_qejC1VJ-ocr.pdf target=s3/raw_docs/ex-803-a-utilization-of-electrical-engineering-may-2023_qejC1VJ-ocr.pdf
[2026-03-04 10:15:06 UTC] PROCESS id=1199 source=raw_docs/ex-803-b-environmental-issues-policy-standards-and-regulations-may-2023_Fal4SHX-ocr.pdf target=s3/raw_docs/ex-803-b-environmental-issues-policy-standards-and-regulations-may-2023_Fal4SHX-ocr.pdf
[2026-03-04 10:15:06 UTC] PROCESS id=1200 source=raw_docs/ex-803-c-vlsi-circuits-and-systems-may-2023_J9nD6yL-ocr.pdf target=s3/raw_docs/ex-803-c-vlsi-circuits-and-systems-may-2023_J9nD6yL-ocr.pdf
[2026-03-04 10:15:06 UTC] PROCESS id=1201 source=raw_docs/ec-801-optical-fiber-communication-may-2022_D2aT7h5-ocr.pdf target=s3/raw_docs/ec-801-optical-fiber-communication-may-2022_D2aT7h5-ocr.pdf
[2026-03-04 10:15:06 UTC] PROCESS id=1202 source=raw_docs/ec-802-b-wireless-communications-may-2022_x5AiVJb-ocr.pdf target=s3/raw_docs/ec-802-b-wireless-communications-may-2022_x5AiVJb-ocr.pdf
[2026-03-04 10:15:06 UTC] PROCESS id=1203 source=raw_docs/ec-803-a-wireless-networks-may-2022_6rEA13u-ocr.pdf target=s3/raw_docs/ec-803-a-wireless-networks-may-2022_6rEA13u-ocr.pdf
[2026-03-04 10:15:06 UTC] PROCESS id=1204 source=raw_docs/ee-ex-802-b-special-machine-may-2022_18bxqez-ocr.pdf target=s3/raw_docs/ee-ex-802-b-special-machine-may-2022_18bxqez-ocr.pdf
[2026-03-04 10:15:06 UTC] PROCESS id=1205 source=raw_docs/ex-801-electrical-drives-may-2022_ow8ldhL-ocr.pdf target=s3/raw_docs/ex-801-electrical-drives-may-2022_ow8ldhL-ocr.pdf
[2026-03-04 10:15:06 UTC] PROCESS id=1206 source=raw_docs/ex-803-b-environmental-issues-policy-standards-and-regulations-may-2022_3VLWCEB-ocr.pdf target=s3/raw_docs/ex-803-b-environmental-issues-policy-standards-and-regulations-may-2022_3VLWCEB-ocr.pdf
[2026-03-04 10:15:06 UTC] PROCESS id=1207 source=raw_docs/ag-it-305-digital-circuits-and-systems-dec-2024_PIZSlRL-ocr.pdf target=s3/raw_docs/ag-it-305-digital-circuits-and-systems-dec-2024_PIZSlRL-ocr.pdf
[2026-03-04 10:15:06 UTC] PROCESS id=1208 source=raw_docs/it-305-digital-circuits-and-systems-jun-2023_Dha9Hsr-ocr.pdf target=s3/raw_docs/it-305-digital-circuits-and-systems-jun-2023_Dha9Hsr-ocr.pdf
[2026-03-04 10:15:06 UTC] PROCESS id=1209 source=raw_docs/it-404-analog-and-digital-communication-jun-2025_NbIUOUZ-ocr.pdf target=s3/raw_docs/it-404-analog-and-digital-communication-jun-2025_NbIUOUZ-ocr.pdf
[2026-03-04 10:15:06 UTC] PROCESS id=1212 source=raw_docs/it-404-analog-and-digital-communication-jun-2022_i5PDOFM-ocr.pdf target=s3/raw_docs/it-404-analog-and-digital-communication-jun-2022_i5PDOFM-ocr.pdf
[2026-03-04 10:15:06 UTC] PROCESS id=1213 source=raw_docs/it-501-operating-system-dec-2025_AZjnHoi-ocr.pdf target=s3/raw_docs/it-501-operating-system-dec-2025_AZjnHoi-ocr.pdf
[2026-03-04 10:15:06 UTC] PROCESS id=1214 source=raw_docs/it-503-c-object-oriented-analysis-and-design-dec-2024_DlfR4dC-ocr.pdf target=s3/raw_docs/it-503-c-object-oriented-analysis-and-design-dec-2024_DlfR4dC-ocr.pdf
[2026-03-04 10:15:06 UTC] PROCESS id=1215 source=raw_docs/it-504-c-java-programming-dec-2024_fOTZqiL-ocr.pdf target=s3/raw_docs/it-504-c-java-programming-dec-2024_fOTZqiL-ocr.pdf
[2026-03-04 10:15:06 UTC] PROCESS id=1216 source=raw_docs/it-501-operating-system-nov-2022_jwZB4Kx-ocr.pdf target=s3/raw_docs/it-501-operating-system-nov-2022_jwZB4Kx-ocr.pdf
[2026-03-04 10:15:06 UTC] PROCESS id=1217 source=raw_docs/it-502-computer-networks-nov-2022_cfO0kN2-ocr.pdf target=s3/raw_docs/it-502-computer-networks-nov-2022_cfO0kN2-ocr.pdf
[2026-03-04 10:15:06 UTC] PROCESS id=1218 source=raw_docs/it-504-c-java-programming-nov-2022_PJErm83-ocr.pdf target=s3/raw_docs/it-504-c-java-programming-nov-2022_PJErm83-ocr.pdf
[2026-03-04 10:15:06 UTC] PROCESS id=1219 source=raw_docs/it-601-computer-graphics-and-multimedia-jun-2025_ryLrSdK-ocr.pdf target=s3/raw_docs/it-601-computer-graphics-and-multimedia-jun-2025_ryLrSdK-ocr.pdf
[2026-03-04 10:15:06 UTC] PROCESS id=1220 source=raw_docs/it-602-wireless-and-mobile-computing-jun-2025_ryeGKzj-ocr.pdf target=s3/raw_docs/it-602-wireless-and-mobile-computing-jun-2025_ryeGKzj-ocr.pdf
[2026-03-04 10:15:06 UTC] PROCESS id=1221 source=raw_docs/it-603-a-compiler-design-jun-2025_HQgbdTj-ocr.pdf target=s3/raw_docs/it-603-a-compiler-design-jun-2025_HQgbdTj-ocr.pdf
[2026-03-04 10:15:06 UTC] PROCESS id=1222 source=raw_docs/it-603-b-data-mining-jun-2025_f2wYUrg-ocr.pdf target=s3/raw_docs/it-603-b-data-mining-jun-2025_f2wYUrg-ocr.pdf
[2026-03-04 10:15:06 UTC] PROCESS id=1223 source=raw_docs/it-604-b-software-engineering-jun-2025_v5XsVTH-ocr.pdf target=s3/raw_docs/it-604-b-software-engineering-jun-2025_v5XsVTH-ocr.pdf
[2026-03-04 10:15:06 UTC] PROCESS id=1224 source=raw_docs/it-601-computer-graphics-and-multimedia-may-2024_6ZOZaBM-ocr.pdf target=s3/raw_docs/it-601-computer-graphics-and-multimedia-may-2024_6ZOZaBM-ocr.pdf
[2026-03-04 10:15:06 UTC] PROCESS id=1225 source=raw_docs/it-602-wireless-and-mobile-computing-may-2023_wHlxqkv-ocr.pdf target=s3/raw_docs/it-602-wireless-and-mobile-computing-may-2023_wHlxqkv-ocr.pdf
[2026-03-04 10:15:06 UTC] PROCESS id=1226 source=raw_docs/it-603-a-compiler-design-may-2023_sTD6KOV-ocr.pdf target=s3/raw_docs/it-603-a-compiler-design-may-2023_sTD6KOV-ocr.pdf
[2026-03-04 10:15:06 UTC] PROCESS id=1227 source=raw_docs/it-604-b-software-engineering-may-2022_vuSKCqP-ocr.pdf target=s3/raw_docs/it-604-b-software-engineering-may-2022_vuSKCqP-ocr.pdf
[2026-03-04 10:15:06 UTC] PROCESS id=1228 source=raw_docs/it-702-a-grading-system-nov-2023_HY0MCoj-ocr.pdf target=s3/raw_docs/it-702-a-grading-system-nov-2023_HY0MCoj-ocr.pdf
[2026-03-04 10:15:06 UTC] PROCESS id=1229 source=raw_docs/it-702-b-cloud-computing-nov-2023_Tlebvmp-ocr.pdf target=s3/raw_docs/it-702-b-cloud-computing-nov-2023_Tlebvmp-ocr.pdf
[2026-03-04 10:15:06 UTC] PROCESS id=1230 source=raw_docs/it-702-c-simulation-and-modeling-nov-2023_Sp0RzrS-ocr.pdf target=s3/raw_docs/it-702-c-simulation-and-modeling-nov-2023_Sp0RzrS-ocr.pdf
[2026-03-04 10:15:06 UTC] PROCESS id=1231 source=raw_docs/it-702-d-augmented-and-virtual-reality-nov-2023_KBKiQW0-ocr.pdf target=s3/raw_docs/it-702-d-augmented-and-virtual-reality-nov-2023_KBKiQW0-ocr.pdf
[2026-03-04 10:15:06 UTC] PROCESS id=1232 source=raw_docs/it-703-c-social-networks-nov-2023_1BlXcWj-ocr.pdf target=s3/raw_docs/it-703-c-social-networks-nov-2023_1BlXcWj-ocr.pdf
[2026-03-04 10:15:06 UTC] PROCESS id=1233 source=raw_docs/it-703-d-digital-image-processing-nov-2023_TnSeqgk-ocr.pdf target=s3/raw_docs/it-703-d-digital-image-processing-nov-2023_TnSeqgk-ocr.pdf
[2026-03-04 10:15:06 UTC] PROCESS id=1234 source=raw_docs/it-802-a-machine-learning-jun-2025_fNhQ2dM-ocr.pdf target=s3/raw_docs/it-802-a-machine-learning-jun-2025_fNhQ2dM-ocr.pdf
[2026-03-04 10:15:06 UTC] PROCESS id=1235 source=raw_docs/it-803-a-blockchain-technology-jun-2025_VdeNKzD-ocr.pdf target=s3/raw_docs/it-803-a-blockchain-technology-jun-2025_VdeNKzD-ocr.pdf
[2026-03-04 10:15:06 UTC] PROCESS id=1236 source=raw_docs/it-803-d-parallel-computing-jun-2025_LeLBYvG-ocr.pdf target=s3/raw_docs/it-803-d-parallel-computing-jun-2025_LeLBYvG-ocr.pdf
[2026-03-04 10:15:06 UTC] PROCESS id=1237 source=raw_docs/it-801-information-security-may-2024_N994ryb-ocr.pdf target=s3/raw_docs/it-801-information-security-may-2024_N994ryb-ocr.pdf
[2026-03-04 10:15:06 UTC] PROCESS id=1238 source=raw_docs/it-801-information-security-may-2023_XOYrcSY-ocr.pdf target=s3/raw_docs/it-801-information-security-may-2023_XOYrcSY-ocr.pdf
[2026-03-04 10:15:06 UTC] PROCESS id=1239 source=raw_docs/it-802-a-machine-learning-may-2023_lMtyleA-ocr.pdf target=s3/raw_docs/it-802-a-machine-learning-may-2023_lMtyleA-ocr.pdf
[2026-03-04 10:15:06 UTC] PROCESS id=1240 source=raw_docs/it-803-a-blockchain-technology-may-2023_lza0XCO-ocr.pdf target=s3/raw_docs/it-803-a-blockchain-technology-may-2023_lza0XCO-ocr.pdf
[2026-03-04 10:15:06 UTC] PROCESS id=1241 source=raw_docs/me-501-internal-combustion-engines-jun-2025_qtriP5K-ocr.pdf target=s3/raw_docs/me-501-internal-combustion-engines-jun-2025_qtriP5K-ocr.pdf
[2026-03-04 10:15:06 UTC] PROCESS id=1242 source=raw_docs/me-502-mechanical-vibration-jun-2025_GbpLc8x-ocr.pdf target=s3/raw_docs/me-502-mechanical-vibration-jun-2025_GbpLc8x-ocr.pdf
[2026-03-04 10:15:06 UTC] PROCESS id=1243 source=raw_docs/me-503-b-dynamics-of-machine-jun-2025_HCzNw9g-ocr.pdf target=s3/raw_docs/me-503-b-dynamics-of-machine-jun-2025_HCzNw9g-ocr.pdf
[2026-03-04 10:15:06 UTC] PROCESS id=1244 source=raw_docs/me-504-a-industrial-engineering-and-ergonomics-jun-2025_h6m9k3P-ocr.pdf target=s3/raw_docs/me-504-a-industrial-engineering-and-ergonomics-jun-2025_h6m9k3P-ocr.pdf
[2026-03-04 10:15:06 UTC] PROCESS id=1245 source=raw_docs/me-501-internal-combustion-engines-may-2024_9ly6W6P-ocr.pdf target=s3/raw_docs/me-501-internal-combustion-engines-may-2024_9ly6W6P-ocr.pdf
[2026-03-04 10:15:06 UTC] PROCESS id=1246 source=raw_docs/me-502-mechanical-vibration-may-2024_zxjv60b-ocr.pdf target=s3/raw_docs/me-502-mechanical-vibration-may-2024_zxjv60b-ocr.pdf
[2026-03-04 10:15:06 UTC] PROCESS id=1247 source=raw_docs/me-503-b-dynamics-of-machine-may-2024_uIW58ii-ocr.pdf target=s3/raw_docs/me-503-b-dynamics-of-machine-may-2024_uIW58ii-ocr.pdf
[2026-03-04 10:15:06 UTC] PROCESS id=1248 source=raw_docs/me-504-a-industrial-engineering-and-ergonomics-may-2024_O9p5MAz-ocr.pdf target=s3/raw_docs/me-504-a-industrial-engineering-and-ergonomics-may-2024_O9p5MAz-ocr.pdf
[2026-03-04 10:15:06 UTC] PROCESS id=1249 source=raw_docs/me-501-internal-combustion-engines-nov-2023_O6gKM6Y-ocr.pdf target=s3/raw_docs/me-501-internal-combustion-engines-nov-2023_O6gKM6Y-ocr.pdf
[2026-03-04 10:15:06 UTC] PROCESS id=1250 source=raw_docs/me-502-mechanical-vibration-nov-2023_xv3mSBt-ocr.pdf target=s3/raw_docs/me-502-mechanical-vibration-nov-2023_xv3mSBt-ocr.pdf
[2026-03-04 10:15:06 UTC] PROCESS id=1251 source=raw_docs/me-503-b-dynamics-of-machine-nov-2023_bazG4gW-ocr.pdf target=s3/raw_docs/me-503-b-dynamics-of-machine-nov-2023_bazG4gW-ocr.pdf
[2026-03-04 10:15:06 UTC] PROCESS id=1252 source=raw_docs/me-504-a-industrial-engineering-and-ergonomics-nov-2023_gV93jum-ocr.pdf target=s3/raw_docs/me-504-a-industrial-engineering-and-ergonomics-nov-2023_gV93jum-ocr.pdf
[2026-03-04 10:15:06 UTC] PROCESS id=1253 source=raw_docs/me-501-internal-combustion-engines-nov-2022_3yciQWh-ocr.pdf target=s3/raw_docs/me-501-internal-combustion-engines-nov-2022_3yciQWh-ocr.pdf
[2026-03-04 10:15:06 UTC] PROCESS id=1254 source=raw_docs/me-502-mechanical-vibration-nov-2022_fZutkYm-ocr.pdf target=s3/raw_docs/me-502-mechanical-vibration-nov-2022_fZutkYm-ocr.pdf
[2026-03-04 10:15:06 UTC] PROCESS id=1255 source=raw_docs/me-503-b-dynamics-of-machine-nov-2022_pIcHP4I-ocr.pdf target=s3/raw_docs/me-503-b-dynamics-of-machine-nov-2022_pIcHP4I-ocr.pdf
[2026-03-04 10:15:06 UTC] PROCESS id=1256 source=raw_docs/me-601-thermal-engineering-and-gas-dynamics-jun-2025_9FLez0J-ocr.pdf target=s3/raw_docs/me-601-thermal-engineering-and-gas-dynamics-jun-2025_9FLez0J-ocr.pdf
[2026-03-04 10:15:06 UTC] PROCESS id=1257 source=raw_docs/me-602-machine-component-design-jun-2025_kFIQvPU-ocr.pdf target=s3/raw_docs/me-602-machine-component-design-jun-2025_kFIQvPU-ocr.pdf
[2026-03-04 10:15:06 UTC] PROCESS id=1258 source=raw_docs/me-603-a-turbomachinery-jun-2025_xRobLaa-ocr.pdf target=s3/raw_docs/me-603-a-turbomachinery-jun-2025_xRobLaa-ocr.pdf
[2026-03-04 10:15:06 UTC] PROCESS id=1259 source=raw_docs/me-603-c-product-design-jun-2025_2aZATME-ocr.pdf target=s3/raw_docs/me-603-c-product-design-jun-2025_2aZATME-ocr.pdf
[2026-03-04 10:15:06 UTC] PROCESS id=1260 source=raw_docs/me-601-thermal-engineering-and-gas-dynamics-may-2024_3oTnDPq-ocr.pdf target=s3/raw_docs/me-601-thermal-engineering-and-gas-dynamics-may-2024_3oTnDPq-ocr.pdf
[2026-03-04 10:15:06 UTC] PROCESS id=1261 source=raw_docs/me-602-machine-component-design-may-2024_8bUXsmD-ocr.pdf target=s3/raw_docs/me-602-machine-component-design-may-2024_8bUXsmD-ocr.pdf
[2026-03-04 10:15:06 UTC] PROCESS id=1262 source=raw_docs/me-603-a-turbo-machinery-may-2024_I768IJS-ocr.pdf target=s3/raw_docs/me-603-a-turbo-machinery-may-2024_I768IJS-ocr.pdf
[2026-03-04 10:15:06 UTC] PROCESS id=1263 source=raw_docs/me-603-c-product-design-may-2024_r4WEjIW-ocr.pdf target=s3/raw_docs/me-603-c-product-design-may-2024_r4WEjIW-ocr.pdf
[2026-03-04 10:15:06 UTC] PROCESS id=1264 source=raw_docs/me-601-thermal-engineering-and-gas-dynamics-may-2023_Z9WlJV2-ocr.pdf target=s3/raw_docs/me-601-thermal-engineering-and-gas-dynamics-may-2023_Z9WlJV2-ocr.pdf
[2026-03-04 10:15:06 UTC] PROCESS id=1265 source=raw_docs/me-602-machine-component-design-may-2023_u2IfZ8i-ocr.pdf target=s3/raw_docs/me-602-machine-component-design-may-2023_u2IfZ8i-ocr.pdf
[2026-03-04 10:15:06 UTC] PROCESS id=1266 source=raw_docs/me-603-a-turbo-machinery-may-2023_l0ns3Yn-ocr.pdf target=s3/raw_docs/me-603-a-turbo-machinery-may-2023_l0ns3Yn-ocr.pdf
[2026-03-04 10:15:06 UTC] PROCESS id=1267 source=raw_docs/me-603-c-product-design-nov-2023_s8qvFJb-ocr.pdf target=s3/raw_docs/me-603-c-product-design-nov-2023_s8qvFJb-ocr.pdf
[2026-03-04 10:15:06 UTC] PROCESS id=1268 source=raw_docs/me-601-thermal-engineering-and-gas-dynamics-may-2022_WEd0X0a-ocr.pdf target=s3/raw_docs/me-601-thermal-engineering-and-gas-dynamics-may-2022_WEd0X0a-ocr.pdf
[2026-03-04 10:15:06 UTC] PROCESS id=1269 source=raw_docs/me-602-machine-component-design-may-2022_DDDVsf6-ocr.pdf target=s3/raw_docs/me-602-machine-component-design-may-2022_DDDVsf6-ocr.pdf
[2026-03-04 10:15:06 UTC] PROCESS id=1270 source=raw_docs/me-603-a-turbo-machinery-may-2022_wcKPS3c-ocr.pdf target=s3/raw_docs/me-603-a-turbo-machinery-may-2022_wcKPS3c-ocr.pdf
[2026-03-04 10:15:06 UTC] PROCESS id=1271 source=raw_docs/me-603-c-product-design-may-2022_V9vadQ2-ocr.pdf target=s3/raw_docs/me-603-c-product-design-may-2022_V9vadQ2-ocr.pdf
[2026-03-04 10:15:06 UTC] PROCESS id=1272 source=raw_docs/me-604-b-optimization-techniques-may-2022_OZ3oBk1-ocr.pdf target=s3/raw_docs/me-604-b-optimization-techniques-may-2022_OZ3oBk1-ocr.pdf
[2026-03-04 10:15:06 UTC] PROCESS id=1273 source=raw_docs/me-701-heat-and-mass-transfer-dec-2025_ubjwhUD-ocr.pdf target=s3/raw_docs/me-701-heat-and-mass-transfer-dec-2025_ubjwhUD-ocr.pdf
[2026-03-04 10:15:06 UTC] PROCESS id=1274 source=raw_docs/me-701-heat-and-mass-transfer-jun-2025_7JLgicU-ocr.pdf target=s3/raw_docs/me-701-heat-and-mass-transfer-jun-2025_7JLgicU-ocr.pdf
[2026-03-04 10:15:06 UTC] PROCESS id=1275 source=raw_docs/me-702-c-power-plant-engineering-dec-2025_fgppPTy-ocr.pdf target=s3/raw_docs/me-702-c-power-plant-engineering-dec-2025_fgppPTy-ocr.pdf
[2026-03-04 10:15:06 UTC] PROCESS id=1276 source=raw_docs/me-703-a-operation-research-and-supply-chain-jun-2025_Z3tGE77-ocr.pdf target=s3/raw_docs/me-703-a-operation-research-and-supply-chain-jun-2025_Z3tGE77-ocr.pdf
[2026-03-04 10:15:06 UTC] PROCESS id=1277 source=raw_docs/me-701-heat-and-mass-transfer-may-2024_gEF2zQU-ocr.pdf target=s3/raw_docs/me-701-heat-and-mass-transfer-may-2024_gEF2zQU-ocr.pdf
[2026-03-04 10:15:06 UTC] PROCESS id=1278 source=raw_docs/me-703-a-operation-research-and-supply-chain-dec-2024_vERloaa-ocr.pdf target=s3/raw_docs/me-703-a-operation-research-and-supply-chain-dec-2024_vERloaa-ocr.pdf
[2026-03-04 10:15:06 UTC] PROCESS id=1279 source=raw_docs/me-703-a-operation-research-and-supply-chain-may-2024_dwgfeLr-ocr.pdf target=s3/raw_docs/me-703-a-operation-research-and-supply-chain-may-2024_dwgfeLr-ocr.pdf
[2026-03-04 10:15:06 UTC] PROCESS id=1280 source=raw_docs/me-701-heat-and-mass-transfer-may-2023_NljiOXS-ocr.pdf target=s3/raw_docs/me-701-heat-and-mass-transfer-may-2023_NljiOXS-ocr.pdf
[2026-03-04 10:15:06 UTC] PROCESS id=1281 source=raw_docs/me-701-heat-and-mass-transfer-nov-2023_WdRfH65-ocr.pdf target=s3/raw_docs/me-701-heat-and-mass-transfer-nov-2023_WdRfH65-ocr.pdf
[2026-03-04 10:15:06 UTC] PROCESS id=1282 source=raw_docs/me-702-a-advance-machining-processes-nov-2023_YE005w5-ocr.pdf target=s3/raw_docs/me-702-a-advance-machining-processes-nov-2023_YE005w5-ocr.pdf
[2026-03-04 10:15:06 UTC] PROCESS id=1283 source=raw_docs/me-702-c-power-plant-engineering-nov-2023_yUCtE0s-ocr.pdf target=s3/raw_docs/me-702-c-power-plant-engineering-nov-2023_yUCtE0s-ocr.pdf
[2026-03-04 10:15:06 UTC] PROCESS id=1284 source=raw_docs/me-703-a-operation-research-and-supply-chain-nov-2023_5TllTOr-ocr.pdf target=s3/raw_docs/me-703-a-operation-research-and-supply-chain-nov-2023_5TllTOr-ocr.pdf
[2026-03-04 10:15:06 UTC] PROCESS id=1285 source=raw_docs/me-801-refrigeration-and-air-conditioning-jun-2025_wGPvKyU-ocr.pdf target=s3/raw_docs/me-801-refrigeration-and-air-conditioning-jun-2025_wGPvKyU-ocr.pdf
[2026-03-04 10:15:06 UTC] PROCESS id=1286 source=raw_docs/me-802-a-automobile-engineering-jun-2025_yCojm9x-ocr.pdf target=s3/raw_docs/me-802-a-automobile-engineering-jun-2025_yCojm9x-ocr.pdf
[2026-03-04 10:15:06 UTC] PROCESS id=1287 source=raw_docs/me-803-b-energy-conservation-management-and-audit-jun-2025_W9Gr53j-ocr.pdf target=s3/raw_docs/me-803-b-energy-conservation-management-and-audit-jun-2025_W9Gr53j-ocr.pdf
[2026-03-04 10:15:06 UTC] PROCESS id=1288 source=raw_docs/me-801-refrigeration-and-air-conditioning-may-2024_BlWEy2V-ocr.pdf target=s3/raw_docs/me-801-refrigeration-and-air-conditioning-may-2024_BlWEy2V-ocr.pdf
[2026-03-04 10:15:06 UTC] PROCESS id=1289 source=raw_docs/me-802-a-automobile-engineering-may-2024_ZNAyMbD-ocr.pdf target=s3/raw_docs/me-802-a-automobile-engineering-may-2024_ZNAyMbD-ocr.pdf
[2026-03-04 10:15:06 UTC] PROCESS id=1290 source=raw_docs/me-802-d-production-planning-and-control-may-2024_PbhJNZO-ocr.pdf target=s3/raw_docs/me-802-d-production-planning-and-control-may-2024_PbhJNZO-ocr.pdf
[2026-03-04 10:15:06 UTC] PROCESS id=1291 source=raw_docs/me-803-b-energy-conservation-management-and-audit-may-2024_CUU6YZP-ocr.pdf target=s3/raw_docs/me-803-b-energy-conservation-management-and-audit-may-2024_CUU6YZP-ocr.pdf
[2026-03-04 10:15:06 UTC] PROCESS id=1292 source=raw_docs/me-803-c-entrepreneurship-and-management-concepts-may-2024_s5wBB7U-ocr.pdf target=s3/raw_docs/me-803-c-entrepreneurship-and-management-concepts-may-2024_s5wBB7U-ocr.pdf
[2026-03-04 10:15:06 UTC] PROCESS id=1293 source=raw_docs/me-801-refrigeration-and-air-conditioning-may-2023_ks7SyUP-ocr.pdf target=s3/raw_docs/me-801-refrigeration-and-air-conditioning-may-2023_ks7SyUP-ocr.pdf
[2026-03-04 10:15:06 UTC] PROCESS id=1294 source=raw_docs/me-802-a-automobile-engineering-may-2023_3qZj5vO-ocr.pdf target=s3/raw_docs/me-802-a-automobile-engineering-may-2023_3qZj5vO-ocr.pdf
[2026-03-04 10:15:06 UTC] PROCESS id=1295 source=raw_docs/me-802-b-tribology-and-maintenance-engineering-may-2023_B7Q6bpw-ocr.pdf target=s3/raw_docs/me-802-b-tribology-and-maintenance-engineering-may-2023_B7Q6bpw-ocr.pdf
[2026-03-04 10:15:06 UTC] PROCESS id=1296 source=raw_docs/me-803-b-energy-conservation-management-and-audit-may-2023_A9ha6rM-ocr.pdf target=s3/raw_docs/me-803-b-energy-conservation-management-and-audit-may-2023_A9ha6rM-ocr.pdf
[2026-03-04 10:15:06 UTC] PROCESS id=1297 source=raw_docs/me-803-c-entrepreneurship-and-management-concepts-may-2023_kaugpHK-ocr.pdf target=s3/raw_docs/me-803-c-entrepreneurship-and-management-concepts-may-2023_kaugpHK-ocr.pdf
[2026-03-04 10:15:06 UTC] PROCESS id=1298 source=raw_docs/me-801-refrigeration-and-air-conditioning-may-2022_fzWpWgi-ocr.pdf target=s3/raw_docs/me-801-refrigeration-and-air-conditioning-may-2022_fzWpWgi-ocr.pdf
[2026-03-04 10:15:06 UTC] PROCESS id=1299 source=raw_docs/me-802-a-automobile-engineering-may-2022_PO5r5wK-ocr.pdf target=s3/raw_docs/me-802-a-automobile-engineering-may-2022_PO5r5wK-ocr.pdf
[2026-03-04 10:15:06 UTC] PROCESS id=1300 source=raw_docs/me-802-c-machine-tool-design-may-2022_PSzirgo-ocr.pdf target=s3/raw_docs/me-802-c-machine-tool-design-may-2022_PSzirgo-ocr.pdf
[2026-03-04 10:15:06 UTC] PROCESS id=1301 source=raw_docs/me-803-c-entrepreneurship-and-management-concepts-may-2022_8ZLGRk7-ocr.pdf target=s3/raw_docs/me-803-c-entrepreneurship-and-management-concepts-may-2022_8ZLGRk7-ocr.pdf
[2026-03-04 10:15:06 UTC] PROCESS id=1306 source=raw_docs/ex-601-power-system-2-dec-2024_8wDWOBb-ocr.pdf target=s3/raw_docs/ex-601-power-system-2-dec-2024_8wDWOBb-ocr.pdf
[2026-03-04 10:15:06 UTC] PROCESS id=1307 source=raw_docs/ex-601-power-system-2-may-2022_5rbaG00-ocr.pdf target=s3/raw_docs/ex-601-power-system-2-may-2022_5rbaG00-ocr.pdf
[2026-03-04 10:15:06 UTC] PROCESS id=1308 source=raw_docs/it-404-analog-and-digital-communication-jun-2023_tjmKmtn-ocr.pdf target=s3/raw_docs/it-404-analog-and-digital-communication-jun-2023_tjmKmtn-ocr.pdf
[2026-03-04 10:15:06 UTC] PROCESS id=1309 source=raw_docs/it-404-analog-and-digital-communication-nov-2023_viR5zAt-ocr.pdf target=s3/raw_docs/it-404-analog-and-digital-communication-nov-2023_viR5zAt-ocr.pdf
[2026-03-04 10:15:49 UTC] SUCCESS id=877 target=s3/raw_docs/ce-703-b-project-management-nov-2023_U7MpqW8-ocr.pdf
[2026-03-04 10:15:56 UTC] SUCCESS id=889 target=s3/raw_docs/ce-803-d-integrated-water-management-may-2024_o7qoIbb-ocr.pdf
[2026-03-04 10:15:57 UTC] SUCCESS id=865 target=s3/raw_docs/ce-604-a-fluid-mechanics-2-may-2022_Q1jFlaP-ocr.pdf
[2026-03-04 10:15:59 UTC] SUCCESS id=871 target=s3/raw_docs/ce-703-c-integrated-waste-management-dec-2024_M6TAZKl-ocr.pdf
[2026-03-04 10:15:59 UTC] SUCCESS id=895 target=s3/raw_docs/ce-803-c-retrofitting-and-rehabilitation-of-structures-ce-803-c-nov-2023_nfRmxnQ-ocr.pdf
[2026-03-04 10:16:01 UTC] SUCCESS id=864 target=s3/raw_docs/ce-603-b-precast-and-modular-construction-may-2022_QjgeJ0G-ocr.pdf
[2026-03-04 10:16:01 UTC] SUCCESS id=844 target=s3/raw_docs/ce-602-environmental-engineering-1-jun-2025_Vy5tO7v-ocr.pdf
[2026-03-04 10:16:03 UTC] SUCCESS id=903 target=s3/raw_docs/cb-502-compiler-design-dec-2024_MonIb7f-ocr.pdf
[2026-03-04 10:16:04 UTC] SUCCESS id=904 target=s3/raw_docs/cb-602-information-security-jun-2025_H1W0bOC-ocr.pdf
[2026-03-04 10:16:08 UTC] SUCCESS id=883 target=s3/raw_docs/ce-703-d-building-services-nov-2022_KBU7wre-ocr.pdf
[2026-03-04 10:16:09 UTC] SUCCESS id=855 target=s3/raw_docs/ce-601-structural-design-and-drawing-may-2023_a7O3w2M-ocr.pdf
[2026-03-04 10:16:10 UTC] SUCCESS id=900 target=s3/raw_docs/ce-803-d-integrated-water-management-may-2022_QhINl64-ocr.pdf
[2026-03-04 10:16:10 UTC] SUCCESS id=874 target=s3/raw_docs/ce-702-b-environmental-engineering-2-nov-2023_N4lFO0m-ocr.pdf
[2026-03-04 10:16:10 UTC] SUCCESS id=898 target=s3/raw_docs/ce-802-b-foundation-engineering-may-2022_xVWFnjz-ocr.pdf
[2026-03-04 10:16:10 UTC] SUCCESS id=868 target=s3/raw_docs/ce-701-geotechnical-engineering-jun-2025_6QiKr2o-ocr.pdf
[2026-03-04 10:16:11 UTC] SUCCESS id=847 target=s3/raw_docs/ce-604-c-environmental-impact-assessment-jun-2025_3RUiYAw-ocr.pdf
[2026-03-04 10:16:12 UTC] SUCCESS id=884 target=s3/raw_docs/ce-801-design-of-steel-structures-jun-2025_hHDFCOI-ocr.pdf
[2026-03-04 10:16:14 UTC] SUCCESS id=858 target=s3/raw_docs/ce-603-b-precast-and-modular-construction-may-2023_zEechNB-ocr.pdf
[2026-03-04 10:16:15 UTC] SUCCESS id=846 target=s3/raw_docs/ce-603-c-advance-pavement-design-jun-2025_37080cm-ocr.pdf
[2026-03-04 10:16:15 UTC] SUCCESS id=879 target=s3/raw_docs/ce-703-d-building-services-nov-2023_wGCqVGG-ocr.pdf
[2026-03-04 10:16:16 UTC] SUCCESS id=863 target=s3/raw_docs/ce-603-a-water-resources-engineering-may-2022_pvwe1EW-ocr.pdf
[2026-03-04 10:16:17 UTC] SUCCESS id=848 target=s3/raw_docs/ce-604-structural-design-and-drawing-jun-2025_X1Zru5X-ocr.pdf
[2026-03-04 10:16:17 UTC] SUCCESS id=872 target=s3/raw_docs/ce-703-d-building-services-dec-2024_pPRFgqm-ocr.pdf
[2026-03-04 10:16:17 UTC] SUCCESS id=890 target=s3/raw_docs/ce-801-design-of-steel-structures-may-2023_qRpsHvm-ocr.pdf
[2026-03-04 10:16:18 UTC] SUCCESS id=861 target=s3/raw_docs/ce-601-structural-design-and-drawing-rcc-1-may-2022_QfJMZyv-ocr.pdf
[2026-03-04 10:16:18 UTC] SUCCESS id=857 target=s3/raw_docs/ce-603-a-water-resource-engineering-may-2023_Tdxs9cP-ocr.pdf
[2026-03-04 10:16:19 UTC] SUCCESS id=875 target=s3/raw_docs/ce-702-c-structural-dynamics-nov-2023_SEEhgG0-ocr.pdf
[2026-03-04 10:16:19 UTC] SUCCESS id=888 target=s3/raw_docs/ce-802-b-foundation-engineering-may-2024_VjONJRx-ocr.pdf
[2026-03-04 10:16:20 UTC] SUCCESS id=873 target=s3/raw_docs/ce-701-geotechnical-engineering-nov-2023_YwH5cdz-ocr.pdf
[2026-03-04 10:16:22 UTC] SUCCESS id=866 target=s3/raw_docs/ce-604-c-environmental-impact-assessment-may-2022_pRy5vny-ocr.pdf
[2026-03-04 10:16:22 UTC] SUCCESS id=852 target=s3/raw_docs/ce-603-c-advance-pavement-design-may-2024_vfi2PlQ-ocr.pdf
[2026-03-04 10:16:23 UTC] SUCCESS id=881 target=s3/raw_docs/ce-702-c-structural-dynamics-nov-2022_x2M2HxY-ocr.pdf
[2026-03-04 10:16:24 UTC] SUCCESS id=893 target=s3/raw_docs/ce-802-b-foundation-engineering-nov-2023_CoXqVW2-ocr.pdf
[2026-03-04 10:16:24 UTC] SUCCESS id=862 target=s3/raw_docs/ce-602-environmental-engineering-1-may-2022_uxiykHa-ocr.pdf
[2026-03-04 10:16:24 UTC] SUCCESS id=886 target=s3/raw_docs/ce-803-d-integrated-water-management-jun-2025_CX2aPzw-ocr.pdf
[2026-03-04 10:16:26 UTC] SUCCESS id=870 target=s3/raw_docs/ce-702-b-environmental-engineering-2-dec-2024_WA2lKvI-ocr.pdf
[2026-03-04 10:16:27 UTC] SUCCESS id=891 target=s3/raw_docs/ce-801-design-of-steel-structures-nov-2023_A1GPmkC-ocr.pdf
[2026-03-04 10:16:27 UTC] SUCCESS id=905 target=s3/raw_docs/cb-602-information-security-dec-2024_mLOaUw8-ocr.pdf
[2026-03-04 10:16:29 UTC] SUCCESS id=878 target=s3/raw_docs/ce-703-c-integrated-waste-management-nov-2023_GduDKXF-ocr.pdf
[2026-03-04 10:16:30 UTC] SUCCESS id=850 target=s3/raw_docs/ce-602-environmental-engineering-1-may-2024_QIfOy36-ocr.pdf
[2026-03-04 10:16:30 UTC] SUCCESS id=907 target=s3/raw_docs/cd-304-database-management-system-dec-2023_sL4VZAy-ocr.pdf
[2026-03-04 10:16:30 UTC] SUCCESS id=880 target=s3/raw_docs/ce-702-a-prestressed-concrete-structures-nov-2022_HSNDcbC-ocr.pdf
[2026-03-04 10:16:34 UTC] SUCCESS id=859 target=s3/raw_docs/ce-604-c-environmental-impact-assesment-may-2023_NWK39T1-ocr.pdf
[2026-03-04 10:16:34 UTC] SUCCESS id=860 target=s3/raw_docs/ce-604-d-operation-research-may-2023_YuKoRUH-ocr.pdf
[2026-03-04 10:16:35 UTC] SUCCESS id=867 target=s3/raw_docs/ce-604-d-operation-research-may-2022_tcC85m6-ocr.pdf
[2026-03-04 10:16:36 UTC] SUCCESS id=876 target=s3/raw_docs/ce-702-d-structural-design-and-drawing-rcc-2-nov-2023_6KLpga8-ocr.pdf
[2026-03-04 10:16:36 UTC] SUCCESS id=896 target=s3/raw_docs/ce-803-d-integrated-water-management-may-2023_YKonJIZ-ocr.pdf
[2026-03-04 10:16:38 UTC] SUCCESS id=849 target=s3/raw_docs/ce-601-structural-design-and-drawing-rcc-1-may-2024_OWB978W-ocr.pdf
[2026-03-04 10:16:38 UTC] SUCCESS id=899 target=s3/raw_docs/ce-803-c-retrofitting-and-rehabilitation-of-structures-may-2022_cRLeGWl-ocr.pdf
[2026-03-04 10:16:38 UTC] SUCCESS id=869 target=s3/raw_docs/ce-703-d-building-services-jun-2025_S6qzCdP-ocr.pdf
[2026-03-04 10:16:38 UTC] SUCCESS id=882 target=s3/raw_docs/ce-703-b-project-management-nov-2022_6dRHtG8-ocr.pdf
[2026-03-04 10:16:39 UTC] SUCCESS id=856 target=s3/raw_docs/ce-602-environmental-engineering-1-may-2023_Oa4SzQU-ocr.pdf
[2026-03-04 10:16:39 UTC] SUCCESS id=897 target=s3/raw_docs/ce-801-design-of-steel-structures-ce-801-may-2022_ABUeY1M-ocr.pdf
[2026-03-04 10:16:40 UTC] SUCCESS id=887 target=s3/raw_docs/ce-801-design-of-steel-structures-may-2024_JD6gwjX-ocr.pdf
[2026-03-04 10:16:40 UTC] SUCCESS id=894 target=s3/raw_docs/ce-803-b-ee-803-d-ex-803-d-me-803-a-data-analytics-may-2023_UdHmLKH-ocr.pdf
[2026-03-04 10:16:42 UTC] SUCCESS id=901 target=s3/raw_docs/cb-303-object-oriented-programming-dec-2023_td3mkTC-ocr.pdf
[2026-03-04 10:16:42 UTC] SUCCESS id=853 target=s3/raw_docs/ce-604-a-fluid-mechanics-2-may-2024_i30lrus-ocr.pdf
[2026-03-04 10:16:42 UTC] SUCCESS id=902 target=s3/raw_docs/cy-404-operating-systems-jun-2022-ocr.pdf
[2026-03-04 10:16:43 UTC] SUCCESS id=845 target=s3/raw_docs/ce-603-a-water-resources-engineering-jun-2025_ZUVvt3I-ocr.pdf
[2026-03-04 10:16:44 UTC] SUCCESS id=885 target=s3/raw_docs/ce-802-b-foundation-engineering-jun-2025_dF7RWgD-ocr.pdf
[2026-03-04 10:16:44 UTC] SUCCESS id=851 target=s3/raw_docs/ce-603-a-water-resources-engineering-may-2024_5QK2aEc-ocr.pdf
[2026-03-04 10:16:45 UTC] SUCCESS id=892 target=s3/raw_docs/ce-802-b-foundation-engineering-may-2023_QpAu2h3-ocr.pdf
[2026-03-04 10:16:46 UTC] SUCCESS id=906 target=s3/raw_docs/ad-al-cd-cy-io-is-301-technical-communication-dec-2024_M9VfuyV-ocr.pdf
[2026-03-04 10:16:46 UTC] SUCCESS id=854 target=s3/raw_docs/ce-604-c-environmental-impact-assessment-may-2024_aGYlYD0-ocr.pdf
[2026-03-04 10:16:46 UTC] Run finished success=64 failed=394 skipped=0 total=458
