[2026-03-04 10:13:07 UTC] Run started total=200 batch_size=200 workers=32 dry_run=False resume=False
[2026-03-04 10:13:07 UTC] PROCESS id=444 source=raw_docs/raw_docs/raw_docs/bt-101-engineering-chemistry-jun-2025_wzxopxR-ocr-ocr.pdf target=s3/raw_docs/raw_docs/raw_docs/bt-101-engineering-chemistry-jun-2025_wzxopxR-ocr-ocr.pdf
[2026-03-04 10:13:07 UTC] PROCESS id=445 source=raw_docs/raw_docs/bt-102-mathematics-1-jun-2025_5fxdqo7-ocr.pdf target=s3/raw_docs/raw_docs/bt-102-mathematics-1-jun-2025_5fxdqo7-ocr.pdf
[2026-03-04 10:13:07 UTC] PROCESS id=446 source=raw_docs/raw_docs/bt-103-english-for-communication-jun-2025_v6b5QBd-ocr.pdf target=s3/raw_docs/raw_docs/bt-103-english-for-communication-jun-2025_v6b5QBd-ocr.pdf
[2026-03-04 10:13:07 UTC] PROCESS id=447 source=raw_docs/raw_docs/bt-104-basic-electrical-and-electronics-engineering-jun-2025_6AJjvaw-ocr.pdf target=s3/raw_docs/raw_docs/bt-104-basic-electrical-and-electronics-engineering-jun-2025_6AJjvaw-ocr.pdf
[2026-03-04 10:13:07 UTC] PROCESS id=448 source=raw_docs/raw_docs/bt-105-engineering-graphics-jun-2025_PBqIQc6-ocr.pdf target=s3/raw_docs/raw_docs/bt-105-engineering-graphics-jun-2025_PBqIQc6-ocr.pdf
[2026-03-04 10:13:07 UTC] PROCESS id=449 source=raw_docs/raw_docs/bt-201-engineering-physics-jun-2025_gZJkuEW-ocr.pdf target=s3/raw_docs/raw_docs/bt-201-engineering-physics-jun-2025_gZJkuEW-ocr.pdf
[2026-03-04 10:13:07 UTC] PROCESS id=450 source=raw_docs/raw_docs/bt-202-mathematics-2-jun-2025_kkV4kgF-ocr.pdf target=s3/raw_docs/raw_docs/bt-202-mathematics-2-jun-2025_kkV4kgF-ocr.pdf
[2026-03-04 10:13:07 UTC] PROCESS id=451 source=raw_docs/raw_docs/bt-203-basic-mechanical-engineering-jun-2025_9nzxGTG-ocr.pdf target=s3/raw_docs/raw_docs/bt-203-basic-mechanical-engineering-jun-2025_9nzxGTG-ocr.pdf
[2026-03-04 10:13:07 UTC] PROCESS id=452 source=raw_docs/raw_docs/bt-204-basic-civil-engineering-and-engineering-mechanics-jun-2025_COaHMJi-ocr.pdf target=s3/raw_docs/raw_docs/bt-204-basic-civil-engineering-and-engineering-mechanics-jun-2025_COaHMJi-ocr.pdf
[2026-03-04 10:13:07 UTC] PROCESS id=453 source=raw_docs/raw_docs/bt-205-basic-computer-engineering-jun-2025_MKzoPM0-ocr.pdf target=s3/raw_docs/raw_docs/bt-205-basic-computer-engineering-jun-2025_MKzoPM0-ocr.pdf
[2026-03-04 10:13:07 UTC] PROCESS id=454 source=raw_docs/raw_docs/bt-101-engineering-chemistry-dec-2024_r33nVU4-ocr.pdf target=s3/raw_docs/raw_docs/bt-101-engineering-chemistry-dec-2024_r33nVU4-ocr.pdf
[2026-03-04 10:13:07 UTC] PROCESS id=455 source=raw_docs/raw_docs/bt-102-mathematics-1-dec-2024_s58jggl-ocr.pdf target=s3/raw_docs/raw_docs/bt-102-mathematics-1-dec-2024_s58jggl-ocr.pdf
[2026-03-04 10:13:07 UTC] PROCESS id=456 source=raw_docs/raw_docs/bt-103-english-for-communication-dec-2024_7qvCzjz-ocr.pdf target=s3/raw_docs/raw_docs/bt-103-english-for-communication-dec-2024_7qvCzjz-ocr.pdf
[2026-03-04 10:13:07 UTC] PROCESS id=457 source=raw_docs/raw_docs/bt-104-basic-electrical-and-electronics-engineering-dec-2024_sO9HbXT-ocr.pdf target=s3/raw_docs/raw_docs/bt-104-basic-electrical-and-electronics-engineering-dec-2024_sO9HbXT-ocr.pdf
[2026-03-04 10:13:07 UTC] PROCESS id=458 source=raw_docs/raw_docs/bt-105-engineering-graphics-dec-2024_olfgeME-ocr.pdf target=s3/raw_docs/raw_docs/bt-105-engineering-graphics-dec-2024_olfgeME-ocr.pdf
[2026-03-04 10:13:07 UTC] PROCESS id=459 source=raw_docs/raw_docs/bt-105-engineering-graphics-jun-2024_CriliBd-ocr.pdf target=s3/raw_docs/raw_docs/bt-105-engineering-graphics-jun-2024_CriliBd-ocr.pdf
[2026-03-04 10:13:07 UTC] PROCESS id=460 source=raw_docs/raw_docs/bt-201-engineering-physics-dec-2024_vmO2TAa-ocr.pdf target=s3/raw_docs/raw_docs/bt-201-engineering-physics-dec-2024_vmO2TAa-ocr.pdf
[2026-03-04 10:13:07 UTC] PROCESS id=461 source=raw_docs/raw_docs/bt-202-mathematics-2-dec-2024_TrjNSYV-ocr.pdf target=s3/raw_docs/raw_docs/bt-202-mathematics-2-dec-2024_TrjNSYV-ocr.pdf
[2026-03-04 10:13:07 UTC] PROCESS id=462 source=raw_docs/raw_docs/bt-203-basic-mechanical-engineering-dec-2024_1xOWUFD-ocr.pdf target=s3/raw_docs/raw_docs/bt-203-basic-mechanical-engineering-dec-2024_1xOWUFD-ocr.pdf
[2026-03-04 10:13:07 UTC] PROCESS id=463 source=raw_docs/raw_docs/bt-204-basic-civil-engineering-and-engineering-mechanics-dec-2024_w0J5rRQ-ocr.pdf target=s3/raw_docs/raw_docs/bt-204-basic-civil-engineering-and-engineering-mechanics-dec-2024_w0J5rRQ-ocr.pdf
[2026-03-04 10:13:07 UTC] PROCESS id=464 source=raw_docs/raw_docs/bt-205-basic-computer-engineering-dec-2024_uJlRVk2-ocr.pdf target=s3/raw_docs/raw_docs/bt-205-basic-computer-engineering-dec-2024_uJlRVk2-ocr.pdf
[2026-03-04 10:13:07 UTC] PROCESS id=465 source=raw_docs/raw_docs/bt-205-basic-computer-engineering-jun-2024_We7ot8w-ocr.pdf target=s3/raw_docs/raw_docs/bt-205-basic-computer-engineering-jun-2024_We7ot8w-ocr.pdf
[2026-03-04 10:13:07 UTC] PROCESS id=466 source=raw_docs/raw_docs/bt-101-engineering-chemistry-dec-2023_GyXEUkS-ocr.pdf target=s3/raw_docs/raw_docs/bt-101-engineering-chemistry-dec-2023_GyXEUkS-ocr.pdf
[2026-03-04 10:13:07 UTC] PROCESS id=467 source=raw_docs/raw_docs/bt-101-engineering-chemistry-jun-2023_PKkIhuQ-ocr.pdf target=s3/raw_docs/raw_docs/bt-101-engineering-chemistry-jun-2023_PKkIhuQ-ocr.pdf
[2026-03-04 10:13:07 UTC] PROCESS id=468 source=raw_docs/raw_docs/bt-102-mathematics-1-dec-2023_QrgT1WL-ocr.pdf target=s3/raw_docs/raw_docs/bt-102-mathematics-1-dec-2023_QrgT1WL-ocr.pdf
[2026-03-04 10:13:07 UTC] PROCESS id=469 source=raw_docs/raw_docs/bt-102-mathematics-1-jun-2023_68RVDz6-ocr.pdf target=s3/raw_docs/raw_docs/bt-102-mathematics-1-jun-2023_68RVDz6-ocr.pdf
[2026-03-04 10:13:07 UTC] PROCESS id=470 source=raw_docs/raw_docs/bt-103-english-for-communication-dec-2023_k3Q8Cnt-ocr.pdf target=s3/raw_docs/raw_docs/bt-103-english-for-communication-dec-2023_k3Q8Cnt-ocr.pdf
[2026-03-04 10:13:07 UTC] PROCESS id=471 source=raw_docs/raw_docs/bt-103-english-for-communication-jun-2023_ryrVRdK-ocr.pdf target=s3/raw_docs/raw_docs/bt-103-english-for-communication-jun-2023_ryrVRdK-ocr.pdf
[2026-03-04 10:13:07 UTC] PROCESS id=472 source=raw_docs/raw_docs/bt-104-basic-electrical-and-electronics-engineering-dec-2023_pVA8tbX-ocr.pdf target=s3/raw_docs/raw_docs/bt-104-basic-electrical-and-electronics-engineering-dec-2023_pVA8tbX-ocr.pdf
[2026-03-04 10:13:07 UTC] PROCESS id=473 source=raw_docs/raw_docs/bt-104-basic-electrical-and-electronics-engineering-jun-2023_9zBZPuN-ocr.pdf target=s3/raw_docs/raw_docs/bt-104-basic-electrical-and-electronics-engineering-jun-2023_9zBZPuN-ocr.pdf
[2026-03-04 10:13:07 UTC] PROCESS id=474 source=raw_docs/raw_docs/bt-105-engineering-graphics-dec-2023_8TUDWJ3-ocr.pdf target=s3/raw_docs/raw_docs/bt-105-engineering-graphics-dec-2023_8TUDWJ3-ocr.pdf
[2026-03-04 10:13:07 UTC] PROCESS id=475 source=raw_docs/raw_docs/bt-105-engineering-graphics-jun-2023_TBnotC7-ocr.pdf target=s3/raw_docs/raw_docs/bt-105-engineering-graphics-jun-2023_TBnotC7-ocr.pdf
[2026-03-04 10:13:07 UTC] PROCESS id=476 source=raw_docs/raw_docs/bt-201-engineering-physics-dec-2023_PImSsiB-ocr.pdf target=s3/raw_docs/raw_docs/bt-201-engineering-physics-dec-2023_PImSsiB-ocr.pdf
[2026-03-04 10:13:07 UTC] PROCESS id=477 source=raw_docs/raw_docs/bt-201-engineering-physics-jun-2023_vlMttRF-ocr.pdf target=s3/raw_docs/raw_docs/bt-201-engineering-physics-jun-2023_vlMttRF-ocr.pdf
[2026-03-04 10:13:07 UTC] PROCESS id=478 source=raw_docs/raw_docs/bt-202-mathematics-2-dec-2023_Jqwnpde-ocr.pdf target=s3/raw_docs/raw_docs/bt-202-mathematics-2-dec-2023_Jqwnpde-ocr.pdf
[2026-03-04 10:13:07 UTC] PROCESS id=479 source=raw_docs/raw_docs/bt-202-mathematics-2-jun-2023_pzvnpaK-ocr.pdf target=s3/raw_docs/raw_docs/bt-202-mathematics-2-jun-2023_pzvnpaK-ocr.pdf
[2026-03-04 10:13:07 UTC] PROCESS id=480 source=raw_docs/raw_docs/bt-203-basic-mechanical-engineering-dec-2023_Ofpn4PI-ocr.pdf target=s3/raw_docs/raw_docs/bt-203-basic-mechanical-engineering-dec-2023_Ofpn4PI-ocr.pdf
[2026-03-04 10:13:07 UTC] PROCESS id=481 source=raw_docs/raw_docs/bt-203-basic-mechanical-engineering-jun-2023_rsCkYW6-ocr.pdf target=s3/raw_docs/raw_docs/bt-203-basic-mechanical-engineering-jun-2023_rsCkYW6-ocr.pdf
[2026-03-04 10:13:07 UTC] PROCESS id=482 source=raw_docs/raw_docs/bt-204-basic-civil-engineering-and-engineering-mechanics-dec-2023_8LSqv1t-ocr.pdf target=s3/raw_docs/raw_docs/bt-204-basic-civil-engineering-and-engineering-mechanics-dec-2023_8LSqv1t-ocr.pdf
[2026-03-04 10:13:07 UTC] PROCESS id=483 source=raw_docs/raw_docs/bt-204-basic-civil-engineering-and-engineering-mechanics-jun-2023_5I9i7GX-ocr.pdf target=s3/raw_docs/raw_docs/bt-204-basic-civil-engineering-and-engineering-mechanics-jun-2023_5I9i7GX-ocr.pdf
[2026-03-04 10:13:07 UTC] PROCESS id=484 source=raw_docs/raw_docs/bt-205-basic-computer-engineering-dec-2023_uHRA1t6-ocr.pdf target=s3/raw_docs/raw_docs/bt-205-basic-computer-engineering-dec-2023_uHRA1t6-ocr.pdf
[2026-03-04 10:13:07 UTC] PROCESS id=485 source=raw_docs/raw_docs/bt-205-basic-computer-engineering-jun-2023_Y2h4lWK-ocr.pdf target=s3/raw_docs/raw_docs/bt-205-basic-computer-engineering-jun-2023_Y2h4lWK-ocr.pdf
[2026-03-04 10:13:07 UTC] PROCESS id=486 source=raw_docs/raw_docs/bt-101-engineering-chemistry-jun-2022_AE5NQIf-ocr.pdf target=s3/raw_docs/raw_docs/bt-101-engineering-chemistry-jun-2022_AE5NQIf-ocr.pdf
[2026-03-04 10:13:07 UTC] PROCESS id=487 source=raw_docs/raw_docs/bt-101-engineering-chemistry-nov-2022_uR4HWBj-ocr.pdf target=s3/raw_docs/raw_docs/bt-101-engineering-chemistry-nov-2022_uR4HWBj-ocr.pdf
[2026-03-04 10:13:07 UTC] PROCESS id=488 source=raw_docs/raw_docs/bt-102-mathematics-1-nov-2022_TZCt3oR-ocr.pdf target=s3/raw_docs/raw_docs/bt-102-mathematics-1-nov-2022_TZCt3oR-ocr.pdf
[2026-03-04 10:13:07 UTC] PROCESS id=489 source=raw_docs/raw_docs/bt-102-mathematics-jun-2022_AC3nmOC-ocr.pdf target=s3/raw_docs/raw_docs/bt-102-mathematics-jun-2022_AC3nmOC-ocr.pdf
[2026-03-04 10:13:07 UTC] PROCESS id=490 source=raw_docs/raw_docs/bt-103-english-for-communication-jun-2022_G93C752-ocr.pdf target=s3/raw_docs/raw_docs/bt-103-english-for-communication-jun-2022_G93C752-ocr.pdf
[2026-03-04 10:13:07 UTC] PROCESS id=491 source=raw_docs/raw_docs/bt-103-english-for-communication-nov-2022_KXwSNcZ-ocr.pdf target=s3/raw_docs/raw_docs/bt-103-english-for-communication-nov-2022_KXwSNcZ-ocr.pdf
[2026-03-04 10:13:07 UTC] PROCESS id=492 source=raw_docs/raw_docs/bt-104-basic-electrical-and-electronics-engineering-jun-2022_Gee8DDc-ocr.pdf target=s3/raw_docs/raw_docs/bt-104-basic-electrical-and-electronics-engineering-jun-2022_Gee8DDc-ocr.pdf
[2026-03-04 10:13:07 UTC] PROCESS id=493 source=raw_docs/raw_docs/bt-104-basic-electrical-and-electronics-engineering-nov-2022_MZQqn0p-ocr.pdf target=s3/raw_docs/raw_docs/bt-104-basic-electrical-and-electronics-engineering-nov-2022_MZQqn0p-ocr.pdf
[2026-03-04 10:13:07 UTC] PROCESS id=494 source=raw_docs/bt-105-engineering-graphics-jun-2022_cmpxN35-ocr.pdf target=s3/raw_docs/bt-105-engineering-graphics-jun-2022_cmpxN35-ocr.pdf
[2026-03-04 10:13:07 UTC] PROCESS id=495 source=raw_docs/bt-105-engineering-graphics-nov-2022_mfHV5qw-ocr.pdf target=s3/raw_docs/bt-105-engineering-graphics-nov-2022_mfHV5qw-ocr.pdf
[2026-03-04 10:13:07 UTC] PROCESS id=496 source=raw_docs/bt-201-engineering-physics-jun-2022_4ePKSmZ-ocr.pdf target=s3/raw_docs/bt-201-engineering-physics-jun-2022_4ePKSmZ-ocr.pdf
[2026-03-04 10:13:07 UTC] PROCESS id=497 source=raw_docs/bt-201-engineering-physics-nov-2022_okEKmBt-ocr.pdf target=s3/raw_docs/bt-201-engineering-physics-nov-2022_okEKmBt-ocr.pdf
[2026-03-04 10:13:07 UTC] PROCESS id=498 source=raw_docs/bt-202-mathematics-2-jun-2022_HqZOGZj-ocr.pdf target=s3/raw_docs/bt-202-mathematics-2-jun-2022_HqZOGZj-ocr.pdf
[2026-03-04 10:13:07 UTC] PROCESS id=499 source=raw_docs/bt-202-mathematics-2-nov-2022_G6Vypa5-ocr.pdf target=s3/raw_docs/bt-202-mathematics-2-nov-2022_G6Vypa5-ocr.pdf
[2026-03-04 10:13:07 UTC] PROCESS id=500 source=raw_docs/bt-203-basic-mechanical-engineering-jun-2022_r5m8sVI-ocr.pdf target=s3/raw_docs/bt-203-basic-mechanical-engineering-jun-2022_r5m8sVI-ocr.pdf
[2026-03-04 10:13:07 UTC] PROCESS id=501 source=raw_docs/bt-203-basic-mechanical-engineering-nov-2022_d9I10E7-ocr.pdf target=s3/raw_docs/bt-203-basic-mechanical-engineering-nov-2022_d9I10E7-ocr.pdf
[2026-03-04 10:13:07 UTC] PROCESS id=502 source=raw_docs/bt-204-basic-civil-engineering-and-engineering-mechanics-jun-2022_pguLDzb-ocr.pdf target=s3/raw_docs/bt-204-basic-civil-engineering-and-engineering-mechanics-jun-2022_pguLDzb-ocr.pdf
[2026-03-04 10:13:07 UTC] PROCESS id=503 source=raw_docs/bt-204-basic-civil-engineering-and-engineering-mechanics-nov-2022_yzi5svW-ocr.pdf target=s3/raw_docs/bt-204-basic-civil-engineering-and-engineering-mechanics-nov-2022_yzi5svW-ocr.pdf
[2026-03-04 10:13:07 UTC] PROCESS id=504 source=raw_docs/bt-205-basic-computer-engineering-jun-2022_Xjnwcee-ocr.pdf target=s3/raw_docs/bt-205-basic-computer-engineering-jun-2022_Xjnwcee-ocr.pdf
[2026-03-04 10:13:07 UTC] PROCESS id=505 source=raw_docs/bt-205-basic-computer-engineering-nov-2022_qPo5UVP-ocr.pdf target=s3/raw_docs/bt-205-basic-computer-engineering-nov-2022_qPo5UVP-ocr.pdf
[2026-03-04 10:13:07 UTC] PROCESS id=506 source=raw_docs/cs-ct-co-it-ci-csit-302-discrete-structure-jun-2025_00id0iZ-ocr.pdf target=s3/raw_docs/cs-ct-co-it-ci-csit-302-discrete-structure-jun-2025_00id0iZ-ocr.pdf
[2026-03-04 10:13:07 UTC] PROCESS id=507 source=raw_docs/ai-al-cd-401-introduction-to-discrete-structure-and-linear-algebra-dec-2024_XVNjlD3-ocr.pdf target=s3/raw_docs/ai-al-cd-401-introduction-to-discrete-structure-and-linear-algebra-dec-2024_XVNjlD3-ocr.pdf
[2026-03-04 10:13:07 UTC] PROCESS id=508 source=raw_docs/ai-al-cd-401-introduction-to-discrete-structure-and-linear-algebra-jun-2024_SOpo3rE-ocr.pdf target=s3/raw_docs/ai-al-cd-401-introduction-to-discrete-structure-and-linear-algebra-jun-2024_SOpo3rE-ocr.pdf
[2026-03-04 10:13:07 UTC] PROCESS id=509 source=raw_docs/it-304-object-oriented-programming-and-methodology-dec-2024_F6HPzrL-ocr.pdf target=s3/raw_docs/it-304-object-oriented-programming-and-methodology-dec-2024_F6HPzrL-ocr.pdf
[2026-03-04 10:13:07 UTC] PROCESS id=510 source=raw_docs/cs-ct-co-303-data-structures-dec-2024_v19Xj1b-ocr.pdf target=s3/raw_docs/cs-ct-co-303-data-structures-dec-2024_v19Xj1b-ocr.pdf
[2026-03-04 10:13:07 UTC] PROCESS id=511 source=raw_docs/cs-ct-co-303-data-structures-jun-2024_tTAGR64-ocr.pdf target=s3/raw_docs/cs-ct-co-303-data-structures-jun-2024_tTAGR64-ocr.pdf
[2026-03-04 10:13:07 UTC] PROCESS id=512 source=raw_docs/cs-ct-co-ci-cy-304-digital-systems-dec-2024_U4NkX6w-ocr.pdf target=s3/raw_docs/cs-ct-co-ci-cy-304-digital-systems-dec-2024_U4NkX6w-ocr.pdf
[2026-03-04 10:13:07 UTC] PROCESS id=513 source=raw_docs/csit-302-discrete-structure-dec-2024-ocr.pdf target=s3/raw_docs/csit-302-discrete-structure-dec-2024-ocr.pdf
[2026-03-04 10:13:07 UTC] PROCESS id=514 source=raw_docs/cs-it-302-discrete-structure-jun-2024-ocr.pdf target=s3/raw_docs/cs-it-302-discrete-structure-jun-2024-ocr.pdf
[2026-03-04 10:13:07 UTC] PROCESS id=515 source=raw_docs/al-cd-401-introduction-to-discrete-structure-and-linear-algebra-jun-2023_LTFAVIo-ocr.pdf target=s3/raw_docs/al-cd-401-introduction-to-discrete-structure-and-linear-algebra-jun-2023_LTFAVIo-ocr.pdf
[2026-03-04 10:13:07 UTC] PROCESS id=516 source=raw_docs/al-cd-401-introduction-to-discrete-structure-and-linear-algebra-nov-2023_V6ETDlx-ocr.pdf target=s3/raw_docs/al-cd-401-introduction-to-discrete-structure-and-linear-algebra-nov-2023_V6ETDlx-ocr.pdf
[2026-03-04 10:13:07 UTC] PROCESS id=517 source=raw_docs/it-304-object-oriented-programming-and-methodology-dec-2023_CUxZPbw-ocr.pdf target=s3/raw_docs/it-304-object-oriented-programming-and-methodology-dec-2023_CUxZPbw-ocr.pdf
[2026-03-04 10:13:07 UTC] PROCESS id=518 source=raw_docs/cs-ct-co-303-data-structures-dec-2023_u58dZsd-ocr.pdf target=s3/raw_docs/cs-ct-co-303-data-structures-dec-2023_u58dZsd-ocr.pdf
[2026-03-04 10:13:07 UTC] PROCESS id=519 source=raw_docs/cs-ct-co-303-data-structures-jun-2023_7Jakpsq-ocr.pdf target=s3/raw_docs/cs-ct-co-303-data-structures-jun-2023_7Jakpsq-ocr.pdf
[2026-03-04 10:13:07 UTC] PROCESS id=520 source=raw_docs/ad-al-cd-cy-is-305-object-oriented-programming-and-methodology-jun-2023_xOzG9Eo-ocr.pdf target=s3/raw_docs/ad-al-cd-cy-is-305-object-oriented-programming-and-methodology-jun-2023_xOzG9Eo-ocr.pdf
[2026-03-04 10:13:07 UTC] PROCESS id=521 source=raw_docs/cs-ct-co-ci-304-digital-circuits-and-system-jun-2023_UZsskot-ocr.pdf target=s3/raw_docs/cs-ct-co-ci-304-digital-circuits-and-system-jun-2023_UZsskot-ocr.pdf
[2026-03-04 10:13:07 UTC] PROCESS id=522 source=raw_docs/cs-ct-co-ci-cy-304-digital-systems-dec-2023_Mo2vols-ocr.pdf target=s3/raw_docs/cs-ct-co-ci-cy-304-digital-systems-dec-2023_Mo2vols-ocr.pdf
[2026-03-04 10:13:07 UTC] PROCESS id=523 source=raw_docs/csit-ci-302-discrete-structure-jun-2023-ocr.pdf target=s3/raw_docs/csit-ci-302-discrete-structure-jun-2023-ocr.pdf
[2026-03-04 10:13:07 UTC] PROCESS id=524 source=raw_docs/cs-ct-co-it-ci-302-discrete-structure-dec-2023_bGNjbkz-ocr.pdf target=s3/raw_docs/cs-ct-co-it-ci-302-discrete-structure-dec-2023_bGNjbkz-ocr.pdf
[2026-03-04 10:13:07 UTC] PROCESS id=525 source=raw_docs/al-cd-401-introduction-to-discrete-structure-and-linear-jun-2022_hlepAnz-ocr.pdf target=s3/raw_docs/al-cd-401-introduction-to-discrete-structure-and-linear-jun-2022_hlepAnz-ocr.pdf
[2026-03-04 10:13:07 UTC] PROCESS id=526 source=raw_docs/ci-cs-ct-co-it-302-discrete-structure-nov-2022_orSLvMT-ocr.pdf target=s3/raw_docs/ci-cs-ct-co-it-302-discrete-structure-nov-2022_orSLvMT-ocr.pdf
[2026-03-04 10:13:07 UTC] PROCESS id=527 source=raw_docs/cs-ct-co-303-data-structures-nov-2022_ryy5mFi-ocr.pdf target=s3/raw_docs/cs-ct-co-303-data-structures-nov-2022_ryy5mFi-ocr.pdf
[2026-03-04 10:13:07 UTC] PROCESS id=528 source=raw_docs/it-304-object-oriented-programming-and-methodology-nov-2022_3xayAWc-ocr.pdf target=s3/raw_docs/it-304-object-oriented-programming-and-methodology-nov-2022_3xayAWc-ocr.pdf
[2026-03-04 10:13:07 UTC] PROCESS id=529 source=raw_docs/cs-ct-co-ci-304-digital-circuits-and-system-nov-2022_iXBDZQk-ocr.pdf target=s3/raw_docs/cs-ct-co-ci-304-digital-circuits-and-system-nov-2022_iXBDZQk-ocr.pdf
[2026-03-04 10:13:07 UTC] PROCESS id=530 source=raw_docs/cs-ct-co-ci-304-digital-systems-digital-circuits-and-system-nov-2022_tTHIaft-ocr.pdf target=s3/raw_docs/cs-ct-co-ci-304-digital-systems-digital-circuits-and-system-nov-2022_tTHIaft-ocr.pdf
[2026-03-04 10:13:07 UTC] PROCESS id=531 source=raw_docs/cs-ct-co-ci-304-digital-systems-nov-2022_GYuOZDq-ocr.pdf target=s3/raw_docs/cs-ct-co-ci-304-digital-systems-nov-2022_GYuOZDq-ocr.pdf
[2026-03-04 10:13:07 UTC] PROCESS id=532 source=raw_docs/cy-404-operating-systems-jun-2025-ocr.pdf target=s3/raw_docs/cy-404-operating-systems-jun-2025-ocr.pdf
[2026-03-04 10:13:07 UTC] PROCESS id=533 source=raw_docs/cy-602-software-engineering-jun-2025-ocr.pdf target=s3/raw_docs/cy-602-software-engineering-jun-2025-ocr.pdf
[2026-03-04 10:13:07 UTC] PROCESS id=534 source=raw_docs/al-csit-cs-ct-co-io-is-404-computer-organization-and-architecture-jun-2025_lQWJ9X7-ocr.pdf target=s3/raw_docs/al-csit-cs-ct-co-io-is-404-computer-organization-and-architecture-jun-2025_lQWJ9X7-ocr.pdf
[2026-03-04 10:13:07 UTC] PROCESS id=535 source=raw_docs/al-csit-cs-ct-co-io-is-404-computer-organization-jun-2025_9KPGr2n-ocr.pdf target=s3/raw_docs/al-csit-cs-ct-co-io-is-404-computer-organization-jun-2025_9KPGr2n-ocr.pdf
[2026-03-04 10:13:07 UTC] PROCESS id=536 source=raw_docs/cs-sd-402-analysis-design-of-algorithm-jun-2025_TP1C37U-ocr.pdf target=s3/raw_docs/cs-sd-402-analysis-design-of-algorithm-jun-2025_TP1C37U-ocr.pdf
[2026-03-04 10:13:07 UTC] PROCESS id=537 source=raw_docs/cy-404-operating-systems-jun-2024-ocr.pdf target=s3/raw_docs/cy-404-operating-systems-jun-2024-ocr.pdf
[2026-03-04 10:13:07 UTC] PROCESS id=538 source=raw_docs/cy-602-software-engineering-dec-2024-ocr.pdf target=s3/raw_docs/cy-602-software-engineering-dec-2024-ocr.pdf
[2026-03-04 10:13:07 UTC] PROCESS id=539 source=raw_docs/al-cd-cs-ct-co-sd-403-software-engineering-jun-2024_8RUBTj7-ocr.pdf target=s3/raw_docs/al-cd-cs-ct-co-sd-403-software-engineering-jun-2024_8RUBTj7-ocr.pdf
[2026-03-04 10:13:07 UTC] PROCESS id=540 source=raw_docs/al-csit-ci-cs-ct-co-io-is-404-computer-organization-and-architecture-dec-2024-ocr.pdf target=s3/raw_docs/al-csit-ci-cs-ct-co-io-is-404-computer-organization-and-architecture-dec-2024-ocr.pdf
[2026-03-04 10:13:07 UTC] PROCESS id=541 source=raw_docs/al-csit-cs-ct-co-io-is-404-computer-organization-and-architecture-jun-2024_Xn8ppPQ-ocr.pdf target=s3/raw_docs/al-csit-cs-ct-co-io-is-404-computer-organization-and-architecture-jun-2024_Xn8ppPQ-ocr.pdf
[2026-03-04 10:13:07 UTC] PROCESS id=542 source=raw_docs/cs-sd-402-analysis-design-of-algorithm-dec-2024_JtwGi4j-ocr.pdf target=s3/raw_docs/cs-sd-402-analysis-design-of-algorithm-dec-2024_JtwGi4j-ocr.pdf
[2026-03-04 10:13:07 UTC] PROCESS id=543 source=raw_docs/cs-sd-402-analysis-design-of-algorithm-jun-2024_nnT7Krj-ocr.pdf target=s3/raw_docs/cs-sd-402-analysis-design-of-algorithm-jun-2024_nnT7Krj-ocr.pdf
[2026-03-04 10:13:07 UTC] PROCESS id=544 source=raw_docs/cy-404-operating-systems-jun-2023-ocr.pdf target=s3/raw_docs/cy-404-operating-systems-jun-2023-ocr.pdf
[2026-03-04 10:13:07 UTC] PROCESS id=545 source=raw_docs/cy-404-operating-systems-nov-2023-ocr.pdf target=s3/raw_docs/cy-404-operating-systems-nov-2023-ocr.pdf
[2026-03-04 10:13:07 UTC] PROCESS id=546 source=raw_docs/al-cd-cs-ct-co-403-software-engineering-jun-2023_kuWPcHZ-ocr.pdf target=s3/raw_docs/al-cd-cs-ct-co-403-software-engineering-jun-2023_kuWPcHZ-ocr.pdf
[2026-03-04 10:13:07 UTC] PROCESS id=547 source=raw_docs/al-cd-cs-ct-co-403-software-engineering-nov-2023_4QsuEcP-ocr.pdf target=s3/raw_docs/al-cd-cs-ct-co-403-software-engineering-nov-2023_4QsuEcP-ocr.pdf
[2026-03-04 10:13:07 UTC] PROCESS id=548 source=raw_docs/al-ci-cs-ct-co-io-is-404-computer-organization-and-architecture-jun-2023_uoxwmBZ-ocr.pdf target=s3/raw_docs/al-ci-cs-ct-co-io-is-404-computer-organization-and-architecture-jun-2023_uoxwmBZ-ocr.pdf
[2026-03-04 10:13:07 UTC] PROCESS id=549 source=raw_docs/al-ci-cs-ct-co-io-is-404-computer-organization-and-architecture-nov-2023_s0kwIcz-ocr.pdf target=s3/raw_docs/al-ci-cs-ct-co-io-is-404-computer-organization-and-architecture-nov-2023_s0kwIcz-ocr.pdf
[2026-03-04 10:13:07 UTC] PROCESS id=550 source=raw_docs/cs-402-analysis-design-of-algorithm-jun-2023_410ygjX-ocr.pdf target=s3/raw_docs/cs-402-analysis-design-of-algorithm-jun-2023_410ygjX-ocr.pdf
[2026-03-04 10:13:07 UTC] PROCESS id=551 source=raw_docs/cs-402-analysis-design-of-algorithm-nov-2023_DMUkHGE-ocr.pdf target=s3/raw_docs/cs-402-analysis-design-of-algorithm-nov-2023_DMUkHGE-ocr.pdf
[2026-03-04 10:13:07 UTC] PROCESS id=552 source=raw_docs/cb-403-software-engineering-jun-2022-ocr.pdf target=s3/raw_docs/cb-403-software-engineering-jun-2022-ocr.pdf
[2026-03-04 10:13:07 UTC] PROCESS id=553 source=raw_docs/ci-cs-ct-co-al-io-is-404-computer-organization-and-architecture-jun-2022_toVnGzf-ocr.pdf target=s3/raw_docs/ci-cs-ct-co-al-io-is-404-computer-organization-and-architecture-jun-2022_toVnGzf-ocr.pdf
[2026-03-04 10:13:07 UTC] PROCESS id=554 source=raw_docs/cs-402-analysis-design-of-algorithm-jun-2022_uC341lk-ocr.pdf target=s3/raw_docs/cs-402-analysis-design-of-algorithm-jun-2022_uC341lk-ocr.pdf
[2026-03-04 10:13:07 UTC] PROCESS id=555 source=raw_docs/cs-501-theory-of-computation-dec-2025_FwOMAv4-ocr.pdf target=s3/raw_docs/cs-501-theory-of-computation-dec-2025_FwOMAv4-ocr.pdf
[2026-03-04 10:13:07 UTC] PROCESS id=556 source=raw_docs/cs-503-c-cyber-security-dec-2025_8c9kfkV-ocr.pdf target=s3/raw_docs/cs-503-c-cyber-security-dec-2025_8c9kfkV-ocr.pdf
[2026-03-04 10:13:07 UTC] PROCESS id=557 source=raw_docs/ai-al-is-io-502-database-management-systems-dec-2024-ocr.pdf target=s3/raw_docs/ai-al-is-io-502-database-management-systems-dec-2024-ocr.pdf
[2026-03-04 10:13:07 UTC] PROCESS id=558 source=raw_docs/cs-503-c-cyber-security-dec-2024_FcG8kyI-ocr.pdf target=s3/raw_docs/cs-503-c-cyber-security-dec-2024_FcG8kyI-ocr.pdf
[2026-03-04 10:13:07 UTC] PROCESS id=559 source=raw_docs/cs-504-a-internet-and-web-technology-dec-2024_9I7uHpQ-ocr.pdf target=s3/raw_docs/cs-504-a-internet-and-web-technology-dec-2024_9I7uHpQ-ocr.pdf
[2026-03-04 10:13:07 UTC] PROCESS id=560 source=raw_docs/cd-501-theory-of-computation-dec-2024-ocr.pdf target=s3/raw_docs/cd-501-theory-of-computation-dec-2024-ocr.pdf
[2026-03-04 10:13:07 UTC] PROCESS id=561 source=raw_docs/al-601-theory-of-computation-may-2023-ocr.pdf target=s3/raw_docs/al-601-theory-of-computation-may-2023-ocr.pdf
[2026-03-04 10:13:07 UTC] PROCESS id=562 source=raw_docs/cd-501-theory-of-computation-nov-2023-ocr.pdf target=s3/raw_docs/cd-501-theory-of-computation-nov-2023-ocr.pdf
[2026-03-04 10:13:07 UTC] PROCESS id=563 source=raw_docs/cs-502-database-management-systems-nov-2023_Pc1QPzV-ocr.pdf target=s3/raw_docs/cs-502-database-management-systems-nov-2023_Pc1QPzV-ocr.pdf
[2026-03-04 10:13:07 UTC] PROCESS id=564 source=raw_docs/cs-503-a-data-analytics-nov-2023_piYSmsr-ocr.pdf target=s3/raw_docs/cs-503-a-data-analytics-nov-2023_piYSmsr-ocr.pdf
[2026-03-04 10:13:07 UTC] PROCESS id=565 source=raw_docs/cs-503-b-pattern-recognition-nov-2023_nuV4Fgq-ocr.pdf target=s3/raw_docs/cs-503-b-pattern-recognition-nov-2023_nuV4Fgq-ocr.pdf
[2026-03-04 10:13:07 UTC] PROCESS id=566 source=raw_docs/cs-503-c-cyber-security-nov-2023_XYzrNZ2-ocr.pdf target=s3/raw_docs/cs-503-c-cyber-security-nov-2023_XYzrNZ2-ocr.pdf
[2026-03-04 10:13:07 UTC] PROCESS id=567 source=raw_docs/ad-503-a-internet-and-web-technology-nov-2023-ocr.pdf target=s3/raw_docs/ad-503-a-internet-and-web-technology-nov-2023-ocr.pdf
[2026-03-04 10:13:07 UTC] PROCESS id=568 source=raw_docs/ad-501-theory-of-computation-nov-2022-ocr.pdf target=s3/raw_docs/ad-501-theory-of-computation-nov-2022-ocr.pdf
[2026-03-04 10:13:07 UTC] PROCESS id=569 source=raw_docs/cs-502-data-management-systems-nov-2022_Hs1MrAP-ocr.pdf target=s3/raw_docs/cs-502-data-management-systems-nov-2022_Hs1MrAP-ocr.pdf
[2026-03-04 10:13:07 UTC] PROCESS id=570 source=raw_docs/cs-503-c-cyber-security-nov-2022_E9x7fOw-ocr.pdf target=s3/raw_docs/cs-503-c-cyber-security-nov-2022_E9x7fOw-ocr.pdf
[2026-03-04 10:13:07 UTC] PROCESS id=571 source=raw_docs/ad-503-a-internet-and-web-technology-nov-2022-ocr.pdf target=s3/raw_docs/ad-503-a-internet-and-web-technology-nov-2022-ocr.pdf
[2026-03-04 10:13:07 UTC] PROCESS id=572 source=raw_docs/cy-403-computer-networks-jun-2025-ocr.pdf target=s3/raw_docs/cy-403-computer-networks-jun-2025-ocr.pdf
[2026-03-04 10:13:07 UTC] PROCESS id=573 source=raw_docs/ci-602-machine-learning-jun-2025-ocr.pdf target=s3/raw_docs/ci-602-machine-learning-jun-2025-ocr.pdf
[2026-03-04 10:13:07 UTC] PROCESS id=574 source=raw_docs/cs-603-a-advanced-computer-architecture-jun-2025_s2cXsQQ-ocr.pdf target=s3/raw_docs/cs-603-a-advanced-computer-architecture-jun-2025_s2cXsQQ-ocr.pdf
[2026-03-04 10:13:07 UTC] PROCESS id=575 source=raw_docs/cs-604-b-project-management-jun-2025_cD9nv7g-ocr.pdf target=s3/raw_docs/cs-604-b-project-management-jun-2025_cD9nv7g-ocr.pdf
[2026-03-04 10:13:07 UTC] PROCESS id=576 source=raw_docs/cs-sd-603-c-compiler-design-jun-2025_yUyRd7f-ocr.pdf target=s3/raw_docs/cs-sd-603-c-compiler-design-jun-2025_yUyRd7f-ocr.pdf
[2026-03-04 10:13:07 UTC] PROCESS id=577 source=raw_docs/cb-601-computer-networks-dec-2024-ocr.pdf target=s3/raw_docs/cb-601-computer-networks-dec-2024-ocr.pdf
[2026-03-04 10:13:07 UTC] PROCESS id=578 source=raw_docs/al-602-computer-networks-may-2024-ocr.pdf target=s3/raw_docs/al-602-computer-networks-may-2024-ocr.pdf
[2026-03-04 10:13:07 UTC] PROCESS id=579 source=raw_docs/cy-701-machine-learning-dec-2024-ocr.pdf target=s3/raw_docs/cy-701-machine-learning-dec-2024-ocr.pdf
[2026-03-04 10:13:07 UTC] PROCESS id=580 source=raw_docs/cs-601-machine-learning-may-2024_rGHg9TL-ocr.pdf target=s3/raw_docs/cs-601-machine-learning-may-2024_rGHg9TL-ocr.pdf
[2026-03-04 10:13:07 UTC] PROCESS id=581 source=raw_docs/cs-603-a-advanced-computer-architecture-may-2024_c7MH0Nu-ocr.pdf target=s3/raw_docs/cs-603-a-advanced-computer-architecture-may-2024_c7MH0Nu-ocr.pdf
[2026-03-04 10:13:07 UTC] PROCESS id=582 source=raw_docs/cs-603-c-compiler-design-dec-2024_EepaVbA-ocr.pdf target=s3/raw_docs/cs-603-c-compiler-design-dec-2024_EepaVbA-ocr.pdf
[2026-03-04 10:13:07 UTC] PROCESS id=583 source=raw_docs/ad-604-c-compiler-design-may-2024-ocr.pdf target=s3/raw_docs/ad-604-c-compiler-design-may-2024-ocr.pdf
[2026-03-04 10:13:07 UTC] PROCESS id=584 source=raw_docs/cs-604-b-project-management-dec-2024_daHB5GD-ocr.pdf target=s3/raw_docs/cs-604-b-project-management-dec-2024_daHB5GD-ocr.pdf
[2026-03-04 10:13:07 UTC] PROCESS id=585 source=raw_docs/cs-604-b-project-management-may-2024_ynFwdzU-ocr.pdf target=s3/raw_docs/cs-604-b-project-management-may-2024_ynFwdzU-ocr.pdf
[2026-03-04 10:13:07 UTC] PROCESS id=586 source=raw_docs/al-602-computer-networks-may-2023-ocr.pdf target=s3/raw_docs/al-602-computer-networks-may-2023-ocr.pdf
[2026-03-04 10:13:07 UTC] PROCESS id=587 source=raw_docs/cs-601-machine-learning-may-2023_ZCI9GZm-ocr.pdf target=s3/raw_docs/cs-601-machine-learning-may-2023_ZCI9GZm-ocr.pdf
[2026-03-04 10:13:07 UTC] PROCESS id=588 source=raw_docs/cs-603-c-compiler-design-may-2023_haKnhzj-ocr.pdf target=s3/raw_docs/cs-603-c-compiler-design-may-2023_haKnhzj-ocr.pdf
[2026-03-04 10:13:07 UTC] PROCESS id=589 source=raw_docs/cs-604-a-knowledge-management-may-2023_0jC2jtV-ocr.pdf target=s3/raw_docs/cs-604-a-knowledge-management-may-2023_0jC2jtV-ocr.pdf
[2026-03-04 10:13:07 UTC] PROCESS id=590 source=raw_docs/cs-604-b-project-management-may-2023_P1jCFYQ-ocr.pdf target=s3/raw_docs/cs-604-b-project-management-may-2023_P1jCFYQ-ocr.pdf
[2026-03-04 10:13:07 UTC] PROCESS id=591 source=raw_docs/cs-601-machine-learning-may-2022_YayR12e-ocr.pdf target=s3/raw_docs/cs-601-machine-learning-may-2022_YayR12e-ocr.pdf
[2026-03-04 10:13:07 UTC] PROCESS id=592 source=raw_docs/cs-602-computer-networks-may-2022_bhUMZy4-ocr.pdf target=s3/raw_docs/cs-602-computer-networks-may-2022_bhUMZy4-ocr.pdf
[2026-03-04 10:13:07 UTC] PROCESS id=593 source=raw_docs/cs-603-b-computer-graphics-and-visualization-may-2022_TA40XM7-ocr.pdf target=s3/raw_docs/cs-603-b-computer-graphics-and-visualization-may-2022_TA40XM7-ocr.pdf
[2026-03-04 10:13:07 UTC] PROCESS id=594 source=raw_docs/cs-603-c-compiler-design-may-2022_EKEBFx5-ocr.pdf target=s3/raw_docs/cs-603-c-compiler-design-may-2022_EKEBFx5-ocr.pdf
[2026-03-04 10:13:07 UTC] PROCESS id=595 source=raw_docs/cs-604-b-project-management-may-2022_CQnbmY4-ocr.pdf target=s3/raw_docs/cs-604-b-project-management-may-2022_CQnbmY4-ocr.pdf
[2026-03-04 10:13:07 UTC] PROCESS id=596 source=raw_docs/cs-604-c-rural-technology-and-community-development-may-2022_CH03PfV-ocr.pdf target=s3/raw_docs/cs-604-c-rural-technology-and-community-development-may-2022_CH03PfV-ocr.pdf
[2026-03-04 10:13:07 UTC] PROCESS id=597 source=raw_docs/cs-701-software-architectures-dec-2025_0IvLC6e-ocr.pdf target=s3/raw_docs/cs-701-software-architectures-dec-2025_0IvLC6e-ocr.pdf
[2026-03-04 10:13:07 UTC] PROCESS id=598 source=raw_docs/cs-701-software-architectures-jun-2025_D4OrKN7-ocr.pdf target=s3/raw_docs/cs-701-software-architectures-jun-2025_D4OrKN7-ocr.pdf
[2026-03-04 10:13:07 UTC] PROCESS id=599 source=raw_docs/cs-702-d-ai-702-d-big-data-dec-2025_rAL9wQw-ocr.pdf target=s3/raw_docs/cs-702-d-ai-702-d-big-data-dec-2025_rAL9wQw-ocr.pdf
[2026-03-04 10:13:07 UTC] PROCESS id=600 source=raw_docs/cs-703-a-cryptography-and-information-security-dec-2025_CN5b8wx-ocr.pdf target=s3/raw_docs/cs-703-a-cryptography-and-information-security-dec-2025_CN5b8wx-ocr.pdf
[2026-03-04 10:13:07 UTC] PROCESS id=601 source=raw_docs/cs-703-b-data-mining-and-warehousing-jun-2025_HM3CoQ4-ocr.pdf target=s3/raw_docs/cs-703-b-data-mining-and-warehousing-jun-2025_HM3CoQ4-ocr.pdf
[2026-03-04 10:13:07 UTC] PROCESS id=602 source=raw_docs/cs-703-c-al-703-c-agile-software-development-dec-2025_ahG3zz7-ocr.pdf target=s3/raw_docs/cs-703-c-al-703-c-agile-software-development-dec-2025_ahG3zz7-ocr.pdf
[2026-03-04 10:13:07 UTC] PROCESS id=603 source=raw_docs/cs-701-software-architectures-dec-2024_otSWP9X-ocr.pdf target=s3/raw_docs/cs-701-software-architectures-dec-2024_otSWP9X-ocr.pdf
[2026-03-04 10:13:07 UTC] PROCESS id=604 source=raw_docs/cs-702-c-wireless-and-mobile-computing-dec-2024_OTiDrgZ-ocr.pdf target=s3/raw_docs/cs-702-c-wireless-and-mobile-computing-dec-2024_OTiDrgZ-ocr.pdf
[2026-03-04 10:13:07 UTC] PROCESS id=605 source=raw_docs/cs-702-d-big-data-dec-2024_cdvf64d-ocr.pdf target=s3/raw_docs/cs-702-d-big-data-dec-2024_cdvf64d-ocr.pdf
[2026-03-04 10:13:07 UTC] PROCESS id=606 source=raw_docs/cs-703-b-data-mining-and-warehousing-dec-2024_wNIWOqq-ocr.pdf target=s3/raw_docs/cs-703-b-data-mining-and-warehousing-dec-2024_wNIWOqq-ocr.pdf
[2026-03-04 10:13:07 UTC] PROCESS id=607 source=raw_docs/cs-701-software-architectures-nov-2023_UT2Fjrf-ocr.pdf target=s3/raw_docs/cs-701-software-architectures-nov-2023_UT2Fjrf-ocr.pdf
[2026-03-04 10:13:07 UTC] PROCESS id=608 source=raw_docs/cs-702-b-deep-and-reinforcement-learning-nov-2023_srI6dWF-ocr.pdf target=s3/raw_docs/cs-702-b-deep-and-reinforcement-learning-nov-2023_srI6dWF-ocr.pdf
[2026-03-04 10:13:07 UTC] PROCESS id=609 source=raw_docs/cs-702-d-big-data-nov-2023_ohpnykf-ocr.pdf target=s3/raw_docs/cs-702-d-big-data-nov-2023_ohpnykf-ocr.pdf
[2026-03-04 10:13:07 UTC] PROCESS id=610 source=raw_docs/cs-703-a-cryptography-and-information-security-nov-2023_bbsLgVd-ocr.pdf target=s3/raw_docs/cs-703-a-cryptography-and-information-security-nov-2023_bbsLgVd-ocr.pdf
[2026-03-04 10:13:07 UTC] PROCESS id=611 source=raw_docs/cs-703-b-data-mining-and-warehousing-nov-2023_CBrZUIf-ocr.pdf target=s3/raw_docs/cs-703-b-data-mining-and-warehousing-nov-2023_CBrZUIf-ocr.pdf
[2026-03-04 10:13:07 UTC] PROCESS id=612 source=raw_docs/cs-701-software-architectures-nov-2022_HafPR0I-ocr.pdf target=s3/raw_docs/cs-701-software-architectures-nov-2022_HafPR0I-ocr.pdf
[2026-03-04 10:13:07 UTC] PROCESS id=613 source=raw_docs/cs-702-d-big-data-nov-2022_1V4JxUQ-ocr.pdf target=s3/raw_docs/cs-702-d-big-data-nov-2022_1V4JxUQ-ocr.pdf
[2026-03-04 10:13:07 UTC] PROCESS id=614 source=raw_docs/cs-703-a-cryptography-and-information-security-nov-2022_oi0YTWm-ocr.pdf target=s3/raw_docs/cs-703-a-cryptography-and-information-security-nov-2022_oi0YTWm-ocr.pdf
[2026-03-04 10:13:07 UTC] PROCESS id=615 source=raw_docs/cs-801-internet-of-things-jun-2025_iV6Xpm7-ocr.pdf target=s3/raw_docs/cs-801-internet-of-things-jun-2025_iV6Xpm7-ocr.pdf
[2026-03-04 10:13:07 UTC] PROCESS id=616 source=raw_docs/cs-802-b-cloud-computing-jun-2025_rmz8nh9-ocr.pdf target=s3/raw_docs/cs-802-b-cloud-computing-jun-2025_rmz8nh9-ocr.pdf
[2026-03-04 10:13:07 UTC] PROCESS id=617 source=raw_docs/cs-803-a-image-processing-and-computer-vision-jun-2025_SxOZvUS-ocr.pdf target=s3/raw_docs/cs-803-a-image-processing-and-computer-vision-jun-2025_SxOZvUS-ocr.pdf
[2026-03-04 10:13:07 UTC] PROCESS id=618 source=raw_docs/cs-803-d-managing-innovation-and-entrepreneurship-jun-2025_gvznX8M-ocr.pdf target=s3/raw_docs/cs-803-d-managing-innovation-and-entrepreneurship-jun-2025_gvznX8M-ocr.pdf
[2026-03-04 10:13:07 UTC] PROCESS id=619 source=raw_docs/cs-801-internet-of-things-dec-2024_jI8VRI0-ocr.pdf target=s3/raw_docs/cs-801-internet-of-things-dec-2024_jI8VRI0-ocr.pdf
[2026-03-04 10:13:07 UTC] PROCESS id=620 source=raw_docs/cs-801-internet-of-things-may-2024_pzIAYD4-ocr.pdf target=s3/raw_docs/cs-801-internet-of-things-may-2024_pzIAYD4-ocr.pdf
[2026-03-04 10:13:07 UTC] PROCESS id=621 source=raw_docs/cs-802-a-block-chain-technologies-may-2024_EZPYsJt-ocr.pdf target=s3/raw_docs/cs-802-a-block-chain-technologies-may-2024_EZPYsJt-ocr.pdf
[2026-03-04 10:13:07 UTC] PROCESS id=622 source=raw_docs/cs-802-b-cloud-computing-dec-2024_bDKkVXo-ocr.pdf target=s3/raw_docs/cs-802-b-cloud-computing-dec-2024_bDKkVXo-ocr.pdf
[2026-03-04 10:13:07 UTC] PROCESS id=623 source=raw_docs/cs-802-b-cloud-computing-may-2024_HjzfgvK-ocr.pdf target=s3/raw_docs/cs-802-b-cloud-computing-may-2024_HjzfgvK-ocr.pdf
[2026-03-04 10:13:07 UTC] PROCESS id=624 source=raw_docs/cs-803-a-image-processing-and-computer-vision-dec-2024_u0NJ5mF-ocr.pdf target=s3/raw_docs/cs-803-a-image-processing-and-computer-vision-dec-2024_u0NJ5mF-ocr.pdf
[2026-03-04 10:13:07 UTC] PROCESS id=625 source=raw_docs/cs-803-a-image-processing-and-computer-vision-may-2024_rP2WZvK-ocr.pdf target=s3/raw_docs/cs-803-a-image-processing-and-computer-vision-may-2024_rP2WZvK-ocr.pdf
[2026-03-04 10:13:07 UTC] PROCESS id=626 source=raw_docs/cs-803-d-managing-innovation-and-entrepreneurship-may-2024_nszO40k-ocr.pdf target=s3/raw_docs/cs-803-d-managing-innovation-and-entrepreneurship-may-2024_nszO40k-ocr.pdf
[2026-03-04 10:13:07 UTC] PROCESS id=627 source=raw_docs/cs-801-internet-of-things-may-2023_YPWM1gD-ocr.pdf target=s3/raw_docs/cs-801-internet-of-things-may-2023_YPWM1gD-ocr.pdf
[2026-03-04 10:13:07 UTC] PROCESS id=628 source=raw_docs/cs-802-b-cloud-computing-may-2023_cbRlt0C-ocr.pdf target=s3/raw_docs/cs-802-b-cloud-computing-may-2023_cbRlt0C-ocr.pdf
[2026-03-04 10:13:07 UTC] PROCESS id=629 source=raw_docs/cs-803-a-image-processing-and-computer-vision-may-2023_yem2Qlw-ocr.pdf target=s3/raw_docs/cs-803-a-image-processing-and-computer-vision-may-2023_yem2Qlw-ocr.pdf
[2026-03-04 10:13:07 UTC] PROCESS id=630 source=raw_docs/cs-803-c-internet-of-things-may-2023_mjWrwua-ocr.pdf target=s3/raw_docs/cs-803-c-internet-of-things-may-2023_mjWrwua-ocr.pdf
[2026-03-04 10:13:07 UTC] PROCESS id=631 source=raw_docs/cs-801-internet-of-things-may-2022_xWRpSPl-ocr.pdf target=s3/raw_docs/cs-801-internet-of-things-may-2022_xWRpSPl-ocr.pdf
[2026-03-04 10:13:07 UTC] PROCESS id=632 source=raw_docs/cs-802-a-block-chain-technologies-may-2022_IskeLgD-ocr.pdf target=s3/raw_docs/cs-802-a-block-chain-technologies-may-2022_IskeLgD-ocr.pdf
[2026-03-04 10:13:07 UTC] PROCESS id=633 source=raw_docs/cs-802-b-cloud-computing-may-2022_VSJdX9r-ocr.pdf target=s3/raw_docs/cs-802-b-cloud-computing-may-2022_VSJdX9r-ocr.pdf
[2026-03-04 10:13:07 UTC] PROCESS id=634 source=raw_docs/cs-802-c-high-performance-computing-may-2022_Oy5w9Zn-ocr.pdf target=s3/raw_docs/cs-802-c-high-performance-computing-may-2022_Oy5w9Zn-ocr.pdf
[2026-03-04 10:13:07 UTC] PROCESS id=635 source=raw_docs/cs-802-d-object-oriented-software-engineering-may-2022_Fe6S7TA-ocr.pdf target=s3/raw_docs/cs-802-d-object-oriented-software-engineering-may-2022_Fe6S7TA-ocr.pdf
[2026-03-04 10:13:07 UTC] PROCESS id=636 source=raw_docs/cs-803-a-image-processing-and-computer-vision-may-2022_rWSSyBS-ocr.pdf target=s3/raw_docs/cs-803-a-image-processing-and-computer-vision-may-2022_rWSSyBS-ocr.pdf
[2026-03-04 10:13:07 UTC] PROCESS id=637 source=raw_docs/cs-803-d-managing-innovation-and-entrepreneurship-may-2022_ibHt2fX-ocr.pdf target=s3/raw_docs/cs-803-d-managing-innovation-and-entrepreneurship-may-2022_ibHt2fX-ocr.pdf
[2026-03-04 10:13:07 UTC] PROCESS id=638 source=raw_docs/cb-603-artificial-intelligence-jun-2025-ocr.pdf target=s3/raw_docs/cb-603-artificial-intelligence-jun-2025-ocr.pdf
[2026-03-04 10:13:07 UTC] PROCESS id=639 source=raw_docs/ad-al-cd-cy-io-is-301-technical-communication-jun-2025_3a1nndM-ocr.pdf target=s3/raw_docs/ad-al-cd-cy-io-is-301-technical-communication-jun-2025_3a1nndM-ocr.pdf
[2026-03-04 10:13:07 UTC] PROCESS id=640 source=raw_docs/ad-al-cd-cy-is-305-object-oriented-programming-and-methodology-jun-2025_kDwx5Bm-ocr.pdf target=s3/raw_docs/ad-al-cd-cy-is-305-object-oriented-programming-and-methodology-jun-2025_kDwx5Bm-ocr.pdf
[2026-03-04 10:13:07 UTC] PROCESS id=641 source=raw_docs/is-303-data-structure-dec-2024-ocr.pdf target=s3/raw_docs/is-303-data-structure-dec-2024-ocr.pdf
[2026-03-04 10:13:07 UTC] PROCESS id=642 source=raw_docs/ad-ag-al-cd-cy-io-is-303-data-structure-jun-2024_cuWbpl9-ocr.pdf target=s3/raw_docs/ad-ag-al-cd-cy-io-is-303-data-structure-jun-2024_cuWbpl9-ocr.pdf
[2026-03-04 10:13:07 UTC] PROCESS id=643 source=raw_docs/ad-al-ai-304-artificial-intelligence-dec-2024_1aym7Wi-ocr.pdf target=s3/raw_docs/ad-al-ai-304-artificial-intelligence-dec-2024_1aym7Wi-ocr.pdf
