[2026-03-04 09:49:44 UTC] Run started: total=196, dry_run=False, resume=True, workers=32
[2026-03-04 09:49:44 UTC] PROCESS id=1101 source=raw_docs/ec-502-digital-communication-nov-2022_vOphLL1.pdf target=ec-502-digital-communication-nov-2022_vOphLL1-ocr.pdf
[2026-03-04 09:49:44 UTC] PROCESS id=1105 source=raw_docs/ee-ex-503-a-electrical-power-generation-and-economy-nov-2022_TdEQphB.pdf target=ee-ex-503-a-electrical-power-generation-and-economy-nov-2022_TdEQphB-ocr.pdf
[2026-03-04 09:49:44 UTC] PROCESS id=1106 source=raw_docs/ec-601-digital-signal-processing-jun-2025_edUJGg2.pdf target=ec-601-digital-signal-processing-jun-2025_edUJGg2-ocr.pdf
[2026-03-04 09:49:44 UTC] PROCESS id=1107 source=raw_docs/ec-602-antenna-and-wave-propagation-jun-2025_CMir7WX.pdf target=ec-602-antenna-and-wave-propagation-jun-2025_CMir7WX-ocr.pdf
[2026-03-04 09:49:44 UTC] PROCESS id=1108 source=raw_docs/ec-603-a-data-communication-jun-2025_9dreFTy.pdf target=ec-603-a-data-communication-jun-2025_9dreFTy-ocr.pdf
[2026-03-04 09:49:44 UTC] PROCESS id=1109 source=raw_docs/ec-603-c-satellite-communication-jun-2025_ZVFOqHQ.pdf target=ec-603-c-satellite-communication-jun-2025_ZVFOqHQ-ocr.pdf
[2026-03-04 09:49:44 UTC] PROCESS id=1110 source=raw_docs/ec-604-a-microcontroller-and-embedded-system-jun-2025_QNOKusB.pdf target=ec-604-a-microcontroller-and-embedded-system-jun-2025_QNOKusB-ocr.pdf
[2026-03-04 09:49:44 UTC] PROCESS id=1111 source=raw_docs/ec-604-c-power-electronics-jun-2025_iH9afVN.pdf target=ec-604-c-power-electronics-jun-2025_iH9afVN-ocr.pdf
[2026-03-04 09:49:44 UTC] PROCESS id=1112 source=raw_docs/ex-601-power-system-2-jun-2025_5zBR9au.pdf target=ex-601-power-system-2-jun-2025_5zBR9au-ocr.pdf
[2026-03-04 09:49:44 UTC] PROCESS id=1113 source=raw_docs/ex-602-microprocessor-and-microcontroller-jun-2025_234pZ5R.pdf target=ex-602-microprocessor-and-microcontroller-jun-2025_234pZ5R-ocr.pdf
[2026-03-04 09:49:44 UTC] PROCESS id=1114 source=raw_docs/ex-603-a-utilization-of-electrical-engineering-jun-2025_v6LRiTd.pdf target=ex-603-a-utilization-of-electrical-engineering-jun-2025_v6LRiTd-ocr.pdf
[2026-03-04 09:49:44 UTC] PROCESS id=1115 source=raw_docs/ex-603-b-energy-conservation-and-management-jun-2025_tArHyNS.pdf target=ex-603-b-energy-conservation-and-management-jun-2025_tArHyNS-ocr.pdf
[2026-03-04 09:49:44 UTC] PROCESS id=1116 source=raw_docs/ex-604-a-electronic-instrumentation-jun-2025_DfMuV4P.pdf target=ex-604-a-electronic-instrumentation-jun-2025_DfMuV4P-ocr.pdf
[2026-03-04 09:49:44 UTC] PROCESS id=1117 source=raw_docs/ec-601-digital-signal-processing-dec-2024_69mNWG3.pdf target=ec-601-digital-signal-processing-dec-2024_69mNWG3-ocr.pdf
[2026-03-04 09:49:44 UTC] PROCESS id=1118 source=raw_docs/ec-601-digital-signal-processing-may-2024_librWES.pdf target=ec-601-digital-signal-processing-may-2024_librWES-ocr.pdf
[2026-03-04 09:49:44 UTC] PROCESS id=1119 source=raw_docs/ec-602-antenna-and-wave-propagation-dec-2024_YN7vzNO.pdf target=ec-602-antenna-and-wave-propagation-dec-2024_YN7vzNO-ocr.pdf
[2026-03-04 09:49:44 UTC] PROCESS id=1120 source=raw_docs/ec-602-antenna-and-wave-propagation-may-2024_RWjMwzn.pdf target=ec-602-antenna-and-wave-propagation-may-2024_RWjMwzn-ocr.pdf
[2026-03-04 09:49:44 UTC] PROCESS id=1121 source=raw_docs/ec-603-a-data-communication-dec-2024_PbHxUBb.pdf target=ec-603-a-data-communication-dec-2024_PbHxUBb-ocr.pdf
[2026-03-04 09:49:44 UTC] PROCESS id=1122 source=raw_docs/ec-603-c-satellite-communication-may-2024_ZT2NqGX.pdf target=ec-603-c-satellite-communication-may-2024_ZT2NqGX-ocr.pdf
[2026-03-04 09:49:44 UTC] PROCESS id=1123 source=raw_docs/ec-604-a-microcontroller-and-embedded-system-dec-2024_32Mhvo9.pdf target=ec-604-a-microcontroller-and-embedded-system-dec-2024_32Mhvo9-ocr.pdf
[2026-03-04 09:49:44 UTC] PROCESS id=1124 source=raw_docs/ec-604-c-power-electronics-dec-2024_GN0KaUQ.pdf target=ec-604-c-power-electronics-dec-2024_GN0KaUQ-ocr.pdf
[2026-03-04 09:49:44 UTC] PROCESS id=1126 source=raw_docs/ex-601-power-system-2-may-2024_GtepkZX.pdf target=ex-601-power-system-2-may-2024_GtepkZX-ocr.pdf
[2026-03-04 09:49:44 UTC] PROCESS id=1127 source=raw_docs/ex-602-microprocessor-and-microcontroller-dec-2024_e1YIH97.pdf target=ex-602-microprocessor-and-microcontroller-dec-2024_e1YIH97-ocr.pdf
[2026-03-04 09:49:44 UTC] PROCESS id=1128 source=raw_docs/ex-602-microprocessor-and-microcontroller-may-2024_WQKDqPs.pdf target=ex-602-microprocessor-and-microcontroller-may-2024_WQKDqPs-ocr.pdf
[2026-03-04 09:49:44 UTC] PROCESS id=1129 source=raw_docs/ex-603-b-energy-conservation-and-management-dec-2024_CIGgUHv.pdf target=ex-603-b-energy-conservation-and-management-dec-2024_CIGgUHv-ocr.pdf
[2026-03-04 09:49:44 UTC] PROCESS id=1130 source=raw_docs/ex-603-b-energy-conservation-and-management-may-2024_A6g0B1C.pdf target=ex-603-b-energy-conservation-and-management-may-2024_A6g0B1C-ocr.pdf
[2026-03-04 09:49:44 UTC] PROCESS id=1131 source=raw_docs/ex-604-a-electronic-instrumentation-dec-2024_Z7Kqrdj.pdf target=ex-604-a-electronic-instrumentation-dec-2024_Z7Kqrdj-ocr.pdf
[2026-03-04 09:49:44 UTC] PROCESS id=1132 source=raw_docs/ex-604-a-electronic-instrumentation-may-2024_xQKwFwy.pdf target=ex-604-a-electronic-instrumentation-may-2024_xQKwFwy-ocr.pdf
[2026-03-04 09:49:44 UTC] PROCESS id=1133 source=raw_docs/ec-601-digital-signal-processing-may-2023_5h803Bo.pdf target=ec-601-digital-signal-processing-may-2023_5h803Bo-ocr.pdf
[2026-03-04 09:49:44 UTC] PROCESS id=1134 source=raw_docs/ec-602-antenna-and-wave-propagation-may-2023_LVduCMV.pdf target=ec-602-antenna-and-wave-propagation-may-2023_LVduCMV-ocr.pdf
[2026-03-04 09:49:44 UTC] PROCESS id=1135 source=raw_docs/ec-603-a-data-communication-may-2023_ojmuXA5.pdf target=ec-603-a-data-communication-may-2023_ojmuXA5-ocr.pdf
[2026-03-04 09:49:44 UTC] PROCESS id=1136 source=raw_docs/ec-603-b-cmos-design-may-2023_a3Kx1sM.pdf target=ec-603-b-cmos-design-may-2023_a3Kx1sM-ocr.pdf
[2026-03-04 09:49:44 UTC] PROCESS id=1137 source=raw_docs/ec-604-a-microcontroller-and-embedded-system-may-2023_GYpjyHk.pdf target=ec-604-a-microcontroller-and-embedded-system-may-2023_GYpjyHk-ocr.pdf
[2026-03-04 09:49:44 UTC] PROCESS id=1138 source=raw_docs/ec-604-b-bio-medical-electronics-may-2023_J4nigmr.pdf target=ec-604-b-bio-medical-electronics-may-2023_J4nigmr-ocr.pdf
[2026-03-04 09:49:44 UTC] PROCESS id=1139 source=raw_docs/ec-604-c-power-electronics-may-2023_ips69A6.pdf target=ec-604-c-power-electronics-may-2023_ips69A6-ocr.pdf
[2026-03-04 09:49:44 UTC] PROCESS id=1140 source=raw_docs/ex-602-microprocessor-and-microcontroller-may-2023_9bXEFMt.pdf target=ex-602-microprocessor-and-microcontroller-may-2023_9bXEFMt-ocr.pdf
[2026-03-04 09:49:44 UTC] PROCESS id=1141 source=raw_docs/ex-603-b-energy-conservation-and-management-may-2023_3qmeUT3.pdf target=ex-603-b-energy-conservation-and-management-may-2023_3qmeUT3-ocr.pdf
[2026-03-04 09:49:44 UTC] PROCESS id=1142 source=raw_docs/ex-604-a-electronic-instrumentation-may-2023_N4GiEO9.pdf target=ex-604-a-electronic-instrumentation-may-2023_N4GiEO9-ocr.pdf
[2026-03-04 09:49:44 UTC] PROCESS id=1143 source=raw_docs/ec-601-digital-signal-processing-may-2022_5vqAjGe.pdf target=ec-601-digital-signal-processing-may-2022_5vqAjGe-ocr.pdf
[2026-03-04 09:49:44 UTC] PROCESS id=1144 source=raw_docs/ec-602-antenna-and-wave-propagation-may-2022_Y8njC8t.pdf target=ec-602-antenna-and-wave-propagation-may-2022_Y8njC8t-ocr.pdf
[2026-03-04 09:49:44 UTC] PROCESS id=1145 source=raw_docs/ec-603-a-data-communication-may-2022_sInarhW.pdf target=ec-603-a-data-communication-may-2022_sInarhW-ocr.pdf
[2026-03-04 09:49:44 UTC] PROCESS id=1146 source=raw_docs/ec-604-a-microcontroller-and-embedded-system-may-2022_6HKODYu.pdf target=ec-604-a-microcontroller-and-embedded-system-may-2022_6HKODYu-ocr.pdf
[2026-03-04 09:49:44 UTC] PROCESS id=1147 source=raw_docs/ec-604-b-bio-medical-electronics-may-2022_MisPaao.pdf target=ec-604-b-bio-medical-electronics-may-2022_MisPaao-ocr.pdf
[2026-03-04 09:49:44 UTC] PROCESS id=1149 source=raw_docs/ex-602-microprocessor-and-microcontroller-may-2022_yIUqxA4.pdf target=ex-602-microprocessor-and-microcontroller-may-2022_yIUqxA4-ocr.pdf
[2026-03-04 09:49:44 UTC] PROCESS id=1150 source=raw_docs/ex-603-a-utilization-of-electrical-engineering-may-2022_tDNA8gl.pdf target=ex-603-a-utilization-of-electrical-engineering-may-2022_tDNA8gl-ocr.pdf
[2026-03-04 09:49:44 UTC] PROCESS id=1151 source=raw_docs/ex-604-a-electronic-instrumentation-may-2022_K2AHoRQ.pdf target=ex-604-a-electronic-instrumentation-may-2022_K2AHoRQ-ocr.pdf
[2026-03-04 09:49:44 UTC] PROCESS id=1152 source=raw_docs/ec-701-vlsi-design-dec-2025_CdbJHht.pdf target=ec-701-vlsi-design-dec-2025_CdbJHht-ocr.pdf
[2026-03-04 09:49:44 UTC] PROCESS id=1153 source=raw_docs/ec-701-vlsi-design-jun-2025_zt3Ub3O.pdf target=ec-701-vlsi-design-jun-2025_zt3Ub3O-ocr.pdf
[2026-03-04 09:49:44 UTC] PROCESS id=1154 source=raw_docs/ec-702-a-microwave-engineering-dec-2025_hOdyRCo.pdf target=ec-702-a-microwave-engineering-dec-2025_hOdyRCo-ocr.pdf
[2026-03-04 09:49:44 UTC] PROCESS id=1155 source=raw_docs/ec-703-a-cellular-mobile-communication-jun-2025_wFqDng6.pdf target=ec-703-a-cellular-mobile-communication-jun-2025_wFqDng6-ocr.pdf
[2026-03-04 09:49:44 UTC] PROCESS id=1156 source=raw_docs/ec-703-b-internet-of-things-iot-jun-2025_8PdIyls.pdf target=ec-703-b-internet-of-things-iot-jun-2025_8PdIyls-ocr.pdf
[2026-03-04 09:49:44 UTC] PROCESS id=1157 source=raw_docs/ex-701-powar-system-protection-dec-2025_zhCla1R.pdf target=ex-701-powar-system-protection-dec-2025_zhCla1R-ocr.pdf
[2026-03-04 09:49:44 UTC] PROCESS id=1158 source=raw_docs/ex-701-power-system-protection-jun-2025_beWW7p5.pdf target=ex-701-power-system-protection-jun-2025_beWW7p5-ocr.pdf
[2026-03-04 09:49:44 UTC] PROCESS id=1159 source=raw_docs/ex-702-c-high-voltage-engineering-dec-2025_8kL6kps.pdf target=ex-702-c-high-voltage-engineering-dec-2025_8kL6kps-ocr.pdf
[2026-03-04 09:49:44 UTC] PROCESS id=1160 source=raw_docs/ex-703-b-energy-audit-and-management-jun-2025_4rammR0.pdf target=ex-703-b-energy-audit-and-management-jun-2025_4rammR0-ocr.pdf
[2026-03-04 09:49:44 UTC] PROCESS id=1161 source=raw_docs/ec-701-vlsi-design-dec-2024_ckv6B4C.pdf target=ec-701-vlsi-design-dec-2024_ckv6B4C-ocr.pdf
[2026-03-04 09:49:44 UTC] PROCESS id=1162 source=raw_docs/ec-702-a-microwave-engineering-dec-2024_kRJnF39.pdf target=ec-702-a-microwave-engineering-dec-2024_kRJnF39-ocr.pdf
[2026-03-04 09:49:44 UTC] PROCESS id=1163 source=raw_docs/ec-703-a-cellular-mobile-communication-dec-2024_suXyFUD.pdf target=ec-703-a-cellular-mobile-communication-dec-2024_suXyFUD-ocr.pdf
[2026-03-04 09:49:44 UTC] PROCESS id=1164 source=raw_docs/ec-703-b-internet-of-things-iot-dec-2024_HM1a2S3.pdf target=ec-703-b-internet-of-things-iot-dec-2024_HM1a2S3-ocr.pdf
[2026-03-04 09:49:44 UTC] PROCESS id=1165 source=raw_docs/ex-701-power-system-protection-dec-2024_xvjiNfR.pdf target=ex-701-power-system-protection-dec-2024_xvjiNfR-ocr.pdf
[2026-03-04 09:49:44 UTC] PROCESS id=1166 source=raw_docs/ex-702-b-hvdc-and-facts-dec-2024_x4OoYCT.pdf target=ex-702-b-hvdc-and-facts-dec-2024_x4OoYCT-ocr.pdf
[2026-03-04 09:49:44 UTC] PROCESS id=1167 source=raw_docs/ex-703-b-energy-audit-and-management-dec-2024_Pzf7CGV.pdf target=ex-703-b-energy-audit-and-management-dec-2024_Pzf7CGV-ocr.pdf
[2026-03-04 09:49:44 UTC] PROCESS id=1168 source=raw_docs/ec-701-vlsi-design-nov-2023_EZZrF0B.pdf target=ec-701-vlsi-design-nov-2023_EZZrF0B-ocr.pdf
[2026-03-04 09:49:44 UTC] PROCESS id=1169 source=raw_docs/ec-702-a-microwave-engineering-nov-2023_GnLlwbt.pdf target=ec-702-a-microwave-engineering-nov-2023_GnLlwbt-ocr.pdf
[2026-03-04 09:49:44 UTC] PROCESS id=1170 source=raw_docs/ec-702-b-information-theory-and-coding-nov-2023_yvDJT9M.pdf target=ec-702-b-information-theory-and-coding-nov-2023_yvDJT9M-ocr.pdf
[2026-03-04 09:49:44 UTC] PROCESS id=1171 source=raw_docs/ec-703-b-internet-of-things-nov-2023_OjsLL1f.pdf target=ec-703-b-internet-of-things-nov-2023_OjsLL1f-ocr.pdf
[2026-03-04 09:49:44 UTC] PROCESS id=1172 source=raw_docs/ec-703-c-probability-theory-and-stochastic-processor-nov-2023_Aokj4Sx.pdf target=ec-703-c-probability-theory-and-stochastic-processor-nov-2023_Aokj4Sx-ocr.pdf
[2026-03-04 09:49:44 UTC] PROCESS id=1173 source=raw_docs/ex-701-power-system-protection-nov-2023_i3AFNRE.pdf target=ex-701-power-system-protection-nov-2023_i3AFNRE-ocr.pdf
[2026-03-04 09:49:44 UTC] PROCESS id=1174 source=raw_docs/ex-702-c-high-voltage-engineering-nov-2023_pT7h8jr.pdf target=ex-702-c-high-voltage-engineering-nov-2023_pT7h8jr-ocr.pdf
[2026-03-04 09:49:44 UTC] PROCESS id=1175 source=raw_docs/ex-703-c-digital-signal-processing-nov-2023_AbthiEv.pdf target=ex-703-c-digital-signal-processing-nov-2023_AbthiEv-ocr.pdf
[2026-03-04 09:49:44 UTC] PROCESS id=1176 source=raw_docs/ee-701-electrical-drives-nov-2022_X3MyG2O.pdf target=ee-701-electrical-drives-nov-2022_X3MyG2O-ocr.pdf
[2026-03-04 09:49:44 UTC] PROCESS id=1177 source=raw_docs/ex-701-power-system-protection-nov-2022_R6VR6jQ.pdf target=ex-701-power-system-protection-nov-2022_R6VR6jQ-ocr.pdf
[2026-03-04 09:49:44 UTC] PROCESS id=1179 source=raw_docs/ec-801-optical-fiber-communication-jun-2025_vYFCrlf.pdf target=ec-801-optical-fiber-communication-jun-2025_vYFCrlf-ocr.pdf
[2026-03-04 09:49:44 UTC] PROCESS id=1180 source=raw_docs/ec-802-b-wireless-communications-jun-2025_QVTqXHE.pdf target=ec-802-b-wireless-communications-jun-2025_QVTqXHE-ocr.pdf
[2026-03-04 09:49:44 UTC] PROCESS id=1181 source=raw_docs/ec-803-a-wireless-networks-jun-2025_shzkN0C.pdf target=ec-803-a-wireless-networks-jun-2025_shzkN0C-ocr.pdf
[2026-03-04 09:49:44 UTC] PROCESS id=1182 source=raw_docs/ee-ex-802-b-special-machine-jun-2025_48vhqsV.pdf target=ee-ex-802-b-special-machine-jun-2025_48vhqsV-ocr.pdf
[2026-03-04 09:49:44 UTC] PROCESS id=1183 source=raw_docs/ex-801-electrical-drives-jun-2025_Satq0Nx.pdf target=ex-801-electrical-drives-jun-2025_Satq0Nx-ocr.pdf
[2026-03-04 09:49:44 UTC] PROCESS id=1184 source=raw_docs/ex-802-a-power-quality-problems-and-mitigation-techniques-jun-2025_RgsZgEW.pdf target=ex-802-a-power-quality-problems-and-mitigation-techniques-jun-2025_RgsZgEW-ocr.pdf
[2026-03-04 09:49:44 UTC] PROCESS id=1185 source=raw_docs/ex-803-b-environmental-issues-policy-standards-and-regulations-jun-2025_s9Afk67.pdf target=ex-803-b-environmental-issues-policy-standards-and-regulations-jun-2025_s9Afk67-ocr.pdf
[2026-03-04 09:49:44 UTC] PROCESS id=1186 source=raw_docs/ec-801-optical-fiber-communication-may-2024_ErWoEID.pdf target=ec-801-optical-fiber-communication-may-2024_ErWoEID-ocr.pdf
[2026-03-04 09:49:44 UTC] PROCESS id=1187 source=raw_docs/ec-802-b-wireless-communications-may-2024_qvuAboo.pdf target=ec-802-b-wireless-communications-may-2024_qvuAboo-ocr.pdf
[2026-03-04 09:49:44 UTC] PROCESS id=1188 source=raw_docs/ec-803-a-wireless-networks-may-2024_npoP9Zu.pdf target=ec-803-a-wireless-networks-may-2024_npoP9Zu-ocr.pdf
[2026-03-04 09:49:44 UTC] PROCESS id=1189 source=raw_docs/ee-ex-802-b-special-machine-may-2024_z9D8eNf.pdf target=ee-ex-802-b-special-machine-may-2024_z9D8eNf-ocr.pdf
[2026-03-04 09:49:44 UTC] PROCESS id=1190 source=raw_docs/ex-801-electrical-drives-may-2024_XhWmt3W.pdf target=ex-801-electrical-drives-may-2024_XhWmt3W-ocr.pdf
[2026-03-04 09:49:44 UTC] PROCESS id=1191 source=raw_docs/ec-801-optical-fiber-communication-may-2023_Dt00pHQ.pdf target=ec-801-optical-fiber-communication-may-2023_Dt00pHQ-ocr.pdf
[2026-03-04 09:49:44 UTC] PROCESS id=1192 source=raw_docs/ec-802-a-ai-and-signal-processing-may-2023_yweiL6a.pdf target=ec-802-a-ai-and-signal-processing-may-2023_yweiL6a-ocr.pdf
[2026-03-04 09:49:44 UTC] PROCESS id=1193 source=raw_docs/ec-803-a-wireless-networks-may-2023_yiYumoZ.pdf target=ec-803-a-wireless-networks-may-2023_yiYumoZ-ocr.pdf
[2026-03-04 09:49:44 UTC] PROCESS id=1194 source=raw_docs/ee-ex-802-b-special-machine-may-2023_KJaLOil.pdf target=ee-ex-802-b-special-machine-may-2023_KJaLOil-ocr.pdf
[2026-03-04 09:49:44 UTC] PROCESS id=1195 source=raw_docs/ex-801-electrical-drives-may-2023_jy9gPOv.pdf target=ex-801-electrical-drives-may-2023_jy9gPOv-ocr.pdf
[2026-03-04 09:49:44 UTC] PROCESS id=1196 source=raw_docs/ex-802-a-power-quality-problems-and-mitigation-techniques-may-2023_XB2XKQm.pdf target=ex-802-a-power-quality-problems-and-mitigation-techniques-may-2023_XB2XKQm-ocr.pdf
[2026-03-04 09:49:44 UTC] PROCESS id=1197 source=raw_docs/ex-802-d-application-of-ai-in-electrical-may-2023_8eAFm9q.pdf target=ex-802-d-application-of-ai-in-electrical-may-2023_8eAFm9q-ocr.pdf
[2026-03-04 09:49:44 UTC] PROCESS id=1198 source=raw_docs/ex-803-a-utilization-of-electrical-engineering-may-2023_qejC1VJ.pdf target=ex-803-a-utilization-of-electrical-engineering-may-2023_qejC1VJ-ocr.pdf
[2026-03-04 09:49:44 UTC] PROCESS id=1199 source=raw_docs/ex-803-b-environmental-issues-policy-standards-and-regulations-may-2023_Fal4SHX.pdf target=ex-803-b-environmental-issues-policy-standards-and-regulations-may-2023_Fal4SHX-ocr.pdf
[2026-03-04 09:49:44 UTC] PROCESS id=1200 source=raw_docs/ex-803-c-vlsi-circuits-and-systems-may-2023_J9nD6yL.pdf target=ex-803-c-vlsi-circuits-and-systems-may-2023_J9nD6yL-ocr.pdf
[2026-03-04 09:49:44 UTC] PROCESS id=1201 source=raw_docs/ec-801-optical-fiber-communication-may-2022_D2aT7h5.pdf target=ec-801-optical-fiber-communication-may-2022_D2aT7h5-ocr.pdf
[2026-03-04 09:49:44 UTC] PROCESS id=1202 source=raw_docs/ec-802-b-wireless-communications-may-2022_x5AiVJb.pdf target=ec-802-b-wireless-communications-may-2022_x5AiVJb-ocr.pdf
[2026-03-04 09:49:44 UTC] PROCESS id=1203 source=raw_docs/ec-803-a-wireless-networks-may-2022_6rEA13u.pdf target=ec-803-a-wireless-networks-may-2022_6rEA13u-ocr.pdf
[2026-03-04 09:49:44 UTC] PROCESS id=1204 source=raw_docs/ee-ex-802-b-special-machine-may-2022_18bxqez.pdf target=ee-ex-802-b-special-machine-may-2022_18bxqez-ocr.pdf
[2026-03-04 09:49:44 UTC] PROCESS id=1205 source=raw_docs/ex-801-electrical-drives-may-2022_ow8ldhL.pdf target=ex-801-electrical-drives-may-2022_ow8ldhL-ocr.pdf
[2026-03-04 09:49:44 UTC] PROCESS id=1206 source=raw_docs/ex-803-b-environmental-issues-policy-standards-and-regulations-may-2022_3VLWCEB.pdf target=ex-803-b-environmental-issues-policy-standards-and-regulations-may-2022_3VLWCEB-ocr.pdf
[2026-03-04 09:49:44 UTC] PROCESS id=1207 source=raw_docs/ag-it-305-digital-circuits-and-systems-dec-2024_PIZSlRL.pdf target=ag-it-305-digital-circuits-and-systems-dec-2024_PIZSlRL-ocr.pdf
[2026-03-04 09:49:44 UTC] PROCESS id=1208 source=raw_docs/it-305-digital-circuits-and-systems-jun-2023_Dha9Hsr.pdf target=it-305-digital-circuits-and-systems-jun-2023_Dha9Hsr-ocr.pdf
[2026-03-04 09:49:44 UTC] PROCESS id=1209 source=raw_docs/it-404-analog-and-digital-communication-jun-2025_NbIUOUZ.pdf target=it-404-analog-and-digital-communication-jun-2025_NbIUOUZ-ocr.pdf
[2026-03-04 09:49:44 UTC] PROCESS id=1212 source=raw_docs/it-404-analog-and-digital-communication-jun-2022_i5PDOFM.pdf target=it-404-analog-and-digital-communication-jun-2022_i5PDOFM-ocr.pdf
[2026-03-04 09:49:44 UTC] PROCESS id=1213 source=raw_docs/it-501-operating-system-dec-2025_AZjnHoi.pdf target=it-501-operating-system-dec-2025_AZjnHoi-ocr.pdf
[2026-03-04 09:49:44 UTC] PROCESS id=1214 source=raw_docs/it-503-c-object-oriented-analysis-and-design-dec-2024_DlfR4dC.pdf target=it-503-c-object-oriented-analysis-and-design-dec-2024_DlfR4dC-ocr.pdf
[2026-03-04 09:49:44 UTC] PROCESS id=1215 source=raw_docs/it-504-c-java-programming-dec-2024_fOTZqiL.pdf target=it-504-c-java-programming-dec-2024_fOTZqiL-ocr.pdf
[2026-03-04 09:49:44 UTC] PROCESS id=1216 source=raw_docs/it-501-operating-system-nov-2022_jwZB4Kx.pdf target=it-501-operating-system-nov-2022_jwZB4Kx-ocr.pdf
[2026-03-04 09:49:44 UTC] PROCESS id=1217 source=raw_docs/it-502-computer-networks-nov-2022_cfO0kN2.pdf target=it-502-computer-networks-nov-2022_cfO0kN2-ocr.pdf
[2026-03-04 09:49:44 UTC] PROCESS id=1218 source=raw_docs/it-504-c-java-programming-nov-2022_PJErm83.pdf target=it-504-c-java-programming-nov-2022_PJErm83-ocr.pdf
[2026-03-04 09:49:44 UTC] PROCESS id=1219 source=raw_docs/it-601-computer-graphics-and-multimedia-jun-2025_ryLrSdK.pdf target=it-601-computer-graphics-and-multimedia-jun-2025_ryLrSdK-ocr.pdf
[2026-03-04 09:49:44 UTC] PROCESS id=1220 source=raw_docs/it-602-wireless-and-mobile-computing-jun-2025_ryeGKzj.pdf target=it-602-wireless-and-mobile-computing-jun-2025_ryeGKzj-ocr.pdf
[2026-03-04 09:49:44 UTC] PROCESS id=1221 source=raw_docs/it-603-a-compiler-design-jun-2025_HQgbdTj.pdf target=it-603-a-compiler-design-jun-2025_HQgbdTj-ocr.pdf
[2026-03-04 09:49:44 UTC] PROCESS id=1222 source=raw_docs/it-603-b-data-mining-jun-2025_f2wYUrg.pdf target=it-603-b-data-mining-jun-2025_f2wYUrg-ocr.pdf
[2026-03-04 09:49:44 UTC] PROCESS id=1223 source=raw_docs/it-604-b-software-engineering-jun-2025_v5XsVTH.pdf target=it-604-b-software-engineering-jun-2025_v5XsVTH-ocr.pdf
[2026-03-04 09:49:44 UTC] PROCESS id=1224 source=raw_docs/it-601-computer-graphics-and-multimedia-may-2024_6ZOZaBM.pdf target=it-601-computer-graphics-and-multimedia-may-2024_6ZOZaBM-ocr.pdf
[2026-03-04 09:49:44 UTC] PROCESS id=1225 source=raw_docs/it-602-wireless-and-mobile-computing-may-2023_wHlxqkv.pdf target=it-602-wireless-and-mobile-computing-may-2023_wHlxqkv-ocr.pdf
[2026-03-04 09:49:44 UTC] PROCESS id=1226 source=raw_docs/it-603-a-compiler-design-may-2023_sTD6KOV.pdf target=it-603-a-compiler-design-may-2023_sTD6KOV-ocr.pdf
[2026-03-04 09:49:44 UTC] PROCESS id=1227 source=raw_docs/it-604-b-software-engineering-may-2022_vuSKCqP.pdf target=it-604-b-software-engineering-may-2022_vuSKCqP-ocr.pdf
[2026-03-04 09:49:44 UTC] PROCESS id=1228 source=raw_docs/it-702-a-grading-system-nov-2023_HY0MCoj.pdf target=it-702-a-grading-system-nov-2023_HY0MCoj-ocr.pdf
[2026-03-04 09:49:44 UTC] PROCESS id=1229 source=raw_docs/it-702-b-cloud-computing-nov-2023_Tlebvmp.pdf target=it-702-b-cloud-computing-nov-2023_Tlebvmp-ocr.pdf
[2026-03-04 09:49:44 UTC] PROCESS id=1230 source=raw_docs/it-702-c-simulation-and-modeling-nov-2023_Sp0RzrS.pdf target=it-702-c-simulation-and-modeling-nov-2023_Sp0RzrS-ocr.pdf
[2026-03-04 09:49:44 UTC] PROCESS id=1231 source=raw_docs/it-702-d-augmented-and-virtual-reality-nov-2023_KBKiQW0.pdf target=it-702-d-augmented-and-virtual-reality-nov-2023_KBKiQW0-ocr.pdf
[2026-03-04 09:49:44 UTC] PROCESS id=1232 source=raw_docs/it-703-c-social-networks-nov-2023_1BlXcWj.pdf target=it-703-c-social-networks-nov-2023_1BlXcWj-ocr.pdf
[2026-03-04 09:49:44 UTC] PROCESS id=1233 source=raw_docs/it-703-d-digital-image-processing-nov-2023_TnSeqgk.pdf target=it-703-d-digital-image-processing-nov-2023_TnSeqgk-ocr.pdf
[2026-03-04 09:49:44 UTC] PROCESS id=1234 source=raw_docs/it-802-a-machine-learning-jun-2025_fNhQ2dM.pdf target=it-802-a-machine-learning-jun-2025_fNhQ2dM-ocr.pdf
[2026-03-04 09:49:44 UTC] PROCESS id=1235 source=raw_docs/it-803-a-blockchain-technology-jun-2025_VdeNKzD.pdf target=it-803-a-blockchain-technology-jun-2025_VdeNKzD-ocr.pdf
[2026-03-04 09:49:44 UTC] PROCESS id=1236 source=raw_docs/it-803-d-parallel-computing-jun-2025_LeLBYvG.pdf target=it-803-d-parallel-computing-jun-2025_LeLBYvG-ocr.pdf
[2026-03-04 09:49:44 UTC] PROCESS id=1237 source=raw_docs/it-801-information-security-may-2024_N994ryb.pdf target=it-801-information-security-may-2024_N994ryb-ocr.pdf
[2026-03-04 09:49:44 UTC] PROCESS id=1238 source=raw_docs/it-801-information-security-may-2023_XOYrcSY.pdf target=it-801-information-security-may-2023_XOYrcSY-ocr.pdf
[2026-03-04 09:49:44 UTC] PROCESS id=1239 source=raw_docs/it-802-a-machine-learning-may-2023_lMtyleA.pdf target=it-802-a-machine-learning-may-2023_lMtyleA-ocr.pdf
[2026-03-04 09:49:44 UTC] PROCESS id=1240 source=raw_docs/it-803-a-blockchain-technology-may-2023_lza0XCO.pdf target=it-803-a-blockchain-technology-may-2023_lza0XCO-ocr.pdf
[2026-03-04 09:49:44 UTC] PROCESS id=1241 source=raw_docs/me-501-internal-combustion-engines-jun-2025_qtriP5K.pdf target=me-501-internal-combustion-engines-jun-2025_qtriP5K-ocr.pdf
[2026-03-04 09:49:44 UTC] PROCESS id=1242 source=raw_docs/me-502-mechanical-vibration-jun-2025_GbpLc8x.pdf target=me-502-mechanical-vibration-jun-2025_GbpLc8x-ocr.pdf
[2026-03-04 09:49:44 UTC] PROCESS id=1243 source=raw_docs/me-503-b-dynamics-of-machine-jun-2025_HCzNw9g.pdf target=me-503-b-dynamics-of-machine-jun-2025_HCzNw9g-ocr.pdf
[2026-03-04 09:49:44 UTC] PROCESS id=1244 source=raw_docs/me-504-a-industrial-engineering-and-ergonomics-jun-2025_h6m9k3P.pdf target=me-504-a-industrial-engineering-and-ergonomics-jun-2025_h6m9k3P-ocr.pdf
[2026-03-04 09:49:44 UTC] PROCESS id=1245 source=raw_docs/me-501-internal-combustion-engines-may-2024_9ly6W6P.pdf target=me-501-internal-combustion-engines-may-2024_9ly6W6P-ocr.pdf
[2026-03-04 09:49:44 UTC] PROCESS id=1246 source=raw_docs/me-502-mechanical-vibration-may-2024_zxjv60b.pdf target=me-502-mechanical-vibration-may-2024_zxjv60b-ocr.pdf
[2026-03-04 09:49:44 UTC] PROCESS id=1247 source=raw_docs/me-503-b-dynamics-of-machine-may-2024_uIW58ii.pdf target=me-503-b-dynamics-of-machine-may-2024_uIW58ii-ocr.pdf
[2026-03-04 09:49:44 UTC] PROCESS id=1248 source=raw_docs/me-504-a-industrial-engineering-and-ergonomics-may-2024_O9p5MAz.pdf target=me-504-a-industrial-engineering-and-ergonomics-may-2024_O9p5MAz-ocr.pdf
[2026-03-04 09:49:44 UTC] PROCESS id=1249 source=raw_docs/me-501-internal-combustion-engines-nov-2023_O6gKM6Y.pdf target=me-501-internal-combustion-engines-nov-2023_O6gKM6Y-ocr.pdf
[2026-03-04 09:49:44 UTC] PROCESS id=1250 source=raw_docs/me-502-mechanical-vibration-nov-2023_xv3mSBt.pdf target=me-502-mechanical-vibration-nov-2023_xv3mSBt-ocr.pdf
[2026-03-04 09:49:44 UTC] PROCESS id=1251 source=raw_docs/me-503-b-dynamics-of-machine-nov-2023_bazG4gW.pdf target=me-503-b-dynamics-of-machine-nov-2023_bazG4gW-ocr.pdf
[2026-03-04 09:49:44 UTC] PROCESS id=1252 source=raw_docs/me-504-a-industrial-engineering-and-ergonomics-nov-2023_gV93jum.pdf target=me-504-a-industrial-engineering-and-ergonomics-nov-2023_gV93jum-ocr.pdf
[2026-03-04 09:49:44 UTC] PROCESS id=1253 source=raw_docs/me-501-internal-combustion-engines-nov-2022_3yciQWh.pdf target=me-501-internal-combustion-engines-nov-2022_3yciQWh-ocr.pdf
[2026-03-04 09:49:44 UTC] PROCESS id=1254 source=raw_docs/me-502-mechanical-vibration-nov-2022_fZutkYm.pdf target=me-502-mechanical-vibration-nov-2022_fZutkYm-ocr.pdf
[2026-03-04 09:49:44 UTC] PROCESS id=1255 source=raw_docs/me-503-b-dynamics-of-machine-nov-2022_pIcHP4I.pdf target=me-503-b-dynamics-of-machine-nov-2022_pIcHP4I-ocr.pdf
[2026-03-04 09:49:44 UTC] PROCESS id=1256 source=raw_docs/me-601-thermal-engineering-and-gas-dynamics-jun-2025_9FLez0J.pdf target=me-601-thermal-engineering-and-gas-dynamics-jun-2025_9FLez0J-ocr.pdf
[2026-03-04 09:49:44 UTC] PROCESS id=1257 source=raw_docs/me-602-machine-component-design-jun-2025_kFIQvPU.pdf target=me-602-machine-component-design-jun-2025_kFIQvPU-ocr.pdf
[2026-03-04 09:49:44 UTC] PROCESS id=1258 source=raw_docs/me-603-a-turbomachinery-jun-2025_xRobLaa.pdf target=me-603-a-turbomachinery-jun-2025_xRobLaa-ocr.pdf
[2026-03-04 09:49:44 UTC] PROCESS id=1259 source=raw_docs/me-603-c-product-design-jun-2025_2aZATME.pdf target=me-603-c-product-design-jun-2025_2aZATME-ocr.pdf
[2026-03-04 09:49:44 UTC] PROCESS id=1260 source=raw_docs/me-601-thermal-engineering-and-gas-dynamics-may-2024_3oTnDPq.pdf target=me-601-thermal-engineering-and-gas-dynamics-may-2024_3oTnDPq-ocr.pdf
[2026-03-04 09:49:44 UTC] PROCESS id=1261 source=raw_docs/me-602-machine-component-design-may-2024_8bUXsmD.pdf target=me-602-machine-component-design-may-2024_8bUXsmD-ocr.pdf
[2026-03-04 09:49:44 UTC] PROCESS id=1262 source=raw_docs/me-603-a-turbo-machinery-may-2024_I768IJS.pdf target=me-603-a-turbo-machinery-may-2024_I768IJS-ocr.pdf
[2026-03-04 09:49:44 UTC] PROCESS id=1263 source=raw_docs/me-603-c-product-design-may-2024_r4WEjIW.pdf target=me-603-c-product-design-may-2024_r4WEjIW-ocr.pdf
[2026-03-04 09:49:44 UTC] PROCESS id=1264 source=raw_docs/me-601-thermal-engineering-and-gas-dynamics-may-2023_Z9WlJV2.pdf target=me-601-thermal-engineering-and-gas-dynamics-may-2023_Z9WlJV2-ocr.pdf
[2026-03-04 09:49:44 UTC] PROCESS id=1265 source=raw_docs/me-602-machine-component-design-may-2023_u2IfZ8i.pdf target=me-602-machine-component-design-may-2023_u2IfZ8i-ocr.pdf
[2026-03-04 09:49:44 UTC] PROCESS id=1266 source=raw_docs/me-603-a-turbo-machinery-may-2023_l0ns3Yn.pdf target=me-603-a-turbo-machinery-may-2023_l0ns3Yn-ocr.pdf
[2026-03-04 09:49:44 UTC] PROCESS id=1267 source=raw_docs/me-603-c-product-design-nov-2023_s8qvFJb.pdf target=me-603-c-product-design-nov-2023_s8qvFJb-ocr.pdf
[2026-03-04 09:49:44 UTC] PROCESS id=1268 source=raw_docs/me-601-thermal-engineering-and-gas-dynamics-may-2022_WEd0X0a.pdf target=me-601-thermal-engineering-and-gas-dynamics-may-2022_WEd0X0a-ocr.pdf
[2026-03-04 09:49:44 UTC] PROCESS id=1269 source=raw_docs/me-602-machine-component-design-may-2022_DDDVsf6.pdf target=me-602-machine-component-design-may-2022_DDDVsf6-ocr.pdf
[2026-03-04 09:49:44 UTC] PROCESS id=1270 source=raw_docs/me-603-a-turbo-machinery-may-2022_wcKPS3c.pdf target=me-603-a-turbo-machinery-may-2022_wcKPS3c-ocr.pdf
[2026-03-04 09:49:44 UTC] PROCESS id=1271 source=raw_docs/me-603-c-product-design-may-2022_V9vadQ2.pdf target=me-603-c-product-design-may-2022_V9vadQ2-ocr.pdf
[2026-03-04 09:49:44 UTC] PROCESS id=1272 source=raw_docs/me-604-b-optimization-techniques-may-2022_OZ3oBk1.pdf target=me-604-b-optimization-techniques-may-2022_OZ3oBk1-ocr.pdf
[2026-03-04 09:49:44 UTC] PROCESS id=1273 source=raw_docs/me-701-heat-and-mass-transfer-dec-2025_ubjwhUD.pdf target=me-701-heat-and-mass-transfer-dec-2025_ubjwhUD-ocr.pdf
[2026-03-04 09:49:44 UTC] PROCESS id=1274 source=raw_docs/me-701-heat-and-mass-transfer-jun-2025_7JLgicU.pdf target=me-701-heat-and-mass-transfer-jun-2025_7JLgicU-ocr.pdf
[2026-03-04 09:49:44 UTC] PROCESS id=1275 source=raw_docs/me-702-c-power-plant-engineering-dec-2025_fgppPTy.pdf target=me-702-c-power-plant-engineering-dec-2025_fgppPTy-ocr.pdf
[2026-03-04 09:49:44 UTC] PROCESS id=1277 source=raw_docs/me-701-heat-and-mass-transfer-may-2024_gEF2zQU.pdf target=me-701-heat-and-mass-transfer-may-2024_gEF2zQU-ocr.pdf
[2026-03-04 09:49:44 UTC] PROCESS id=1278 source=raw_docs/me-703-a-operation-research-and-supply-chain-dec-2024_vERloaa.pdf target=me-703-a-operation-research-and-supply-chain-dec-2024_vERloaa-ocr.pdf
[2026-03-04 09:49:44 UTC] PROCESS id=1279 source=raw_docs/me-703-a-operation-research-and-supply-chain-may-2024_dwgfeLr.pdf target=me-703-a-operation-research-and-supply-chain-may-2024_dwgfeLr-ocr.pdf
[2026-03-04 09:49:44 UTC] PROCESS id=1280 source=raw_docs/me-701-heat-and-mass-transfer-may-2023_NljiOXS.pdf target=me-701-heat-and-mass-transfer-may-2023_NljiOXS-ocr.pdf
[2026-03-04 09:49:44 UTC] PROCESS id=1281 source=raw_docs/me-701-heat-and-mass-transfer-nov-2023_WdRfH65.pdf target=me-701-heat-and-mass-transfer-nov-2023_WdRfH65-ocr.pdf
[2026-03-04 09:49:44 UTC] PROCESS id=1282 source=raw_docs/me-702-a-advance-machining-processes-nov-2023_YE005w5.pdf target=me-702-a-advance-machining-processes-nov-2023_YE005w5-ocr.pdf
[2026-03-04 09:49:44 UTC] PROCESS id=1283 source=raw_docs/me-702-c-power-plant-engineering-nov-2023_yUCtE0s.pdf target=me-702-c-power-plant-engineering-nov-2023_yUCtE0s-ocr.pdf
[2026-03-04 09:49:44 UTC] PROCESS id=1284 source=raw_docs/me-703-a-operation-research-and-supply-chain-nov-2023_5TllTOr.pdf target=me-703-a-operation-research-and-supply-chain-nov-2023_5TllTOr-ocr.pdf
[2026-03-04 09:49:44 UTC] PROCESS id=1285 source=raw_docs/me-801-refrigeration-and-air-conditioning-jun-2025_wGPvKyU.pdf target=me-801-refrigeration-and-air-conditioning-jun-2025_wGPvKyU-ocr.pdf
[2026-03-04 09:49:44 UTC] PROCESS id=1286 source=raw_docs/me-802-a-automobile-engineering-jun-2025_yCojm9x.pdf target=me-802-a-automobile-engineering-jun-2025_yCojm9x-ocr.pdf
[2026-03-04 09:49:44 UTC] PROCESS id=1287 source=raw_docs/me-803-b-energy-conservation-management-and-audit-jun-2025_W9Gr53j.pdf target=me-803-b-energy-conservation-management-and-audit-jun-2025_W9Gr53j-ocr.pdf
[2026-03-04 09:49:44 UTC] PROCESS id=1288 source=raw_docs/me-801-refrigeration-and-air-conditioning-may-2024_BlWEy2V.pdf target=me-801-refrigeration-and-air-conditioning-may-2024_BlWEy2V-ocr.pdf
[2026-03-04 09:49:44 UTC] PROCESS id=1289 source=raw_docs/me-802-a-automobile-engineering-may-2024_ZNAyMbD.pdf target=me-802-a-automobile-engineering-may-2024_ZNAyMbD-ocr.pdf
[2026-03-04 09:49:44 UTC] PROCESS id=1290 source=raw_docs/me-802-d-production-planning-and-control-may-2024_PbhJNZO.pdf target=me-802-d-production-planning-and-control-may-2024_PbhJNZO-ocr.pdf
[2026-03-04 09:49:44 UTC] PROCESS id=1291 source=raw_docs/me-803-b-energy-conservation-management-and-audit-may-2024_CUU6YZP.pdf target=me-803-b-energy-conservation-management-and-audit-may-2024_CUU6YZP-ocr.pdf
[2026-03-04 09:49:44 UTC] PROCESS id=1292 source=raw_docs/me-803-c-entrepreneurship-and-management-concepts-may-2024_s5wBB7U.pdf target=me-803-c-entrepreneurship-and-management-concepts-may-2024_s5wBB7U-ocr.pdf
[2026-03-04 09:49:44 UTC] PROCESS id=1293 source=raw_docs/me-801-refrigeration-and-air-conditioning-may-2023_ks7SyUP.pdf target=me-801-refrigeration-and-air-conditioning-may-2023_ks7SyUP-ocr.pdf
[2026-03-04 09:49:44 UTC] PROCESS id=1294 source=raw_docs/me-802-a-automobile-engineering-may-2023_3qZj5vO.pdf target=me-802-a-automobile-engineering-may-2023_3qZj5vO-ocr.pdf
[2026-03-04 09:49:44 UTC] PROCESS id=1295 source=raw_docs/me-802-b-tribology-and-maintenance-engineering-may-2023_B7Q6bpw.pdf target=me-802-b-tribology-and-maintenance-engineering-may-2023_B7Q6bpw-ocr.pdf
[2026-03-04 09:49:44 UTC] PROCESS id=1296 source=raw_docs/me-803-b-energy-conservation-management-and-audit-may-2023_A9ha6rM.pdf target=me-803-b-energy-conservation-management-and-audit-may-2023_A9ha6rM-ocr.pdf
[2026-03-04 09:49:44 UTC] PROCESS id=1297 source=raw_docs/me-803-c-entrepreneurship-and-management-concepts-may-2023_kaugpHK.pdf target=me-803-c-entrepreneurship-and-management-concepts-may-2023_kaugpHK-ocr.pdf
[2026-03-04 09:49:44 UTC] PROCESS id=1298 source=raw_docs/me-801-refrigeration-and-air-conditioning-may-2022_fzWpWgi.pdf target=me-801-refrigeration-and-air-conditioning-may-2022_fzWpWgi-ocr.pdf
[2026-03-04 09:49:44 UTC] PROCESS id=1299 source=raw_docs/me-802-a-automobile-engineering-may-2022_PO5r5wK.pdf target=me-802-a-automobile-engineering-may-2022_PO5r5wK-ocr.pdf
[2026-03-04 09:49:44 UTC] PROCESS id=1300 source=raw_docs/me-802-c-machine-tool-design-may-2022_PSzirgo.pdf target=me-802-c-machine-tool-design-may-2022_PSzirgo-ocr.pdf
[2026-03-04 09:49:44 UTC] PROCESS id=1301 source=raw_docs/me-803-c-entrepreneurship-and-management-concepts-may-2022_8ZLGRk7.pdf target=me-803-c-entrepreneurship-and-management-concepts-may-2022_8ZLGRk7-ocr.pdf
[2026-03-04 09:49:44 UTC] PROCESS id=1306 source=raw_docs/ex-601-power-system-2-dec-2024_8wDWOBb.pdf target=ex-601-power-system-2-dec-2024_8wDWOBb-ocr.pdf
[2026-03-04 09:49:44 UTC] PROCESS id=1307 source=raw_docs/ex-601-power-system-2-may-2022_5rbaG00.pdf target=ex-601-power-system-2-may-2022_5rbaG00-ocr.pdf
[2026-03-04 09:49:44 UTC] PROCESS id=1308 source=raw_docs/it-404-analog-and-digital-communication-jun-2023_tjmKmtn.pdf target=it-404-analog-and-digital-communication-jun-2023_tjmKmtn-ocr.pdf
[2026-03-04 09:49:44 UTC] PROCESS id=1309 source=raw_docs/it-404-analog-and-digital-communication-nov-2023_viR5zAt.pdf target=it-404-analog-and-digital-communication-nov-2023_viR5zAt-ocr.pdf
[2026-03-04 09:50:11 UTC] SUCCESS id=1101 target=ec-502-digital-communication-nov-2022_vOphLL1-ocr.pdf
[2026-03-04 09:50:16 UTC] SUCCESS id=1135 target=ec-603-a-data-communication-may-2023_ojmuXA5-ocr.pdf
[2026-03-04 09:50:21 UTC] SUCCESS id=1115 target=ex-603-b-energy-conservation-and-management-jun-2025_tArHyNS-ocr.pdf
[2026-03-04 09:50:24 UTC] SUCCESS id=1108 target=ec-603-a-data-communication-jun-2025_9dreFTy-ocr.pdf
[2026-03-04 09:50:28 UTC] SUCCESS id=1120 target=ec-602-antenna-and-wave-propagation-may-2024_RWjMwzn-ocr.pdf
[2026-03-04 09:50:32 UTC] SUCCESS id=1129 target=ex-603-b-energy-conservation-and-management-dec-2024_CIGgUHv-ocr.pdf
[2026-03-04 09:50:33 UTC] SUCCESS id=1137 target=ec-604-a-microcontroller-and-embedded-system-may-2023_GYpjyHk-ocr.pdf
[2026-03-04 09:50:35 UTC] SUCCESS id=1132 target=ex-604-a-electronic-instrumentation-may-2024_xQKwFwy-ocr.pdf
[2026-03-04 09:50:36 UTC] SUCCESS id=1106 target=ec-601-digital-signal-processing-jun-2025_edUJGg2-ocr.pdf
[2026-03-04 09:50:38 UTC] SUCCESS id=1131 target=ex-604-a-electronic-instrumentation-dec-2024_Z7Kqrdj-ocr.pdf
[2026-03-04 09:50:39 UTC] SUCCESS id=1130 target=ex-603-b-energy-conservation-and-management-may-2024_A6g0B1C-ocr.pdf
[2026-03-04 09:50:39 UTC] SUCCESS id=1116 target=ex-604-a-electronic-instrumentation-jun-2025_DfMuV4P-ocr.pdf
[2026-03-04 09:50:42 UTC] SUCCESS id=1122 target=ec-603-c-satellite-communication-may-2024_ZT2NqGX-ocr.pdf
[2026-03-04 09:50:43 UTC] SUCCESS id=1113 target=ex-602-microprocessor-and-microcontroller-jun-2025_234pZ5R-ocr.pdf
[2026-03-04 09:50:44 UTC] SUCCESS id=1123 target=ec-604-a-microcontroller-and-embedded-system-dec-2024_32Mhvo9-ocr.pdf
[2026-03-04 09:50:49 UTC] SUCCESS id=1136 target=ec-603-b-cmos-design-may-2023_a3Kx1sM-ocr.pdf
[2026-03-04 09:50:49 UTC] SUCCESS id=1124 target=ec-604-c-power-electronics-dec-2024_GN0KaUQ-ocr.pdf
[2026-03-04 09:50:50 UTC] SUCCESS id=1133 target=ec-601-digital-signal-processing-may-2023_5h803Bo-ocr.pdf
[2026-03-04 09:50:51 UTC] SUCCESS id=1139 target=ec-604-c-power-electronics-may-2023_ips69A6-ocr.pdf
[2026-03-04 09:50:51 UTC] SUCCESS id=1128 target=ex-602-microprocessor-and-microcontroller-may-2024_WQKDqPs-ocr.pdf
[2026-03-04 09:50:53 UTC] SUCCESS id=1105 target=ee-ex-503-a-electrical-power-generation-and-economy-nov-2022_TdEQphB-ocr.pdf
[2026-03-04 09:50:55 UTC] SUCCESS id=1142 target=ex-604-a-electronic-instrumentation-may-2023_N4GiEO9-ocr.pdf
[2026-03-04 09:50:55 UTC] SUCCESS id=1127 target=ex-602-microprocessor-and-microcontroller-dec-2024_e1YIH97-ocr.pdf
[2026-03-04 09:50:55 UTC] SUCCESS id=1109 target=ec-603-c-satellite-communication-jun-2025_ZVFOqHQ-ocr.pdf
[2026-03-04 09:50:56 UTC] SUCCESS id=1111 target=ec-604-c-power-electronics-jun-2025_iH9afVN-ocr.pdf
[2026-03-04 09:50:57 UTC] SUCCESS id=1107 target=ec-602-antenna-and-wave-propagation-jun-2025_CMir7WX-ocr.pdf
[2026-03-04 09:50:59 UTC] SUCCESS id=1112 target=ex-601-power-system-2-jun-2025_5zBR9au-ocr.pdf
[2026-03-04 09:51:00 UTC] SUCCESS id=1117 target=ec-601-digital-signal-processing-dec-2024_69mNWG3-ocr.pdf
[2026-03-04 09:51:01 UTC] SUCCESS id=1138 target=ec-604-b-bio-medical-electronics-may-2023_J4nigmr-ocr.pdf
[2026-03-04 09:51:06 UTC] SUCCESS id=1159 target=ex-702-c-high-voltage-engineering-dec-2025_8kL6kps-ocr.pdf
[2026-03-04 09:51:07 UTC] SUCCESS id=1119 target=ec-602-antenna-and-wave-propagation-dec-2024_YN7vzNO-ocr.pdf
[2026-03-04 09:51:07 UTC] SUCCESS id=1154 target=ec-702-a-microwave-engineering-dec-2025_hOdyRCo-ocr.pdf
[2026-03-04 09:51:07 UTC] SUCCESS id=1145 target=ec-603-a-data-communication-may-2022_sInarhW-ocr.pdf
[2026-03-04 09:51:07 UTC] SUCCESS id=1147 target=ec-604-b-bio-medical-electronics-may-2022_MisPaao-ocr.pdf
[2026-03-04 09:51:09 UTC] SUCCESS id=1141 target=ex-603-b-energy-conservation-and-management-may-2023_3qmeUT3-ocr.pdf
[2026-03-04 09:51:11 UTC] SUCCESS id=1134 target=ec-602-antenna-and-wave-propagation-may-2023_LVduCMV-ocr.pdf
[2026-03-04 09:51:12 UTC] SUCCESS id=1121 target=ec-603-a-data-communication-dec-2024_PbHxUBb-ocr.pdf
[2026-03-04 09:51:13 UTC] SUCCESS id=1126 target=ex-601-power-system-2-may-2024_GtepkZX-ocr.pdf
[2026-03-04 09:51:14 UTC] SUCCESS id=1143 target=ec-601-digital-signal-processing-may-2022_5vqAjGe-ocr.pdf
[2026-03-04 09:51:16 UTC] SUCCESS id=1164 target=ec-703-b-internet-of-things-iot-dec-2024_HM1a2S3-ocr.pdf
[2026-03-04 09:51:17 UTC] SUCCESS id=1166 target=ex-702-b-hvdc-and-facts-dec-2024_x4OoYCT-ocr.pdf
[2026-03-04 09:51:17 UTC] SUCCESS id=1153 target=ec-701-vlsi-design-jun-2025_zt3Ub3O-ocr.pdf
[2026-03-04 09:51:18 UTC] SUCCESS id=1114 target=ex-603-a-utilization-of-electrical-engineering-jun-2025_v6LRiTd-ocr.pdf
[2026-03-04 09:51:19 UTC] SUCCESS id=1155 target=ec-703-a-cellular-mobile-communication-jun-2025_wFqDng6-ocr.pdf
[2026-03-04 09:51:19 UTC] SUCCESS id=1146 target=ec-604-a-microcontroller-and-embedded-system-may-2022_6HKODYu-ocr.pdf
[2026-03-04 09:51:21 UTC] SUCCESS id=1110 target=ec-604-a-microcontroller-and-embedded-system-jun-2025_QNOKusB-ocr.pdf
[2026-03-04 09:51:23 UTC] SUCCESS id=1144 target=ec-602-antenna-and-wave-propagation-may-2022_Y8njC8t-ocr.pdf
[2026-03-04 09:51:24 UTC] SUCCESS id=1160 target=ex-703-b-energy-audit-and-management-jun-2025_4rammR0-ocr.pdf
[2026-03-04 09:51:24 UTC] SUCCESS id=1158 target=ex-701-power-system-protection-jun-2025_beWW7p5-ocr.pdf
[2026-03-04 09:51:24 UTC] SUCCESS id=1157 target=ex-701-powar-system-protection-dec-2025_zhCla1R-ocr.pdf
[2026-03-04 09:51:26 UTC] SUCCESS id=1165 target=ex-701-power-system-protection-dec-2024_xvjiNfR-ocr.pdf
[2026-03-04 09:51:27 UTC] SUCCESS id=1150 target=ex-603-a-utilization-of-electrical-engineering-may-2022_tDNA8gl-ocr.pdf
[2026-03-04 09:51:27 UTC] SUCCESS id=1162 target=ec-702-a-microwave-engineering-dec-2024_kRJnF39-ocr.pdf
[2026-03-04 09:51:28 UTC] SUCCESS id=1156 target=ec-703-b-internet-of-things-iot-jun-2025_8PdIyls-ocr.pdf
[2026-03-04 09:51:28 UTC] SUCCESS id=1179 target=ec-801-optical-fiber-communication-jun-2025_vYFCrlf-ocr.pdf
[2026-03-04 09:51:29 UTC] SUCCESS id=1151 target=ex-604-a-electronic-instrumentation-may-2022_K2AHoRQ-ocr.pdf
[2026-03-04 09:51:29 UTC] SUCCESS id=1140 target=ex-602-microprocessor-and-microcontroller-may-2023_9bXEFMt-ocr.pdf
[2026-03-04 09:51:29 UTC] SUCCESS id=1170 target=ec-702-b-information-theory-and-coding-nov-2023_yvDJT9M-ocr.pdf
[2026-03-04 09:51:31 UTC] SUCCESS id=1161 target=ec-701-vlsi-design-dec-2024_ckv6B4C-ocr.pdf
[2026-03-04 09:51:32 UTC] SUCCESS id=1174 target=ex-702-c-high-voltage-engineering-nov-2023_pT7h8jr-ocr.pdf
[2026-03-04 09:51:32 UTC] SUCCESS id=1167 target=ex-703-b-energy-audit-and-management-dec-2024_Pzf7CGV-ocr.pdf
[2026-03-04 09:51:32 UTC] SUCCESS id=1175 target=ex-703-c-digital-signal-processing-nov-2023_AbthiEv-ocr.pdf
[2026-03-04 09:51:32 UTC] SUCCESS id=1168 target=ec-701-vlsi-design-nov-2023_EZZrF0B-ocr.pdf
[2026-03-04 09:51:32 UTC] SUCCESS id=1171 target=ec-703-b-internet-of-things-nov-2023_OjsLL1f-ocr.pdf
[2026-03-04 09:51:34 UTC] SUCCESS id=1172 target=ec-703-c-probability-theory-and-stochastic-processor-nov-2023_Aokj4Sx-ocr.pdf
[2026-03-04 09:51:35 UTC] SUCCESS id=1163 target=ec-703-a-cellular-mobile-communication-dec-2024_suXyFUD-ocr.pdf
[2026-03-04 09:51:35 UTC] SUCCESS id=1169 target=ec-702-a-microwave-engineering-nov-2023_GnLlwbt-ocr.pdf
[2026-03-04 09:51:43 UTC] SUCCESS id=1183 target=ex-801-electrical-drives-jun-2025_Satq0Nx-ocr.pdf
[2026-03-04 09:51:49 UTC] SUCCESS id=1177 target=ex-701-power-system-protection-nov-2022_R6VR6jQ-ocr.pdf
[2026-03-04 09:51:49 UTC] SUCCESS id=1200 target=ex-803-c-vlsi-circuits-and-systems-may-2023_J9nD6yL-ocr.pdf
[2026-03-04 09:51:49 UTC] SUCCESS id=1186 target=ec-801-optical-fiber-communication-may-2024_ErWoEID-ocr.pdf
[2026-03-04 09:51:52 UTC] SUCCESS id=1193 target=ec-803-a-wireless-networks-may-2023_yiYumoZ-ocr.pdf
[2026-03-04 09:51:56 UTC] SUCCESS id=1152 target=ec-701-vlsi-design-dec-2025_CdbJHht-ocr.pdf
[2026-03-04 09:52:00 UTC] SUCCESS id=1189 target=ee-ex-802-b-special-machine-may-2024_z9D8eNf-ocr.pdf
[2026-03-04 09:52:02 UTC] SUCCESS id=1182 target=ee-ex-802-b-special-machine-jun-2025_48vhqsV-ocr.pdf
[2026-03-04 09:52:05 UTC] SUCCESS id=1187 target=ec-802-b-wireless-communications-may-2024_qvuAboo-ocr.pdf
[2026-03-04 09:52:07 UTC] SUCCESS id=1195 target=ex-801-electrical-drives-may-2023_jy9gPOv-ocr.pdf
[2026-03-04 09:52:08 UTC] SUCCESS id=1180 target=ec-802-b-wireless-communications-jun-2025_QVTqXHE-ocr.pdf
[2026-03-04 09:52:09 UTC] SUCCESS id=1192 target=ec-802-a-ai-and-signal-processing-may-2023_yweiL6a-ocr.pdf
[2026-03-04 09:52:11 UTC] SUCCESS id=1191 target=ec-801-optical-fiber-communication-may-2023_Dt00pHQ-ocr.pdf
[2026-03-04 09:52:12 UTC] SUCCESS id=1202 target=ec-802-b-wireless-communications-may-2022_x5AiVJb-ocr.pdf
[2026-03-04 09:52:12 UTC] SUCCESS id=1184 target=ex-802-a-power-quality-problems-and-mitigation-techniques-jun-2025_RgsZgEW-ocr.pdf
[2026-03-04 09:52:13 UTC] SUCCESS id=1213 target=it-501-operating-system-dec-2025_AZjnHoi-ocr.pdf
[2026-03-04 09:52:14 UTC] SUCCESS id=1196 target=ex-802-a-power-quality-problems-and-mitigation-techniques-may-2023_XB2XKQm-ocr.pdf
[2026-03-04 09:52:15 UTC] SUCCESS id=1185 target=ex-803-b-environmental-issues-policy-standards-and-regulations-jun-2025_s9Afk67-ocr.pdf
[2026-03-04 09:52:16 UTC] SUCCESS id=1181 target=ec-803-a-wireless-networks-jun-2025_shzkN0C-ocr.pdf
[2026-03-04 09:52:17 UTC] SUCCESS id=1197 target=ex-802-d-application-of-ai-in-electrical-may-2023_8eAFm9q-ocr.pdf
[2026-03-04 09:52:18 UTC] SUCCESS id=1194 target=ee-ex-802-b-special-machine-may-2023_KJaLOil-ocr.pdf
[2026-03-04 09:52:18 UTC] SUCCESS id=1201 target=ec-801-optical-fiber-communication-may-2022_D2aT7h5-ocr.pdf
[2026-03-04 09:52:19 UTC] SUCCESS id=1215 target=it-504-c-java-programming-dec-2024_fOTZqiL-ocr.pdf
[2026-03-04 09:52:23 UTC] SUCCESS id=1203 target=ec-803-a-wireless-networks-may-2022_6rEA13u-ocr.pdf
[2026-03-04 09:52:23 UTC] SUCCESS id=1205 target=ex-801-electrical-drives-may-2022_ow8ldhL-ocr.pdf
[2026-03-04 09:52:27 UTC] SUCCESS id=1221 target=it-603-a-compiler-design-jun-2025_HQgbdTj-ocr.pdf
[2026-03-04 09:52:27 UTC] SUCCESS id=1204 target=ee-ex-802-b-special-machine-may-2022_18bxqez-ocr.pdf
[2026-03-04 09:52:27 UTC] SUCCESS id=1208 target=it-305-digital-circuits-and-systems-jun-2023_Dha9Hsr-ocr.pdf
[2026-03-04 09:52:28 UTC] SUCCESS id=1188 target=ec-803-a-wireless-networks-may-2024_npoP9Zu-ocr.pdf
[2026-03-04 09:52:29 UTC] SUCCESS id=1207 target=ag-it-305-digital-circuits-and-systems-dec-2024_PIZSlRL-ocr.pdf
[2026-03-04 09:52:29 UTC] SUCCESS id=1222 target=it-603-b-data-mining-jun-2025_f2wYUrg-ocr.pdf
[2026-03-04 09:52:31 UTC] SUCCESS id=1217 target=it-502-computer-networks-nov-2022_cfO0kN2-ocr.pdf
[2026-03-04 09:52:31 UTC] SUCCESS id=1206 target=ex-803-b-environmental-issues-policy-standards-and-regulations-may-2022_3VLWCEB-ocr.pdf
[2026-03-04 09:52:31 UTC] SUCCESS id=1199 target=ex-803-b-environmental-issues-policy-standards-and-regulations-may-2023_Fal4SHX-ocr.pdf
[2026-03-04 09:52:32 UTC] SUCCESS id=1149 target=ex-602-microprocessor-and-microcontroller-may-2022_yIUqxA4-ocr.pdf
[2026-03-04 09:52:33 UTC] SUCCESS id=1173 target=ex-701-power-system-protection-nov-2023_i3AFNRE-ocr.pdf
[2026-03-04 09:52:33 UTC] SUCCESS id=1212 target=it-404-analog-and-digital-communication-jun-2022_i5PDOFM-ocr.pdf
[2026-03-04 09:52:34 UTC] SUCCESS id=1214 target=it-503-c-object-oriented-analysis-and-design-dec-2024_DlfR4dC-ocr.pdf
[2026-03-04 09:52:34 UTC] SUCCESS id=1209 target=it-404-analog-and-digital-communication-jun-2025_NbIUOUZ-ocr.pdf
[2026-03-04 09:52:36 UTC] SUCCESS id=1227 target=it-604-b-software-engineering-may-2022_vuSKCqP-ocr.pdf
[2026-03-04 09:52:37 UTC] SUCCESS id=1223 target=it-604-b-software-engineering-jun-2025_v5XsVTH-ocr.pdf
[2026-03-04 09:52:38 UTC] SUCCESS id=1224 target=it-601-computer-graphics-and-multimedia-may-2024_6ZOZaBM-ocr.pdf
[2026-03-04 09:52:38 UTC] SUCCESS id=1219 target=it-601-computer-graphics-and-multimedia-jun-2025_ryLrSdK-ocr.pdf
[2026-03-04 09:52:39 UTC] SUCCESS id=1228 target=it-702-a-grading-system-nov-2023_HY0MCoj-ocr.pdf
[2026-03-04 09:52:40 UTC] SUCCESS id=1118 target=ec-601-digital-signal-processing-may-2024_librWES-ocr.pdf
[2026-03-04 09:52:43 UTC] SUCCESS id=1229 target=it-702-b-cloud-computing-nov-2023_Tlebvmp-ocr.pdf
[2026-03-04 09:52:44 UTC] SUCCESS id=1220 target=it-602-wireless-and-mobile-computing-jun-2025_ryeGKzj-ocr.pdf
[2026-03-04 09:52:45 UTC] SUCCESS id=1236 target=it-803-d-parallel-computing-jun-2025_LeLBYvG-ocr.pdf
[2026-03-04 09:52:47 UTC] SUCCESS id=1238 target=it-801-information-security-may-2023_XOYrcSY-ocr.pdf
[2026-03-04 09:52:47 UTC] SUCCESS id=1231 target=it-702-d-augmented-and-virtual-reality-nov-2023_KBKiQW0-ocr.pdf
[2026-03-04 09:52:48 UTC] SUCCESS id=1244 target=me-504-a-industrial-engineering-and-ergonomics-jun-2025_h6m9k3P-ocr.pdf
[2026-03-04 09:52:48 UTC] SUCCESS id=1218 target=it-504-c-java-programming-nov-2022_PJErm83-ocr.pdf
[2026-03-04 09:52:50 UTC] SUCCESS id=1190 target=ex-801-electrical-drives-may-2024_XhWmt3W-ocr.pdf
[2026-03-04 09:52:51 UTC] SUCCESS id=1243 target=me-503-b-dynamics-of-machine-jun-2025_HCzNw9g-ocr.pdf
[2026-03-04 09:52:53 UTC] SUCCESS id=1230 target=it-702-c-simulation-and-modeling-nov-2023_Sp0RzrS-ocr.pdf
[2026-03-04 09:52:53 UTC] SUCCESS id=1233 target=it-703-d-digital-image-processing-nov-2023_TnSeqgk-ocr.pdf
[2026-03-04 09:52:59 UTC] SUCCESS id=1252 target=me-504-a-industrial-engineering-and-ergonomics-nov-2023_gV93jum-ocr.pdf
[2026-03-04 09:52:59 UTC] SUCCESS id=1245 target=me-501-internal-combustion-engines-may-2024_9ly6W6P-ocr.pdf
[2026-03-04 09:53:04 UTC] SUCCESS id=1248 target=me-504-a-industrial-engineering-and-ergonomics-may-2024_O9p5MAz-ocr.pdf
[2026-03-04 09:53:05 UTC] SUCCESS id=1235 target=it-803-a-blockchain-technology-jun-2025_VdeNKzD-ocr.pdf
[2026-03-04 09:53:06 UTC] SUCCESS id=1176 target=ee-701-electrical-drives-nov-2022_X3MyG2O-ocr.pdf
[2026-03-04 09:53:07 UTC] SUCCESS id=1216 target=it-501-operating-system-nov-2022_jwZB4Kx-ocr.pdf
[2026-03-04 09:53:07 UTC] SUCCESS id=1198 target=ex-803-a-utilization-of-electrical-engineering-may-2023_qejC1VJ-ocr.pdf
[2026-03-04 09:53:08 UTC] SUCCESS id=1225 target=it-602-wireless-and-mobile-computing-may-2023_wHlxqkv-ocr.pdf
[2026-03-04 09:53:09 UTC] SUCCESS id=1232 target=it-703-c-social-networks-nov-2023_1BlXcWj-ocr.pdf
[2026-03-04 09:53:09 UTC] SUCCESS id=1251 target=me-503-b-dynamics-of-machine-nov-2023_bazG4gW-ocr.pdf
[2026-03-04 09:53:09 UTC] SUCCESS id=1237 target=it-801-information-security-may-2024_N994ryb-ocr.pdf
[2026-03-04 09:53:11 UTC] SUCCESS id=1263 target=me-603-c-product-design-may-2024_r4WEjIW-ocr.pdf
[2026-03-04 09:53:12 UTC] SUCCESS id=1249 target=me-501-internal-combustion-engines-nov-2023_O6gKM6Y-ocr.pdf
[2026-03-04 09:53:14 UTC] SUCCESS id=1239 target=it-802-a-machine-learning-may-2023_lMtyleA-ocr.pdf
[2026-03-04 09:53:17 UTC] SUCCESS id=1250 target=me-502-mechanical-vibration-nov-2023_xv3mSBt-ocr.pdf
[2026-03-04 09:53:22 UTC] SUCCESS id=1226 target=it-603-a-compiler-design-may-2023_sTD6KOV-ocr.pdf
[2026-03-04 09:53:22 UTC] SUCCESS id=1267 target=me-603-c-product-design-nov-2023_s8qvFJb-ocr.pdf
[2026-03-04 09:53:24 UTC] SUCCESS id=1256 target=me-601-thermal-engineering-and-gas-dynamics-jun-2025_9FLez0J-ocr.pdf
[2026-03-04 09:53:28 UTC] SUCCESS id=1260 target=me-601-thermal-engineering-and-gas-dynamics-may-2024_3oTnDPq-ocr.pdf
[2026-03-04 09:53:28 UTC] SUCCESS id=1254 target=me-502-mechanical-vibration-nov-2022_fZutkYm-ocr.pdf
[2026-03-04 09:53:29 UTC] SUCCESS id=1253 target=me-501-internal-combustion-engines-nov-2022_3yciQWh-ocr.pdf
[2026-03-04 09:53:29 UTC] SUCCESS id=1247 target=me-503-b-dynamics-of-machine-may-2024_uIW58ii-ocr.pdf
[2026-03-04 09:53:29 UTC] SUCCESS id=1240 target=it-803-a-blockchain-technology-may-2023_lza0XCO-ocr.pdf
[2026-03-04 09:53:33 UTC] SUCCESS id=1261 target=me-602-machine-component-design-may-2024_8bUXsmD-ocr.pdf
[2026-03-04 09:53:33 UTC] SUCCESS id=1258 target=me-603-a-turbomachinery-jun-2025_xRobLaa-ocr.pdf
[2026-03-04 09:53:36 UTC] SUCCESS id=1271 target=me-603-c-product-design-may-2022_V9vadQ2-ocr.pdf
[2026-03-04 09:53:36 UTC] SUCCESS id=1234 target=it-802-a-machine-learning-jun-2025_fNhQ2dM-ocr.pdf
[2026-03-04 09:53:37 UTC] SUCCESS id=1259 target=me-603-c-product-design-jun-2025_2aZATME-ocr.pdf
[2026-03-04 09:53:39 UTC] SUCCESS id=1282 target=me-702-a-advance-machining-processes-nov-2023_YE005w5-ocr.pdf
[2026-03-04 09:53:40 UTC] SUCCESS id=1269 target=me-602-machine-component-design-may-2022_DDDVsf6-ocr.pdf
[2026-03-04 09:53:43 UTC] SUCCESS id=1255 target=me-503-b-dynamics-of-machine-nov-2022_pIcHP4I-ocr.pdf
[2026-03-04 09:53:46 UTC] SUCCESS id=1275 target=me-702-c-power-plant-engineering-dec-2025_fgppPTy-ocr.pdf
[2026-03-04 09:53:46 UTC] SUCCESS id=1278 target=me-703-a-operation-research-and-supply-chain-dec-2024_vERloaa-ocr.pdf
[2026-03-04 09:53:46 UTC] SUCCESS id=1274 target=me-701-heat-and-mass-transfer-jun-2025_7JLgicU-ocr.pdf
[2026-03-04 09:53:46 UTC] SUCCESS id=1242 target=me-502-mechanical-vibration-jun-2025_GbpLc8x-ocr.pdf
[2026-03-04 09:53:46 UTC] SUCCESS id=1257 target=me-602-machine-component-design-jun-2025_kFIQvPU-ocr.pdf
[2026-03-04 09:53:47 UTC] SUCCESS id=1270 target=me-603-a-turbo-machinery-may-2022_wcKPS3c-ocr.pdf
[2026-03-04 09:53:47 UTC] SUCCESS id=1281 target=me-701-heat-and-mass-transfer-nov-2023_WdRfH65-ocr.pdf
[2026-03-04 09:53:48 UTC] SUCCESS id=1272 target=me-604-b-optimization-techniques-may-2022_OZ3oBk1-ocr.pdf
[2026-03-04 09:53:48 UTC] SUCCESS id=1284 target=me-703-a-operation-research-and-supply-chain-nov-2023_5TllTOr-ocr.pdf
[2026-03-04 09:53:51 UTC] SUCCESS id=1266 target=me-603-a-turbo-machinery-may-2023_l0ns3Yn-ocr.pdf
[2026-03-04 09:53:51 UTC] SUCCESS id=1273 target=me-701-heat-and-mass-transfer-dec-2025_ubjwhUD-ocr.pdf
[2026-03-04 09:53:51 UTC] SUCCESS id=1265 target=me-602-machine-component-design-may-2023_u2IfZ8i-ocr.pdf
[2026-03-04 09:53:52 UTC] SUCCESS id=1279 target=me-703-a-operation-research-and-supply-chain-may-2024_dwgfeLr-ocr.pdf
[2026-03-04 09:54:01 UTC] SUCCESS id=1291 target=me-803-b-energy-conservation-management-and-audit-may-2024_CUU6YZP-ocr.pdf
[2026-03-04 09:54:02 UTC] SUCCESS id=1277 target=me-701-heat-and-mass-transfer-may-2024_gEF2zQU-ocr.pdf
[2026-03-04 09:54:07 UTC] SUCCESS id=1292 target=me-803-c-entrepreneurship-and-management-concepts-may-2024_s5wBB7U-ocr.pdf
[2026-03-04 09:54:08 UTC] SUCCESS id=1268 target=me-601-thermal-engineering-and-gas-dynamics-may-2022_WEd0X0a-ocr.pdf
[2026-03-04 09:54:09 UTC] SUCCESS id=1301 target=me-803-c-entrepreneurship-and-management-concepts-may-2022_8ZLGRk7-ocr.pdf
[2026-03-04 09:54:12 UTC] SUCCESS id=1300 target=me-802-c-machine-tool-design-may-2022_PSzirgo-ocr.pdf
[2026-03-04 09:54:12 UTC] SUCCESS id=1295 target=me-802-b-tribology-and-maintenance-engineering-may-2023_B7Q6bpw-ocr.pdf
[2026-03-04 09:54:13 UTC] SUCCESS id=1262 target=me-603-a-turbo-machinery-may-2024_I768IJS-ocr.pdf
[2026-03-04 09:54:13 UTC] SUCCESS id=1307 target=ex-601-power-system-2-may-2022_5rbaG00-ocr.pdf
[2026-03-04 09:54:13 UTC] SUCCESS id=1241 target=me-501-internal-combustion-engines-jun-2025_qtriP5K-ocr.pdf
[2026-03-04 09:54:13 UTC] SUCCESS id=1285 target=me-801-refrigeration-and-air-conditioning-jun-2025_wGPvKyU-ocr.pdf
[2026-03-04 09:54:14 UTC] SUCCESS id=1280 target=me-701-heat-and-mass-transfer-may-2023_NljiOXS-ocr.pdf
[2026-03-04 09:54:15 UTC] SUCCESS id=1288 target=me-801-refrigeration-and-air-conditioning-may-2024_BlWEy2V-ocr.pdf
[2026-03-04 09:54:18 UTC] SUCCESS id=1299 target=me-802-a-automobile-engineering-may-2022_PO5r5wK-ocr.pdf
[2026-03-04 09:54:18 UTC] SUCCESS id=1289 target=me-802-a-automobile-engineering-may-2024_ZNAyMbD-ocr.pdf
[2026-03-04 09:54:19 UTC] SUCCESS id=1294 target=me-802-a-automobile-engineering-may-2023_3qZj5vO-ocr.pdf
[2026-03-04 09:54:21 UTC] SUCCESS id=1264 target=me-601-thermal-engineering-and-gas-dynamics-may-2023_Z9WlJV2-ocr.pdf
[2026-03-04 09:54:21 UTC] SUCCESS id=1283 target=me-702-c-power-plant-engineering-nov-2023_yUCtE0s-ocr.pdf
[2026-03-04 09:54:21 UTC] SUCCESS id=1306 target=ex-601-power-system-2-dec-2024_8wDWOBb-ocr.pdf
[2026-03-04 09:54:24 UTC] SUCCESS id=1298 target=me-801-refrigeration-and-air-conditioning-may-2022_fzWpWgi-ocr.pdf
[2026-03-04 09:54:24 UTC] SUCCESS id=1287 target=me-803-b-energy-conservation-management-and-audit-jun-2025_W9Gr53j-ocr.pdf
[2026-03-04 09:54:24 UTC] SUCCESS id=1293 target=me-801-refrigeration-and-air-conditioning-may-2023_ks7SyUP-ocr.pdf
[2026-03-04 09:54:24 UTC] SUCCESS id=1286 target=me-802-a-automobile-engineering-jun-2025_yCojm9x-ocr.pdf
[2026-03-04 09:54:25 UTC] SUCCESS id=1308 target=it-404-analog-and-digital-communication-jun-2023_tjmKmtn-ocr.pdf
[2026-03-04 09:54:25 UTC] SUCCESS id=1296 target=me-803-b-energy-conservation-management-and-audit-may-2023_A9ha6rM-ocr.pdf
[2026-03-04 09:54:25 UTC] SUCCESS id=1290 target=me-802-d-production-planning-and-control-may-2024_PbhJNZO-ocr.pdf
[2026-03-04 09:54:26 UTC] SUCCESS id=1297 target=me-803-c-entrepreneurship-and-management-concepts-may-2023_kaugpHK-ocr.pdf
[2026-03-04 09:54:32 UTC] SUCCESS id=1309 target=it-404-analog-and-digital-communication-nov-2023_viR5zAt-ocr.pdf
[2026-03-04 09:54:59 UTC] SUCCESS id=1246 target=me-502-mechanical-vibration-may-2024_zxjv60b-ocr.pdf
[2026-03-04 09:54:59 UTC] Run finished: success=196, failed=0, skipped=0, total=196
