[2026-03-03 11:12:32 UTC] Run started: total=50, dry_run=True, resume=True
[2026-03-03 11:12:32 UTC] PROCESS id=444 source=raw_docs/raw_docs/bt-101-engineering-chemistry-jun-2025_wzxopxR-ocr.pdf target=raw_docs/raw_docs/bt-101-engineering-chemistry-jun-2025_wzxopxR-ocr-ocr.pdf
[2026-03-03 11:12:32 UTC] PROCESS id=445 source=raw_docs/bt-102-mathematics-1-jun-2025_5fxdqo7.pdf target=raw_docs/bt-102-mathematics-1-jun-2025_5fxdqo7-ocr.pdf
[2026-03-03 11:12:32 UTC] PROCESS id=446 source=raw_docs/bt-103-english-for-communication-jun-2025_v6b5QBd.pdf target=raw_docs/bt-103-english-for-communication-jun-2025_v6b5QBd-ocr.pdf
[2026-03-03 11:12:32 UTC] PROCESS id=447 source=raw_docs/bt-104-basic-electrical-and-electronics-engineering-jun-2025_6AJjvaw.pdf target=raw_docs/bt-104-basic-electrical-and-electronics-engineering-jun-2025_6AJjvaw-ocr.pdf
[2026-03-03 11:12:32 UTC] PROCESS id=448 source=raw_docs/bt-105-engineering-graphics-jun-2025_PBqIQc6.pdf target=raw_docs/bt-105-engineering-graphics-jun-2025_PBqIQc6-ocr.pdf
[2026-03-03 11:12:32 UTC] PROCESS id=449 source=raw_docs/bt-201-engineering-physics-jun-2025_gZJkuEW.pdf target=raw_docs/bt-201-engineering-physics-jun-2025_gZJkuEW-ocr.pdf
[2026-03-03 11:12:32 UTC] PROCESS id=450 source=raw_docs/bt-202-mathematics-2-jun-2025_kkV4kgF.pdf target=raw_docs/bt-202-mathematics-2-jun-2025_kkV4kgF-ocr.pdf
[2026-03-03 11:12:32 UTC] PROCESS id=451 source=raw_docs/bt-203-basic-mechanical-engineering-jun-2025_9nzxGTG.pdf target=raw_docs/bt-203-basic-mechanical-engineering-jun-2025_9nzxGTG-ocr.pdf
[2026-03-03 11:12:32 UTC] PROCESS id=452 source=raw_docs/bt-204-basic-civil-engineering-and-engineering-mechanics-jun-2025_COaHMJi.pdf target=raw_docs/bt-204-basic-civil-engineering-and-engineering-mechanics-jun-2025_COaHMJi-ocr.pdf
[2026-03-03 11:12:32 UTC] PROCESS id=453 source=raw_docs/bt-205-basic-computer-engineering-jun-2025_MKzoPM0.pdf target=raw_docs/bt-205-basic-computer-engineering-jun-2025_MKzoPM0-ocr.pdf
[2026-03-03 11:12:32 UTC] PROCESS id=454 source=raw_docs/bt-101-engineering-chemistry-dec-2024_r33nVU4.pdf target=raw_docs/bt-101-engineering-chemistry-dec-2024_r33nVU4-ocr.pdf
[2026-03-03 11:12:33 UTC] PROCESS id=455 source=raw_docs/bt-102-mathematics-1-dec-2024_s58jggl.pdf target=raw_docs/bt-102-mathematics-1-dec-2024_s58jggl-ocr.pdf
[2026-03-03 11:12:33 UTC] PROCESS id=456 source=raw_docs/bt-103-english-for-communication-dec-2024_7qvCzjz.pdf target=raw_docs/bt-103-english-for-communication-dec-2024_7qvCzjz-ocr.pdf
[2026-03-03 11:12:33 UTC] PROCESS id=457 source=raw_docs/bt-104-basic-electrical-and-electronics-engineering-dec-2024_sO9HbXT.pdf target=raw_docs/bt-104-basic-electrical-and-electronics-engineering-dec-2024_sO9HbXT-ocr.pdf
[2026-03-03 11:12:33 UTC] PROCESS id=458 source=raw_docs/bt-105-engineering-graphics-dec-2024_olfgeME.pdf target=raw_docs/bt-105-engineering-graphics-dec-2024_olfgeME-ocr.pdf
[2026-03-03 11:12:33 UTC] PROCESS id=459 source=raw_docs/bt-105-engineering-graphics-jun-2024_CriliBd.pdf target=raw_docs/bt-105-engineering-graphics-jun-2024_CriliBd-ocr.pdf
[2026-03-03 11:12:33 UTC] PROCESS id=460 source=raw_docs/bt-201-engineering-physics-dec-2024_vmO2TAa.pdf target=raw_docs/bt-201-engineering-physics-dec-2024_vmO2TAa-ocr.pdf
[2026-03-03 11:12:33 UTC] PROCESS id=461 source=raw_docs/bt-202-mathematics-2-dec-2024_TrjNSYV.pdf target=raw_docs/bt-202-mathematics-2-dec-2024_TrjNSYV-ocr.pdf
[2026-03-03 11:12:33 UTC] PROCESS id=462 source=raw_docs/bt-203-basic-mechanical-engineering-dec-2024_1xOWUFD.pdf target=raw_docs/bt-203-basic-mechanical-engineering-dec-2024_1xOWUFD-ocr.pdf
[2026-03-03 11:12:33 UTC] PROCESS id=463 source=raw_docs/bt-204-basic-civil-engineering-and-engineering-mechanics-dec-2024_w0J5rRQ.pdf target=raw_docs/bt-204-basic-civil-engineering-and-engineering-mechanics-dec-2024_w0J5rRQ-ocr.pdf
[2026-03-03 11:12:33 UTC] PROCESS id=464 source=raw_docs/bt-205-basic-computer-engineering-dec-2024_uJlRVk2.pdf target=raw_docs/bt-205-basic-computer-engineering-dec-2024_uJlRVk2-ocr.pdf
[2026-03-03 11:12:33 UTC] PROCESS id=465 source=raw_docs/bt-205-basic-computer-engineering-jun-2024_We7ot8w.pdf target=raw_docs/bt-205-basic-computer-engineering-jun-2024_We7ot8w-ocr.pdf
[2026-03-03 11:12:33 UTC] PROCESS id=466 source=raw_docs/bt-101-engineering-chemistry-dec-2023_GyXEUkS.pdf target=raw_docs/bt-101-engineering-chemistry-dec-2023_GyXEUkS-ocr.pdf
[2026-03-03 11:12:33 UTC] PROCESS id=467 source=raw_docs/bt-101-engineering-chemistry-jun-2023_PKkIhuQ.pdf target=raw_docs/bt-101-engineering-chemistry-jun-2023_PKkIhuQ-ocr.pdf
[2026-03-03 11:12:33 UTC] PROCESS id=468 source=raw_docs/bt-102-mathematics-1-dec-2023_QrgT1WL.pdf target=raw_docs/bt-102-mathematics-1-dec-2023_QrgT1WL-ocr.pdf
[2026-03-03 11:12:33 UTC] PROCESS id=469 source=raw_docs/bt-102-mathematics-1-jun-2023_68RVDz6.pdf target=raw_docs/bt-102-mathematics-1-jun-2023_68RVDz6-ocr.pdf
[2026-03-03 11:12:33 UTC] PROCESS id=470 source=raw_docs/bt-103-english-for-communication-dec-2023_k3Q8Cnt.pdf target=raw_docs/bt-103-english-for-communication-dec-2023_k3Q8Cnt-ocr.pdf
[2026-03-03 11:12:33 UTC] PROCESS id=471 source=raw_docs/bt-103-english-for-communication-jun-2023_ryrVRdK.pdf target=raw_docs/bt-103-english-for-communication-jun-2023_ryrVRdK-ocr.pdf
[2026-03-03 11:12:33 UTC] PROCESS id=472 source=raw_docs/bt-104-basic-electrical-and-electronics-engineering-dec-2023_pVA8tbX.pdf target=raw_docs/bt-104-basic-electrical-and-electronics-engineering-dec-2023_pVA8tbX-ocr.pdf
[2026-03-03 11:12:33 UTC] PROCESS id=473 source=raw_docs/bt-104-basic-electrical-and-electronics-engineering-jun-2023_9zBZPuN.pdf target=raw_docs/bt-104-basic-electrical-and-electronics-engineering-jun-2023_9zBZPuN-ocr.pdf
[2026-03-03 11:12:33 UTC] PROCESS id=474 source=raw_docs/bt-105-engineering-graphics-dec-2023_8TUDWJ3.pdf target=raw_docs/bt-105-engineering-graphics-dec-2023_8TUDWJ3-ocr.pdf
[2026-03-03 11:12:33 UTC] PROCESS id=475 source=raw_docs/bt-105-engineering-graphics-jun-2023_TBnotC7.pdf target=raw_docs/bt-105-engineering-graphics-jun-2023_TBnotC7-ocr.pdf
[2026-03-03 11:12:33 UTC] PROCESS id=476 source=raw_docs/bt-201-engineering-physics-dec-2023_PImSsiB.pdf target=raw_docs/bt-201-engineering-physics-dec-2023_PImSsiB-ocr.pdf
[2026-03-03 11:12:33 UTC] PROCESS id=477 source=raw_docs/bt-201-engineering-physics-jun-2023_vlMttRF.pdf target=raw_docs/bt-201-engineering-physics-jun-2023_vlMttRF-ocr.pdf
[2026-03-03 11:12:33 UTC] PROCESS id=478 source=raw_docs/bt-202-mathematics-2-dec-2023_Jqwnpde.pdf target=raw_docs/bt-202-mathematics-2-dec-2023_Jqwnpde-ocr.pdf
[2026-03-03 11:12:33 UTC] PROCESS id=479 source=raw_docs/bt-202-mathematics-2-jun-2023_pzvnpaK.pdf target=raw_docs/bt-202-mathematics-2-jun-2023_pzvnpaK-ocr.pdf
[2026-03-03 11:12:33 UTC] PROCESS id=480 source=raw_docs/bt-203-basic-mechanical-engineering-dec-2023_Ofpn4PI.pdf target=raw_docs/bt-203-basic-mechanical-engineering-dec-2023_Ofpn4PI-ocr.pdf
[2026-03-03 11:12:33 UTC] PROCESS id=481 source=raw_docs/bt-203-basic-mechanical-engineering-jun-2023_rsCkYW6.pdf target=raw_docs/bt-203-basic-mechanical-engineering-jun-2023_rsCkYW6-ocr.pdf
[2026-03-03 11:12:33 UTC] PROCESS id=482 source=raw_docs/bt-204-basic-civil-engineering-and-engineering-mechanics-dec-2023_8LSqv1t.pdf target=raw_docs/bt-204-basic-civil-engineering-and-engineering-mechanics-dec-2023_8LSqv1t-ocr.pdf
[2026-03-03 11:12:33 UTC] PROCESS id=483 source=raw_docs/bt-204-basic-civil-engineering-and-engineering-mechanics-jun-2023_5I9i7GX.pdf target=raw_docs/bt-204-basic-civil-engineering-and-engineering-mechanics-jun-2023_5I9i7GX-ocr.pdf
[2026-03-03 11:12:33 UTC] PROCESS id=484 source=raw_docs/bt-205-basic-computer-engineering-dec-2023_uHRA1t6.pdf target=raw_docs/bt-205-basic-computer-engineering-dec-2023_uHRA1t6-ocr.pdf
[2026-03-03 11:12:33 UTC] PROCESS id=485 source=raw_docs/bt-205-basic-computer-engineering-jun-2023_Y2h4lWK.pdf target=raw_docs/bt-205-basic-computer-engineering-jun-2023_Y2h4lWK-ocr.pdf
[2026-03-03 11:12:33 UTC] PROCESS id=486 source=raw_docs/bt-101-engineering-chemistry-jun-2022_AE5NQIf.pdf target=raw_docs/bt-101-engineering-chemistry-jun-2022_AE5NQIf-ocr.pdf
[2026-03-03 11:12:33 UTC] PROCESS id=487 source=raw_docs/bt-101-engineering-chemistry-nov-2022_uR4HWBj.pdf target=raw_docs/bt-101-engineering-chemistry-nov-2022_uR4HWBj-ocr.pdf
[2026-03-03 11:12:33 UTC] PROCESS id=488 source=raw_docs/bt-102-mathematics-1-nov-2022_TZCt3oR.pdf target=raw_docs/bt-102-mathematics-1-nov-2022_TZCt3oR-ocr.pdf
[2026-03-03 11:12:33 UTC] PROCESS id=489 source=raw_docs/bt-102-mathematics-jun-2022_AC3nmOC.pdf target=raw_docs/bt-102-mathematics-jun-2022_AC3nmOC-ocr.pdf
[2026-03-03 11:12:33 UTC] PROCESS id=490 source=raw_docs/bt-103-english-for-communication-jun-2022_G93C752.pdf target=raw_docs/bt-103-english-for-communication-jun-2022_G93C752-ocr.pdf
[2026-03-03 11:12:33 UTC] PROCESS id=491 source=raw_docs/bt-103-english-for-communication-nov-2022_KXwSNcZ.pdf target=raw_docs/bt-103-english-for-communication-nov-2022_KXwSNcZ-ocr.pdf
[2026-03-03 11:12:33 UTC] PROCESS id=492 source=raw_docs/bt-104-basic-electrical-and-electronics-engineering-jun-2022_Gee8DDc.pdf target=raw_docs/bt-104-basic-electrical-and-electronics-engineering-jun-2022_Gee8DDc-ocr.pdf
[2026-03-03 11:12:33 UTC] PROCESS id=493 source=raw_docs/bt-104-basic-electrical-and-electronics-engineering-nov-2022_MZQqn0p.pdf target=raw_docs/bt-104-basic-electrical-and-electronics-engineering-nov-2022_MZQqn0p-ocr.pdf
[2026-03-03 11:12:33 UTC] Run finished: success=0, failed=0, skipped=0, total=50
